<?xml version="1.0" encoding="UTF-8"?>
<testsuite xmlns:xsi="http://www.w3.org/2001/XMLSchema-instance" xsi:noNamespaceSchemaLocation="https://maven.apache.org/surefire/maven-surefire-plugin/xsd/surefire-test-report.xsd" name="com.heima.article.service.impl.HotArticleServiceImplTest" time="5.141" tests="1" errors="1" skipped="0" failures="0">
  <properties>
    <property name="sun.desktop" value="windows"/>
    <property name="awt.toolkit" value="sun.awt.windows.WToolkit"/>
    <property name="file.encoding.pkg" value="sun.io"/>
    <property name="java.specification.version" value="1.8"/>
    <property name="sun.cpu.isalist" value="amd64"/>
    <property name="sun.jnu.encoding" value="GBK"/>
    <property name="java.class.path" value="D:\Desktop\leadnews\heima-leadnews\heima-leadnews-service\heima-leadnews-article\target\test-classes;D:\Desktop\leadnews\heima-leadnews\heima-leadnews-service\heima-leadnews-article\target\classes;D:\Java\apache-maven-3.6.3\respository_new\org\springframework\boot\spring-boot-starter-freemarker\2.3.9.RELEASE\spring-boot-starter-freemarker-2.3.9.RELEASE.jar;D:\Java\apache-maven-3.6.3\respository_new\org\springframework\boot\spring-boot-starter\2.3.9.RELEASE\spring-boot-starter-2.3.9.RELEASE.jar;D:\Java\apache-maven-3.6.3\respository_new\org\springframework\boot\spring-boot\2.3.9.RELEASE\spring-boot-2.3.9.RELEASE.jar;D:\Java\apache-maven-3.6.3\respository_new\jakarta\annotation\jakarta.annotation-api\1.3.5\jakarta.annotation-api-1.3.5.jar;D:\Java\apache-maven-3.6.3\respository_new\org\yaml\snakeyaml\1.26\snakeyaml-1.26.jar;D:\Java\apache-maven-3.6.3\respository_new\org\freemarker\freemarker\2.3.31\freemarker-2.3.31.jar;D:\Java\apache-maven-3.6.3\respository_new\org\springframework\spring-context-support\5.2.13.RELEASE\spring-context-support-5.2.13.RELEASE.jar;D:\Java\apache-maven-3.6.3\respository_new\org\springframework\spring-beans\5.2.13.RELEASE\spring-beans-5.2.13.RELEASE.jar;D:\Java\apache-maven-3.6.3\respository_new\org\springframework\spring-context\5.2.13.RELEASE\spring-context-5.2.13.RELEASE.jar;D:\Desktop\leadnews\heima-leadnews\heima-leadnews-basic\heima-file-starter\target\heima-file-starter-1.0-SNAPSHOT.jar;D:\Java\apache-maven-3.6.3\respository_new\org\springframework\boot\spring-boot-autoconfigure\2.3.9.RELEASE\spring-boot-autoconfigure-2.3.9.RELEASE.jar;D:\Java\apache-maven-3.6.3\respository_new\io\minio\minio\7.1.0\minio-7.1.0.jar;D:\Java\apache-maven-3.6.3\respository_new\com\carrotsearch\thirdparty\simple-xml-safe\2.7.1\simple-xml-safe-2.7.1.jar;D:\Java\apache-maven-3.6.3\respository_new\com\google\guava\guava\29.0-jre\guava-29.0-jre.jar;D:\Java\apache-maven-3.6.3\respository_new\com\google\guava\failureaccess\1.0.1\failureaccess-1.0.1.jar;D:\Java\apache-maven-3.6.3\respository_new\com\google\guava\listenablefuture\9999.0-empty-to-avoid-conflict-with-guava\listenablefuture-9999.0-empty-to-avoid-conflict-with-guava.jar;D:\Java\apache-maven-3.6.3\respository_new\org\checkerframework\checker-qual\2.11.1\checker-qual-2.11.1.jar;D:\Java\apache-maven-3.6.3\respository_new\com\google\errorprone\error_prone_annotations\2.3.4\error_prone_annotations-2.3.4.jar;D:\Java\apache-maven-3.6.3\respository_new\com\google\j2objc\j2objc-annotations\1.3\j2objc-annotations-1.3.jar;D:\Java\apache-maven-3.6.3\respository_new\com\squareup\okhttp3\okhttp\3.14.9\okhttp-3.14.9.jar;D:\Java\apache-maven-3.6.3\respository_new\com\squareup\okio\okio\1.17.2\okio-1.17.2.jar;D:\Java\apache-maven-3.6.3\respository_new\com\fasterxml\jackson\core\jackson-annotations\2.11.4\jackson-annotations-2.11.4.jar;D:\Java\apache-maven-3.6.3\respository_new\com\fasterxml\jackson\core\jackson-core\2.11.4\jackson-core-2.11.4.jar;D:\Java\apache-maven-3.6.3\respository_new\com\fasterxml\jackson\core\jackson-databind\2.11.4\jackson-databind-2.11.4.jar;D:\Java\apache-maven-3.6.3\respository_new\com\github\spotbugs\spotbugs-annotations\4.0.0\spotbugs-annotations-4.0.0.jar;D:\Java\apache-maven-3.6.3\respository_new\net\jcip\jcip-annotations\1.0\jcip-annotations-1.0.jar;D:\Java\apache-maven-3.6.3\respository_new\com\google\code\findbugs\jsr305\3.0.2\jsr305-3.0.2.jar;D:\Java\apache-maven-3.6.3\respository_new\org\springframework\boot\spring-boot-starter-actuator\2.3.9.RELEASE\spring-boot-starter-actuator-2.3.9.RELEASE.jar;D:\Java\apache-maven-3.6.3\respository_new\org\springframework\boot\spring-boot-actuator-autoconfigure\2.3.9.RELEASE\spring-boot-actuator-autoconfigure-2.3.9.RELEASE.jar;D:\Java\apache-maven-3.6.3\respository_new\org\springframework\boot\spring-boot-actuator\2.3.9.RELEASE\spring-boot-actuator-2.3.9.RELEASE.jar;D:\Java\apache-maven-3.6.3\respository_new\io\micrometer\micrometer-core\1.5.11\micrometer-core-1.5.11.jar;D:\Java\apache-maven-3.6.3\respository_new\org\hdrhistogram\HdrHistogram\2.1.12\HdrHistogram-2.1.12.jar;D:\Java\apache-maven-3.6.3\respository_new\org\latencyutils\LatencyUtils\2.0.3\LatencyUtils-2.0.3.jar;D:\Desktop\leadnews\heima-leadnews\heima-leadnews-model\target\heima-leadnews-model-1.0-SNAPSHOT.jar;D:\Java\apache-maven-3.6.3\respository_new\mysql\mysql-connector-java\5.1.46\mysql-connector-java-5.1.46.jar;D:\Java\apache-maven-3.6.3\respository_new\org\mybatis\mybatis\3.5.1\mybatis-3.5.1.jar;D:\Java\apache-maven-3.6.3\respository_new\org\apache\commons\commons-lang3\3.5\commons-lang3-3.5.jar;D:\Java\apache-maven-3.6.3\respository_new\com\baomidou\mybatis-plus-boot-starter\3.4.1\mybatis-plus-boot-starter-3.4.1.jar;D:\Java\apache-maven-3.6.3\respository_new\com\baomidou\mybatis-plus\3.4.1\mybatis-plus-3.4.1.jar;D:\Java\apache-maven-3.6.3\respository_new\com\baomidou\mybatis-plus-extension\3.4.1\mybatis-plus-extension-3.4.1.jar;D:\Java\apache-maven-3.6.3\respository_new\com\baomidou\mybatis-plus-core\3.4.1\mybatis-plus-core-3.4.1.jar;D:\Java\apache-maven-3.6.3\respository_new\com\baomidou\mybatis-plus-annotation\3.4.1\mybatis-plus-annotation-3.4.1.jar;D:\Java\apache-maven-3.6.3\respository_new\com\github\jsqlparser\jsqlparser\3.2\jsqlparser-3.2.jar;D:\Java\apache-maven-3.6.3\respository_new\org\mybatis\mybatis-spring\2.0.1\mybatis-spring-2.0.1.jar;D:\Java\apache-maven-3.6.3\respository_new\org\springframework\boot\spring-boot-starter-jdbc\2.3.9.RELEASE\spring-boot-starter-jdbc-2.3.9.RELEASE.jar;D:\Java\apache-maven-3.6.3\respository_new\com\zaxxer\HikariCP\3.4.5\HikariCP-3.4.5.jar;D:\Java\apache-maven-3.6.3\respository_new\org\springframework\spring-jdbc\5.2.13.RELEASE\spring-jdbc-5.2.13.RELEASE.jar;D:\Java\apache-maven-3.6.3\respository_new\com\alibaba\fastjson\1.2.58\fastjson-1.2.58.jar;D:\Java\apache-maven-3.6.3\respository_new\io\springfox\springfox-swagger2\2.9.2\springfox-swagger2-2.9.2.jar;D:\Java\apache-maven-3.6.3\respository_new\io\swagger\swagger-annotations\1.5.20\swagger-annotations-1.5.20.jar;D:\Java\apache-maven-3.6.3\respository_new\io\swagger\swagger-models\1.5.20\swagger-models-1.5.20.jar;D:\Java\apache-maven-3.6.3\respository_new\io\springfox\springfox-spi\2.9.2\springfox-spi-2.9.2.jar;D:\Java\apache-maven-3.6.3\respository_new\io\springfox\springfox-core\2.9.2\springfox-core-2.9.2.jar;D:\Java\apache-maven-3.6.3\respository_new\io\springfox\springfox-schema\2.9.2\springfox-schema-2.9.2.jar;D:\Java\apache-maven-3.6.3\respository_new\io\springfox\springfox-swagger-common\2.9.2\springfox-swagger-common-2.9.2.jar;D:\Java\apache-maven-3.6.3\respository_new\io\springfox\springfox-spring-web\2.9.2\springfox-spring-web-2.9.2.jar;D:\Java\apache-maven-3.6.3\respository_new\com\fasterxml\classmate\1.5.1\classmate-1.5.1.jar;D:\Java\apache-maven-3.6.3\respository_new\org\slf4j\slf4j-api\1.7.30\slf4j-api-1.7.30.jar;D:\Java\apache-maven-3.6.3\respository_new\org\springframework\plugin\spring-plugin-core\1.2.0.RELEASE\spring-plugin-core-1.2.0.RELEASE.jar;D:\Java\apache-maven-3.6.3\respository_new\org\springframework\plugin\spring-plugin-metadata\1.2.0.RELEASE\spring-plugin-metadata-1.2.0.RELEASE.jar;D:\Java\apache-maven-3.6.3\respository_new\org\mapstruct\mapstruct\1.2.0.Final\mapstruct-1.2.0.Final.jar;D:\Java\apache-maven-3.6.3\respository_new\io\springfox\springfox-swagger-ui\2.9.2\springfox-swagger-ui-2.9.2.jar;D:\Desktop\leadnews\heima-leadnews\heima-leadnews-common\target\heima-leadnews-common-1.0-SNAPSHOT.jar;D:\Desktop\leadnews\heima-leadnews\heima-leadnews-utils\target\heima-leadnews-utils-1.0-SNAPSHOT.jar;D:\Java\apache-maven-3.6.3\respository_new\commons-codec\commons-codec\1.12\commons-codec-1.12.jar;D:\Java\apache-maven-3.6.3\respository_new\io\jsonwebtoken\jjwt\0.9.1\jjwt-0.9.1.jar;D:\Java\apache-maven-3.6.3\respository_new\com\hankcs\hanlp\portable-1.3.4\hanlp-portable-1.3.4.jar;D:\Java\apache-maven-3.6.3\respository_new\commons-beanutils\commons-beanutils\1.9.3\commons-beanutils-1.9.3.jar;D:\Java\apache-maven-3.6.3\respository_new\commons-logging\commons-logging\1.2\commons-logging-1.2.jar;D:\Java\apache-maven-3.6.3\respository_new\commons-collections\commons-collections\3.2.2\commons-collections-3.2.2.jar;D:\Java\apache-maven-3.6.3\respository_new\io\protostuff\protostuff-core\1.6.0\protostuff-core-1.6.0.jar;D:\Java\apache-maven-3.6.3\respository_new\io\protostuff\protostuff-api\1.6.0\protostuff-api-1.6.0.jar;D:\Java\apache-maven-3.6.3\respository_new\io\protostuff\protostuff-runtime\1.6.0\protostuff-runtime-1.6.0.jar;D:\Java\apache-maven-3.6.3\respository_new\io\protostuff\protostuff-collectionschema\1.6.0\protostuff-collectionschema-1.6.0.jar;D:\Java\apache-maven-3.6.3\respository_new\org\reflections\reflections\0.9.11\reflections-0.9.11.jar;D:\Java\apache-maven-3.6.3\respository_new\org\javassist\javassist\3.21.0-GA\javassist-3.21.0-GA.jar;D:\Java\apache-maven-3.6.3\respository_new\org\springframework\boot\spring-boot-test\2.3.9.RELEASE\spring-boot-test-2.3.9.RELEASE.jar;D:\Java\apache-maven-3.6.3\respository_new\org\springframework\boot\spring-boot-starter-data-redis\2.3.9.RELEASE\spring-boot-starter-data-redis-2.3.9.RELEASE.jar;D:\Java\apache-maven-3.6.3\respository_new\org\springframework\data\spring-data-redis\2.3.7.RELEASE\spring-data-redis-2.3.7.RELEASE.jar;D:\Java\apache-maven-3.6.3\respository_new\org\springframework\data\spring-data-keyvalue\2.3.7.RELEASE\spring-data-keyvalue-2.3.7.RELEASE.jar;D:\Java\apache-maven-3.6.3\respository_new\org\springframework\data\spring-data-commons\2.3.7.RELEASE\spring-data-commons-2.3.7.RELEASE.jar;D:\Java\apache-maven-3.6.3\respository_new\org\springframework\spring-oxm\5.2.13.RELEASE\spring-oxm-5.2.13.RELEASE.jar;D:\Java\apache-maven-3.6.3\respository_new\io\lettuce\lettuce-core\5.3.6.RELEASE\lettuce-core-5.3.6.RELEASE.jar;D:\Java\apache-maven-3.6.3\respository_new\io\netty\netty-common\4.1.59.Final\netty-common-4.1.59.Final.jar;D:\Java\apache-maven-3.6.3\respository_new\io\netty\netty-handler\4.1.59.Final\netty-handler-4.1.59.Final.jar;D:\Java\apache-maven-3.6.3\respository_new\io\netty\netty-resolver\4.1.59.Final\netty-resolver-4.1.59.Final.jar;D:\Java\apache-maven-3.6.3\respository_new\io\netty\netty-buffer\4.1.59.Final\netty-buffer-4.1.59.Final.jar;D:\Java\apache-maven-3.6.3\respository_new\io\netty\netty-codec\4.1.59.Final\netty-codec-4.1.59.Final.jar;D:\Java\apache-maven-3.6.3\respository_new\io\netty\netty-transport\4.1.59.Final\netty-transport-4.1.59.Final.jar;D:\Java\apache-maven-3.6.3\respository_new\io\projectreactor\reactor-core\3.3.14.RELEASE\reactor-core-3.3.14.RELEASE.jar;D:\Java\apache-maven-3.6.3\respository_new\org\reactivestreams\reactive-streams\1.0.3\reactive-streams-1.0.3.jar;D:\Java\apache-maven-3.6.3\respository_new\org\apache\commons\commons-pool2\2.8.1\commons-pool2-2.8.1.jar;D:\Java\apache-maven-3.6.3\respository_new\org\springframework\boot\spring-boot-starter-cache\2.3.9.RELEASE\spring-boot-starter-cache-2.3.9.RELEASE.jar;D:\Java\apache-maven-3.6.3\respository_new\com\github\tobato\fastdfs-client\1.26.5\fastdfs-client-1.26.5.jar;D:\Java\apache-maven-3.6.3\respository_new\org\slf4j\jcl-over-slf4j\1.7.30\jcl-over-slf4j-1.7.30.jar;D:\Java\apache-maven-3.6.3\respository_new\ch\qos\logback\logback-classic\1.2.3\logback-classic-1.2.3.jar;D:\Java\apache-maven-3.6.3\respository_new\ch\qos\logback\logback-core\1.2.3\logback-core-1.2.3.jar;D:\Java\apache-maven-3.6.3\respository_new\commons-io\commons-io\2.6\commons-io-2.6.jar;D:\Java\apache-maven-3.6.3\respository_new\org\hibernate\validator\hibernate-validator\6.1.7.Final\hibernate-validator-6.1.7.Final.jar;D:\Java\apache-maven-3.6.3\respository_new\jakarta\validation\jakarta.validation-api\2.0.2\jakarta.validation-api-2.0.2.jar;D:\Java\apache-maven-3.6.3\respository_new\org\jboss\logging\jboss-logging\3.4.1.Final\jboss-logging-3.4.1.Final.jar;D:\Java\apache-maven-3.6.3\respository_new\net\coobird\thumbnailator\0.4.8\thumbnailator-0.4.8.jar;D:\Java\apache-maven-3.6.3\respository_new\org\springframework\kafka\spring-kafka\2.6.6\spring-kafka-2.6.6.jar;D:\Java\apache-maven-3.6.3\respository_new\org\springframework\spring-messaging\5.2.13.RELEASE\spring-messaging-5.2.13.RELEASE.jar;D:\Java\apache-maven-3.6.3\respository_new\org\springframework\spring-tx\5.2.13.RELEASE\spring-tx-5.2.13.RELEASE.jar;D:\Java\apache-maven-3.6.3\respository_new\org\springframework\retry\spring-retry\1.2.5.RELEASE\spring-retry-1.2.5.RELEASE.jar;D:\Java\apache-maven-3.6.3\respository_new\org\apache\kafka\kafka-clients\2.5.1\kafka-clients-2.5.1.jar;D:\Java\apache-maven-3.6.3\respository_new\com\github\luben\zstd-jni\1.4.4-7\zstd-jni-1.4.4-7.jar;D:\Java\apache-maven-3.6.3\respository_new\org\lz4\lz4-java\1.7.1\lz4-java-1.7.1.jar;D:\Java\apache-maven-3.6.3\respository_new\org\xerial\snappy\snappy-java\1.1.7.3\snappy-java-1.1.7.3.jar;D:\Java\apache-maven-3.6.3\respository_new\org\apache\kafka\kafka-streams\2.5.1\kafka-streams-2.5.1.jar;D:\Java\apache-maven-3.6.3\respository_new\org\rocksdb\rocksdbjni\5.18.3\rocksdbjni-5.18.3.jar;D:\Java\apache-maven-3.6.3\respository_new\com\aliyun\aliyun-java-sdk-core\4.1.1\aliyun-java-sdk-core-4.1.1.jar;D:\Java\apache-maven-3.6.3\respository_new\com\google\code\gson\gson\2.8.6\gson-2.8.6.jar;D:\Java\apache-maven-3.6.3\respository_new\org\apache\httpcomponents\httpclient\4.5.13\httpclient-4.5.13.jar;D:\Java\apache-maven-3.6.3\respository_new\org\apache\httpcomponents\httpcore\4.4.14\httpcore-4.4.14.jar;D:\Java\apache-maven-3.6.3\respository_new\javax\xml\bind\jaxb-api\2.3.1\jaxb-api-2.3.1.jar;D:\Java\apache-maven-3.6.3\respository_new\javax\activation\javax.activation-api\1.2.0\javax.activation-api-1.2.0.jar;D:\Java\apache-maven-3.6.3\respository_new\com\sun\xml\bind\jaxb-core\2.1.14\jaxb-core-2.1.14.jar;D:\Java\apache-maven-3.6.3\respository_new\com\sun\xml\bind\jaxb-impl\2.1\jaxb-impl-2.1.jar;D:\Java\apache-maven-3.6.3\respository_new\javax\activation\activation\1.1.1\activation-1.1.1.jar;D:\Java\apache-maven-3.6.3\respository_new\com\aliyun\aliyun-java-sdk-green\3.4.1\aliyun-java-sdk-green-3.4.1.jar;D:\Java\apache-maven-3.6.3\respository_new\com\aliyun\oss\aliyun-sdk-oss\2.8.3\aliyun-sdk-oss-2.8.3.jar;D:\Java\apache-maven-3.6.3\respository_new\org\jdom\jdom\1.1\jdom-1.1.jar;D:\Java\apache-maven-3.6.3\respository_new\org\apache\hbase\hbase-client\2.1.5\hbase-client-2.1.5.jar;D:\Java\apache-maven-3.6.3\respository_new\org\apache\hbase\thirdparty\hbase-shaded-protobuf\2.1.0\hbase-shaded-protobuf-2.1.0.jar;D:\Java\apache-maven-3.6.3\respository_new\org\apache\hbase\hbase-common\2.1.5\hbase-common-2.1.5.jar;D:\Java\apache-maven-3.6.3\respository_new\com\github\stephenc\findbugs\findbugs-annotations\1.3.9-1\findbugs-annotations-1.3.9-1.jar;D:\Java\apache-maven-3.6.3\respository_new\org\apache\hbase\hbase-hadoop-compat\2.1.5\hbase-hadoop-compat-2.1.5.jar;D:\Java\apache-maven-3.6.3\respository_new\org\apache\hbase\hbase-metrics-api\2.1.5\hbase-metrics-api-2.1.5.jar;D:\Java\apache-maven-3.6.3\respository_new\org\apache\hbase\hbase-hadoop2-compat\2.1.5\hbase-hadoop2-compat-2.1.5.jar;D:\Java\apache-maven-3.6.3\respository_new\org\apache\hbase\hbase-metrics\2.1.5\hbase-metrics-2.1.5.jar;D:\Java\apache-maven-3.6.3\respository_new\org\apache\hbase\hbase-protocol-shaded\2.1.5\hbase-protocol-shaded-2.1.5.jar;D:\Java\apache-maven-3.6.3\respository_new\org\apache\hbase\hbase-protocol\2.1.5\hbase-protocol-2.1.5.jar;D:\Java\apache-maven-3.6.3\respository_new\org\apache\hbase\thirdparty\hbase-shaded-miscellaneous\2.1.0\hbase-shaded-miscellaneous-2.1.0.jar;D:\Java\apache-maven-3.6.3\respository_new\com\google\protobuf\protobuf-java\3.13.0\protobuf-java-3.13.0.jar;D:\Java\apache-maven-3.6.3\respository_new\org\apache\hbase\thirdparty\hbase-shaded-netty\2.1.0\hbase-shaded-netty-2.1.0.jar;D:\Java\apache-maven-3.6.3\respository_new\org\apache\zookeeper\zookeeper\3.4.10\zookeeper-3.4.10.jar;D:\Java\apache-maven-3.6.3\respository_new\org\apache\htrace\htrace-core4\4.2.0-incubating\htrace-core4-4.2.0-incubating.jar;D:\Java\apache-maven-3.6.3\respository_new\org\jruby\jcodings\jcodings\1.0.18\jcodings-1.0.18.jar;D:\Java\apache-maven-3.6.3\respository_new\org\jruby\joni\joni\2.1.11\joni-2.1.11.jar;D:\Java\apache-maven-3.6.3\respository_new\io\dropwizard\metrics\metrics-core\4.1.17\metrics-core-4.1.17.jar;D:\Java\apache-maven-3.6.3\respository_new\org\apache\commons\commons-crypto\1.0.0\commons-crypto-1.0.0.jar;D:\Java\apache-maven-3.6.3\respository_new\org\apache\hadoop\hadoop-auth\2.7.7\hadoop-auth-2.7.7.jar;D:\Java\apache-maven-3.6.3\respository_new\org\apache\directory\server\apacheds-kerberos-codec\2.0.0-M15\apacheds-kerberos-codec-2.0.0-M15.jar;D:\Java\apache-maven-3.6.3\respository_new\org\apache\directory\server\apacheds-i18n\2.0.0-M15\apacheds-i18n-2.0.0-M15.jar;D:\Java\apache-maven-3.6.3\respository_new\org\apache\directory\api\api-asn1-api\1.0.0-M20\api-asn1-api-1.0.0-M20.jar;D:\Java\apache-maven-3.6.3\respository_new\org\apache\directory\api\api-util\1.0.0-M20\api-util-1.0.0-M20.jar;D:\Java\apache-maven-3.6.3\respository_new\org\apache\curator\curator-framework\4.2.0\curator-framework-4.2.0.jar;D:\Java\apache-maven-3.6.3\respository_new\org\apache\hadoop\hadoop-common\2.7.7\hadoop-common-2.7.7.jar;D:\Java\apache-maven-3.6.3\respository_new\org\apache\hadoop\hadoop-annotations\2.7.7\hadoop-annotations-2.7.7.jar;D:\Java\jdk-8\jre\..\lib\tools.jar;D:\Java\apache-maven-3.6.3\respository_new\commons-cli\commons-cli\1.2\commons-cli-1.2.jar;D:\Java\apache-maven-3.6.3\respository_new\org\apache\commons\commons-math3\3.1.1\commons-math3-3.1.1.jar;D:\Java\apache-maven-3.6.3\respository_new\xmlenc\xmlenc\0.52\xmlenc-0.52.jar;D:\Java\apache-maven-3.6.3\respository_new\commons-httpclient\commons-httpclient\3.1\commons-httpclient-3.1.jar;D:\Java\apache-maven-3.6.3\respository_new\commons-net\commons-net\3.1\commons-net-3.1.jar;D:\Java\apache-maven-3.6.3\respository_new\org\mortbay\jetty\jetty-sslengine\6.1.26\jetty-sslengine-6.1.26.jar;D:\Java\apache-maven-3.6.3\respository_new\commons-lang\commons-lang\2.6\commons-lang-2.6.jar;D:\Java\apache-maven-3.6.3\respository_new\commons-configuration\commons-configuration\1.6\commons-configuration-1.6.jar;D:\Java\apache-maven-3.6.3\respository_new\commons-digester\commons-digester\1.8\commons-digester-1.8.jar;D:\Java\apache-maven-3.6.3\respository_new\commons-beanutils\commons-beanutils-core\1.8.0\commons-beanutils-core-1.8.0.jar;D:\Java\apache-maven-3.6.3\respository_new\org\codehaus\jackson\jackson-core-asl\1.9.13\jackson-core-asl-1.9.13.jar;D:\Java\apache-maven-3.6.3\respository_new\org\codehaus\jackson\jackson-mapper-asl\1.9.13\jackson-mapper-asl-1.9.13.jar;D:\Java\apache-maven-3.6.3\respository_new\org\apache\avro\avro\1.7.4\avro-1.7.4.jar;D:\Java\apache-maven-3.6.3\respository_new\com\thoughtworks\paranamer\paranamer\2.3\paranamer-2.3.jar;D:\Java\apache-maven-3.6.3\respository_new\com\jcraft\jsch\0.1.54\jsch-0.1.54.jar;D:\Java\apache-maven-3.6.3\respository_new\org\apache\curator\curator-client\2.7.1\curator-client-2.7.1.jar;D:\Java\apache-maven-3.6.3\respository_new\org\apache\curator\curator-recipes\4.2.0\curator-recipes-4.2.0.jar;D:\Java\apache-maven-3.6.3\respository_new\org\apache\htrace\htrace-core\3.1.0-incubating\htrace-core-3.1.0-incubating.jar;D:\Java\apache-maven-3.6.3\respository_new\org\apache\commons\commons-compress\1.4.1\commons-compress-1.4.1.jar;D:\Java\apache-maven-3.6.3\respository_new\org\tukaani\xz\1.0\xz-1.0.jar;D:\Java\apache-maven-3.6.3\respository_new\org\apache\yetus\audience-annotations\0.5.0\audience-annotations-0.5.0.jar;D:\Java\apache-maven-3.6.3\respository_new\junit\junit\4.12\junit-4.12.jar;D:\Java\apache-maven-3.6.3\respository_new\org\hamcrest\hamcrest-core\2.2\hamcrest-core-2.2.jar;D:\Java\apache-maven-3.6.3\respository_new\org\jsoup\jsoup\1.10.2\jsoup-1.10.2.jar;D:\Java\apache-maven-3.6.3\respository_new\joda-time\joda-time\2.10.5\joda-time-2.10.5.jar;D:\Java\apache-maven-3.6.3\respository_new\com\github\xiaoymin\knife4j-spring-boot-starter\2.0.2\knife4j-spring-boot-starter-2.0.2.jar;D:\Java\apache-maven-3.6.3\respository_new\com\github\xiaoymin\knife4j-spring-boot-autoconfigure\2.0.2\knife4j-spring-boot-autoconfigure-2.0.2.jar;D:\Java\apache-maven-3.6.3\respository_new\com\github\xiaoymin\knife4j-spring\2.0.2\knife4j-spring-2.0.2.jar;D:\Java\apache-maven-3.6.3\respository_new\com\github\xiaoymin\knife4j-annotations\2.0.2\knife4j-annotations-2.0.2.jar;D:\Java\apache-maven-3.6.3\respository_new\com\github\xiaoymin\knife4j-core\2.0.2\knife4j-core-2.0.2.jar;D:\Java\apache-maven-3.6.3\respository_new\io\springfox\springfox-bean-validators\2.9.2\springfox-bean-validators-2.9.2.jar;D:\Java\apache-maven-3.6.3\respository_new\com\github\xiaoymin\knife4j-spring-ui\2.0.2\knife4j-spring-ui-2.0.2.jar;D:\Java\apache-maven-3.6.3\respository_new\com\baidu\aip\java-sdk\4.16.2\java-sdk-4.16.2.jar;D:\Java\apache-maven-3.6.3\respository_new\org\json\json\20160810\json-20160810.jar;D:\Java\apache-maven-3.6.3\respository_new\org\slf4j\slf4j-simple\1.7.30\slf4j-simple-1.7.30.jar;D:\Desktop\leadnews\heima-leadnews\heima-leadnews-feign-api\target\heima-leadnews-feign-api-1.0-SNAPSHOT.jar;D:\Java\apache-maven-3.6.3\respository_new\org\springframework\cloud\spring-cloud-starter-openfeign\2.2.7.RELEASE\spring-cloud-starter-openfeign-2.2.7.RELEASE.jar;D:\Java\apache-maven-3.6.3\respository_new\org\springframework\cloud\spring-cloud-starter\2.2.7.RELEASE\spring-cloud-starter-2.2.7.RELEASE.jar;D:\Java\apache-maven-3.6.3\respository_new\org\springframework\security\spring-security-rsa\1.0.9.RELEASE\spring-security-rsa-1.0.9.RELEASE.jar;D:\Java\apache-maven-3.6.3\respository_new\org\bouncycastle\bcpkix-jdk15on\1.64\bcpkix-jdk15on-1.64.jar;D:\Java\apache-maven-3.6.3\respository_new\org\bouncycastle\bcprov-jdk15on\1.64\bcprov-jdk15on-1.64.jar;D:\Java\apache-maven-3.6.3\respository_new\org\springframework\cloud\spring-cloud-openfeign-core\2.2.7.RELEASE\spring-cloud-openfeign-core-2.2.7.RELEASE.jar;D:\Java\apache-maven-3.6.3\respository_new\org\springframework\boot\spring-boot-starter-aop\2.3.9.RELEASE\spring-boot-starter-aop-2.3.9.RELEASE.jar;D:\Java\apache-maven-3.6.3\respository_new\org\aspectj\aspectjweaver\1.9.6\aspectjweaver-1.9.6.jar;D:\Java\apache-maven-3.6.3\respository_new\io\github\openfeign\form\feign-form-spring\3.8.0\feign-form-spring-3.8.0.jar;D:\Java\apache-maven-3.6.3\respository_new\io\github\openfeign\form\feign-form\3.8.0\feign-form-3.8.0.jar;D:\Java\apache-maven-3.6.3\respository_new\commons-fileupload\commons-fileupload\1.4\commons-fileupload-1.4.jar;D:\Java\apache-maven-3.6.3\respository_new\io\github\openfeign\feign-core\10.10.1\feign-core-10.10.1.jar;D:\Java\apache-maven-3.6.3\respository_new\io\github\openfeign\feign-slf4j\10.10.1\feign-slf4j-10.10.1.jar;D:\Java\apache-maven-3.6.3\respository_new\io\github\openfeign\feign-hystrix\10.10.1\feign-hystrix-10.10.1.jar;D:\Java\apache-maven-3.6.3\respository_new\com\netflix\archaius\archaius-core\0.7.7\archaius-core-0.7.7.jar;D:\Java\apache-maven-3.6.3\respository_new\com\netflix\hystrix\hystrix-core\1.5.18\hystrix-core-1.5.18.jar;D:\Java\apache-maven-3.6.3\respository_new\org\springframework\boot\spring-boot-starter-web\2.3.9.RELEASE\spring-boot-starter-web-2.3.9.RELEASE.jar;D:\Java\apache-maven-3.6.3\respository_new\org\springframework\boot\spring-boot-starter-json\2.3.9.RELEASE\spring-boot-starter-json-2.3.9.RELEASE.jar;D:\Java\apache-maven-3.6.3\respository_new\com\fasterxml\jackson\datatype\jackson-datatype-jdk8\2.11.4\jackson-datatype-jdk8-2.11.4.jar;D:\Java\apache-maven-3.6.3\respository_new\com\fasterxml\jackson\datatype\jackson-datatype-jsr310\2.11.4\jackson-datatype-jsr310-2.11.4.jar;D:\Java\apache-maven-3.6.3\respository_new\com\fasterxml\jackson\module\jackson-module-parameter-names\2.11.4\jackson-module-parameter-names-2.11.4.jar;D:\Java\apache-maven-3.6.3\respository_new\org\springframework\boot\spring-boot-starter-tomcat\2.3.9.RELEASE\spring-boot-starter-tomcat-2.3.9.RELEASE.jar;D:\Java\apache-maven-3.6.3\respository_new\org\apache\tomcat\embed\tomcat-embed-core\9.0.43\tomcat-embed-core-9.0.43.jar;D:\Java\apache-maven-3.6.3\respository_new\org\glassfish\jakarta.el\3.0.3\jakarta.el-3.0.3.jar;D:\Java\apache-maven-3.6.3\respository_new\org\apache\tomcat\embed\tomcat-embed-websocket\9.0.43\tomcat-embed-websocket-9.0.43.jar;D:\Java\apache-maven-3.6.3\respository_new\org\springframework\spring-web\5.2.13.RELEASE\spring-web-5.2.13.RELEASE.jar;D:\Java\apache-maven-3.6.3\respository_new\org\springframework\spring-webmvc\5.2.13.RELEASE\spring-webmvc-5.2.13.RELEASE.jar;D:\Java\apache-maven-3.6.3\respository_new\org\springframework\spring-aop\5.2.13.RELEASE\spring-aop-5.2.13.RELEASE.jar;D:\Java\apache-maven-3.6.3\respository_new\org\springframework\spring-expression\5.2.13.RELEASE\spring-expression-5.2.13.RELEASE.jar;D:\Java\apache-maven-3.6.3\respository_new\org\springframework\boot\spring-boot-starter-test\2.3.9.RELEASE\spring-boot-starter-test-2.3.9.RELEASE.jar;D:\Java\apache-maven-3.6.3\respository_new\org\springframework\boot\spring-boot-test-autoconfigure\2.3.9.RELEASE\spring-boot-test-autoconfigure-2.3.9.RELEASE.jar;D:\Java\apache-maven-3.6.3\respository_new\com\jayway\jsonpath\json-path\2.4.0\json-path-2.4.0.jar;D:\Java\apache-maven-3.6.3\respository_new\net\minidev\json-smart\2.3\json-smart-2.3.jar;D:\Java\apache-maven-3.6.3\respository_new\net\minidev\accessors-smart\1.2\accessors-smart-1.2.jar;D:\Java\apache-maven-3.6.3\respository_new\org\ow2\asm\asm\5.0.4\asm-5.0.4.jar;D:\Java\apache-maven-3.6.3\respository_new\jakarta\xml\bind\jakarta.xml.bind-api\2.3.3\jakarta.xml.bind-api-2.3.3.jar;D:\Java\apache-maven-3.6.3\respository_new\jakarta\activation\jakarta.activation-api\1.2.2\jakarta.activation-api-1.2.2.jar;D:\Java\apache-maven-3.6.3\respository_new\org\assertj\assertj-core\3.16.1\assertj-core-3.16.1.jar;D:\Java\apache-maven-3.6.3\respository_new\org\hamcrest\hamcrest\2.2\hamcrest-2.2.jar;D:\Java\apache-maven-3.6.3\respository_new\org\junit\jupiter\junit-jupiter\5.6.3\junit-jupiter-5.6.3.jar;D:\Java\apache-maven-3.6.3\respository_new\org\junit\jupiter\junit-jupiter-api\5.6.3\junit-jupiter-api-5.6.3.jar;D:\Java\apache-maven-3.6.3\respository_new\org\opentest4j\opentest4j\1.2.0\opentest4j-1.2.0.jar;D:\Java\apache-maven-3.6.3\respository_new\org\junit\platform\junit-platform-commons\1.6.3\junit-platform-commons-1.6.3.jar;D:\Java\apache-maven-3.6.3\respository_new\org\junit\jupiter\junit-jupiter-params\5.6.3\junit-jupiter-params-5.6.3.jar;D:\Java\apache-maven-3.6.3\respository_new\org\junit\jupiter\junit-jupiter-engine\5.6.3\junit-jupiter-engine-5.6.3.jar;D:\Java\apache-maven-3.6.3\respository_new\org\junit\vintage\junit-vintage-engine\5.6.3\junit-vintage-engine-5.6.3.jar;D:\Java\apache-maven-3.6.3\respository_new\org\apiguardian\apiguardian-api\1.1.0\apiguardian-api-1.1.0.jar;D:\Java\apache-maven-3.6.3\respository_new\org\junit\platform\junit-platform-engine\1.6.3\junit-platform-engine-1.6.3.jar;D:\Java\apache-maven-3.6.3\respository_new\org\mockito\mockito-core\3.3.3\mockito-core-3.3.3.jar;D:\Java\apache-maven-3.6.3\respository_new\net\bytebuddy\byte-buddy\1.10.20\byte-buddy-1.10.20.jar;D:\Java\apache-maven-3.6.3\respository_new\net\bytebuddy\byte-buddy-agent\1.10.20\byte-buddy-agent-1.10.20.jar;D:\Java\apache-maven-3.6.3\respository_new\org\objenesis\objenesis\2.6\objenesis-2.6.jar;D:\Java\apache-maven-3.6.3\respository_new\org\mockito\mockito-junit-jupiter\3.3.3\mockito-junit-jupiter-3.3.3.jar;D:\Java\apache-maven-3.6.3\respository_new\org\skyscreamer\jsonassert\1.5.0\jsonassert-1.5.0.jar;D:\Java\apache-maven-3.6.3\respository_new\com\vaadin\external\google\android-json\0.0.20131108.vaadin1\android-json-0.0.20131108.vaadin1.jar;D:\Java\apache-maven-3.6.3\respository_new\org\springframework\spring-core\5.2.13.RELEASE\spring-core-5.2.13.RELEASE.jar;D:\Java\apache-maven-3.6.3\respository_new\org\springframework\spring-jcl\5.2.13.RELEASE\spring-jcl-5.2.13.RELEASE.jar;D:\Java\apache-maven-3.6.3\respository_new\org\springframework\spring-test\5.2.13.RELEASE\spring-test-5.2.13.RELEASE.jar;D:\Java\apache-maven-3.6.3\respository_new\org\xmlunit\xmlunit-core\2.7.0\xmlunit-core-2.7.0.jar;D:\Java\apache-maven-3.6.3\respository_new\com\alibaba\cloud\spring-cloud-starter-alibaba-nacos-discovery\2.2.5.RELEASE\spring-cloud-starter-alibaba-nacos-discovery-2.2.5.RELEASE.jar;D:\Java\apache-maven-3.6.3\respository_new\com\alibaba\cloud\spring-cloud-alibaba-commons\2.2.5.RELEASE\spring-cloud-alibaba-commons-2.2.5.RELEASE.jar;D:\Java\apache-maven-3.6.3\respository_new\com\alibaba\nacos\nacos-client\1.4.1\nacos-client-1.4.1.jar;D:\Java\apache-maven-3.6.3\respository_new\com\alibaba\nacos\nacos-common\1.4.1\nacos-common-1.4.1.jar;D:\Java\apache-maven-3.6.3\respository_new\org\apache\httpcomponents\httpasyncclient\4.1.4\httpasyncclient-4.1.4.jar;D:\Java\apache-maven-3.6.3\respository_new\org\apache\httpcomponents\httpcore-nio\4.4.14\httpcore-nio-4.4.14.jar;D:\Java\apache-maven-3.6.3\respository_new\com\alibaba\nacos\nacos-api\1.4.1\nacos-api-1.4.1.jar;D:\Java\apache-maven-3.6.3\respository_new\io\prometheus\simpleclient\0.5.0\simpleclient-0.5.0.jar;D:\Java\apache-maven-3.6.3\respository_new\com\alibaba\spring\spring-context-support\1.0.10\spring-context-support-1.0.10.jar;D:\Java\apache-maven-3.6.3\respository_new\org\springframework\cloud\spring-cloud-commons\2.2.7.RELEASE\spring-cloud-commons-2.2.7.RELEASE.jar;D:\Java\apache-maven-3.6.3\respository_new\org\springframework\security\spring-security-crypto\5.3.8.RELEASE\spring-security-crypto-5.3.8.RELEASE.jar;D:\Java\apache-maven-3.6.3\respository_new\org\springframework\cloud\spring-cloud-context\2.2.7.RELEASE\spring-cloud-context-2.2.7.RELEASE.jar;D:\Java\apache-maven-3.6.3\respository_new\org\springframework\cloud\spring-cloud-starter-netflix-ribbon\2.2.7.RELEASE\spring-cloud-starter-netflix-ribbon-2.2.7.RELEASE.jar;D:\Java\apache-maven-3.6.3\respository_new\org\springframework\cloud\spring-cloud-netflix-ribbon\2.2.7.RELEASE\spring-cloud-netflix-ribbon-2.2.7.RELEASE.jar;D:\Java\apache-maven-3.6.3\respository_new\org\springframework\cloud\spring-cloud-netflix-archaius\2.2.7.RELEASE\spring-cloud-netflix-archaius-2.2.7.RELEASE.jar;D:\Java\apache-maven-3.6.3\respository_new\org\springframework\cloud\spring-cloud-starter-netflix-archaius\2.2.7.RELEASE\spring-cloud-starter-netflix-archaius-2.2.7.RELEASE.jar;D:\Java\apache-maven-3.6.3\respository_new\com\netflix\ribbon\ribbon\2.3.0\ribbon-2.3.0.jar;D:\Java\apache-maven-3.6.3\respository_new\com\netflix\ribbon\ribbon-transport\2.3.0\ribbon-transport-2.3.0.jar;D:\Java\apache-maven-3.6.3\respository_new\io\reactivex\rxnetty-contexts\0.4.9\rxnetty-contexts-0.4.9.jar;D:\Java\apache-maven-3.6.3\respository_new\io\reactivex\rxnetty-servo\0.4.9\rxnetty-servo-0.4.9.jar;D:\Java\apache-maven-3.6.3\respository_new\javax\inject\javax.inject\1\javax.inject-1.jar;D:\Java\apache-maven-3.6.3\respository_new\io\reactivex\rxnetty\0.4.9\rxnetty-0.4.9.jar;D:\Java\apache-maven-3.6.3\respository_new\com\netflix\ribbon\ribbon-core\2.3.0\ribbon-core-2.3.0.jar;D:\Java\apache-maven-3.6.3\respository_new\com\netflix\ribbon\ribbon-httpclient\2.3.0\ribbon-httpclient-2.3.0.jar;D:\Java\apache-maven-3.6.3\respository_new\com\sun\jersey\jersey-client\1.19.1\jersey-client-1.19.1.jar;D:\Java\apache-maven-3.6.3\respository_new\com\sun\jersey\jersey-core\1.19.1\jersey-core-1.19.1.jar;D:\Java\apache-maven-3.6.3\respository_new\javax\ws\rs\jsr311-api\1.1.1\jsr311-api-1.1.1.jar;D:\Java\apache-maven-3.6.3\respository_new\com\sun\jersey\contribs\jersey-apache-client4\1.19.1\jersey-apache-client4-1.19.1.jar;D:\Java\apache-maven-3.6.3\respository_new\com\netflix\servo\servo-core\0.12.21\servo-core-0.12.21.jar;D:\Java\apache-maven-3.6.3\respository_new\com\netflix\netflix-commons\netflix-commons-util\0.3.0\netflix-commons-util-0.3.0.jar;D:\Java\apache-maven-3.6.3\respository_new\com\netflix\ribbon\ribbon-loadbalancer\2.3.0\ribbon-loadbalancer-2.3.0.jar;D:\Java\apache-maven-3.6.3\respository_new\com\netflix\netflix-commons\netflix-statistics\0.1.1\netflix-statistics-0.1.1.jar;D:\Java\apache-maven-3.6.3\respository_new\io\reactivex\rxjava\1.3.8\rxjava-1.3.8.jar;D:\Java\apache-maven-3.6.3\respository_new\com\alibaba\cloud\spring-cloud-starter-alibaba-nacos-config\2.2.5.RELEASE\spring-cloud-starter-alibaba-nacos-config-2.2.5.RELEASE.jar;D:\Java\apache-maven-3.6.3\respository_new\org\springframework\boot\spring-boot-starter-log4j2\2.3.9.RELEASE\spring-boot-starter-log4j2-2.3.9.RELEASE.jar;D:\Java\apache-maven-3.6.3\respository_new\org\apache\logging\log4j\log4j-slf4j-impl\2.13.3\log4j-slf4j-impl-2.13.3.jar;D:\Java\apache-maven-3.6.3\respository_new\org\apache\logging\log4j\log4j-api\2.13.3\log4j-api-2.13.3.jar;D:\Java\apache-maven-3.6.3\respository_new\org\apache\logging\log4j\log4j-core\2.13.3\log4j-core-2.13.3.jar;D:\Java\apache-maven-3.6.3\respository_new\org\apache\logging\log4j\log4j-jul\2.13.3\log4j-jul-2.13.3.jar;D:\Java\apache-maven-3.6.3\respository_new\org\slf4j\jul-to-slf4j\1.7.30\jul-to-slf4j-1.7.30.jar;D:\Java\apache-maven-3.6.3\respository_new\org\projectlombok\lombok\1.18.8\lombok-1.18.8.jar;"/>
    <property name="java.vm.vendor" value="Oracle Corporation"/>
    <property name="sun.arch.data.model" value="64"/>
    <property name="user.variant" value=""/>
    <property name="java.vendor.url" value="http://java.oracle.com/"/>
    <property name="user.timezone" value="Asia/Shanghai"/>
    <property name="java.vm.specification.version" value="1.8"/>
    <property name="os.name" value="Windows 8.1"/>
    <property name="user.country" value="CN"/>
    <property name="sun.java.launcher" value="SUN_STANDARD"/>
    <property name="sun.boot.library.path" value="D:\Java\jdk-8\jre\bin"/>
    <property name="sun.java.command" value="C:\Users\juzi\AppData\Local\Temp\surefire4601056247461951328\surefirebooter2443357860716609171.jar C:\Users\juzi\AppData\Local\Temp\surefire4601056247461951328 2023-12-13T17-45-05_902-jvmRun1 surefire3217583354297265254tmp surefire_08463475423158337331tmp"/>
    <property name="surefire.test.class.path" value="D:\Desktop\leadnews\heima-leadnews\heima-leadnews-service\heima-leadnews-article\target\test-classes;D:\Desktop\leadnews\heima-leadnews\heima-leadnews-service\heima-leadnews-article\target\classes;D:\Java\apache-maven-3.6.3\respository_new\org\springframework\boot\spring-boot-starter-freemarker\2.3.9.RELEASE\spring-boot-starter-freemarker-2.3.9.RELEASE.jar;D:\Java\apache-maven-3.6.3\respository_new\org\springframework\boot\spring-boot-starter\2.3.9.RELEASE\spring-boot-starter-2.3.9.RELEASE.jar;D:\Java\apache-maven-3.6.3\respository_new\org\springframework\boot\spring-boot\2.3.9.RELEASE\spring-boot-2.3.9.RELEASE.jar;D:\Java\apache-maven-3.6.3\respository_new\jakarta\annotation\jakarta.annotation-api\1.3.5\jakarta.annotation-api-1.3.5.jar;D:\Java\apache-maven-3.6.3\respository_new\org\yaml\snakeyaml\1.26\snakeyaml-1.26.jar;D:\Java\apache-maven-3.6.3\respository_new\org\freemarker\freemarker\2.3.31\freemarker-2.3.31.jar;D:\Java\apache-maven-3.6.3\respository_new\org\springframework\spring-context-support\5.2.13.RELEASE\spring-context-support-5.2.13.RELEASE.jar;D:\Java\apache-maven-3.6.3\respository_new\org\springframework\spring-beans\5.2.13.RELEASE\spring-beans-5.2.13.RELEASE.jar;D:\Java\apache-maven-3.6.3\respository_new\org\springframework\spring-context\5.2.13.RELEASE\spring-context-5.2.13.RELEASE.jar;D:\Desktop\leadnews\heima-leadnews\heima-leadnews-basic\heima-file-starter\target\heima-file-starter-1.0-SNAPSHOT.jar;D:\Java\apache-maven-3.6.3\respository_new\org\springframework\boot\spring-boot-autoconfigure\2.3.9.RELEASE\spring-boot-autoconfigure-2.3.9.RELEASE.jar;D:\Java\apache-maven-3.6.3\respository_new\io\minio\minio\7.1.0\minio-7.1.0.jar;D:\Java\apache-maven-3.6.3\respository_new\com\carrotsearch\thirdparty\simple-xml-safe\2.7.1\simple-xml-safe-2.7.1.jar;D:\Java\apache-maven-3.6.3\respository_new\com\google\guava\guava\29.0-jre\guava-29.0-jre.jar;D:\Java\apache-maven-3.6.3\respository_new\com\google\guava\failureaccess\1.0.1\failureaccess-1.0.1.jar;D:\Java\apache-maven-3.6.3\respository_new\com\google\guava\listenablefuture\9999.0-empty-to-avoid-conflict-with-guava\listenablefuture-9999.0-empty-to-avoid-conflict-with-guava.jar;D:\Java\apache-maven-3.6.3\respository_new\org\checkerframework\checker-qual\2.11.1\checker-qual-2.11.1.jar;D:\Java\apache-maven-3.6.3\respository_new\com\google\errorprone\error_prone_annotations\2.3.4\error_prone_annotations-2.3.4.jar;D:\Java\apache-maven-3.6.3\respository_new\com\google\j2objc\j2objc-annotations\1.3\j2objc-annotations-1.3.jar;D:\Java\apache-maven-3.6.3\respository_new\com\squareup\okhttp3\okhttp\3.14.9\okhttp-3.14.9.jar;D:\Java\apache-maven-3.6.3\respository_new\com\squareup\okio\okio\1.17.2\okio-1.17.2.jar;D:\Java\apache-maven-3.6.3\respository_new\com\fasterxml\jackson\core\jackson-annotations\2.11.4\jackson-annotations-2.11.4.jar;D:\Java\apache-maven-3.6.3\respository_new\com\fasterxml\jackson\core\jackson-core\2.11.4\jackson-core-2.11.4.jar;D:\Java\apache-maven-3.6.3\respository_new\com\fasterxml\jackson\core\jackson-databind\2.11.4\jackson-databind-2.11.4.jar;D:\Java\apache-maven-3.6.3\respository_new\com\github\spotbugs\spotbugs-annotations\4.0.0\spotbugs-annotations-4.0.0.jar;D:\Java\apache-maven-3.6.3\respository_new\net\jcip\jcip-annotations\1.0\jcip-annotations-1.0.jar;D:\Java\apache-maven-3.6.3\respository_new\com\google\code\findbugs\jsr305\3.0.2\jsr305-3.0.2.jar;D:\Java\apache-maven-3.6.3\respository_new\org\springframework\boot\spring-boot-starter-actuator\2.3.9.RELEASE\spring-boot-starter-actuator-2.3.9.RELEASE.jar;D:\Java\apache-maven-3.6.3\respository_new\org\springframework\boot\spring-boot-actuator-autoconfigure\2.3.9.RELEASE\spring-boot-actuator-autoconfigure-2.3.9.RELEASE.jar;D:\Java\apache-maven-3.6.3\respository_new\org\springframework\boot\spring-boot-actuator\2.3.9.RELEASE\spring-boot-actuator-2.3.9.RELEASE.jar;D:\Java\apache-maven-3.6.3\respository_new\io\micrometer\micrometer-core\1.5.11\micrometer-core-1.5.11.jar;D:\Java\apache-maven-3.6.3\respository_new\org\hdrhistogram\HdrHistogram\2.1.12\HdrHistogram-2.1.12.jar;D:\Java\apache-maven-3.6.3\respository_new\org\latencyutils\LatencyUtils\2.0.3\LatencyUtils-2.0.3.jar;D:\Desktop\leadnews\heima-leadnews\heima-leadnews-model\target\heima-leadnews-model-1.0-SNAPSHOT.jar;D:\Java\apache-maven-3.6.3\respository_new\mysql\mysql-connector-java\5.1.46\mysql-connector-java-5.1.46.jar;D:\Java\apache-maven-3.6.3\respository_new\org\mybatis\mybatis\3.5.1\mybatis-3.5.1.jar;D:\Java\apache-maven-3.6.3\respository_new\org\apache\commons\commons-lang3\3.5\commons-lang3-3.5.jar;D:\Java\apache-maven-3.6.3\respository_new\com\baomidou\mybatis-plus-boot-starter\3.4.1\mybatis-plus-boot-starter-3.4.1.jar;D:\Java\apache-maven-3.6.3\respository_new\com\baomidou\mybatis-plus\3.4.1\mybatis-plus-3.4.1.jar;D:\Java\apache-maven-3.6.3\respository_new\com\baomidou\mybatis-plus-extension\3.4.1\mybatis-plus-extension-3.4.1.jar;D:\Java\apache-maven-3.6.3\respository_new\com\baomidou\mybatis-plus-core\3.4.1\mybatis-plus-core-3.4.1.jar;D:\Java\apache-maven-3.6.3\respository_new\com\baomidou\mybatis-plus-annotation\3.4.1\mybatis-plus-annotation-3.4.1.jar;D:\Java\apache-maven-3.6.3\respository_new\com\github\jsqlparser\jsqlparser\3.2\jsqlparser-3.2.jar;D:\Java\apache-maven-3.6.3\respository_new\org\mybatis\mybatis-spring\2.0.1\mybatis-spring-2.0.1.jar;D:\Java\apache-maven-3.6.3\respository_new\org\springframework\boot\spring-boot-starter-jdbc\2.3.9.RELEASE\spring-boot-starter-jdbc-2.3.9.RELEASE.jar;D:\Java\apache-maven-3.6.3\respository_new\com\zaxxer\HikariCP\3.4.5\HikariCP-3.4.5.jar;D:\Java\apache-maven-3.6.3\respository_new\org\springframework\spring-jdbc\5.2.13.RELEASE\spring-jdbc-5.2.13.RELEASE.jar;D:\Java\apache-maven-3.6.3\respository_new\com\alibaba\fastjson\1.2.58\fastjson-1.2.58.jar;D:\Java\apache-maven-3.6.3\respository_new\io\springfox\springfox-swagger2\2.9.2\springfox-swagger2-2.9.2.jar;D:\Java\apache-maven-3.6.3\respository_new\io\swagger\swagger-annotations\1.5.20\swagger-annotations-1.5.20.jar;D:\Java\apache-maven-3.6.3\respository_new\io\swagger\swagger-models\1.5.20\swagger-models-1.5.20.jar;D:\Java\apache-maven-3.6.3\respository_new\io\springfox\springfox-spi\2.9.2\springfox-spi-2.9.2.jar;D:\Java\apache-maven-3.6.3\respository_new\io\springfox\springfox-core\2.9.2\springfox-core-2.9.2.jar;D:\Java\apache-maven-3.6.3\respository_new\io\springfox\springfox-schema\2.9.2\springfox-schema-2.9.2.jar;D:\Java\apache-maven-3.6.3\respository_new\io\springfox\springfox-swagger-common\2.9.2\springfox-swagger-common-2.9.2.jar;D:\Java\apache-maven-3.6.3\respository_new\io\springfox\springfox-spring-web\2.9.2\springfox-spring-web-2.9.2.jar;D:\Java\apache-maven-3.6.3\respository_new\com\fasterxml\classmate\1.5.1\classmate-1.5.1.jar;D:\Java\apache-maven-3.6.3\respository_new\org\slf4j\slf4j-api\1.7.30\slf4j-api-1.7.30.jar;D:\Java\apache-maven-3.6.3\respository_new\org\springframework\plugin\spring-plugin-core\1.2.0.RELEASE\spring-plugin-core-1.2.0.RELEASE.jar;D:\Java\apache-maven-3.6.3\respository_new\org\springframework\plugin\spring-plugin-metadata\1.2.0.RELEASE\spring-plugin-metadata-1.2.0.RELEASE.jar;D:\Java\apache-maven-3.6.3\respository_new\org\mapstruct\mapstruct\1.2.0.Final\mapstruct-1.2.0.Final.jar;D:\Java\apache-maven-3.6.3\respository_new\io\springfox\springfox-swagger-ui\2.9.2\springfox-swagger-ui-2.9.2.jar;D:\Desktop\leadnews\heima-leadnews\heima-leadnews-common\target\heima-leadnews-common-1.0-SNAPSHOT.jar;D:\Desktop\leadnews\heima-leadnews\heima-leadnews-utils\target\heima-leadnews-utils-1.0-SNAPSHOT.jar;D:\Java\apache-maven-3.6.3\respository_new\commons-codec\commons-codec\1.12\commons-codec-1.12.jar;D:\Java\apache-maven-3.6.3\respository_new\io\jsonwebtoken\jjwt\0.9.1\jjwt-0.9.1.jar;D:\Java\apache-maven-3.6.3\respository_new\com\hankcs\hanlp\portable-1.3.4\hanlp-portable-1.3.4.jar;D:\Java\apache-maven-3.6.3\respository_new\commons-beanutils\commons-beanutils\1.9.3\commons-beanutils-1.9.3.jar;D:\Java\apache-maven-3.6.3\respository_new\commons-logging\commons-logging\1.2\commons-logging-1.2.jar;D:\Java\apache-maven-3.6.3\respository_new\commons-collections\commons-collections\3.2.2\commons-collections-3.2.2.jar;D:\Java\apache-maven-3.6.3\respository_new\io\protostuff\protostuff-core\1.6.0\protostuff-core-1.6.0.jar;D:\Java\apache-maven-3.6.3\respository_new\io\protostuff\protostuff-api\1.6.0\protostuff-api-1.6.0.jar;D:\Java\apache-maven-3.6.3\respository_new\io\protostuff\protostuff-runtime\1.6.0\protostuff-runtime-1.6.0.jar;D:\Java\apache-maven-3.6.3\respository_new\io\protostuff\protostuff-collectionschema\1.6.0\protostuff-collectionschema-1.6.0.jar;D:\Java\apache-maven-3.6.3\respository_new\org\reflections\reflections\0.9.11\reflections-0.9.11.jar;D:\Java\apache-maven-3.6.3\respository_new\org\javassist\javassist\3.21.0-GA\javassist-3.21.0-GA.jar;D:\Java\apache-maven-3.6.3\respository_new\org\springframework\boot\spring-boot-test\2.3.9.RELEASE\spring-boot-test-2.3.9.RELEASE.jar;D:\Java\apache-maven-3.6.3\respository_new\org\springframework\boot\spring-boot-starter-data-redis\2.3.9.RELEASE\spring-boot-starter-data-redis-2.3.9.RELEASE.jar;D:\Java\apache-maven-3.6.3\respository_new\org\springframework\data\spring-data-redis\2.3.7.RELEASE\spring-data-redis-2.3.7.RELEASE.jar;D:\Java\apache-maven-3.6.3\respository_new\org\springframework\data\spring-data-keyvalue\2.3.7.RELEASE\spring-data-keyvalue-2.3.7.RELEASE.jar;D:\Java\apache-maven-3.6.3\respository_new\org\springframework\data\spring-data-commons\2.3.7.RELEASE\spring-data-commons-2.3.7.RELEASE.jar;D:\Java\apache-maven-3.6.3\respository_new\org\springframework\spring-oxm\5.2.13.RELEASE\spring-oxm-5.2.13.RELEASE.jar;D:\Java\apache-maven-3.6.3\respository_new\io\lettuce\lettuce-core\5.3.6.RELEASE\lettuce-core-5.3.6.RELEASE.jar;D:\Java\apache-maven-3.6.3\respository_new\io\netty\netty-common\4.1.59.Final\netty-common-4.1.59.Final.jar;D:\Java\apache-maven-3.6.3\respository_new\io\netty\netty-handler\4.1.59.Final\netty-handler-4.1.59.Final.jar;D:\Java\apache-maven-3.6.3\respository_new\io\netty\netty-resolver\4.1.59.Final\netty-resolver-4.1.59.Final.jar;D:\Java\apache-maven-3.6.3\respository_new\io\netty\netty-buffer\4.1.59.Final\netty-buffer-4.1.59.Final.jar;D:\Java\apache-maven-3.6.3\respository_new\io\netty\netty-codec\4.1.59.Final\netty-codec-4.1.59.Final.jar;D:\Java\apache-maven-3.6.3\respository_new\io\netty\netty-transport\4.1.59.Final\netty-transport-4.1.59.Final.jar;D:\Java\apache-maven-3.6.3\respository_new\io\projectreactor\reactor-core\3.3.14.RELEASE\reactor-core-3.3.14.RELEASE.jar;D:\Java\apache-maven-3.6.3\respository_new\org\reactivestreams\reactive-streams\1.0.3\reactive-streams-1.0.3.jar;D:\Java\apache-maven-3.6.3\respository_new\org\apache\commons\commons-pool2\2.8.1\commons-pool2-2.8.1.jar;D:\Java\apache-maven-3.6.3\respository_new\org\springframework\boot\spring-boot-starter-cache\2.3.9.RELEASE\spring-boot-starter-cache-2.3.9.RELEASE.jar;D:\Java\apache-maven-3.6.3\respository_new\com\github\tobato\fastdfs-client\1.26.5\fastdfs-client-1.26.5.jar;D:\Java\apache-maven-3.6.3\respository_new\org\slf4j\jcl-over-slf4j\1.7.30\jcl-over-slf4j-1.7.30.jar;D:\Java\apache-maven-3.6.3\respository_new\ch\qos\logback\logback-classic\1.2.3\logback-classic-1.2.3.jar;D:\Java\apache-maven-3.6.3\respository_new\ch\qos\logback\logback-core\1.2.3\logback-core-1.2.3.jar;D:\Java\apache-maven-3.6.3\respository_new\commons-io\commons-io\2.6\commons-io-2.6.jar;D:\Java\apache-maven-3.6.3\respository_new\org\hibernate\validator\hibernate-validator\6.1.7.Final\hibernate-validator-6.1.7.Final.jar;D:\Java\apache-maven-3.6.3\respository_new\jakarta\validation\jakarta.validation-api\2.0.2\jakarta.validation-api-2.0.2.jar;D:\Java\apache-maven-3.6.3\respository_new\org\jboss\logging\jboss-logging\3.4.1.Final\jboss-logging-3.4.1.Final.jar;D:\Java\apache-maven-3.6.3\respository_new\net\coobird\thumbnailator\0.4.8\thumbnailator-0.4.8.jar;D:\Java\apache-maven-3.6.3\respository_new\org\springframework\kafka\spring-kafka\2.6.6\spring-kafka-2.6.6.jar;D:\Java\apache-maven-3.6.3\respository_new\org\springframework\spring-messaging\5.2.13.RELEASE\spring-messaging-5.2.13.RELEASE.jar;D:\Java\apache-maven-3.6.3\respository_new\org\springframework\spring-tx\5.2.13.RELEASE\spring-tx-5.2.13.RELEASE.jar;D:\Java\apache-maven-3.6.3\respository_new\org\springframework\retry\spring-retry\1.2.5.RELEASE\spring-retry-1.2.5.RELEASE.jar;D:\Java\apache-maven-3.6.3\respository_new\org\apache\kafka\kafka-clients\2.5.1\kafka-clients-2.5.1.jar;D:\Java\apache-maven-3.6.3\respository_new\com\github\luben\zstd-jni\1.4.4-7\zstd-jni-1.4.4-7.jar;D:\Java\apache-maven-3.6.3\respository_new\org\lz4\lz4-java\1.7.1\lz4-java-1.7.1.jar;D:\Java\apache-maven-3.6.3\respository_new\org\xerial\snappy\snappy-java\1.1.7.3\snappy-java-1.1.7.3.jar;D:\Java\apache-maven-3.6.3\respository_new\org\apache\kafka\kafka-streams\2.5.1\kafka-streams-2.5.1.jar;D:\Java\apache-maven-3.6.3\respository_new\org\rocksdb\rocksdbjni\5.18.3\rocksdbjni-5.18.3.jar;D:\Java\apache-maven-3.6.3\respository_new\com\aliyun\aliyun-java-sdk-core\4.1.1\aliyun-java-sdk-core-4.1.1.jar;D:\Java\apache-maven-3.6.3\respository_new\com\google\code\gson\gson\2.8.6\gson-2.8.6.jar;D:\Java\apache-maven-3.6.3\respository_new\org\apache\httpcomponents\httpclient\4.5.13\httpclient-4.5.13.jar;D:\Java\apache-maven-3.6.3\respository_new\org\apache\httpcomponents\httpcore\4.4.14\httpcore-4.4.14.jar;D:\Java\apache-maven-3.6.3\respository_new\javax\xml\bind\jaxb-api\2.3.1\jaxb-api-2.3.1.jar;D:\Java\apache-maven-3.6.3\respository_new\javax\activation\javax.activation-api\1.2.0\javax.activation-api-1.2.0.jar;D:\Java\apache-maven-3.6.3\respository_new\com\sun\xml\bind\jaxb-core\2.1.14\jaxb-core-2.1.14.jar;D:\Java\apache-maven-3.6.3\respository_new\com\sun\xml\bind\jaxb-impl\2.1\jaxb-impl-2.1.jar;D:\Java\apache-maven-3.6.3\respository_new\javax\activation\activation\1.1.1\activation-1.1.1.jar;D:\Java\apache-maven-3.6.3\respository_new\com\aliyun\aliyun-java-sdk-green\3.4.1\aliyun-java-sdk-green-3.4.1.jar;D:\Java\apache-maven-3.6.3\respository_new\com\aliyun\oss\aliyun-sdk-oss\2.8.3\aliyun-sdk-oss-2.8.3.jar;D:\Java\apache-maven-3.6.3\respository_new\org\jdom\jdom\1.1\jdom-1.1.jar;D:\Java\apache-maven-3.6.3\respository_new\org\apache\hbase\hbase-client\2.1.5\hbase-client-2.1.5.jar;D:\Java\apache-maven-3.6.3\respository_new\org\apache\hbase\thirdparty\hbase-shaded-protobuf\2.1.0\hbase-shaded-protobuf-2.1.0.jar;D:\Java\apache-maven-3.6.3\respository_new\org\apache\hbase\hbase-common\2.1.5\hbase-common-2.1.5.jar;D:\Java\apache-maven-3.6.3\respository_new\com\github\stephenc\findbugs\findbugs-annotations\1.3.9-1\findbugs-annotations-1.3.9-1.jar;D:\Java\apache-maven-3.6.3\respository_new\org\apache\hbase\hbase-hadoop-compat\2.1.5\hbase-hadoop-compat-2.1.5.jar;D:\Java\apache-maven-3.6.3\respository_new\org\apache\hbase\hbase-metrics-api\2.1.5\hbase-metrics-api-2.1.5.jar;D:\Java\apache-maven-3.6.3\respository_new\org\apache\hbase\hbase-hadoop2-compat\2.1.5\hbase-hadoop2-compat-2.1.5.jar;D:\Java\apache-maven-3.6.3\respository_new\org\apache\hbase\hbase-metrics\2.1.5\hbase-metrics-2.1.5.jar;D:\Java\apache-maven-3.6.3\respository_new\org\apache\hbase\hbase-protocol-shaded\2.1.5\hbase-protocol-shaded-2.1.5.jar;D:\Java\apache-maven-3.6.3\respository_new\org\apache\hbase\hbase-protocol\2.1.5\hbase-protocol-2.1.5.jar;D:\Java\apache-maven-3.6.3\respository_new\org\apache\hbase\thirdparty\hbase-shaded-miscellaneous\2.1.0\hbase-shaded-miscellaneous-2.1.0.jar;D:\Java\apache-maven-3.6.3\respository_new\com\google\protobuf\protobuf-java\3.13.0\protobuf-java-3.13.0.jar;D:\Java\apache-maven-3.6.3\respository_new\org\apache\hbase\thirdparty\hbase-shaded-netty\2.1.0\hbase-shaded-netty-2.1.0.jar;D:\Java\apache-maven-3.6.3\respository_new\org\apache\zookeeper\zookeeper\3.4.10\zookeeper-3.4.10.jar;D:\Java\apache-maven-3.6.3\respository_new\org\apache\htrace\htrace-core4\4.2.0-incubating\htrace-core4-4.2.0-incubating.jar;D:\Java\apache-maven-3.6.3\respository_new\org\jruby\jcodings\jcodings\1.0.18\jcodings-1.0.18.jar;D:\Java\apache-maven-3.6.3\respository_new\org\jruby\joni\joni\2.1.11\joni-2.1.11.jar;D:\Java\apache-maven-3.6.3\respository_new\io\dropwizard\metrics\metrics-core\4.1.17\metrics-core-4.1.17.jar;D:\Java\apache-maven-3.6.3\respository_new\org\apache\commons\commons-crypto\1.0.0\commons-crypto-1.0.0.jar;D:\Java\apache-maven-3.6.3\respository_new\org\apache\hadoop\hadoop-auth\2.7.7\hadoop-auth-2.7.7.jar;D:\Java\apache-maven-3.6.3\respository_new\org\apache\directory\server\apacheds-kerberos-codec\2.0.0-M15\apacheds-kerberos-codec-2.0.0-M15.jar;D:\Java\apache-maven-3.6.3\respository_new\org\apache\directory\server\apacheds-i18n\2.0.0-M15\apacheds-i18n-2.0.0-M15.jar;D:\Java\apache-maven-3.6.3\respository_new\org\apache\directory\api\api-asn1-api\1.0.0-M20\api-asn1-api-1.0.0-M20.jar;D:\Java\apache-maven-3.6.3\respository_new\org\apache\directory\api\api-util\1.0.0-M20\api-util-1.0.0-M20.jar;D:\Java\apache-maven-3.6.3\respository_new\org\apache\curator\curator-framework\4.2.0\curator-framework-4.2.0.jar;D:\Java\apache-maven-3.6.3\respository_new\org\apache\hadoop\hadoop-common\2.7.7\hadoop-common-2.7.7.jar;D:\Java\apache-maven-3.6.3\respository_new\org\apache\hadoop\hadoop-annotations\2.7.7\hadoop-annotations-2.7.7.jar;D:\Java\jdk-8\jre\..\lib\tools.jar;D:\Java\apache-maven-3.6.3\respository_new\commons-cli\commons-cli\1.2\commons-cli-1.2.jar;D:\Java\apache-maven-3.6.3\respository_new\org\apache\commons\commons-math3\3.1.1\commons-math3-3.1.1.jar;D:\Java\apache-maven-3.6.3\respository_new\xmlenc\xmlenc\0.52\xmlenc-0.52.jar;D:\Java\apache-maven-3.6.3\respository_new\commons-httpclient\commons-httpclient\3.1\commons-httpclient-3.1.jar;D:\Java\apache-maven-3.6.3\respository_new\commons-net\commons-net\3.1\commons-net-3.1.jar;D:\Java\apache-maven-3.6.3\respository_new\org\mortbay\jetty\jetty-sslengine\6.1.26\jetty-sslengine-6.1.26.jar;D:\Java\apache-maven-3.6.3\respository_new\commons-lang\commons-lang\2.6\commons-lang-2.6.jar;D:\Java\apache-maven-3.6.3\respository_new\commons-configuration\commons-configuration\1.6\commons-configuration-1.6.jar;D:\Java\apache-maven-3.6.3\respository_new\commons-digester\commons-digester\1.8\commons-digester-1.8.jar;D:\Java\apache-maven-3.6.3\respository_new\commons-beanutils\commons-beanutils-core\1.8.0\commons-beanutils-core-1.8.0.jar;D:\Java\apache-maven-3.6.3\respository_new\org\codehaus\jackson\jackson-core-asl\1.9.13\jackson-core-asl-1.9.13.jar;D:\Java\apache-maven-3.6.3\respository_new\org\codehaus\jackson\jackson-mapper-asl\1.9.13\jackson-mapper-asl-1.9.13.jar;D:\Java\apache-maven-3.6.3\respository_new\org\apache\avro\avro\1.7.4\avro-1.7.4.jar;D:\Java\apache-maven-3.6.3\respository_new\com\thoughtworks\paranamer\paranamer\2.3\paranamer-2.3.jar;D:\Java\apache-maven-3.6.3\respository_new\com\jcraft\jsch\0.1.54\jsch-0.1.54.jar;D:\Java\apache-maven-3.6.3\respository_new\org\apache\curator\curator-client\2.7.1\curator-client-2.7.1.jar;D:\Java\apache-maven-3.6.3\respository_new\org\apache\curator\curator-recipes\4.2.0\curator-recipes-4.2.0.jar;D:\Java\apache-maven-3.6.3\respository_new\org\apache\htrace\htrace-core\3.1.0-incubating\htrace-core-3.1.0-incubating.jar;D:\Java\apache-maven-3.6.3\respository_new\org\apache\commons\commons-compress\1.4.1\commons-compress-1.4.1.jar;D:\Java\apache-maven-3.6.3\respository_new\org\tukaani\xz\1.0\xz-1.0.jar;D:\Java\apache-maven-3.6.3\respository_new\org\apache\yetus\audience-annotations\0.5.0\audience-annotations-0.5.0.jar;D:\Java\apache-maven-3.6.3\respository_new\junit\junit\4.12\junit-4.12.jar;D:\Java\apache-maven-3.6.3\respository_new\org\hamcrest\hamcrest-core\2.2\hamcrest-core-2.2.jar;D:\Java\apache-maven-3.6.3\respository_new\org\jsoup\jsoup\1.10.2\jsoup-1.10.2.jar;D:\Java\apache-maven-3.6.3\respository_new\joda-time\joda-time\2.10.5\joda-time-2.10.5.jar;D:\Java\apache-maven-3.6.3\respository_new\com\github\xiaoymin\knife4j-spring-boot-starter\2.0.2\knife4j-spring-boot-starter-2.0.2.jar;D:\Java\apache-maven-3.6.3\respository_new\com\github\xiaoymin\knife4j-spring-boot-autoconfigure\2.0.2\knife4j-spring-boot-autoconfigure-2.0.2.jar;D:\Java\apache-maven-3.6.3\respository_new\com\github\xiaoymin\knife4j-spring\2.0.2\knife4j-spring-2.0.2.jar;D:\Java\apache-maven-3.6.3\respository_new\com\github\xiaoymin\knife4j-annotations\2.0.2\knife4j-annotations-2.0.2.jar;D:\Java\apache-maven-3.6.3\respository_new\com\github\xiaoymin\knife4j-core\2.0.2\knife4j-core-2.0.2.jar;D:\Java\apache-maven-3.6.3\respository_new\io\springfox\springfox-bean-validators\2.9.2\springfox-bean-validators-2.9.2.jar;D:\Java\apache-maven-3.6.3\respository_new\com\github\xiaoymin\knife4j-spring-ui\2.0.2\knife4j-spring-ui-2.0.2.jar;D:\Java\apache-maven-3.6.3\respository_new\com\baidu\aip\java-sdk\4.16.2\java-sdk-4.16.2.jar;D:\Java\apache-maven-3.6.3\respository_new\org\json\json\20160810\json-20160810.jar;D:\Java\apache-maven-3.6.3\respository_new\org\slf4j\slf4j-simple\1.7.30\slf4j-simple-1.7.30.jar;D:\Desktop\leadnews\heima-leadnews\heima-leadnews-feign-api\target\heima-leadnews-feign-api-1.0-SNAPSHOT.jar;D:\Java\apache-maven-3.6.3\respository_new\org\springframework\cloud\spring-cloud-starter-openfeign\2.2.7.RELEASE\spring-cloud-starter-openfeign-2.2.7.RELEASE.jar;D:\Java\apache-maven-3.6.3\respository_new\org\springframework\cloud\spring-cloud-starter\2.2.7.RELEASE\spring-cloud-starter-2.2.7.RELEASE.jar;D:\Java\apache-maven-3.6.3\respository_new\org\springframework\security\spring-security-rsa\1.0.9.RELEASE\spring-security-rsa-1.0.9.RELEASE.jar;D:\Java\apache-maven-3.6.3\respository_new\org\bouncycastle\bcpkix-jdk15on\1.64\bcpkix-jdk15on-1.64.jar;D:\Java\apache-maven-3.6.3\respository_new\org\bouncycastle\bcprov-jdk15on\1.64\bcprov-jdk15on-1.64.jar;D:\Java\apache-maven-3.6.3\respository_new\org\springframework\cloud\spring-cloud-openfeign-core\2.2.7.RELEASE\spring-cloud-openfeign-core-2.2.7.RELEASE.jar;D:\Java\apache-maven-3.6.3\respository_new\org\springframework\boot\spring-boot-starter-aop\2.3.9.RELEASE\spring-boot-starter-aop-2.3.9.RELEASE.jar;D:\Java\apache-maven-3.6.3\respository_new\org\aspectj\aspectjweaver\1.9.6\aspectjweaver-1.9.6.jar;D:\Java\apache-maven-3.6.3\respository_new\io\github\openfeign\form\feign-form-spring\3.8.0\feign-form-spring-3.8.0.jar;D:\Java\apache-maven-3.6.3\respository_new\io\github\openfeign\form\feign-form\3.8.0\feign-form-3.8.0.jar;D:\Java\apache-maven-3.6.3\respository_new\commons-fileupload\commons-fileupload\1.4\commons-fileupload-1.4.jar;D:\Java\apache-maven-3.6.3\respository_new\io\github\openfeign\feign-core\10.10.1\feign-core-10.10.1.jar;D:\Java\apache-maven-3.6.3\respository_new\io\github\openfeign\feign-slf4j\10.10.1\feign-slf4j-10.10.1.jar;D:\Java\apache-maven-3.6.3\respository_new\io\github\openfeign\feign-hystrix\10.10.1\feign-hystrix-10.10.1.jar;D:\Java\apache-maven-3.6.3\respository_new\com\netflix\archaius\archaius-core\0.7.7\archaius-core-0.7.7.jar;D:\Java\apache-maven-3.6.3\respository_new\com\netflix\hystrix\hystrix-core\1.5.18\hystrix-core-1.5.18.jar;D:\Java\apache-maven-3.6.3\respository_new\org\springframework\boot\spring-boot-starter-web\2.3.9.RELEASE\spring-boot-starter-web-2.3.9.RELEASE.jar;D:\Java\apache-maven-3.6.3\respository_new\org\springframework\boot\spring-boot-starter-json\2.3.9.RELEASE\spring-boot-starter-json-2.3.9.RELEASE.jar;D:\Java\apache-maven-3.6.3\respository_new\com\fasterxml\jackson\datatype\jackson-datatype-jdk8\2.11.4\jackson-datatype-jdk8-2.11.4.jar;D:\Java\apache-maven-3.6.3\respository_new\com\fasterxml\jackson\datatype\jackson-datatype-jsr310\2.11.4\jackson-datatype-jsr310-2.11.4.jar;D:\Java\apache-maven-3.6.3\respository_new\com\fasterxml\jackson\module\jackson-module-parameter-names\2.11.4\jackson-module-parameter-names-2.11.4.jar;D:\Java\apache-maven-3.6.3\respository_new\org\springframework\boot\spring-boot-starter-tomcat\2.3.9.RELEASE\spring-boot-starter-tomcat-2.3.9.RELEASE.jar;D:\Java\apache-maven-3.6.3\respository_new\org\apache\tomcat\embed\tomcat-embed-core\9.0.43\tomcat-embed-core-9.0.43.jar;D:\Java\apache-maven-3.6.3\respository_new\org\glassfish\jakarta.el\3.0.3\jakarta.el-3.0.3.jar;D:\Java\apache-maven-3.6.3\respository_new\org\apache\tomcat\embed\tomcat-embed-websocket\9.0.43\tomcat-embed-websocket-9.0.43.jar;D:\Java\apache-maven-3.6.3\respository_new\org\springframework\spring-web\5.2.13.RELEASE\spring-web-5.2.13.RELEASE.jar;D:\Java\apache-maven-3.6.3\respository_new\org\springframework\spring-webmvc\5.2.13.RELEASE\spring-webmvc-5.2.13.RELEASE.jar;D:\Java\apache-maven-3.6.3\respository_new\org\springframework\spring-aop\5.2.13.RELEASE\spring-aop-5.2.13.RELEASE.jar;D:\Java\apache-maven-3.6.3\respository_new\org\springframework\spring-expression\5.2.13.RELEASE\spring-expression-5.2.13.RELEASE.jar;D:\Java\apache-maven-3.6.3\respository_new\org\springframework\boot\spring-boot-starter-test\2.3.9.RELEASE\spring-boot-starter-test-2.3.9.RELEASE.jar;D:\Java\apache-maven-3.6.3\respository_new\org\springframework\boot\spring-boot-test-autoconfigure\2.3.9.RELEASE\spring-boot-test-autoconfigure-2.3.9.RELEASE.jar;D:\Java\apache-maven-3.6.3\respository_new\com\jayway\jsonpath\json-path\2.4.0\json-path-2.4.0.jar;D:\Java\apache-maven-3.6.3\respository_new\net\minidev\json-smart\2.3\json-smart-2.3.jar;D:\Java\apache-maven-3.6.3\respository_new\net\minidev\accessors-smart\1.2\accessors-smart-1.2.jar;D:\Java\apache-maven-3.6.3\respository_new\org\ow2\asm\asm\5.0.4\asm-5.0.4.jar;D:\Java\apache-maven-3.6.3\respository_new\jakarta\xml\bind\jakarta.xml.bind-api\2.3.3\jakarta.xml.bind-api-2.3.3.jar;D:\Java\apache-maven-3.6.3\respository_new\jakarta\activation\jakarta.activation-api\1.2.2\jakarta.activation-api-1.2.2.jar;D:\Java\apache-maven-3.6.3\respository_new\org\assertj\assertj-core\3.16.1\assertj-core-3.16.1.jar;D:\Java\apache-maven-3.6.3\respository_new\org\hamcrest\hamcrest\2.2\hamcrest-2.2.jar;D:\Java\apache-maven-3.6.3\respository_new\org\junit\jupiter\junit-jupiter\5.6.3\junit-jupiter-5.6.3.jar;D:\Java\apache-maven-3.6.3\respository_new\org\junit\jupiter\junit-jupiter-api\5.6.3\junit-jupiter-api-5.6.3.jar;D:\Java\apache-maven-3.6.3\respository_new\org\opentest4j\opentest4j\1.2.0\opentest4j-1.2.0.jar;D:\Java\apache-maven-3.6.3\respository_new\org\junit\platform\junit-platform-commons\1.6.3\junit-platform-commons-1.6.3.jar;D:\Java\apache-maven-3.6.3\respository_new\org\junit\jupiter\junit-jupiter-params\5.6.3\junit-jupiter-params-5.6.3.jar;D:\Java\apache-maven-3.6.3\respository_new\org\junit\jupiter\junit-jupiter-engine\5.6.3\junit-jupiter-engine-5.6.3.jar;D:\Java\apache-maven-3.6.3\respository_new\org\junit\vintage\junit-vintage-engine\5.6.3\junit-vintage-engine-5.6.3.jar;D:\Java\apache-maven-3.6.3\respository_new\org\apiguardian\apiguardian-api\1.1.0\apiguardian-api-1.1.0.jar;D:\Java\apache-maven-3.6.3\respository_new\org\junit\platform\junit-platform-engine\1.6.3\junit-platform-engine-1.6.3.jar;D:\Java\apache-maven-3.6.3\respository_new\org\mockito\mockito-core\3.3.3\mockito-core-3.3.3.jar;D:\Java\apache-maven-3.6.3\respository_new\net\bytebuddy\byte-buddy\1.10.20\byte-buddy-1.10.20.jar;D:\Java\apache-maven-3.6.3\respository_new\net\bytebuddy\byte-buddy-agent\1.10.20\byte-buddy-agent-1.10.20.jar;D:\Java\apache-maven-3.6.3\respository_new\org\objenesis\objenesis\2.6\objenesis-2.6.jar;D:\Java\apache-maven-3.6.3\respository_new\org\mockito\mockito-junit-jupiter\3.3.3\mockito-junit-jupiter-3.3.3.jar;D:\Java\apache-maven-3.6.3\respository_new\org\skyscreamer\jsonassert\1.5.0\jsonassert-1.5.0.jar;D:\Java\apache-maven-3.6.3\respository_new\com\vaadin\external\google\android-json\0.0.20131108.vaadin1\android-json-0.0.20131108.vaadin1.jar;D:\Java\apache-maven-3.6.3\respository_new\org\springframework\spring-core\5.2.13.RELEASE\spring-core-5.2.13.RELEASE.jar;D:\Java\apache-maven-3.6.3\respository_new\org\springframework\spring-jcl\5.2.13.RELEASE\spring-jcl-5.2.13.RELEASE.jar;D:\Java\apache-maven-3.6.3\respository_new\org\springframework\spring-test\5.2.13.RELEASE\spring-test-5.2.13.RELEASE.jar;D:\Java\apache-maven-3.6.3\respository_new\org\xmlunit\xmlunit-core\2.7.0\xmlunit-core-2.7.0.jar;D:\Java\apache-maven-3.6.3\respository_new\com\alibaba\cloud\spring-cloud-starter-alibaba-nacos-discovery\2.2.5.RELEASE\spring-cloud-starter-alibaba-nacos-discovery-2.2.5.RELEASE.jar;D:\Java\apache-maven-3.6.3\respository_new\com\alibaba\cloud\spring-cloud-alibaba-commons\2.2.5.RELEASE\spring-cloud-alibaba-commons-2.2.5.RELEASE.jar;D:\Java\apache-maven-3.6.3\respository_new\com\alibaba\nacos\nacos-client\1.4.1\nacos-client-1.4.1.jar;D:\Java\apache-maven-3.6.3\respository_new\com\alibaba\nacos\nacos-common\1.4.1\nacos-common-1.4.1.jar;D:\Java\apache-maven-3.6.3\respository_new\org\apache\httpcomponents\httpasyncclient\4.1.4\httpasyncclient-4.1.4.jar;D:\Java\apache-maven-3.6.3\respository_new\org\apache\httpcomponents\httpcore-nio\4.4.14\httpcore-nio-4.4.14.jar;D:\Java\apache-maven-3.6.3\respository_new\com\alibaba\nacos\nacos-api\1.4.1\nacos-api-1.4.1.jar;D:\Java\apache-maven-3.6.3\respository_new\io\prometheus\simpleclient\0.5.0\simpleclient-0.5.0.jar;D:\Java\apache-maven-3.6.3\respository_new\com\alibaba\spring\spring-context-support\1.0.10\spring-context-support-1.0.10.jar;D:\Java\apache-maven-3.6.3\respository_new\org\springframework\cloud\spring-cloud-commons\2.2.7.RELEASE\spring-cloud-commons-2.2.7.RELEASE.jar;D:\Java\apache-maven-3.6.3\respository_new\org\springframework\security\spring-security-crypto\5.3.8.RELEASE\spring-security-crypto-5.3.8.RELEASE.jar;D:\Java\apache-maven-3.6.3\respository_new\org\springframework\cloud\spring-cloud-context\2.2.7.RELEASE\spring-cloud-context-2.2.7.RELEASE.jar;D:\Java\apache-maven-3.6.3\respository_new\org\springframework\cloud\spring-cloud-starter-netflix-ribbon\2.2.7.RELEASE\spring-cloud-starter-netflix-ribbon-2.2.7.RELEASE.jar;D:\Java\apache-maven-3.6.3\respository_new\org\springframework\cloud\spring-cloud-netflix-ribbon\2.2.7.RELEASE\spring-cloud-netflix-ribbon-2.2.7.RELEASE.jar;D:\Java\apache-maven-3.6.3\respository_new\org\springframework\cloud\spring-cloud-netflix-archaius\2.2.7.RELEASE\spring-cloud-netflix-archaius-2.2.7.RELEASE.jar;D:\Java\apache-maven-3.6.3\respository_new\org\springframework\cloud\spring-cloud-starter-netflix-archaius\2.2.7.RELEASE\spring-cloud-starter-netflix-archaius-2.2.7.RELEASE.jar;D:\Java\apache-maven-3.6.3\respository_new\com\netflix\ribbon\ribbon\2.3.0\ribbon-2.3.0.jar;D:\Java\apache-maven-3.6.3\respository_new\com\netflix\ribbon\ribbon-transport\2.3.0\ribbon-transport-2.3.0.jar;D:\Java\apache-maven-3.6.3\respository_new\io\reactivex\rxnetty-contexts\0.4.9\rxnetty-contexts-0.4.9.jar;D:\Java\apache-maven-3.6.3\respository_new\io\reactivex\rxnetty-servo\0.4.9\rxnetty-servo-0.4.9.jar;D:\Java\apache-maven-3.6.3\respository_new\javax\inject\javax.inject\1\javax.inject-1.jar;D:\Java\apache-maven-3.6.3\respository_new\io\reactivex\rxnetty\0.4.9\rxnetty-0.4.9.jar;D:\Java\apache-maven-3.6.3\respository_new\com\netflix\ribbon\ribbon-core\2.3.0\ribbon-core-2.3.0.jar;D:\Java\apache-maven-3.6.3\respository_new\com\netflix\ribbon\ribbon-httpclient\2.3.0\ribbon-httpclient-2.3.0.jar;D:\Java\apache-maven-3.6.3\respository_new\com\sun\jersey\jersey-client\1.19.1\jersey-client-1.19.1.jar;D:\Java\apache-maven-3.6.3\respository_new\com\sun\jersey\jersey-core\1.19.1\jersey-core-1.19.1.jar;D:\Java\apache-maven-3.6.3\respository_new\javax\ws\rs\jsr311-api\1.1.1\jsr311-api-1.1.1.jar;D:\Java\apache-maven-3.6.3\respository_new\com\sun\jersey\contribs\jersey-apache-client4\1.19.1\jersey-apache-client4-1.19.1.jar;D:\Java\apache-maven-3.6.3\respository_new\com\netflix\servo\servo-core\0.12.21\servo-core-0.12.21.jar;D:\Java\apache-maven-3.6.3\respository_new\com\netflix\netflix-commons\netflix-commons-util\0.3.0\netflix-commons-util-0.3.0.jar;D:\Java\apache-maven-3.6.3\respository_new\com\netflix\ribbon\ribbon-loadbalancer\2.3.0\ribbon-loadbalancer-2.3.0.jar;D:\Java\apache-maven-3.6.3\respository_new\com\netflix\netflix-commons\netflix-statistics\0.1.1\netflix-statistics-0.1.1.jar;D:\Java\apache-maven-3.6.3\respository_new\io\reactivex\rxjava\1.3.8\rxjava-1.3.8.jar;D:\Java\apache-maven-3.6.3\respository_new\com\alibaba\cloud\spring-cloud-starter-alibaba-nacos-config\2.2.5.RELEASE\spring-cloud-starter-alibaba-nacos-config-2.2.5.RELEASE.jar;D:\Java\apache-maven-3.6.3\respository_new\org\springframework\boot\spring-boot-starter-log4j2\2.3.9.RELEASE\spring-boot-starter-log4j2-2.3.9.RELEASE.jar;D:\Java\apache-maven-3.6.3\respository_new\org\apache\logging\log4j\log4j-slf4j-impl\2.13.3\log4j-slf4j-impl-2.13.3.jar;D:\Java\apache-maven-3.6.3\respository_new\org\apache\logging\log4j\log4j-api\2.13.3\log4j-api-2.13.3.jar;D:\Java\apache-maven-3.6.3\respository_new\org\apache\logging\log4j\log4j-core\2.13.3\log4j-core-2.13.3.jar;D:\Java\apache-maven-3.6.3\respository_new\org\apache\logging\log4j\log4j-jul\2.13.3\log4j-jul-2.13.3.jar;D:\Java\apache-maven-3.6.3\respository_new\org\slf4j\jul-to-slf4j\1.7.30\jul-to-slf4j-1.7.30.jar;D:\Java\apache-maven-3.6.3\respository_new\org\projectlombok\lombok\1.18.8\lombok-1.18.8.jar;"/>
    <property name="sun.cpu.endian" value="little"/>
    <property name="user.home" value="C:\Users\juzi"/>
    <property name="user.language" value="zh"/>
    <property name="java.specification.vendor" value="Oracle Corporation"/>
    <property name="java.home" value="D:\Java\jdk-8\jre"/>
    <property name="basedir" value="D:\Desktop\leadnews\heima-leadnews\heima-leadnews-service\heima-leadnews-article"/>
    <property name="file.separator" value="\"/>
    <property name="line.separator" value="&#10;"/>
    <property name="java.vm.specification.vendor" value="Oracle Corporation"/>
    <property name="java.specification.name" value="Java Platform API Specification"/>
    <property name="java.awt.graphicsenv" value="sun.awt.Win32GraphicsEnvironment"/>
    <property name="surefire.real.class.path" value="C:\Users\juzi\AppData\Local\Temp\surefire4601056247461951328\surefirebooter2443357860716609171.jar"/>
    <property name="sun.boot.class.path" value="D:\Java\jdk-8\jre\lib\resources.jar;D:\Java\jdk-8\jre\lib\rt.jar;D:\Java\jdk-8\jre\lib\sunrsasign.jar;D:\Java\jdk-8\jre\lib\jsse.jar;D:\Java\jdk-8\jre\lib\jce.jar;D:\Java\jdk-8\jre\lib\charsets.jar;D:\Java\jdk-8\jre\lib\jfr.jar;D:\Java\jdk-8\jre\classes"/>
    <property name="user.script" value=""/>
    <property name="sun.management.compiler" value="HotSpot 64-Bit Tiered Compilers"/>
    <property name="java.runtime.version" value="1.8.0_45-b14"/>
    <property name="user.name" value="juzi"/>
    <property name="path.separator" value=";"/>
    <property name="os.version" value="6.3"/>
    <property name="java.endorsed.dirs" value="D:\Java\jdk-8\jre\lib\endorsed"/>
    <property name="java.runtime.name" value="Java(TM) SE Runtime Environment"/>
    <property name="file.encoding" value="GBK"/>
    <property name="java.vm.name" value="Java HotSpot(TM) 64-Bit Server VM"/>
    <property name="localRepository" value="D:\Java\apache-maven-3.6.3\respository_new"/>
    <property name="java.vendor.url.bug" value="http://bugreport.sun.com/bugreport/"/>
    <property name="java.io.tmpdir" value="C:\Users\juzi\AppData\Local\Temp\"/>
    <property name="idea.version" value="2021.1.3"/>
    <property name="java.version" value="1.8.0_45"/>
    <property name="user.dir" value="D:\Desktop\leadnews\heima-leadnews\heima-leadnews-service\heima-leadnews-article"/>
    <property name="os.arch" value="amd64"/>
    <property name="java.vm.specification.name" value="Java Virtual Machine Specification"/>
    <property name="java.awt.printerjob" value="sun.awt.windows.WPrinterJob"/>
    <property name="sun.os.patch.level" value=""/>
    <property name="java.library.path" value="D:\Java\jdk-8\jre\bin;C:\WINDOWS\Sun\Java\bin;C:\WINDOWS\system32;C:\WINDOWS;D:\vmware\bin\;&quot;D:\apache-tomcat-8.5.75\bin;&quot;;C:\ProgramData\Oracle\Java\javapath;D:\Java\jdk-8\bin;D:\Desktop\MySQL\bin;C:\Program Files (x86)\MySQL\MySQL Server 5.6\bin;D:\matlab\runtime\win64;D:\matlab\bin;D:\Desktop\Matlab\mingw64\bin;C:\WINDOWS\system32;C:\Program Files\NVIDIA Corporation\NVIDIA NvDLISR;D:\Java\Scala\bin;D:\Java\spark-2.4.3-bin-hadoop2.7\bin;%HADOOP_HOME%\bin;C:\Program Files\Git\cmd;D:\Deskt;p\期末题库\计算机视觉\PCL 1.12.1\3rdParty\VTK\bin;p\NLP\nltk_data;C:\WINDOWS\system32;C:\WINDOWS;C:\WINDOWS\System32\Wbem;C:\WINDOWS\System32\WindowsPowerShell\v1.0\;C:\WINDOWS\System32\OpenSSH\;C:\Program Files\Microsoft SQL Server\Client SDK\ODBC\170\Tools\Binn\;C:\Program Files\Microsoft SQL Server\150\DTS\Binn\;D:\Java\apache-maven-3.6.3\bin;D:\Java\Git\cmd;D:\;C:\Users\juzi\AppData\Local\Programs\Python\Launcher\;C:\Users\juzi\AppData\Local\Microsoft\WindowsApps;C:\Program Files\Bandizip\;D:\PyCharm Setup\PyCharm 2020.2.3\bin;;D:\PyCharm Setup\PyCharm Community Edition 2020.2.3\bin;;C:\Program Files\Azure Data Studio\bin;D:\Anaconda3;D:\Anaconda3\Scripts;D:\Anaconda3\Library\bin;D:\Java\apache-maven-3.6.3\bin;;."/>
    <property name="java.vm.info" value="mixed mode"/>
    <property name="java.vendor" value="Oracle Corporation"/>
    <property name="java.vm.version" value="25.45-b02"/>
    <property name="java.ext.dirs" value="D:\Java\jdk-8\jre\lib\ext;C:\WINDOWS\Sun\Java\lib\ext"/>
    <property name="sun.io.unicode.encoding" value="UnicodeLittle"/>
    <property name="maven.repo.local" value="D:\Java\apache-maven-3.6.3\respository_new"/>
    <property name="java.class.version" value="52.0"/>
  </properties>
  <testcase name="computeHotArticle" classname="com.heima.article.service.impl.HotArticleServiceImplTest" time="0.003">
    <error message="Failed to load ApplicationContext" type="java.lang.IllegalStateException">java.lang.IllegalStateException: Failed to load ApplicationContext
Caused by: org.springframework.beans.factory.UnsatisfiedDependencyException: Error creating bean with name 'hotArticleServiceImpl': Unsatisfied dependency expressed through field 'apArticleMapper'; nested exception is org.springframework.beans.factory.NoSuchBeanDefinitionException: No qualifying bean of type 'com.heima.article.mapper.ApArticleMapper' available: expected at least 1 bean which qualifies as autowire candidate. Dependency annotations: {@org.springframework.beans.factory.annotation.Autowired(required=true)}
Caused by: org.springframework.beans.factory.NoSuchBeanDefinitionException: No qualifying bean of type 'com.heima.article.mapper.ApArticleMapper' available: expected at least 1 bean which qualifies as autowire candidate. Dependency annotations: {@org.springframework.beans.factory.annotation.Autowired(required=true)}
</error>
    <system-out><![CDATA[2023-12-13 17:45:11.908 [main] INFO  o.s.b.t.c.SpringBootTestContextBootstrapper - Neither @ContextConfiguration nor @ContextHierarchy found for test class [com.heima.article.service.impl.HotArticleServiceImplTest], using SpringBootContextLoader
2023-12-13 17:45:11.918 [main] INFO  o.s.t.c.s.AbstractContextLoader - Could not detect default resource locations for test class [com.heima.article.service.impl.HotArticleServiceImplTest]: no resource found for suffixes {-context.xml, Context.groovy}.
2023-12-13 17:45:12.178 [main] DEBUG o.s.b.t.c.SpringBootTestContextBootstrapper - @TestExecutionListeners is not present for class [com.heima.article.service.impl.HotArticleServiceImplTest]: using defaults.
2023-12-13 17:45:12.179 [main] INFO  o.s.b.t.c.SpringBootTestContextBootstrapper - Loaded default TestExecutionListener class names from location [META-INF/spring.factories]: [org.springframework.boot.test.mock.mockito.MockitoTestExecutionListener, org.springframework.boot.test.mock.mockito.ResetMocksTestExecutionListener, org.springframework.boot.test.autoconfigure.restdocs.RestDocsTestExecutionListener, org.springframework.boot.test.autoconfigure.web.client.MockRestServiceServerResetTestExecutionListener, org.springframework.boot.test.autoconfigure.web.servlet.MockMvcPrintOnlyOnFailureTestExecutionListener, org.springframework.boot.test.autoconfigure.web.servlet.WebDriverTestExecutionListener, org.springframework.boot.test.autoconfigure.webservices.client.MockWebServiceServerTestExecutionListener, org.springframework.test.context.web.ServletTestExecutionListener, org.springframework.test.context.support.DirtiesContextBeforeModesTestExecutionListener, org.springframework.test.context.support.DependencyInjectionTestExecutionListener, org.springframework.test.context.support.DirtiesContextTestExecutionListener, org.springframework.test.context.transaction.TransactionalTestExecutionListener, org.springframework.test.context.jdbc.SqlScriptsTestExecutionListener, org.springframework.test.context.event.EventPublishingTestExecutionListener]
2023-12-13 17:45:12.198 [main] INFO  o.s.b.t.c.SpringBootTestContextBootstrapper - Using TestExecutionListeners: [org.springframework.test.context.web.ServletTestExecutionListener@5e17553a, org.springframework.test.context.support.DirtiesContextBeforeModesTestExecutionListener@3eb91815, org.springframework.boot.test.mock.mockito.MockitoTestExecutionListener@56dc1551, org.springframework.boot.test.autoconfigure.SpringBootDependencyInjectionTestExecutionListener@102cec62, org.springframework.test.context.support.DirtiesContextTestExecutionListener@74f6c5d8, org.springframework.test.context.transaction.TransactionalTestExecutionListener@27912e3, org.springframework.test.context.jdbc.SqlScriptsTestExecutionListener@34b9f960, org.springframework.test.context.event.EventPublishingTestExecutionListener@43015c69, org.springframework.boot.test.mock.mockito.ResetMocksTestExecutionListener@19b89d4, org.springframework.boot.test.autoconfigure.restdocs.RestDocsTestExecutionListener@4bbf6d0e, org.springframework.boot.test.autoconfigure.web.client.MockRestServiceServerResetTestExecutionListener@30b6ffe0, org.springframework.boot.test.autoconfigure.web.servlet.MockMvcPrintOnlyOnFailureTestExecutionListener@791d1f8b, org.springframework.boot.test.autoconfigure.web.servlet.WebDriverTestExecutionListener@2415fc55, org.springframework.boot.test.autoconfigure.webservices.client.MockWebServiceServerTestExecutionListener@14f232c4]
2023-12-13 17:45:12.239 [main] INFO  o.s.b.t.c.SpringBootTestContextBootstrapper - Neither @ContextConfiguration nor @ContextHierarchy found for test class [com.heima.article.test.ArticleFreemarkerTest], using SpringBootContextLoader
2023-12-13 17:45:12.240 [main] INFO  o.s.t.c.s.AbstractContextLoader - Could not detect default resource locations for test class [com.heima.article.test.ArticleFreemarkerTest]: no resource found for suffixes {-context.xml, Context.groovy}.
2023-12-13 17:45:12.280 [main] DEBUG o.s.b.t.c.SpringBootTestContextBootstrapper - @TestExecutionListeners is not present for class [com.heima.article.test.ArticleFreemarkerTest]: using defaults.
2023-12-13 17:45:12.280 [main] INFO  o.s.b.t.c.SpringBootTestContextBootstrapper - Loaded default TestExecutionListener class names from location [META-INF/spring.factories]: [org.springframework.boot.test.mock.mockito.MockitoTestExecutionListener, org.springframework.boot.test.mock.mockito.ResetMocksTestExecutionListener, org.springframework.boot.test.autoconfigure.restdocs.RestDocsTestExecutionListener, org.springframework.boot.test.autoconfigure.web.client.MockRestServiceServerResetTestExecutionListener, org.springframework.boot.test.autoconfigure.web.servlet.MockMvcPrintOnlyOnFailureTestExecutionListener, org.springframework.boot.test.autoconfigure.web.servlet.WebDriverTestExecutionListener, org.springframework.boot.test.autoconfigure.webservices.client.MockWebServiceServerTestExecutionListener, org.springframework.test.context.web.ServletTestExecutionListener, org.springframework.test.context.support.DirtiesContextBeforeModesTestExecutionListener, org.springframework.test.context.support.DependencyInjectionTestExecutionListener, org.springframework.test.context.support.DirtiesContextTestExecutionListener, org.springframework.test.context.transaction.TransactionalTestExecutionListener, org.springframework.test.context.jdbc.SqlScriptsTestExecutionListener, org.springframework.test.context.event.EventPublishingTestExecutionListener]
2023-12-13 17:45:12.280 [main] INFO  o.s.b.t.c.SpringBootTestContextBootstrapper - Using TestExecutionListeners: [org.springframework.test.context.web.ServletTestExecutionListener@48d61b48, org.springframework.test.context.support.DirtiesContextBeforeModesTestExecutionListener@68d279ec, org.springframework.boot.test.mock.mockito.MockitoTestExecutionListener@258d79be, org.springframework.boot.test.autoconfigure.SpringBootDependencyInjectionTestExecutionListener@14f9390f, org.springframework.test.context.support.DirtiesContextTestExecutionListener@6c0d7c83, org.springframework.test.context.transaction.TransactionalTestExecutionListener@176b75f7, org.springframework.test.context.jdbc.SqlScriptsTestExecutionListener@5965be2d, org.springframework.test.context.event.EventPublishingTestExecutionListener@409c54f, org.springframework.boot.test.mock.mockito.ResetMocksTestExecutionListener@3e74829, org.springframework.boot.test.autoconfigure.restdocs.RestDocsTestExecutionListener@4f6f416f, org.springframework.boot.test.autoconfigure.web.client.MockRestServiceServerResetTestExecutionListener@3b8f0a79, org.springframework.boot.test.autoconfigure.web.servlet.MockMvcPrintOnlyOnFailureTestExecutionListener@71e693fa, org.springframework.boot.test.autoconfigure.web.servlet.WebDriverTestExecutionListener@48793bef, org.springframework.boot.test.autoconfigure.webservices.client.MockWebServiceServerTestExecutionListener@7d286fb6]
2023-12-13 17:45:12.287 [main] INFO  o.s.b.t.c.SpringBootTestContextBootstrapper - Neither @ContextConfiguration nor @ContextHierarchy found for test class [com.heima.article.service.impl.HotArticleServiceImplTest], using SpringBootContextLoader
2023-12-13 17:45:12.289 [main] INFO  o.s.t.c.s.AbstractContextLoader - Could not detect default resource locations for test class [com.heima.article.service.impl.HotArticleServiceImplTest]: no resource found for suffixes {-context.xml, Context.groovy}.
2023-12-13 17:45:12.295 [main] DEBUG o.s.b.t.c.SpringBootTestContextBootstrapper - @TestExecutionListeners is not present for class [com.heima.article.service.impl.HotArticleServiceImplTest]: using defaults.
2023-12-13 17:45:12.296 [main] INFO  o.s.b.t.c.SpringBootTestContextBootstrapper - Loaded default TestExecutionListener class names from location [META-INF/spring.factories]: [org.springframework.boot.test.mock.mockito.MockitoTestExecutionListener, org.springframework.boot.test.mock.mockito.ResetMocksTestExecutionListener, org.springframework.boot.test.autoconfigure.restdocs.RestDocsTestExecutionListener, org.springframework.boot.test.autoconfigure.web.client.MockRestServiceServerResetTestExecutionListener, org.springframework.boot.test.autoconfigure.web.servlet.MockMvcPrintOnlyOnFailureTestExecutionListener, org.springframework.boot.test.autoconfigure.web.servlet.WebDriverTestExecutionListener, org.springframework.boot.test.autoconfigure.webservices.client.MockWebServiceServerTestExecutionListener, org.springframework.test.context.web.ServletTestExecutionListener, org.springframework.test.context.support.DirtiesContextBeforeModesTestExecutionListener, org.springframework.test.context.support.DependencyInjectionTestExecutionListener, org.springframework.test.context.support.DirtiesContextTestExecutionListener, org.springframework.test.context.transaction.TransactionalTestExecutionListener, org.springframework.test.context.jdbc.SqlScriptsTestExecutionListener, org.springframework.test.context.event.EventPublishingTestExecutionListener]
2023-12-13 17:45:12.296 [main] INFO  o.s.b.t.c.SpringBootTestContextBootstrapper - Using TestExecutionListeners: [org.springframework.test.context.web.ServletTestExecutionListener@488d1cd7, org.springframework.test.context.support.DirtiesContextBeforeModesTestExecutionListener@68dc098b, org.springframework.boot.test.mock.mockito.MockitoTestExecutionListener@38ba6ce3, org.springframework.boot.test.autoconfigure.SpringBootDependencyInjectionTestExecutionListener@d278d2b, org.springframework.test.context.support.DirtiesContextTestExecutionListener@2d6c53fc, org.springframework.test.context.transaction.TransactionalTestExecutionListener@25f4878b, org.springframework.test.context.jdbc.SqlScriptsTestExecutionListener@4e423aa2, org.springframework.test.context.event.EventPublishingTestExecutionListener@7fbdb894, org.springframework.boot.test.mock.mockito.ResetMocksTestExecutionListener@3081f72c, org.springframework.boot.test.autoconfigure.restdocs.RestDocsTestExecutionListener@3148f668, org.springframework.boot.test.autoconfigure.web.client.MockRestServiceServerResetTestExecutionListener@6e005dc9, org.springframework.boot.test.autoconfigure.web.servlet.MockMvcPrintOnlyOnFailureTestExecutionListener@7ceb3185, org.springframework.boot.test.autoconfigure.web.servlet.WebDriverTestExecutionListener@436c81a3, org.springframework.boot.test.autoconfigure.webservices.client.MockWebServiceServerTestExecutionListener@3561c410]
2023-12-13 17:45:12.298 [main] INFO  o.s.b.t.c.SpringBootTestContextBootstrapper - Neither @ContextConfiguration nor @ContextHierarchy found for test class [com.heima.article.test.ArticleFreemarkerTest], using SpringBootContextLoader
2023-12-13 17:45:12.300 [main] INFO  o.s.t.c.s.AbstractContextLoader - Could not detect default resource locations for test class [com.heima.article.test.ArticleFreemarkerTest]: no resource found for suffixes {-context.xml, Context.groovy}.
2023-12-13 17:45:12.304 [main] DEBUG o.s.b.t.c.SpringBootTestContextBootstrapper - @TestExecutionListeners is not present for class [com.heima.article.test.ArticleFreemarkerTest]: using defaults.
2023-12-13 17:45:12.304 [main] INFO  o.s.b.t.c.SpringBootTestContextBootstrapper - Loaded default TestExecutionListener class names from location [META-INF/spring.factories]: [org.springframework.boot.test.mock.mockito.MockitoTestExecutionListener, org.springframework.boot.test.mock.mockito.ResetMocksTestExecutionListener, org.springframework.boot.test.autoconfigure.restdocs.RestDocsTestExecutionListener, org.springframework.boot.test.autoconfigure.web.client.MockRestServiceServerResetTestExecutionListener, org.springframework.boot.test.autoconfigure.web.servlet.MockMvcPrintOnlyOnFailureTestExecutionListener, org.springframework.boot.test.autoconfigure.web.servlet.WebDriverTestExecutionListener, org.springframework.boot.test.autoconfigure.webservices.client.MockWebServiceServerTestExecutionListener, org.springframework.test.context.web.ServletTestExecutionListener, org.springframework.test.context.support.DirtiesContextBeforeModesTestExecutionListener, org.springframework.test.context.support.DependencyInjectionTestExecutionListener, org.springframework.test.context.support.DirtiesContextTestExecutionListener, org.springframework.test.context.transaction.TransactionalTestExecutionListener, org.springframework.test.context.jdbc.SqlScriptsTestExecutionListener, org.springframework.test.context.event.EventPublishingTestExecutionListener]
2023-12-13 17:45:12.304 [main] INFO  o.s.b.t.c.SpringBootTestContextBootstrapper - Using TestExecutionListeners: [org.springframework.test.context.web.ServletTestExecutionListener@20f5281c, org.springframework.test.context.support.DirtiesContextBeforeModesTestExecutionListener@56c4278e, org.springframework.boot.test.mock.mockito.MockitoTestExecutionListener@301eda63, org.springframework.boot.test.autoconfigure.SpringBootDependencyInjectionTestExecutionListener@3d246ea3, org.springframework.test.context.support.DirtiesContextTestExecutionListener@341814d3, org.springframework.test.context.transaction.TransactionalTestExecutionListener@4397ad89, org.springframework.test.context.jdbc.SqlScriptsTestExecutionListener@59cba5a, org.springframework.test.context.event.EventPublishingTestExecutionListener@1bd39d3c, org.springframework.boot.test.mock.mockito.ResetMocksTestExecutionListener@6f19ac19, org.springframework.boot.test.autoconfigure.restdocs.RestDocsTestExecutionListener@119cbf96, org.springframework.boot.test.autoconfigure.web.client.MockRestServiceServerResetTestExecutionListener@71329995, org.springframework.boot.test.autoconfigure.web.servlet.MockMvcPrintOnlyOnFailureTestExecutionListener@768fc0f2, org.springframework.boot.test.autoconfigure.web.servlet.WebDriverTestExecutionListener@5454d35e, org.springframework.boot.test.autoconfigure.webservices.client.MockWebServiceServerTestExecutionListener@20c0a64d]
2023-12-13 17:45:14.152 [main] DEBUG o.s.b.c.l.ClasspathLoggingApplicationListener - Application started with classpath: [file:/C:/Users/juzi/AppData/Local/Temp/surefire4601056247461951328/surefirebooter2443357860716609171.jar]
2023-12-13 17:45:14.297 [main] DEBUG o.s.boot.SpringApplication - Loading source class org.springframework.cloud.bootstrap.BootstrapImportSelectorConfiguration
2023-12-13 17:45:14.321 [main] DEBUG o.s.b.c.c.ConfigFileApplicationListener - Loaded config file 'file:/D:/Desktop/leadnews/heima-leadnews/heima-leadnews-service/heima-leadnews-article/target/classes/bootstrap.yml' (classpath:/bootstrap.yml)
2023-12-13 17:45:14.683 [main] DEBUG o.s.b.a.l.ConditionEvaluationReportLoggingListener - 


============================
CONDITIONS EVALUATION REPORT
============================


Positive matches:
-----------------

   ConfigurationPropertiesRebinderAutoConfiguration matched:
      - @ConditionalOnBean (types: org.springframework.boot.context.properties.ConfigurationPropertiesBindingPostProcessor; SearchStrategy: all) found bean 'org.springframework.boot.context.properties.ConfigurationPropertiesBindingPostProcessor' (OnBeanCondition)

   ConfigurationPropertiesRebinderAutoConfiguration#configurationPropertiesBeans matched:
      - @ConditionalOnMissingBean (types: org.springframework.cloud.context.properties.ConfigurationPropertiesBeans; SearchStrategy: current) did not find any beans (OnBeanCondition)

   ConfigurationPropertiesRebinderAutoConfiguration#configurationPropertiesRebinder matched:
      - @ConditionalOnMissingBean (types: org.springframework.cloud.context.properties.ConfigurationPropertiesRebinder; SearchStrategy: current) did not find any beans (OnBeanCondition)

   EncryptionBootstrapConfiguration matched:
      - @ConditionalOnClass found required class 'org.springframework.security.crypto.encrypt.TextEncryptor' (OnClassCondition)

   NacosConfigBootstrapConfiguration matched:
      - @ConditionalOnProperty (spring.cloud.nacos.config.enabled) matched (OnPropertyCondition)

   NacosConfigBootstrapConfiguration#nacosConfigManager matched:
      - @ConditionalOnMissingBean (types: com.alibaba.cloud.nacos.NacosConfigManager; SearchStrategy: all) did not find any beans (OnBeanCondition)

   NacosConfigBootstrapConfiguration#nacosConfigProperties matched:
      - @ConditionalOnMissingBean (types: com.alibaba.cloud.nacos.NacosConfigProperties; SearchStrategy: all) did not find any beans (OnBeanCondition)

   PropertyPlaceholderAutoConfiguration#propertySourcesPlaceholderConfigurer matched:
      - @ConditionalOnMissingBean (types: org.springframework.context.support.PropertySourcesPlaceholderConfigurer; SearchStrategy: current) did not find any beans (OnBeanCondition)


Negative matches:
-----------------

   EncryptionBootstrapConfiguration.RsaEncryptionConfiguration:
      Did not match:
         - Keystore nor key found in Environment (EncryptionBootstrapConfiguration.KeyCondition)
      Matched:
         - @ConditionalOnClass found required class 'org.springframework.security.rsa.crypto.RsaSecretEncryptor' (OnClassCondition)

   EncryptionBootstrapConfiguration.VanillaEncryptionConfiguration:
      Did not match:
         - @ConditionalOnMissingClass found unwanted class 'org.springframework.security.rsa.crypto.RsaSecretEncryptor' (OnClassCondition)

   NacosDiscoveryClientConfigServiceBootstrapConfiguration:
      Did not match:
         - @ConditionalOnClass did not find required class 'org.springframework.cloud.config.client.ConfigServicePropertySourceLocator' (OnClassCondition)


Exclusions:
-----------

    None


Unconditional classes:
----------------------

    None



2023-12-13 17:45:16.791 [main] DEBUG o.s.b.c.l.ClasspathLoggingApplicationListener - Application started with classpath: [file:/C:/Users/juzi/AppData/Local/Temp/surefire4601056247461951328/surefirebooter2443357860716609171.jar]

  .   ____          _            __ _ _
 /\\ / ___'_ __ _ _(_)_ __  __ _ \ \ \ \
( ( )\___ | '_ | '_| | '_ \/ _` | \ \ \ \
 \\/  ___)| |_)| | | | | || (_| |  ) ) ) )
  '  |____| .__|_| |_|_| |_\__, | / / / /
 =========|_|==============|___/=/_/_/_/
 :: Spring Boot ::        (v2.3.9.RELEASE)

2023-12-13 17:45:16.809 [main] INFO  c.a.n.c.c.i.LocalConfigInfoProcessor - LOCAL_SNAPSHOT_PATH:C:\Users\juzi\nacos\config
2023-12-13 17:45:17.254 [main] INFO  c.a.nacos.client.config.impl.Limiter - limitTime:5.0
2023-12-13 17:45:17.287 [main] INFO  c.a.n.client.config.utils.JvmUtil - isMultiInstance:false
2023-12-13 17:45:17.296 [main] DEBUG o.s.boot.env.OriginTrackedYamlLoader - Loading from YAML: Byte array resource [leadnews-article]
2023-12-13 17:45:17.300 [main] ERROR c.a.c.n.c.NacosPropertySourceBuilder - parse data from Nacos error,dataId:leadnews-article,data:spring:
  redis:
    host: localhost
    port: 6379
  kafka:
    bootstrap-servers: 192.168.200.130:9092
    producer:
      retries: 10
      key-serializer: org.apache.kafka.common.serialization.StringSerializer
      value-serializer: org.apache.kafka.common.serialization.StringSerializer
    consumer:
      group-id: ${spring.application.name}
      key-deserializer: org.apache.kafka.common.serialization.StringDeserializer
      value-deserializer: org.apache.kafka.common.serialization.StringDeserializer
  datasource:
    driver-class-name: com.mysql.jdbc.Driver
    url: jdbc:mysql://localhost:3306/leadnews_article?useUnicode=true&characterEncoding=UTF-8&serverTimezone=UTC
    username: root
    password: 1305174214
# 设置Mapper接口所对应的XML文件位置，如果你在Mapper接口中有自定义方法，需要进行该配置
mybatis-plus:
  mapper-locations: classpath*:mapper/*.xml
  # 设置别名包扫描路径，通过该属性可以给包中的类注册别名
  type-aliases-package: com.heima.model.article.pojos
  global-config:
    datacenter-id: 1
    workerId: 1

minio:
  accessKey: minio
  secretKey: minio123
  bucket: leadnews
  endpoint: http://192.168.200.130:9000
  readPath: http://192.168.200.130:9000
xxl:
  job:
    admin:
      addresses: http://192.168.200.130:8888/xxl-job-admin
    executor:
      appname: leadnews-hot-article-executor
      port: 9999
kafka:
  hosts: 192.168.200.130:9092
  group: ${spring.application.name}
org.yaml.snakeyaml.error.YAMLException: java.nio.charset.MalformedInputException: Input length = 1
	at org.yaml.snakeyaml.reader.StreamReader.update(StreamReader.java:218)
	at org.yaml.snakeyaml.reader.StreamReader.ensureEnoughData(StreamReader.java:176)
	at org.yaml.snakeyaml.reader.StreamReader.ensureEnoughData(StreamReader.java:171)
	at org.yaml.snakeyaml.reader.StreamReader.peek(StreamReader.java:126)
	at org.yaml.snakeyaml.scanner.ScannerImpl.scanToNextToken(ScannerImpl.java:1177)
	at org.yaml.snakeyaml.scanner.ScannerImpl.fetchMoreTokens(ScannerImpl.java:287)
	at org.yaml.snakeyaml.scanner.ScannerImpl.checkToken(ScannerImpl.java:227)
	at org.yaml.snakeyaml.parser.ParserImpl$ParseImplicitDocumentStart.produce(ParserImpl.java:195)
	at org.yaml.snakeyaml.parser.ParserImpl.peekEvent(ParserImpl.java:158)
	at org.yaml.snakeyaml.parser.ParserImpl.checkEvent(ParserImpl.java:148)
	at org.yaml.snakeyaml.composer.Composer.checkNode(Composer.java:82)
	at org.yaml.snakeyaml.constructor.BaseConstructor.checkData(BaseConstructor.java:123)
	at org.yaml.snakeyaml.Yaml$1.hasNext(Yaml.java:489)
	at org.springframework.beans.factory.config.YamlProcessor.process(YamlProcessor.java:200)
	at org.springframework.beans.factory.config.YamlProcessor.process(YamlProcessor.java:164)
	at org.springframework.boot.env.OriginTrackedYamlLoader.load(OriginTrackedYamlLoader.java:82)
	at org.springframework.boot.env.YamlPropertySourceLoader.load(YamlPropertySourceLoader.java:50)
	at com.alibaba.cloud.nacos.parser.NacosDataParserHandler.parseNacosData(NacosDataParserHandler.java:92)
	at com.alibaba.cloud.nacos.client.NacosPropertySourceBuilder.loadNacosData(NacosPropertySourceBuilder.java:97)
	at com.alibaba.cloud.nacos.client.NacosPropertySourceBuilder.build(NacosPropertySourceBuilder.java:73)
	at com.alibaba.cloud.nacos.client.NacosPropertySourceLocator.loadNacosPropertySource(NacosPropertySourceLocator.java:199)
	at com.alibaba.cloud.nacos.client.NacosPropertySourceLocator.loadNacosDataIfPresent(NacosPropertySourceLocator.java:186)
	at com.alibaba.cloud.nacos.client.NacosPropertySourceLocator.loadApplicationConfiguration(NacosPropertySourceLocator.java:141)
	at com.alibaba.cloud.nacos.client.NacosPropertySourceLocator.locate(NacosPropertySourceLocator.java:103)
	at org.springframework.cloud.bootstrap.config.PropertySourceLocator.locateCollection(PropertySourceLocator.java:52)
	at org.springframework.cloud.bootstrap.config.PropertySourceLocator.locateCollection(PropertySourceLocator.java:47)
	at org.springframework.cloud.bootstrap.config.PropertySourceBootstrapConfiguration.initialize(PropertySourceBootstrapConfiguration.java:98)
	at org.springframework.boot.SpringApplication.applyInitializers(SpringApplication.java:626)
	at org.springframework.boot.SpringApplication.prepareContext(SpringApplication.java:370)
	at org.springframework.boot.SpringApplication.run(SpringApplication.java:314)
	at org.springframework.boot.test.context.SpringBootContextLoader.loadContext(SpringBootContextLoader.java:120)
	at org.springframework.test.context.cache.DefaultCacheAwareContextLoaderDelegate.loadContextInternal(DefaultCacheAwareContextLoaderDelegate.java:99)
	at org.springframework.test.context.cache.DefaultCacheAwareContextLoaderDelegate.loadContext(DefaultCacheAwareContextLoaderDelegate.java:124)
	at org.springframework.test.context.support.DefaultTestContext.getApplicationContext(DefaultTestContext.java:123)
	at org.springframework.test.context.web.ServletTestExecutionListener.setUpRequestContextIfNecessary(ServletTestExecutionListener.java:190)
	at org.springframework.test.context.web.ServletTestExecutionListener.prepareTestInstance(ServletTestExecutionListener.java:132)
	at org.springframework.test.context.TestContextManager.prepareTestInstance(TestContextManager.java:244)
	at org.springframework.test.context.junit4.SpringJUnit4ClassRunner.createTest(SpringJUnit4ClassRunner.java:227)
	at org.springframework.test.context.junit4.SpringJUnit4ClassRunner$1.runReflectiveCall(SpringJUnit4ClassRunner.java:289)
	at org.junit.internal.runners.model.ReflectiveCallable.run(ReflectiveCallable.java:12)
	at org.springframework.test.context.junit4.SpringJUnit4ClassRunner.methodBlock(SpringJUnit4ClassRunner.java:291)
	at org.springframework.test.context.junit4.SpringJUnit4ClassRunner.runChild(SpringJUnit4ClassRunner.java:246)
	at org.springframework.test.context.junit4.SpringJUnit4ClassRunner.runChild(SpringJUnit4ClassRunner.java:97)
	at org.junit.runners.ParentRunner$3.run(ParentRunner.java:290)
	at org.junit.runners.ParentRunner$1.schedule(ParentRunner.java:71)
	at org.junit.runners.ParentRunner.runChildren(ParentRunner.java:288)
	at org.junit.runners.ParentRunner.access$000(ParentRunner.java:58)
	at org.junit.runners.ParentRunner$2.evaluate(ParentRunner.java:268)
	at org.springframework.test.context.junit4.statements.RunBeforeTestClassCallbacks.evaluate(RunBeforeTestClassCallbacks.java:61)
	at org.springframework.test.context.junit4.statements.RunAfterTestClassCallbacks.evaluate(RunAfterTestClassCallbacks.java:70)
	at org.junit.runners.ParentRunner.run(ParentRunner.java:363)
	at org.springframework.test.context.junit4.SpringJUnit4ClassRunner.run(SpringJUnit4ClassRunner.java:190)
	at org.junit.runner.JUnitCore.run(JUnitCore.java:137)
	at org.junit.runner.JUnitCore.run(JUnitCore.java:115)
	at org.junit.vintage.engine.execution.RunnerExecutor.execute(RunnerExecutor.java:43)
	at org.junit.vintage.engine.VintageTestEngine$$Lambda$220/1560702077.accept(Unknown Source)
	at java.util.stream.ForEachOps$ForEachOp$OfRef.accept(ForEachOps.java:184)
	at java.util.stream.ReferencePipeline$3$1.accept(ReferencePipeline.java:193)
	at java.util.Iterator.forEachRemaining(Iterator.java:116)
	at java.util.Spliterators$IteratorSpliterator.forEachRemaining(Spliterators.java:1801)
	at java.util.stream.AbstractPipeline.copyInto(AbstractPipeline.java:512)
	at java.util.stream.AbstractPipeline.wrapAndCopyInto(AbstractPipeline.java:502)
	at java.util.stream.ForEachOps$ForEachOp.evaluateSequential(ForEachOps.java:151)
	at java.util.stream.ForEachOps$ForEachOp$OfRef.evaluateSequential(ForEachOps.java:174)
	at java.util.stream.AbstractPipeline.evaluate(AbstractPipeline.java:234)
	at java.util.stream.ReferencePipeline.forEach(ReferencePipeline.java:418)
	at org.junit.vintage.engine.VintageTestEngine.executeAllChildren(VintageTestEngine.java:82)
	at org.junit.vintage.engine.VintageTestEngine.execute(VintageTestEngine.java:73)
	at org.junit.platform.launcher.core.DefaultLauncher.execute(DefaultLauncher.java:220)
	at org.junit.platform.launcher.core.DefaultLauncher.lambda$execute$6(DefaultLauncher.java:188)
	at org.junit.platform.launcher.core.DefaultLauncher$$Lambda$183/137275020.accept(Unknown Source)
	at org.junit.platform.launcher.core.DefaultLauncher.withInterceptedStreams(DefaultLauncher.java:202)
	at org.junit.platform.launcher.core.DefaultLauncher.execute(DefaultLauncher.java:181)
	at org.junit.platform.launcher.core.DefaultLauncher.execute(DefaultLauncher.java:128)
	at org.apache.maven.surefire.junitplatform.JUnitPlatformProvider.invokeAllTests(JUnitPlatformProvider.java:150)
	at org.apache.maven.surefire.junitplatform.JUnitPlatformProvider.invoke(JUnitPlatformProvider.java:124)
	at org.apache.maven.surefire.booter.ForkedBooter.invokeProviderInSameClassLoader(ForkedBooter.java:384)
	at org.apache.maven.surefire.booter.ForkedBooter.runSuitesInProcess(ForkedBooter.java:345)
	at org.apache.maven.surefire.booter.ForkedBooter.execute(ForkedBooter.java:126)
	at org.apache.maven.surefire.booter.ForkedBooter.main(ForkedBooter.java:418)
Caused by: java.nio.charset.MalformedInputException: Input length = 1
	at java.nio.charset.CoderResult.throwException(CoderResult.java:281)
	at sun.nio.cs.StreamDecoder.implRead(StreamDecoder.java:339)
	at sun.nio.cs.StreamDecoder.read(StreamDecoder.java:178)
	at java.io.InputStreamReader.read(InputStreamReader.java:184)
	at org.yaml.snakeyaml.reader.UnicodeReader.read(UnicodeReader.java:125)
	at org.yaml.snakeyaml.reader.StreamReader.update(StreamReader.java:183)
	... 79 common frames omitted
2023-12-13 17:45:17.311 [main] WARN  c.a.c.n.c.NacosPropertySourceBuilder - Ignore the empty nacos configuration and get it based on dataId[leadnews-article.yml] & group[DEFAULT_GROUP]
2023-12-13 17:45:17.313 [main] INFO  o.s.c.b.c.PropertySourceBootstrapConfiguration - Located property source: [BootstrapPropertySource {name='bootstrapProperties-leadnews-article.yml,DEFAULT_GROUP'}, BootstrapPropertySource {name='bootstrapProperties-leadnews-article,DEFAULT_GROUP'}]
2023-12-13 17:45:17.320 [main] WARN  o.s.b.t.j.DuplicateJsonObjectContextCustomizerFactory$DuplicateJsonObjectContextCustomizer - 

Found multiple occurrences of org.json.JSONObject on the class path:

	jar:file:/D:/Java/apache-maven-3.6.3/respository_new/org/json/json/20160810/json-20160810.jar!/org/json/JSONObject.class
	jar:file:/D:/Java/apache-maven-3.6.3/respository_new/com/vaadin/external/google/android-json/0.0.20131108.vaadin1/android-json-0.0.20131108.vaadin1.jar!/org/json/JSONObject.class

You may wish to exclude one of them to ensure predictable runtime behavior

2023-12-13 17:45:17.328 [main] INFO  c.h.a.s.i.HotArticleServiceImplTest - No active profile set, falling back to default profiles: default
2023-12-13 17:45:17.329 [main] DEBUG o.s.boot.SpringApplication - Loading source class com.heima.article.service.impl.HotArticleServiceImpl,class org.springframework.cloud.bootstrap.BootstrapApplicationListener$BootstrapMarkerConfiguration
2023-12-13 17:45:17.335 [main] DEBUG o.s.b.c.c.ConfigFileApplicationListener - Loaded config file 'jar:file:/D:/Desktop/leadnews/heima-leadnews/heima-leadnews-common/target/heima-leadnews-common-1.0-SNAPSHOT.jar!/application.yml' (classpath:/application.yml)
2023-12-13 17:45:17.450 [main] WARN  o.s.w.c.s.GenericWebApplicationContext - Exception encountered during context initialization - cancelling refresh attempt: org.springframework.beans.factory.UnsatisfiedDependencyException: Error creating bean with name 'hotArticleServiceImpl': Unsatisfied dependency expressed through field 'apArticleMapper'; nested exception is org.springframework.beans.factory.NoSuchBeanDefinitionException: No qualifying bean of type 'com.heima.article.mapper.ApArticleMapper' available: expected at least 1 bean which qualifies as autowire candidate. Dependency annotations: {@org.springframework.beans.factory.annotation.Autowired(required=true)}
2023-12-13 17:45:17.452 [main] DEBUG o.s.b.c.l.ClasspathLoggingApplicationListener - Application failed to start with classpath: [file:/C:/Users/juzi/AppData/Local/Temp/surefire4601056247461951328/surefirebooter2443357860716609171.jar]
2023-12-13 17:45:17.457 [main] DEBUG o.s.b.d.LoggingFailureAnalysisReporter - Application failed to start due to an exception
org.springframework.beans.factory.NoSuchBeanDefinitionException: No qualifying bean of type 'com.heima.article.mapper.ApArticleMapper' available: expected at least 1 bean which qualifies as autowire candidate. Dependency annotations: {@org.springframework.beans.factory.annotation.Autowired(required=true)}
	at org.springframework.beans.factory.support.DefaultListableBeanFactory.raiseNoMatchingBeanFound(DefaultListableBeanFactory.java:1717)
	at org.springframework.beans.factory.support.DefaultListableBeanFactory.doResolveDependency(DefaultListableBeanFactory.java:1273)
	at org.springframework.beans.factory.support.DefaultListableBeanFactory.resolveDependency(DefaultListableBeanFactory.java:1227)
	at org.springframework.beans.factory.annotation.AutowiredAnnotationBeanPostProcessor$AutowiredFieldElement.resolveFieldValue(AutowiredAnnotationBeanPostProcessor.java:657)
	at org.springframework.beans.factory.annotation.AutowiredAnnotationBeanPostProcessor$AutowiredFieldElement.inject(AutowiredAnnotationBeanPostProcessor.java:640)
	at org.springframework.beans.factory.annotation.InjectionMetadata.inject(InjectionMetadata.java:119)
	at org.springframework.beans.factory.annotation.AutowiredAnnotationBeanPostProcessor.postProcessProperties(AutowiredAnnotationBeanPostProcessor.java:399)
	at org.springframework.beans.factory.support.AbstractAutowireCapableBeanFactory.populateBean(AbstractAutowireCapableBeanFactory.java:1425)
	at org.springframework.beans.factory.support.AbstractAutowireCapableBeanFactory.doCreateBean(AbstractAutowireCapableBeanFactory.java:593)
	at org.springframework.beans.factory.support.AbstractAutowireCapableBeanFactory.createBean(AbstractAutowireCapableBeanFactory.java:516)
	at org.springframework.beans.factory.support.AbstractBeanFactory.lambda$doGetBean$0(AbstractBeanFactory.java:324)
	at org.springframework.beans.factory.support.AbstractBeanFactory$$Lambda$330/1997344422.getObject(Unknown Source)
	at org.springframework.beans.factory.support.DefaultSingletonBeanRegistry.getSingleton(DefaultSingletonBeanRegistry.java:234)
	at org.springframework.beans.factory.support.AbstractBeanFactory.doGetBean(AbstractBeanFactory.java:322)
	at org.springframework.beans.factory.support.AbstractBeanFactory.getBean(AbstractBeanFactory.java:202)
	at org.springframework.beans.factory.support.DefaultListableBeanFactory.preInstantiateSingletons(DefaultListableBeanFactory.java:897)
	at org.springframework.context.support.AbstractApplicationContext.finishBeanFactoryInitialization(AbstractApplicationContext.java:879)
	at org.springframework.context.support.AbstractApplicationContext.refresh(AbstractApplicationContext.java:551)
	at org.springframework.boot.SpringApplication.refresh(SpringApplication.java:758)
	at org.springframework.boot.SpringApplication.refresh(SpringApplication.java:750)
	at org.springframework.boot.SpringApplication.refreshContext(SpringApplication.java:405)
	at org.springframework.boot.SpringApplication.run(SpringApplication.java:315)
	at org.springframework.boot.test.context.SpringBootContextLoader.loadContext(SpringBootContextLoader.java:120)
	at org.springframework.test.context.cache.DefaultCacheAwareContextLoaderDelegate.loadContextInternal(DefaultCacheAwareContextLoaderDelegate.java:99)
	at org.springframework.test.context.cache.DefaultCacheAwareContextLoaderDelegate.loadContext(DefaultCacheAwareContextLoaderDelegate.java:124)
	at org.springframework.test.context.support.DefaultTestContext.getApplicationContext(DefaultTestContext.java:123)
	at org.springframework.test.context.web.ServletTestExecutionListener.setUpRequestContextIfNecessary(ServletTestExecutionListener.java:190)
	at org.springframework.test.context.web.ServletTestExecutionListener.prepareTestInstance(ServletTestExecutionListener.java:132)
	at org.springframework.test.context.TestContextManager.prepareTestInstance(TestContextManager.java:244)
	at org.springframework.test.context.junit4.SpringJUnit4ClassRunner.createTest(SpringJUnit4ClassRunner.java:227)
	at org.springframework.test.context.junit4.SpringJUnit4ClassRunner$1.runReflectiveCall(SpringJUnit4ClassRunner.java:289)
	at org.junit.internal.runners.model.ReflectiveCallable.run(ReflectiveCallable.java:12)
	at org.springframework.test.context.junit4.SpringJUnit4ClassRunner.methodBlock(SpringJUnit4ClassRunner.java:291)
	at org.springframework.test.context.junit4.SpringJUnit4ClassRunner.runChild(SpringJUnit4ClassRunner.java:246)
	at org.springframework.test.context.junit4.SpringJUnit4ClassRunner.runChild(SpringJUnit4ClassRunner.java:97)
	at org.junit.runners.ParentRunner$3.run(ParentRunner.java:290)
	at org.junit.runners.ParentRunner$1.schedule(ParentRunner.java:71)
	at org.junit.runners.ParentRunner.runChildren(ParentRunner.java:288)
	at org.junit.runners.ParentRunner.access$000(ParentRunner.java:58)
	at org.junit.runners.ParentRunner$2.evaluate(ParentRunner.java:268)
	at org.springframework.test.context.junit4.statements.RunBeforeTestClassCallbacks.evaluate(RunBeforeTestClassCallbacks.java:61)
	at org.springframework.test.context.junit4.statements.RunAfterTestClassCallbacks.evaluate(RunAfterTestClassCallbacks.java:70)
	at org.junit.runners.ParentRunner.run(ParentRunner.java:363)
	at org.springframework.test.context.junit4.SpringJUnit4ClassRunner.run(SpringJUnit4ClassRunner.java:190)
	at org.junit.runner.JUnitCore.run(JUnitCore.java:137)
	at org.junit.runner.JUnitCore.run(JUnitCore.java:115)
	at org.junit.vintage.engine.execution.RunnerExecutor.execute(RunnerExecutor.java:43)
	at org.junit.vintage.engine.VintageTestEngine$$Lambda$220/1560702077.accept(Unknown Source)
	at java.util.stream.ForEachOps$ForEachOp$OfRef.accept(ForEachOps.java:184)
	at java.util.stream.ReferencePipeline$3$1.accept(ReferencePipeline.java:193)
	at java.util.Iterator.forEachRemaining(Iterator.java:116)
	at java.util.Spliterators$IteratorSpliterator.forEachRemaining(Spliterators.java:1801)
	at java.util.stream.AbstractPipeline.copyInto(AbstractPipeline.java:512)
	at java.util.stream.AbstractPipeline.wrapAndCopyInto(AbstractPipeline.java:502)
	at java.util.stream.ForEachOps$ForEachOp.evaluateSequential(ForEachOps.java:151)
	at java.util.stream.ForEachOps$ForEachOp$OfRef.evaluateSequential(ForEachOps.java:174)
	at java.util.stream.AbstractPipeline.evaluate(AbstractPipeline.java:234)
	at java.util.stream.ReferencePipeline.forEach(ReferencePipeline.java:418)
	at org.junit.vintage.engine.VintageTestEngine.executeAllChildren(VintageTestEngine.java:82)
	at org.junit.vintage.engine.VintageTestEngine.execute(VintageTestEngine.java:73)
	at org.junit.platform.launcher.core.DefaultLauncher.execute(DefaultLauncher.java:220)
	at org.junit.platform.launcher.core.DefaultLauncher.lambda$execute$6(DefaultLauncher.java:188)
	at org.junit.platform.launcher.core.DefaultLauncher$$Lambda$183/137275020.accept(Unknown Source)
	at org.junit.platform.launcher.core.DefaultLauncher.withInterceptedStreams(DefaultLauncher.java:202)
	at org.junit.platform.launcher.core.DefaultLauncher.execute(DefaultLauncher.java:181)
	at org.junit.platform.launcher.core.DefaultLauncher.execute(DefaultLauncher.java:128)
	at org.apache.maven.surefire.junitplatform.JUnitPlatformProvider.invokeAllTests(JUnitPlatformProvider.java:150)
	at org.apache.maven.surefire.junitplatform.JUnitPlatformProvider.invoke(JUnitPlatformProvider.java:124)
	at org.apache.maven.surefire.booter.ForkedBooter.invokeProviderInSameClassLoader(ForkedBooter.java:384)
	at org.apache.maven.surefire.booter.ForkedBooter.runSuitesInProcess(ForkedBooter.java:345)
	at org.apache.maven.surefire.booter.ForkedBooter.execute(ForkedBooter.java:126)
	at org.apache.maven.surefire.booter.ForkedBooter.main(ForkedBooter.java:418)
2023-12-13 17:45:17.457 [main] ERROR o.s.b.d.LoggingFailureAnalysisReporter - 

***************************
APPLICATION FAILED TO START
***************************

Description:

Field apArticleMapper in com.heima.article.service.impl.HotArticleServiceImpl required a bean of type 'com.heima.article.mapper.ApArticleMapper' that could not be found.

The injection point has the following annotations:
	- @org.springframework.beans.factory.annotation.Autowired(required=true)


Action:

Consider defining a bean of type 'com.heima.article.mapper.ApArticleMapper' in your configuration.

2023-12-13 17:45:17.459 [main] ERROR o.s.test.context.TestContextManager - Caught exception while allowing TestExecutionListener [org.springframework.test.context.web.ServletTestExecutionListener@488d1cd7] to prepare test instance [com.heima.article.service.impl.HotArticleServiceImplTest@76911385]
java.lang.IllegalStateException: Failed to load ApplicationContext
	at org.springframework.test.context.cache.DefaultCacheAwareContextLoaderDelegate.loadContext(DefaultCacheAwareContextLoaderDelegate.java:132)
	at org.springframework.test.context.support.DefaultTestContext.getApplicationContext(DefaultTestContext.java:123)
	at org.springframework.test.context.web.ServletTestExecutionListener.setUpRequestContextIfNecessary(ServletTestExecutionListener.java:190)
	at org.springframework.test.context.web.ServletTestExecutionListener.prepareTestInstance(ServletTestExecutionListener.java:132)
	at org.springframework.test.context.TestContextManager.prepareTestInstance(TestContextManager.java:244)
	at org.springframework.test.context.junit4.SpringJUnit4ClassRunner.createTest(SpringJUnit4ClassRunner.java:227)
	at org.springframework.test.context.junit4.SpringJUnit4ClassRunner$1.runReflectiveCall(SpringJUnit4ClassRunner.java:289)
	at org.junit.internal.runners.model.ReflectiveCallable.run(ReflectiveCallable.java:12)
	at org.springframework.test.context.junit4.SpringJUnit4ClassRunner.methodBlock(SpringJUnit4ClassRunner.java:291)
	at org.springframework.test.context.junit4.SpringJUnit4ClassRunner.runChild(SpringJUnit4ClassRunner.java:246)
	at org.springframework.test.context.junit4.SpringJUnit4ClassRunner.runChild(SpringJUnit4ClassRunner.java:97)
	at org.junit.runners.ParentRunner$3.run(ParentRunner.java:290)
	at org.junit.runners.ParentRunner$1.schedule(ParentRunner.java:71)
	at org.junit.runners.ParentRunner.runChildren(ParentRunner.java:288)
	at org.junit.runners.ParentRunner.access$000(ParentRunner.java:58)
	at org.junit.runners.ParentRunner$2.evaluate(ParentRunner.java:268)
	at org.springframework.test.context.junit4.statements.RunBeforeTestClassCallbacks.evaluate(RunBeforeTestClassCallbacks.java:61)
	at org.springframework.test.context.junit4.statements.RunAfterTestClassCallbacks.evaluate(RunAfterTestClassCallbacks.java:70)
	at org.junit.runners.ParentRunner.run(ParentRunner.java:363)
	at org.springframework.test.context.junit4.SpringJUnit4ClassRunner.run(SpringJUnit4ClassRunner.java:190)
	at org.junit.runner.JUnitCore.run(JUnitCore.java:137)
	at org.junit.runner.JUnitCore.run(JUnitCore.java:115)
	at org.junit.vintage.engine.execution.RunnerExecutor.execute(RunnerExecutor.java:43)
	at org.junit.vintage.engine.VintageTestEngine$$Lambda$220/1560702077.accept(Unknown Source)
	at java.util.stream.ForEachOps$ForEachOp$OfRef.accept(ForEachOps.java:184)
	at java.util.stream.ReferencePipeline$3$1.accept(ReferencePipeline.java:193)
	at java.util.Iterator.forEachRemaining(Iterator.java:116)
	at java.util.Spliterators$IteratorSpliterator.forEachRemaining(Spliterators.java:1801)
	at java.util.stream.AbstractPipeline.copyInto(AbstractPipeline.java:512)
	at java.util.stream.AbstractPipeline.wrapAndCopyInto(AbstractPipeline.java:502)
	at java.util.stream.ForEachOps$ForEachOp.evaluateSequential(ForEachOps.java:151)
	at java.util.stream.ForEachOps$ForEachOp$OfRef.evaluateSequential(ForEachOps.java:174)
	at java.util.stream.AbstractPipeline.evaluate(AbstractPipeline.java:234)
	at java.util.stream.ReferencePipeline.forEach(ReferencePipeline.java:418)
	at org.junit.vintage.engine.VintageTestEngine.executeAllChildren(VintageTestEngine.java:82)
	at org.junit.vintage.engine.VintageTestEngine.execute(VintageTestEngine.java:73)
	at org.junit.platform.launcher.core.DefaultLauncher.execute(DefaultLauncher.java:220)
	at org.junit.platform.launcher.core.DefaultLauncher.lambda$execute$6(DefaultLauncher.java:188)
	at org.junit.platform.launcher.core.DefaultLauncher$$Lambda$183/137275020.accept(Unknown Source)
	at org.junit.platform.launcher.core.DefaultLauncher.withInterceptedStreams(DefaultLauncher.java:202)
	at org.junit.platform.launcher.core.DefaultLauncher.execute(DefaultLauncher.java:181)
	at org.junit.platform.launcher.core.DefaultLauncher.execute(DefaultLauncher.java:128)
	at org.apache.maven.surefire.junitplatform.JUnitPlatformProvider.invokeAllTests(JUnitPlatformProvider.java:150)
	at org.apache.maven.surefire.junitplatform.JUnitPlatformProvider.invoke(JUnitPlatformProvider.java:124)
	at org.apache.maven.surefire.booter.ForkedBooter.invokeProviderInSameClassLoader(ForkedBooter.java:384)
	at org.apache.maven.surefire.booter.ForkedBooter.runSuitesInProcess(ForkedBooter.java:345)
	at org.apache.maven.surefire.booter.ForkedBooter.execute(ForkedBooter.java:126)
	at org.apache.maven.surefire.booter.ForkedBooter.main(ForkedBooter.java:418)
Caused by: org.springframework.beans.factory.UnsatisfiedDependencyException: Error creating bean with name 'hotArticleServiceImpl': Unsatisfied dependency expressed through field 'apArticleMapper'; nested exception is org.springframework.beans.factory.NoSuchBeanDefinitionException: No qualifying bean of type 'com.heima.article.mapper.ApArticleMapper' available: expected at least 1 bean which qualifies as autowire candidate. Dependency annotations: {@org.springframework.beans.factory.annotation.Autowired(required=true)}
	at org.springframework.beans.factory.annotation.AutowiredAnnotationBeanPostProcessor$AutowiredFieldElement.resolveFieldValue(AutowiredAnnotationBeanPostProcessor.java:660)
	at org.springframework.beans.factory.annotation.AutowiredAnnotationBeanPostProcessor$AutowiredFieldElement.inject(AutowiredAnnotationBeanPostProcessor.java:640)
	at org.springframework.beans.factory.annotation.InjectionMetadata.inject(InjectionMetadata.java:119)
	at org.springframework.beans.factory.annotation.AutowiredAnnotationBeanPostProcessor.postProcessProperties(AutowiredAnnotationBeanPostProcessor.java:399)
	at org.springframework.beans.factory.support.AbstractAutowireCapableBeanFactory.populateBean(AbstractAutowireCapableBeanFactory.java:1425)
	at org.springframework.beans.factory.support.AbstractAutowireCapableBeanFactory.doCreateBean(AbstractAutowireCapableBeanFactory.java:593)
	at org.springframework.beans.factory.support.AbstractAutowireCapableBeanFactory.createBean(AbstractAutowireCapableBeanFactory.java:516)
	at org.springframework.beans.factory.support.AbstractBeanFactory.lambda$doGetBean$0(AbstractBeanFactory.java:324)
	at org.springframework.beans.factory.support.AbstractBeanFactory$$Lambda$330/1997344422.getObject(Unknown Source)
	at org.springframework.beans.factory.support.DefaultSingletonBeanRegistry.getSingleton(DefaultSingletonBeanRegistry.java:234)
	at org.springframework.beans.factory.support.AbstractBeanFactory.doGetBean(AbstractBeanFactory.java:322)
	at org.springframework.beans.factory.support.AbstractBeanFactory.getBean(AbstractBeanFactory.java:202)
	at org.springframework.beans.factory.support.DefaultListableBeanFactory.preInstantiateSingletons(DefaultListableBeanFactory.java:897)
	at org.springframework.context.support.AbstractApplicationContext.finishBeanFactoryInitialization(AbstractApplicationContext.java:879)
	at org.springframework.context.support.AbstractApplicationContext.refresh(AbstractApplicationContext.java:551)
	at org.springframework.boot.SpringApplication.refresh(SpringApplication.java:758)
	at org.springframework.boot.SpringApplication.refresh(SpringApplication.java:750)
	at org.springframework.boot.SpringApplication.refreshContext(SpringApplication.java:405)
	at org.springframework.boot.SpringApplication.run(SpringApplication.java:315)
	at org.springframework.boot.test.context.SpringBootContextLoader.loadContext(SpringBootContextLoader.java:120)
	at org.springframework.test.context.cache.DefaultCacheAwareContextLoaderDelegate.loadContextInternal(DefaultCacheAwareContextLoaderDelegate.java:99)
	at org.springframework.test.context.cache.DefaultCacheAwareContextLoaderDelegate.loadContext(DefaultCacheAwareContextLoaderDelegate.java:124)
	... 47 common frames omitted
Caused by: org.springframework.beans.factory.NoSuchBeanDefinitionException: No qualifying bean of type 'com.heima.article.mapper.ApArticleMapper' available: expected at least 1 bean which qualifies as autowire candidate. Dependency annotations: {@org.springframework.beans.factory.annotation.Autowired(required=true)}
	at org.springframework.beans.factory.support.DefaultListableBeanFactory.raiseNoMatchingBeanFound(DefaultListableBeanFactory.java:1717)
	at org.springframework.beans.factory.support.DefaultListableBeanFactory.doResolveDependency(DefaultListableBeanFactory.java:1273)
	at org.springframework.beans.factory.support.DefaultListableBeanFactory.resolveDependency(DefaultListableBeanFactory.java:1227)
	at org.springframework.beans.factory.annotation.AutowiredAnnotationBeanPostProcessor$AutowiredFieldElement.resolveFieldValue(AutowiredAnnotationBeanPostProcessor.java:657)
	... 68 common frames omitted
]]></system-out>
    <system-err><![CDATA[SLF4J: Class path contains multiple SLF4J bindings.
SLF4J: Found binding in [jar:file:/D:/Java/apache-maven-3.6.3/respository_new/ch/qos/logback/logback-classic/1.2.3/logback-classic-1.2.3.jar!/org/slf4j/impl/StaticLoggerBinder.class]
SLF4J: Found binding in [jar:file:/D:/Java/apache-maven-3.6.3/respository_new/org/apache/logging/log4j/log4j-slf4j-impl/2.13.3/log4j-slf4j-impl-2.13.3.jar!/org/slf4j/impl/StaticLoggerBinder.class]
SLF4J: See http://www.slf4j.org/codes.html#multiple_bindings for an explanation.
SLF4J: Actual binding is of type [ch.qos.logback.classic.util.ContextSelectorStaticBinder]
]]></system-err>
  </testcase>
</testsuite>