<?xml version="1.0" encoding="UTF-8"?>
<testsuite xmlns:xsi="http://www.w3.org/2001/XMLSchema-instance" xsi:noNamespaceSchemaLocation="https://maven.apache.org/surefire/maven-surefire-plugin/xsd/surefire-test-report.xsd" name="com.heima.article.test.ArticleFreemarkerTest" time="6.568" tests="1" errors="1" skipped="0" failures="0">
  <properties>
    <property name="sun.desktop" value="windows"/>
    <property name="awt.toolkit" value="sun.awt.windows.WToolkit"/>
    <property name="file.encoding.pkg" value="sun.io"/>
    <property name="java.specification.version" value="1.8"/>
    <property name="sun.cpu.isalist" value="amd64"/>
    <property name="sun.jnu.encoding" value="GBK"/>
    <property name="java.class.path" value="D:\Desktop\leadnews\heima-leadnews\heima-leadnews-service\heima-leadnews-article\target\test-classes;D:\Desktop\leadnews\heima-leadnews\heima-leadnews-service\heima-leadnews-article\target\classes;D:\Java\apache-maven-3.6.3\respository_new\org\springframework\boot\spring-boot-starter-freemarker\2.3.9.RELEASE\spring-boot-starter-freemarker-2.3.9.RELEASE.jar;D:\Java\apache-maven-3.6.3\respository_new\org\springframework\boot\spring-boot-starter\2.3.9.RELEASE\spring-boot-starter-2.3.9.RELEASE.jar;D:\Java\apache-maven-3.6.3\respository_new\org\springframework\boot\spring-boot\2.3.9.RELEASE\spring-boot-2.3.9.RELEASE.jar;D:\Java\apache-maven-3.6.3\respository_new\jakarta\annotation\jakarta.annotation-api\1.3.5\jakarta.annotation-api-1.3.5.jar;D:\Java\apache-maven-3.6.3\respository_new\org\yaml\snakeyaml\1.26\snakeyaml-1.26.jar;D:\Java\apache-maven-3.6.3\respository_new\org\freemarker\freemarker\2.3.31\freemarker-2.3.31.jar;D:\Java\apache-maven-3.6.3\respository_new\org\springframework\spring-context-support\5.2.13.RELEASE\spring-context-support-5.2.13.RELEASE.jar;D:\Java\apache-maven-3.6.3\respository_new\org\springframework\spring-beans\5.2.13.RELEASE\spring-beans-5.2.13.RELEASE.jar;D:\Java\apache-maven-3.6.3\respository_new\org\springframework\spring-context\5.2.13.RELEASE\spring-context-5.2.13.RELEASE.jar;D:\Desktop\leadnews\heima-leadnews\heima-leadnews-basic\heima-file-starter\target\heima-file-starter-1.0-SNAPSHOT.jar;D:\Java\apache-maven-3.6.3\respository_new\org\springframework\boot\spring-boot-autoconfigure\2.3.9.RELEASE\spring-boot-autoconfigure-2.3.9.RELEASE.jar;D:\Java\apache-maven-3.6.3\respository_new\io\minio\minio\7.1.0\minio-7.1.0.jar;D:\Java\apache-maven-3.6.3\respository_new\com\carrotsearch\thirdparty\simple-xml-safe\2.7.1\simple-xml-safe-2.7.1.jar;D:\Java\apache-maven-3.6.3\respository_new\com\google\guava\guava\29.0-jre\guava-29.0-jre.jar;D:\Java\apache-maven-3.6.3\respository_new\com\google\guava\failureaccess\1.0.1\failureaccess-1.0.1.jar;D:\Java\apache-maven-3.6.3\respository_new\com\google\guava\listenablefuture\9999.0-empty-to-avoid-conflict-with-guava\listenablefuture-9999.0-empty-to-avoid-conflict-with-guava.jar;D:\Java\apache-maven-3.6.3\respository_new\org\checkerframework\checker-qual\2.11.1\checker-qual-2.11.1.jar;D:\Java\apache-maven-3.6.3\respository_new\com\google\errorprone\error_prone_annotations\2.3.4\error_prone_annotations-2.3.4.jar;D:\Java\apache-maven-3.6.3\respository_new\com\google\j2objc\j2objc-annotations\1.3\j2objc-annotations-1.3.jar;D:\Java\apache-maven-3.6.3\respository_new\com\squareup\okhttp3\okhttp\3.14.9\okhttp-3.14.9.jar;D:\Java\apache-maven-3.6.3\respository_new\com\squareup\okio\okio\1.17.2\okio-1.17.2.jar;D:\Java\apache-maven-3.6.3\respository_new\com\fasterxml\jackson\core\jackson-annotations\2.11.4\jackson-annotations-2.11.4.jar;D:\Java\apache-maven-3.6.3\respository_new\com\fasterxml\jackson\core\jackson-core\2.11.4\jackson-core-2.11.4.jar;D:\Java\apache-maven-3.6.3\respository_new\com\fasterxml\jackson\core\jackson-databind\2.11.4\jackson-databind-2.11.4.jar;D:\Java\apache-maven-3.6.3\respository_new\com\github\spotbugs\spotbugs-annotations\4.0.0\spotbugs-annotations-4.0.0.jar;D:\Java\apache-maven-3.6.3\respository_new\net\jcip\jcip-annotations\1.0\jcip-annotations-1.0.jar;D:\Java\apache-maven-3.6.3\respository_new\com\google\code\findbugs\jsr305\3.0.2\jsr305-3.0.2.jar;D:\Java\apache-maven-3.6.3\respository_new\org\springframework\boot\spring-boot-starter-actuator\2.3.9.RELEASE\spring-boot-starter-actuator-2.3.9.RELEASE.jar;D:\Java\apache-maven-3.6.3\respository_new\org\springframework\boot\spring-boot-actuator-autoconfigure\2.3.9.RELEASE\spring-boot-actuator-autoconfigure-2.3.9.RELEASE.jar;D:\Java\apache-maven-3.6.3\respository_new\org\springframework\boot\spring-boot-actuator\2.3.9.RELEASE\spring-boot-actuator-2.3.9.RELEASE.jar;D:\Java\apache-maven-3.6.3\respository_new\io\micrometer\micrometer-core\1.5.11\micrometer-core-1.5.11.jar;D:\Java\apache-maven-3.6.3\respository_new\org\hdrhistogram\HdrHistogram\2.1.12\HdrHistogram-2.1.12.jar;D:\Java\apache-maven-3.6.3\respository_new\org\latencyutils\LatencyUtils\2.0.3\LatencyUtils-2.0.3.jar;D:\Desktop\leadnews\heima-leadnews\heima-leadnews-model\target\heima-leadnews-model-1.0-SNAPSHOT.jar;D:\Java\apache-maven-3.6.3\respository_new\mysql\mysql-connector-java\5.1.46\mysql-connector-java-5.1.46.jar;D:\Java\apache-maven-3.6.3\respository_new\org\mybatis\mybatis\3.5.1\mybatis-3.5.1.jar;D:\Java\apache-maven-3.6.3\respository_new\org\apache\commons\commons-lang3\3.5\commons-lang3-3.5.jar;D:\Java\apache-maven-3.6.3\respository_new\com\baomidou\mybatis-plus-boot-starter\3.4.1\mybatis-plus-boot-starter-3.4.1.jar;D:\Java\apache-maven-3.6.3\respository_new\com\baomidou\mybatis-plus\3.4.1\mybatis-plus-3.4.1.jar;D:\Java\apache-maven-3.6.3\respository_new\com\baomidou\mybatis-plus-extension\3.4.1\mybatis-plus-extension-3.4.1.jar;D:\Java\apache-maven-3.6.3\respository_new\com\baomidou\mybatis-plus-core\3.4.1\mybatis-plus-core-3.4.1.jar;D:\Java\apache-maven-3.6.3\respository_new\com\baomidou\mybatis-plus-annotation\3.4.1\mybatis-plus-annotation-3.4.1.jar;D:\Java\apache-maven-3.6.3\respository_new\com\github\jsqlparser\jsqlparser\3.2\jsqlparser-3.2.jar;D:\Java\apache-maven-3.6.3\respository_new\org\mybatis\mybatis-spring\2.0.1\mybatis-spring-2.0.1.jar;D:\Java\apache-maven-3.6.3\respository_new\org\springframework\boot\spring-boot-starter-jdbc\2.3.9.RELEASE\spring-boot-starter-jdbc-2.3.9.RELEASE.jar;D:\Java\apache-maven-3.6.3\respository_new\com\zaxxer\HikariCP\3.4.5\HikariCP-3.4.5.jar;D:\Java\apache-maven-3.6.3\respository_new\org\springframework\spring-jdbc\5.2.13.RELEASE\spring-jdbc-5.2.13.RELEASE.jar;D:\Java\apache-maven-3.6.3\respository_new\com\alibaba\fastjson\1.2.58\fastjson-1.2.58.jar;D:\Java\apache-maven-3.6.3\respository_new\io\springfox\springfox-swagger2\2.9.2\springfox-swagger2-2.9.2.jar;D:\Java\apache-maven-3.6.3\respository_new\io\swagger\swagger-annotations\1.5.20\swagger-annotations-1.5.20.jar;D:\Java\apache-maven-3.6.3\respository_new\io\swagger\swagger-models\1.5.20\swagger-models-1.5.20.jar;D:\Java\apache-maven-3.6.3\respository_new\io\springfox\springfox-spi\2.9.2\springfox-spi-2.9.2.jar;D:\Java\apache-maven-3.6.3\respository_new\io\springfox\springfox-core\2.9.2\springfox-core-2.9.2.jar;D:\Java\apache-maven-3.6.3\respository_new\io\springfox\springfox-schema\2.9.2\springfox-schema-2.9.2.jar;D:\Java\apache-maven-3.6.3\respository_new\io\springfox\springfox-swagger-common\2.9.2\springfox-swagger-common-2.9.2.jar;D:\Java\apache-maven-3.6.3\respository_new\io\springfox\springfox-spring-web\2.9.2\springfox-spring-web-2.9.2.jar;D:\Java\apache-maven-3.6.3\respository_new\com\fasterxml\classmate\1.5.1\classmate-1.5.1.jar;D:\Java\apache-maven-3.6.3\respository_new\org\slf4j\slf4j-api\1.7.30\slf4j-api-1.7.30.jar;D:\Java\apache-maven-3.6.3\respository_new\org\springframework\plugin\spring-plugin-core\1.2.0.RELEASE\spring-plugin-core-1.2.0.RELEASE.jar;D:\Java\apache-maven-3.6.3\respository_new\org\springframework\plugin\spring-plugin-metadata\1.2.0.RELEASE\spring-plugin-metadata-1.2.0.RELEASE.jar;D:\Java\apache-maven-3.6.3\respository_new\org\mapstruct\mapstruct\1.2.0.Final\mapstruct-1.2.0.Final.jar;D:\Java\apache-maven-3.6.3\respository_new\io\springfox\springfox-swagger-ui\2.9.2\springfox-swagger-ui-2.9.2.jar;D:\Desktop\leadnews\heima-leadnews\heima-leadnews-common\target\heima-leadnews-common-1.0-SNAPSHOT.jar;D:\Desktop\leadnews\heima-leadnews\heima-leadnews-utils\target\heima-leadnews-utils-1.0-SNAPSHOT.jar;D:\Java\apache-maven-3.6.3\respository_new\commons-codec\commons-codec\1.12\commons-codec-1.12.jar;D:\Java\apache-maven-3.6.3\respository_new\io\jsonwebtoken\jjwt\0.9.1\jjwt-0.9.1.jar;D:\Java\apache-maven-3.6.3\respository_new\com\hankcs\hanlp\portable-1.3.4\hanlp-portable-1.3.4.jar;D:\Java\apache-maven-3.6.3\respository_new\commons-beanutils\commons-beanutils\1.9.3\commons-beanutils-1.9.3.jar;D:\Java\apache-maven-3.6.3\respository_new\commons-logging\commons-logging\1.2\commons-logging-1.2.jar;D:\Java\apache-maven-3.6.3\respository_new\commons-collections\commons-collections\3.2.2\commons-collections-3.2.2.jar;D:\Java\apache-maven-3.6.3\respository_new\io\protostuff\protostuff-core\1.6.0\protostuff-core-1.6.0.jar;D:\Java\apache-maven-3.6.3\respository_new\io\protostuff\protostuff-api\1.6.0\protostuff-api-1.6.0.jar;D:\Java\apache-maven-3.6.3\respository_new\io\protostuff\protostuff-runtime\1.6.0\protostuff-runtime-1.6.0.jar;D:\Java\apache-maven-3.6.3\respository_new\io\protostuff\protostuff-collectionschema\1.6.0\protostuff-collectionschema-1.6.0.jar;D:\Java\apache-maven-3.6.3\respository_new\org\reflections\reflections\0.9.11\reflections-0.9.11.jar;D:\Java\apache-maven-3.6.3\respository_new\org\javassist\javassist\3.21.0-GA\javassist-3.21.0-GA.jar;D:\Java\apache-maven-3.6.3\respository_new\org\springframework\boot\spring-boot-test\2.3.9.RELEASE\spring-boot-test-2.3.9.RELEASE.jar;D:\Java\apache-maven-3.6.3\respository_new\org\springframework\boot\spring-boot-starter-data-redis\2.3.9.RELEASE\spring-boot-starter-data-redis-2.3.9.RELEASE.jar;D:\Java\apache-maven-3.6.3\respository_new\org\springframework\data\spring-data-redis\2.3.7.RELEASE\spring-data-redis-2.3.7.RELEASE.jar;D:\Java\apache-maven-3.6.3\respository_new\org\springframework\data\spring-data-keyvalue\2.3.7.RELEASE\spring-data-keyvalue-2.3.7.RELEASE.jar;D:\Java\apache-maven-3.6.3\respository_new\org\springframework\data\spring-data-commons\2.3.7.RELEASE\spring-data-commons-2.3.7.RELEASE.jar;D:\Java\apache-maven-3.6.3\respository_new\org\springframework\spring-oxm\5.2.13.RELEASE\spring-oxm-5.2.13.RELEASE.jar;D:\Java\apache-maven-3.6.3\respository_new\io\lettuce\lettuce-core\5.3.6.RELEASE\lettuce-core-5.3.6.RELEASE.jar;D:\Java\apache-maven-3.6.3\respository_new\io\netty\netty-common\4.1.59.Final\netty-common-4.1.59.Final.jar;D:\Java\apache-maven-3.6.3\respository_new\io\netty\netty-handler\4.1.59.Final\netty-handler-4.1.59.Final.jar;D:\Java\apache-maven-3.6.3\respository_new\io\netty\netty-resolver\4.1.59.Final\netty-resolver-4.1.59.Final.jar;D:\Java\apache-maven-3.6.3\respository_new\io\netty\netty-buffer\4.1.59.Final\netty-buffer-4.1.59.Final.jar;D:\Java\apache-maven-3.6.3\respository_new\io\netty\netty-codec\4.1.59.Final\netty-codec-4.1.59.Final.jar;D:\Java\apache-maven-3.6.3\respository_new\io\netty\netty-transport\4.1.59.Final\netty-transport-4.1.59.Final.jar;D:\Java\apache-maven-3.6.3\respository_new\io\projectreactor\reactor-core\3.3.14.RELEASE\reactor-core-3.3.14.RELEASE.jar;D:\Java\apache-maven-3.6.3\respository_new\org\reactivestreams\reactive-streams\1.0.3\reactive-streams-1.0.3.jar;D:\Java\apache-maven-3.6.3\respository_new\org\apache\commons\commons-pool2\2.8.1\commons-pool2-2.8.1.jar;D:\Java\apache-maven-3.6.3\respository_new\org\springframework\boot\spring-boot-starter-cache\2.3.9.RELEASE\spring-boot-starter-cache-2.3.9.RELEASE.jar;D:\Java\apache-maven-3.6.3\respository_new\com\github\tobato\fastdfs-client\1.26.5\fastdfs-client-1.26.5.jar;D:\Java\apache-maven-3.6.3\respository_new\org\slf4j\jcl-over-slf4j\1.7.30\jcl-over-slf4j-1.7.30.jar;D:\Java\apache-maven-3.6.3\respository_new\ch\qos\logback\logback-classic\1.2.3\logback-classic-1.2.3.jar;D:\Java\apache-maven-3.6.3\respository_new\ch\qos\logback\logback-core\1.2.3\logback-core-1.2.3.jar;D:\Java\apache-maven-3.6.3\respository_new\commons-io\commons-io\2.6\commons-io-2.6.jar;D:\Java\apache-maven-3.6.3\respository_new\org\hibernate\validator\hibernate-validator\6.1.7.Final\hibernate-validator-6.1.7.Final.jar;D:\Java\apache-maven-3.6.3\respository_new\jakarta\validation\jakarta.validation-api\2.0.2\jakarta.validation-api-2.0.2.jar;D:\Java\apache-maven-3.6.3\respository_new\org\jboss\logging\jboss-logging\3.4.1.Final\jboss-logging-3.4.1.Final.jar;D:\Java\apache-maven-3.6.3\respository_new\net\coobird\thumbnailator\0.4.8\thumbnailator-0.4.8.jar;D:\Java\apache-maven-3.6.3\respository_new\org\springframework\kafka\spring-kafka\2.6.6\spring-kafka-2.6.6.jar;D:\Java\apache-maven-3.6.3\respository_new\org\springframework\spring-messaging\5.2.13.RELEASE\spring-messaging-5.2.13.RELEASE.jar;D:\Java\apache-maven-3.6.3\respository_new\org\springframework\spring-tx\5.2.13.RELEASE\spring-tx-5.2.13.RELEASE.jar;D:\Java\apache-maven-3.6.3\respository_new\org\springframework\retry\spring-retry\1.2.5.RELEASE\spring-retry-1.2.5.RELEASE.jar;D:\Java\apache-maven-3.6.3\respository_new\org\apache\kafka\kafka-clients\2.5.1\kafka-clients-2.5.1.jar;D:\Java\apache-maven-3.6.3\respository_new\com\github\luben\zstd-jni\1.4.4-7\zstd-jni-1.4.4-7.jar;D:\Java\apache-maven-3.6.3\respository_new\org\lz4\lz4-java\1.7.1\lz4-java-1.7.1.jar;D:\Java\apache-maven-3.6.3\respository_new\org\xerial\snappy\snappy-java\1.1.7.3\snappy-java-1.1.7.3.jar;D:\Java\apache-maven-3.6.3\respository_new\org\apache\kafka\kafka-streams\2.5.1\kafka-streams-2.5.1.jar;D:\Java\apache-maven-3.6.3\respository_new\org\rocksdb\rocksdbjni\5.18.3\rocksdbjni-5.18.3.jar;D:\Java\apache-maven-3.6.3\respository_new\com\aliyun\aliyun-java-sdk-core\4.1.1\aliyun-java-sdk-core-4.1.1.jar;D:\Java\apache-maven-3.6.3\respository_new\com\google\code\gson\gson\2.8.6\gson-2.8.6.jar;D:\Java\apache-maven-3.6.3\respository_new\org\apache\httpcomponents\httpclient\4.5.13\httpclient-4.5.13.jar;D:\Java\apache-maven-3.6.3\respository_new\org\apache\httpcomponents\httpcore\4.4.14\httpcore-4.4.14.jar;D:\Java\apache-maven-3.6.3\respository_new\javax\xml\bind\jaxb-api\2.3.1\jaxb-api-2.3.1.jar;D:\Java\apache-maven-3.6.3\respository_new\javax\activation\javax.activation-api\1.2.0\javax.activation-api-1.2.0.jar;D:\Java\apache-maven-3.6.3\respository_new\com\sun\xml\bind\jaxb-core\2.1.14\jaxb-core-2.1.14.jar;D:\Java\apache-maven-3.6.3\respository_new\com\sun\xml\bind\jaxb-impl\2.1\jaxb-impl-2.1.jar;D:\Java\apache-maven-3.6.3\respository_new\javax\activation\activation\1.1.1\activation-1.1.1.jar;D:\Java\apache-maven-3.6.3\respository_new\com\aliyun\aliyun-java-sdk-green\3.4.1\aliyun-java-sdk-green-3.4.1.jar;D:\Java\apache-maven-3.6.3\respository_new\com\aliyun\oss\aliyun-sdk-oss\2.8.3\aliyun-sdk-oss-2.8.3.jar;D:\Java\apache-maven-3.6.3\respository_new\org\jdom\jdom\1.1\jdom-1.1.jar;D:\Java\apache-maven-3.6.3\respository_new\org\apache\hbase\hbase-client\2.1.5\hbase-client-2.1.5.jar;D:\Java\apache-maven-3.6.3\respository_new\org\apache\hbase\thirdparty\hbase-shaded-protobuf\2.1.0\hbase-shaded-protobuf-2.1.0.jar;D:\Java\apache-maven-3.6.3\respository_new\org\apache\hbase\hbase-common\2.1.5\hbase-common-2.1.5.jar;D:\Java\apache-maven-3.6.3\respository_new\com\github\stephenc\findbugs\findbugs-annotations\1.3.9-1\findbugs-annotations-1.3.9-1.jar;D:\Java\apache-maven-3.6.3\respository_new\org\apache\hbase\hbase-hadoop-compat\2.1.5\hbase-hadoop-compat-2.1.5.jar;D:\Java\apache-maven-3.6.3\respository_new\org\apache\hbase\hbase-metrics-api\2.1.5\hbase-metrics-api-2.1.5.jar;D:\Java\apache-maven-3.6.3\respository_new\org\apache\hbase\hbase-hadoop2-compat\2.1.5\hbase-hadoop2-compat-2.1.5.jar;D:\Java\apache-maven-3.6.3\respository_new\org\apache\hbase\hbase-metrics\2.1.5\hbase-metrics-2.1.5.jar;D:\Java\apache-maven-3.6.3\respository_new\org\apache\hbase\hbase-protocol-shaded\2.1.5\hbase-protocol-shaded-2.1.5.jar;D:\Java\apache-maven-3.6.3\respository_new\org\apache\hbase\hbase-protocol\2.1.5\hbase-protocol-2.1.5.jar;D:\Java\apache-maven-3.6.3\respository_new\org\apache\hbase\thirdparty\hbase-shaded-miscellaneous\2.1.0\hbase-shaded-miscellaneous-2.1.0.jar;D:\Java\apache-maven-3.6.3\respository_new\com\google\protobuf\protobuf-java\3.13.0\protobuf-java-3.13.0.jar;D:\Java\apache-maven-3.6.3\respository_new\org\apache\hbase\thirdparty\hbase-shaded-netty\2.1.0\hbase-shaded-netty-2.1.0.jar;D:\Java\apache-maven-3.6.3\respository_new\org\apache\zookeeper\zookeeper\3.4.10\zookeeper-3.4.10.jar;D:\Java\apache-maven-3.6.3\respository_new\org\apache\htrace\htrace-core4\4.2.0-incubating\htrace-core4-4.2.0-incubating.jar;D:\Java\apache-maven-3.6.3\respository_new\org\jruby\jcodings\jcodings\1.0.18\jcodings-1.0.18.jar;D:\Java\apache-maven-3.6.3\respository_new\org\jruby\joni\joni\2.1.11\joni-2.1.11.jar;D:\Java\apache-maven-3.6.3\respository_new\io\dropwizard\metrics\metrics-core\4.1.17\metrics-core-4.1.17.jar;D:\Java\apache-maven-3.6.3\respository_new\org\apache\commons\commons-crypto\1.0.0\commons-crypto-1.0.0.jar;D:\Java\apache-maven-3.6.3\respository_new\org\apache\hadoop\hadoop-auth\2.7.7\hadoop-auth-2.7.7.jar;D:\Java\apache-maven-3.6.3\respository_new\org\apache\directory\server\apacheds-kerberos-codec\2.0.0-M15\apacheds-kerberos-codec-2.0.0-M15.jar;D:\Java\apache-maven-3.6.3\respository_new\org\apache\directory\server\apacheds-i18n\2.0.0-M15\apacheds-i18n-2.0.0-M15.jar;D:\Java\apache-maven-3.6.3\respository_new\org\apache\directory\api\api-asn1-api\1.0.0-M20\api-asn1-api-1.0.0-M20.jar;D:\Java\apache-maven-3.6.3\respository_new\org\apache\directory\api\api-util\1.0.0-M20\api-util-1.0.0-M20.jar;D:\Java\apache-maven-3.6.3\respository_new\org\apache\curator\curator-framework\4.2.0\curator-framework-4.2.0.jar;D:\Java\apache-maven-3.6.3\respository_new\org\apache\hadoop\hadoop-common\2.7.7\hadoop-common-2.7.7.jar;D:\Java\apache-maven-3.6.3\respository_new\org\apache\hadoop\hadoop-annotations\2.7.7\hadoop-annotations-2.7.7.jar;D:\Java\jdk-8\jre\..\lib\tools.jar;D:\Java\apache-maven-3.6.3\respository_new\commons-cli\commons-cli\1.2\commons-cli-1.2.jar;D:\Java\apache-maven-3.6.3\respository_new\org\apache\commons\commons-math3\3.1.1\commons-math3-3.1.1.jar;D:\Java\apache-maven-3.6.3\respository_new\xmlenc\xmlenc\0.52\xmlenc-0.52.jar;D:\Java\apache-maven-3.6.3\respository_new\commons-httpclient\commons-httpclient\3.1\commons-httpclient-3.1.jar;D:\Java\apache-maven-3.6.3\respository_new\commons-net\commons-net\3.1\commons-net-3.1.jar;D:\Java\apache-maven-3.6.3\respository_new\org\mortbay\jetty\jetty-sslengine\6.1.26\jetty-sslengine-6.1.26.jar;D:\Java\apache-maven-3.6.3\respository_new\commons-lang\commons-lang\2.6\commons-lang-2.6.jar;D:\Java\apache-maven-3.6.3\respository_new\commons-configuration\commons-configuration\1.6\commons-configuration-1.6.jar;D:\Java\apache-maven-3.6.3\respository_new\commons-digester\commons-digester\1.8\commons-digester-1.8.jar;D:\Java\apache-maven-3.6.3\respository_new\commons-beanutils\commons-beanutils-core\1.8.0\commons-beanutils-core-1.8.0.jar;D:\Java\apache-maven-3.6.3\respository_new\org\codehaus\jackson\jackson-core-asl\1.9.13\jackson-core-asl-1.9.13.jar;D:\Java\apache-maven-3.6.3\respository_new\org\codehaus\jackson\jackson-mapper-asl\1.9.13\jackson-mapper-asl-1.9.13.jar;D:\Java\apache-maven-3.6.3\respository_new\org\apache\avro\avro\1.7.4\avro-1.7.4.jar;D:\Java\apache-maven-3.6.3\respository_new\com\thoughtworks\paranamer\paranamer\2.3\paranamer-2.3.jar;D:\Java\apache-maven-3.6.3\respository_new\com\jcraft\jsch\0.1.54\jsch-0.1.54.jar;D:\Java\apache-maven-3.6.3\respository_new\org\apache\curator\curator-client\2.7.1\curator-client-2.7.1.jar;D:\Java\apache-maven-3.6.3\respository_new\org\apache\curator\curator-recipes\4.2.0\curator-recipes-4.2.0.jar;D:\Java\apache-maven-3.6.3\respository_new\org\apache\htrace\htrace-core\3.1.0-incubating\htrace-core-3.1.0-incubating.jar;D:\Java\apache-maven-3.6.3\respository_new\org\apache\commons\commons-compress\1.4.1\commons-compress-1.4.1.jar;D:\Java\apache-maven-3.6.3\respository_new\org\tukaani\xz\1.0\xz-1.0.jar;D:\Java\apache-maven-3.6.3\respository_new\org\apache\yetus\audience-annotations\0.5.0\audience-annotations-0.5.0.jar;D:\Java\apache-maven-3.6.3\respository_new\junit\junit\4.12\junit-4.12.jar;D:\Java\apache-maven-3.6.3\respository_new\org\hamcrest\hamcrest-core\2.2\hamcrest-core-2.2.jar;D:\Java\apache-maven-3.6.3\respository_new\org\jsoup\jsoup\1.10.2\jsoup-1.10.2.jar;D:\Java\apache-maven-3.6.3\respository_new\joda-time\joda-time\2.10.5\joda-time-2.10.5.jar;D:\Java\apache-maven-3.6.3\respository_new\com\github\xiaoymin\knife4j-spring-boot-starter\2.0.2\knife4j-spring-boot-starter-2.0.2.jar;D:\Java\apache-maven-3.6.3\respository_new\com\github\xiaoymin\knife4j-spring-boot-autoconfigure\2.0.2\knife4j-spring-boot-autoconfigure-2.0.2.jar;D:\Java\apache-maven-3.6.3\respository_new\com\github\xiaoymin\knife4j-spring\2.0.2\knife4j-spring-2.0.2.jar;D:\Java\apache-maven-3.6.3\respository_new\com\github\xiaoymin\knife4j-annotations\2.0.2\knife4j-annotations-2.0.2.jar;D:\Java\apache-maven-3.6.3\respository_new\com\github\xiaoymin\knife4j-core\2.0.2\knife4j-core-2.0.2.jar;D:\Java\apache-maven-3.6.3\respository_new\io\springfox\springfox-bean-validators\2.9.2\springfox-bean-validators-2.9.2.jar;D:\Java\apache-maven-3.6.3\respository_new\com\github\xiaoymin\knife4j-spring-ui\2.0.2\knife4j-spring-ui-2.0.2.jar;D:\Java\apache-maven-3.6.3\respository_new\com\baidu\aip\java-sdk\4.16.2\java-sdk-4.16.2.jar;D:\Java\apache-maven-3.6.3\respository_new\org\json\json\20160810\json-20160810.jar;D:\Java\apache-maven-3.6.3\respository_new\org\slf4j\slf4j-simple\1.7.30\slf4j-simple-1.7.30.jar;D:\Desktop\leadnews\heima-leadnews\heima-leadnews-feign-api\target\heima-leadnews-feign-api-1.0-SNAPSHOT.jar;D:\Java\apache-maven-3.6.3\respository_new\org\springframework\cloud\spring-cloud-starter-openfeign\2.2.7.RELEASE\spring-cloud-starter-openfeign-2.2.7.RELEASE.jar;D:\Java\apache-maven-3.6.3\respository_new\org\springframework\cloud\spring-cloud-starter\2.2.7.RELEASE\spring-cloud-starter-2.2.7.RELEASE.jar;D:\Java\apache-maven-3.6.3\respository_new\org\springframework\security\spring-security-rsa\1.0.9.RELEASE\spring-security-rsa-1.0.9.RELEASE.jar;D:\Java\apache-maven-3.6.3\respository_new\org\bouncycastle\bcpkix-jdk15on\1.64\bcpkix-jdk15on-1.64.jar;D:\Java\apache-maven-3.6.3\respository_new\org\bouncycastle\bcprov-jdk15on\1.64\bcprov-jdk15on-1.64.jar;D:\Java\apache-maven-3.6.3\respository_new\org\springframework\cloud\spring-cloud-openfeign-core\2.2.7.RELEASE\spring-cloud-openfeign-core-2.2.7.RELEASE.jar;D:\Java\apache-maven-3.6.3\respository_new\org\springframework\boot\spring-boot-starter-aop\2.3.9.RELEASE\spring-boot-starter-aop-2.3.9.RELEASE.jar;D:\Java\apache-maven-3.6.3\respository_new\org\aspectj\aspectjweaver\1.9.6\aspectjweaver-1.9.6.jar;D:\Java\apache-maven-3.6.3\respository_new\io\github\openfeign\form\feign-form-spring\3.8.0\feign-form-spring-3.8.0.jar;D:\Java\apache-maven-3.6.3\respository_new\io\github\openfeign\form\feign-form\3.8.0\feign-form-3.8.0.jar;D:\Java\apache-maven-3.6.3\respository_new\commons-fileupload\commons-fileupload\1.4\commons-fileupload-1.4.jar;D:\Java\apache-maven-3.6.3\respository_new\io\github\openfeign\feign-core\10.10.1\feign-core-10.10.1.jar;D:\Java\apache-maven-3.6.3\respository_new\io\github\openfeign\feign-slf4j\10.10.1\feign-slf4j-10.10.1.jar;D:\Java\apache-maven-3.6.3\respository_new\io\github\openfeign\feign-hystrix\10.10.1\feign-hystrix-10.10.1.jar;D:\Java\apache-maven-3.6.3\respository_new\com\netflix\archaius\archaius-core\0.7.7\archaius-core-0.7.7.jar;D:\Java\apache-maven-3.6.3\respository_new\com\netflix\hystrix\hystrix-core\1.5.18\hystrix-core-1.5.18.jar;D:\Java\apache-maven-3.6.3\respository_new\org\springframework\boot\spring-boot-starter-web\2.3.9.RELEASE\spring-boot-starter-web-2.3.9.RELEASE.jar;D:\Java\apache-maven-3.6.3\respository_new\org\springframework\boot\spring-boot-starter-json\2.3.9.RELEASE\spring-boot-starter-json-2.3.9.RELEASE.jar;D:\Java\apache-maven-3.6.3\respository_new\com\fasterxml\jackson\datatype\jackson-datatype-jdk8\2.11.4\jackson-datatype-jdk8-2.11.4.jar;D:\Java\apache-maven-3.6.3\respository_new\com\fasterxml\jackson\datatype\jackson-datatype-jsr310\2.11.4\jackson-datatype-jsr310-2.11.4.jar;D:\Java\apache-maven-3.6.3\respository_new\com\fasterxml\jackson\module\jackson-module-parameter-names\2.11.4\jackson-module-parameter-names-2.11.4.jar;D:\Java\apache-maven-3.6.3\respository_new\org\springframework\boot\spring-boot-starter-tomcat\2.3.9.RELEASE\spring-boot-starter-tomcat-2.3.9.RELEASE.jar;D:\Java\apache-maven-3.6.3\respository_new\org\apache\tomcat\embed\tomcat-embed-core\9.0.43\tomcat-embed-core-9.0.43.jar;D:\Java\apache-maven-3.6.3\respository_new\org\glassfish\jakarta.el\3.0.3\jakarta.el-3.0.3.jar;D:\Java\apache-maven-3.6.3\respository_new\org\apache\tomcat\embed\tomcat-embed-websocket\9.0.43\tomcat-embed-websocket-9.0.43.jar;D:\Java\apache-maven-3.6.3\respository_new\org\springframework\spring-web\5.2.13.RELEASE\spring-web-5.2.13.RELEASE.jar;D:\Java\apache-maven-3.6.3\respository_new\org\springframework\spring-webmvc\5.2.13.RELEASE\spring-webmvc-5.2.13.RELEASE.jar;D:\Java\apache-maven-3.6.3\respository_new\org\springframework\spring-aop\5.2.13.RELEASE\spring-aop-5.2.13.RELEASE.jar;D:\Java\apache-maven-3.6.3\respository_new\org\springframework\spring-expression\5.2.13.RELEASE\spring-expression-5.2.13.RELEASE.jar;D:\Java\apache-maven-3.6.3\respository_new\org\springframework\boot\spring-boot-starter-test\2.3.9.RELEASE\spring-boot-starter-test-2.3.9.RELEASE.jar;D:\Java\apache-maven-3.6.3\respository_new\org\springframework\boot\spring-boot-test-autoconfigure\2.3.9.RELEASE\spring-boot-test-autoconfigure-2.3.9.RELEASE.jar;D:\Java\apache-maven-3.6.3\respository_new\com\jayway\jsonpath\json-path\2.4.0\json-path-2.4.0.jar;D:\Java\apache-maven-3.6.3\respository_new\net\minidev\json-smart\2.3\json-smart-2.3.jar;D:\Java\apache-maven-3.6.3\respository_new\net\minidev\accessors-smart\1.2\accessors-smart-1.2.jar;D:\Java\apache-maven-3.6.3\respository_new\org\ow2\asm\asm\5.0.4\asm-5.0.4.jar;D:\Java\apache-maven-3.6.3\respository_new\jakarta\xml\bind\jakarta.xml.bind-api\2.3.3\jakarta.xml.bind-api-2.3.3.jar;D:\Java\apache-maven-3.6.3\respository_new\jakarta\activation\jakarta.activation-api\1.2.2\jakarta.activation-api-1.2.2.jar;D:\Java\apache-maven-3.6.3\respository_new\org\assertj\assertj-core\3.16.1\assertj-core-3.16.1.jar;D:\Java\apache-maven-3.6.3\respository_new\org\hamcrest\hamcrest\2.2\hamcrest-2.2.jar;D:\Java\apache-maven-3.6.3\respository_new\org\junit\jupiter\junit-jupiter\5.6.3\junit-jupiter-5.6.3.jar;D:\Java\apache-maven-3.6.3\respository_new\org\junit\jupiter\junit-jupiter-api\5.6.3\junit-jupiter-api-5.6.3.jar;D:\Java\apache-maven-3.6.3\respository_new\org\opentest4j\opentest4j\1.2.0\opentest4j-1.2.0.jar;D:\Java\apache-maven-3.6.3\respository_new\org\junit\platform\junit-platform-commons\1.6.3\junit-platform-commons-1.6.3.jar;D:\Java\apache-maven-3.6.3\respository_new\org\junit\jupiter\junit-jupiter-params\5.6.3\junit-jupiter-params-5.6.3.jar;D:\Java\apache-maven-3.6.3\respository_new\org\junit\jupiter\junit-jupiter-engine\5.6.3\junit-jupiter-engine-5.6.3.jar;D:\Java\apache-maven-3.6.3\respository_new\org\junit\vintage\junit-vintage-engine\5.6.3\junit-vintage-engine-5.6.3.jar;D:\Java\apache-maven-3.6.3\respository_new\org\apiguardian\apiguardian-api\1.1.0\apiguardian-api-1.1.0.jar;D:\Java\apache-maven-3.6.3\respository_new\org\junit\platform\junit-platform-engine\1.6.3\junit-platform-engine-1.6.3.jar;D:\Java\apache-maven-3.6.3\respository_new\org\mockito\mockito-core\3.3.3\mockito-core-3.3.3.jar;D:\Java\apache-maven-3.6.3\respository_new\net\bytebuddy\byte-buddy\1.10.20\byte-buddy-1.10.20.jar;D:\Java\apache-maven-3.6.3\respository_new\net\bytebuddy\byte-buddy-agent\1.10.20\byte-buddy-agent-1.10.20.jar;D:\Java\apache-maven-3.6.3\respository_new\org\objenesis\objenesis\2.6\objenesis-2.6.jar;D:\Java\apache-maven-3.6.3\respository_new\org\mockito\mockito-junit-jupiter\3.3.3\mockito-junit-jupiter-3.3.3.jar;D:\Java\apache-maven-3.6.3\respository_new\org\skyscreamer\jsonassert\1.5.0\jsonassert-1.5.0.jar;D:\Java\apache-maven-3.6.3\respository_new\com\vaadin\external\google\android-json\0.0.20131108.vaadin1\android-json-0.0.20131108.vaadin1.jar;D:\Java\apache-maven-3.6.3\respository_new\org\springframework\spring-core\5.2.13.RELEASE\spring-core-5.2.13.RELEASE.jar;D:\Java\apache-maven-3.6.3\respository_new\org\springframework\spring-jcl\5.2.13.RELEASE\spring-jcl-5.2.13.RELEASE.jar;D:\Java\apache-maven-3.6.3\respository_new\org\springframework\spring-test\5.2.13.RELEASE\spring-test-5.2.13.RELEASE.jar;D:\Java\apache-maven-3.6.3\respository_new\org\xmlunit\xmlunit-core\2.7.0\xmlunit-core-2.7.0.jar;D:\Java\apache-maven-3.6.3\respository_new\com\alibaba\cloud\spring-cloud-starter-alibaba-nacos-discovery\2.2.5.RELEASE\spring-cloud-starter-alibaba-nacos-discovery-2.2.5.RELEASE.jar;D:\Java\apache-maven-3.6.3\respository_new\com\alibaba\cloud\spring-cloud-alibaba-commons\2.2.5.RELEASE\spring-cloud-alibaba-commons-2.2.5.RELEASE.jar;D:\Java\apache-maven-3.6.3\respository_new\com\alibaba\nacos\nacos-client\1.4.1\nacos-client-1.4.1.jar;D:\Java\apache-maven-3.6.3\respository_new\com\alibaba\nacos\nacos-common\1.4.1\nacos-common-1.4.1.jar;D:\Java\apache-maven-3.6.3\respository_new\org\apache\httpcomponents\httpasyncclient\4.1.4\httpasyncclient-4.1.4.jar;D:\Java\apache-maven-3.6.3\respository_new\org\apache\httpcomponents\httpcore-nio\4.4.14\httpcore-nio-4.4.14.jar;D:\Java\apache-maven-3.6.3\respository_new\com\alibaba\nacos\nacos-api\1.4.1\nacos-api-1.4.1.jar;D:\Java\apache-maven-3.6.3\respository_new\io\prometheus\simpleclient\0.5.0\simpleclient-0.5.0.jar;D:\Java\apache-maven-3.6.3\respository_new\com\alibaba\spring\spring-context-support\1.0.10\spring-context-support-1.0.10.jar;D:\Java\apache-maven-3.6.3\respository_new\org\springframework\cloud\spring-cloud-commons\2.2.7.RELEASE\spring-cloud-commons-2.2.7.RELEASE.jar;D:\Java\apache-maven-3.6.3\respository_new\org\springframework\security\spring-security-crypto\5.3.8.RELEASE\spring-security-crypto-5.3.8.RELEASE.jar;D:\Java\apache-maven-3.6.3\respository_new\org\springframework\cloud\spring-cloud-context\2.2.7.RELEASE\spring-cloud-context-2.2.7.RELEASE.jar;D:\Java\apache-maven-3.6.3\respository_new\org\springframework\cloud\spring-cloud-starter-netflix-ribbon\2.2.7.RELEASE\spring-cloud-starter-netflix-ribbon-2.2.7.RELEASE.jar;D:\Java\apache-maven-3.6.3\respository_new\org\springframework\cloud\spring-cloud-netflix-ribbon\2.2.7.RELEASE\spring-cloud-netflix-ribbon-2.2.7.RELEASE.jar;D:\Java\apache-maven-3.6.3\respository_new\org\springframework\cloud\spring-cloud-netflix-archaius\2.2.7.RELEASE\spring-cloud-netflix-archaius-2.2.7.RELEASE.jar;D:\Java\apache-maven-3.6.3\respository_new\org\springframework\cloud\spring-cloud-starter-netflix-archaius\2.2.7.RELEASE\spring-cloud-starter-netflix-archaius-2.2.7.RELEASE.jar;D:\Java\apache-maven-3.6.3\respository_new\com\netflix\ribbon\ribbon\2.3.0\ribbon-2.3.0.jar;D:\Java\apache-maven-3.6.3\respository_new\com\netflix\ribbon\ribbon-transport\2.3.0\ribbon-transport-2.3.0.jar;D:\Java\apache-maven-3.6.3\respository_new\io\reactivex\rxnetty-contexts\0.4.9\rxnetty-contexts-0.4.9.jar;D:\Java\apache-maven-3.6.3\respository_new\io\reactivex\rxnetty-servo\0.4.9\rxnetty-servo-0.4.9.jar;D:\Java\apache-maven-3.6.3\respository_new\javax\inject\javax.inject\1\javax.inject-1.jar;D:\Java\apache-maven-3.6.3\respository_new\io\reactivex\rxnetty\0.4.9\rxnetty-0.4.9.jar;D:\Java\apache-maven-3.6.3\respository_new\com\netflix\ribbon\ribbon-core\2.3.0\ribbon-core-2.3.0.jar;D:\Java\apache-maven-3.6.3\respository_new\com\netflix\ribbon\ribbon-httpclient\2.3.0\ribbon-httpclient-2.3.0.jar;D:\Java\apache-maven-3.6.3\respository_new\com\sun\jersey\jersey-client\1.19.1\jersey-client-1.19.1.jar;D:\Java\apache-maven-3.6.3\respository_new\com\sun\jersey\jersey-core\1.19.1\jersey-core-1.19.1.jar;D:\Java\apache-maven-3.6.3\respository_new\javax\ws\rs\jsr311-api\1.1.1\jsr311-api-1.1.1.jar;D:\Java\apache-maven-3.6.3\respository_new\com\sun\jersey\contribs\jersey-apache-client4\1.19.1\jersey-apache-client4-1.19.1.jar;D:\Java\apache-maven-3.6.3\respository_new\com\netflix\servo\servo-core\0.12.21\servo-core-0.12.21.jar;D:\Java\apache-maven-3.6.3\respository_new\com\netflix\netflix-commons\netflix-commons-util\0.3.0\netflix-commons-util-0.3.0.jar;D:\Java\apache-maven-3.6.3\respository_new\com\netflix\ribbon\ribbon-loadbalancer\2.3.0\ribbon-loadbalancer-2.3.0.jar;D:\Java\apache-maven-3.6.3\respository_new\com\netflix\netflix-commons\netflix-statistics\0.1.1\netflix-statistics-0.1.1.jar;D:\Java\apache-maven-3.6.3\respository_new\io\reactivex\rxjava\1.3.8\rxjava-1.3.8.jar;D:\Java\apache-maven-3.6.3\respository_new\com\alibaba\cloud\spring-cloud-starter-alibaba-nacos-config\2.2.5.RELEASE\spring-cloud-starter-alibaba-nacos-config-2.2.5.RELEASE.jar;D:\Java\apache-maven-3.6.3\respository_new\org\springframework\boot\spring-boot-starter-log4j2\2.3.9.RELEASE\spring-boot-starter-log4j2-2.3.9.RELEASE.jar;D:\Java\apache-maven-3.6.3\respository_new\org\apache\logging\log4j\log4j-slf4j-impl\2.13.3\log4j-slf4j-impl-2.13.3.jar;D:\Java\apache-maven-3.6.3\respository_new\org\apache\logging\log4j\log4j-api\2.13.3\log4j-api-2.13.3.jar;D:\Java\apache-maven-3.6.3\respository_new\org\apache\logging\log4j\log4j-core\2.13.3\log4j-core-2.13.3.jar;D:\Java\apache-maven-3.6.3\respository_new\org\apache\logging\log4j\log4j-jul\2.13.3\log4j-jul-2.13.3.jar;D:\Java\apache-maven-3.6.3\respository_new\org\slf4j\jul-to-slf4j\1.7.30\jul-to-slf4j-1.7.30.jar;D:\Java\apache-maven-3.6.3\respository_new\org\projectlombok\lombok\1.18.8\lombok-1.18.8.jar;"/>
    <property name="java.vm.vendor" value="Oracle Corporation"/>
    <property name="sun.arch.data.model" value="64"/>
    <property name="user.variant" value=""/>
    <property name="java.vendor.url" value="http://java.oracle.com/"/>
    <property name="user.timezone" value="Asia/Shanghai"/>
    <property name="java.vm.specification.version" value="1.8"/>
    <property name="os.name" value="Windows 8.1"/>
    <property name="user.country" value="CN"/>
    <property name="sun.java.launcher" value="SUN_STANDARD"/>
    <property name="sun.boot.library.path" value="D:\Java\jdk-8\jre\bin"/>
    <property name="sun.java.command" value="C:\Users\juzi\AppData\Local\Temp\surefire4601056247461951328\surefirebooter2443357860716609171.jar C:\Users\juzi\AppData\Local\Temp\surefire4601056247461951328 2023-12-13T17-45-05_902-jvmRun1 surefire3217583354297265254tmp surefire_08463475423158337331tmp"/>
    <property name="surefire.test.class.path" value="D:\Desktop\leadnews\heima-leadnews\heima-leadnews-service\heima-leadnews-article\target\test-classes;D:\Desktop\leadnews\heima-leadnews\heima-leadnews-service\heima-leadnews-article\target\classes;D:\Java\apache-maven-3.6.3\respository_new\org\springframework\boot\spring-boot-starter-freemarker\2.3.9.RELEASE\spring-boot-starter-freemarker-2.3.9.RELEASE.jar;D:\Java\apache-maven-3.6.3\respository_new\org\springframework\boot\spring-boot-starter\2.3.9.RELEASE\spring-boot-starter-2.3.9.RELEASE.jar;D:\Java\apache-maven-3.6.3\respository_new\org\springframework\boot\spring-boot\2.3.9.RELEASE\spring-boot-2.3.9.RELEASE.jar;D:\Java\apache-maven-3.6.3\respository_new\jakarta\annotation\jakarta.annotation-api\1.3.5\jakarta.annotation-api-1.3.5.jar;D:\Java\apache-maven-3.6.3\respository_new\org\yaml\snakeyaml\1.26\snakeyaml-1.26.jar;D:\Java\apache-maven-3.6.3\respository_new\org\freemarker\freemarker\2.3.31\freemarker-2.3.31.jar;D:\Java\apache-maven-3.6.3\respository_new\org\springframework\spring-context-support\5.2.13.RELEASE\spring-context-support-5.2.13.RELEASE.jar;D:\Java\apache-maven-3.6.3\respository_new\org\springframework\spring-beans\5.2.13.RELEASE\spring-beans-5.2.13.RELEASE.jar;D:\Java\apache-maven-3.6.3\respository_new\org\springframework\spring-context\5.2.13.RELEASE\spring-context-5.2.13.RELEASE.jar;D:\Desktop\leadnews\heima-leadnews\heima-leadnews-basic\heima-file-starter\target\heima-file-starter-1.0-SNAPSHOT.jar;D:\Java\apache-maven-3.6.3\respository_new\org\springframework\boot\spring-boot-autoconfigure\2.3.9.RELEASE\spring-boot-autoconfigure-2.3.9.RELEASE.jar;D:\Java\apache-maven-3.6.3\respository_new\io\minio\minio\7.1.0\minio-7.1.0.jar;D:\Java\apache-maven-3.6.3\respository_new\com\carrotsearch\thirdparty\simple-xml-safe\2.7.1\simple-xml-safe-2.7.1.jar;D:\Java\apache-maven-3.6.3\respository_new\com\google\guava\guava\29.0-jre\guava-29.0-jre.jar;D:\Java\apache-maven-3.6.3\respository_new\com\google\guava\failureaccess\1.0.1\failureaccess-1.0.1.jar;D:\Java\apache-maven-3.6.3\respository_new\com\google\guava\listenablefuture\9999.0-empty-to-avoid-conflict-with-guava\listenablefuture-9999.0-empty-to-avoid-conflict-with-guava.jar;D:\Java\apache-maven-3.6.3\respository_new\org\checkerframework\checker-qual\2.11.1\checker-qual-2.11.1.jar;D:\Java\apache-maven-3.6.3\respository_new\com\google\errorprone\error_prone_annotations\2.3.4\error_prone_annotations-2.3.4.jar;D:\Java\apache-maven-3.6.3\respository_new\com\google\j2objc\j2objc-annotations\1.3\j2objc-annotations-1.3.jar;D:\Java\apache-maven-3.6.3\respository_new\com\squareup\okhttp3\okhttp\3.14.9\okhttp-3.14.9.jar;D:\Java\apache-maven-3.6.3\respository_new\com\squareup\okio\okio\1.17.2\okio-1.17.2.jar;D:\Java\apache-maven-3.6.3\respository_new\com\fasterxml\jackson\core\jackson-annotations\2.11.4\jackson-annotations-2.11.4.jar;D:\Java\apache-maven-3.6.3\respository_new\com\fasterxml\jackson\core\jackson-core\2.11.4\jackson-core-2.11.4.jar;D:\Java\apache-maven-3.6.3\respository_new\com\fasterxml\jackson\core\jackson-databind\2.11.4\jackson-databind-2.11.4.jar;D:\Java\apache-maven-3.6.3\respository_new\com\github\spotbugs\spotbugs-annotations\4.0.0\spotbugs-annotations-4.0.0.jar;D:\Java\apache-maven-3.6.3\respository_new\net\jcip\jcip-annotations\1.0\jcip-annotations-1.0.jar;D:\Java\apache-maven-3.6.3\respository_new\com\google\code\findbugs\jsr305\3.0.2\jsr305-3.0.2.jar;D:\Java\apache-maven-3.6.3\respository_new\org\springframework\boot\spring-boot-starter-actuator\2.3.9.RELEASE\spring-boot-starter-actuator-2.3.9.RELEASE.jar;D:\Java\apache-maven-3.6.3\respository_new\org\springframework\boot\spring-boot-actuator-autoconfigure\2.3.9.RELEASE\spring-boot-actuator-autoconfigure-2.3.9.RELEASE.jar;D:\Java\apache-maven-3.6.3\respository_new\org\springframework\boot\spring-boot-actuator\2.3.9.RELEASE\spring-boot-actuator-2.3.9.RELEASE.jar;D:\Java\apache-maven-3.6.3\respository_new\io\micrometer\micrometer-core\1.5.11\micrometer-core-1.5.11.jar;D:\Java\apache-maven-3.6.3\respository_new\org\hdrhistogram\HdrHistogram\2.1.12\HdrHistogram-2.1.12.jar;D:\Java\apache-maven-3.6.3\respository_new\org\latencyutils\LatencyUtils\2.0.3\LatencyUtils-2.0.3.jar;D:\Desktop\leadnews\heima-leadnews\heima-leadnews-model\target\heima-leadnews-model-1.0-SNAPSHOT.jar;D:\Java\apache-maven-3.6.3\respository_new\mysql\mysql-connector-java\5.1.46\mysql-connector-java-5.1.46.jar;D:\Java\apache-maven-3.6.3\respository_new\org\mybatis\mybatis\3.5.1\mybatis-3.5.1.jar;D:\Java\apache-maven-3.6.3\respository_new\org\apache\commons\commons-lang3\3.5\commons-lang3-3.5.jar;D:\Java\apache-maven-3.6.3\respository_new\com\baomidou\mybatis-plus-boot-starter\3.4.1\mybatis-plus-boot-starter-3.4.1.jar;D:\Java\apache-maven-3.6.3\respository_new\com\baomidou\mybatis-plus\3.4.1\mybatis-plus-3.4.1.jar;D:\Java\apache-maven-3.6.3\respository_new\com\baomidou\mybatis-plus-extension\3.4.1\mybatis-plus-extension-3.4.1.jar;D:\Java\apache-maven-3.6.3\respository_new\com\baomidou\mybatis-plus-core\3.4.1\mybatis-plus-core-3.4.1.jar;D:\Java\apache-maven-3.6.3\respository_new\com\baomidou\mybatis-plus-annotation\3.4.1\mybatis-plus-annotation-3.4.1.jar;D:\Java\apache-maven-3.6.3\respository_new\com\github\jsqlparser\jsqlparser\3.2\jsqlparser-3.2.jar;D:\Java\apache-maven-3.6.3\respository_new\org\mybatis\mybatis-spring\2.0.1\mybatis-spring-2.0.1.jar;D:\Java\apache-maven-3.6.3\respository_new\org\springframework\boot\spring-boot-starter-jdbc\2.3.9.RELEASE\spring-boot-starter-jdbc-2.3.9.RELEASE.jar;D:\Java\apache-maven-3.6.3\respository_new\com\zaxxer\HikariCP\3.4.5\HikariCP-3.4.5.jar;D:\Java\apache-maven-3.6.3\respository_new\org\springframework\spring-jdbc\5.2.13.RELEASE\spring-jdbc-5.2.13.RELEASE.jar;D:\Java\apache-maven-3.6.3\respository_new\com\alibaba\fastjson\1.2.58\fastjson-1.2.58.jar;D:\Java\apache-maven-3.6.3\respository_new\io\springfox\springfox-swagger2\2.9.2\springfox-swagger2-2.9.2.jar;D:\Java\apache-maven-3.6.3\respository_new\io\swagger\swagger-annotations\1.5.20\swagger-annotations-1.5.20.jar;D:\Java\apache-maven-3.6.3\respository_new\io\swagger\swagger-models\1.5.20\swagger-models-1.5.20.jar;D:\Java\apache-maven-3.6.3\respository_new\io\springfox\springfox-spi\2.9.2\springfox-spi-2.9.2.jar;D:\Java\apache-maven-3.6.3\respository_new\io\springfox\springfox-core\2.9.2\springfox-core-2.9.2.jar;D:\Java\apache-maven-3.6.3\respository_new\io\springfox\springfox-schema\2.9.2\springfox-schema-2.9.2.jar;D:\Java\apache-maven-3.6.3\respository_new\io\springfox\springfox-swagger-common\2.9.2\springfox-swagger-common-2.9.2.jar;D:\Java\apache-maven-3.6.3\respository_new\io\springfox\springfox-spring-web\2.9.2\springfox-spring-web-2.9.2.jar;D:\Java\apache-maven-3.6.3\respository_new\com\fasterxml\classmate\1.5.1\classmate-1.5.1.jar;D:\Java\apache-maven-3.6.3\respository_new\org\slf4j\slf4j-api\1.7.30\slf4j-api-1.7.30.jar;D:\Java\apache-maven-3.6.3\respository_new\org\springframework\plugin\spring-plugin-core\1.2.0.RELEASE\spring-plugin-core-1.2.0.RELEASE.jar;D:\Java\apache-maven-3.6.3\respository_new\org\springframework\plugin\spring-plugin-metadata\1.2.0.RELEASE\spring-plugin-metadata-1.2.0.RELEASE.jar;D:\Java\apache-maven-3.6.3\respository_new\org\mapstruct\mapstruct\1.2.0.Final\mapstruct-1.2.0.Final.jar;D:\Java\apache-maven-3.6.3\respository_new\io\springfox\springfox-swagger-ui\2.9.2\springfox-swagger-ui-2.9.2.jar;D:\Desktop\leadnews\heima-leadnews\heima-leadnews-common\target\heima-leadnews-common-1.0-SNAPSHOT.jar;D:\Desktop\leadnews\heima-leadnews\heima-leadnews-utils\target\heima-leadnews-utils-1.0-SNAPSHOT.jar;D:\Java\apache-maven-3.6.3\respository_new\commons-codec\commons-codec\1.12\commons-codec-1.12.jar;D:\Java\apache-maven-3.6.3\respository_new\io\jsonwebtoken\jjwt\0.9.1\jjwt-0.9.1.jar;D:\Java\apache-maven-3.6.3\respository_new\com\hankcs\hanlp\portable-1.3.4\hanlp-portable-1.3.4.jar;D:\Java\apache-maven-3.6.3\respository_new\commons-beanutils\commons-beanutils\1.9.3\commons-beanutils-1.9.3.jar;D:\Java\apache-maven-3.6.3\respository_new\commons-logging\commons-logging\1.2\commons-logging-1.2.jar;D:\Java\apache-maven-3.6.3\respository_new\commons-collections\commons-collections\3.2.2\commons-collections-3.2.2.jar;D:\Java\apache-maven-3.6.3\respository_new\io\protostuff\protostuff-core\1.6.0\protostuff-core-1.6.0.jar;D:\Java\apache-maven-3.6.3\respository_new\io\protostuff\protostuff-api\1.6.0\protostuff-api-1.6.0.jar;D:\Java\apache-maven-3.6.3\respository_new\io\protostuff\protostuff-runtime\1.6.0\protostuff-runtime-1.6.0.jar;D:\Java\apache-maven-3.6.3\respository_new\io\protostuff\protostuff-collectionschema\1.6.0\protostuff-collectionschema-1.6.0.jar;D:\Java\apache-maven-3.6.3\respository_new\org\reflections\reflections\0.9.11\reflections-0.9.11.jar;D:\Java\apache-maven-3.6.3\respository_new\org\javassist\javassist\3.21.0-GA\javassist-3.21.0-GA.jar;D:\Java\apache-maven-3.6.3\respository_new\org\springframework\boot\spring-boot-test\2.3.9.RELEASE\spring-boot-test-2.3.9.RELEASE.jar;D:\Java\apache-maven-3.6.3\respository_new\org\springframework\boot\spring-boot-starter-data-redis\2.3.9.RELEASE\spring-boot-starter-data-redis-2.3.9.RELEASE.jar;D:\Java\apache-maven-3.6.3\respository_new\org\springframework\data\spring-data-redis\2.3.7.RELEASE\spring-data-redis-2.3.7.RELEASE.jar;D:\Java\apache-maven-3.6.3\respository_new\org\springframework\data\spring-data-keyvalue\2.3.7.RELEASE\spring-data-keyvalue-2.3.7.RELEASE.jar;D:\Java\apache-maven-3.6.3\respository_new\org\springframework\data\spring-data-commons\2.3.7.RELEASE\spring-data-commons-2.3.7.RELEASE.jar;D:\Java\apache-maven-3.6.3\respository_new\org\springframework\spring-oxm\5.2.13.RELEASE\spring-oxm-5.2.13.RELEASE.jar;D:\Java\apache-maven-3.6.3\respository_new\io\lettuce\lettuce-core\5.3.6.RELEASE\lettuce-core-5.3.6.RELEASE.jar;D:\Java\apache-maven-3.6.3\respository_new\io\netty\netty-common\4.1.59.Final\netty-common-4.1.59.Final.jar;D:\Java\apache-maven-3.6.3\respository_new\io\netty\netty-handler\4.1.59.Final\netty-handler-4.1.59.Final.jar;D:\Java\apache-maven-3.6.3\respository_new\io\netty\netty-resolver\4.1.59.Final\netty-resolver-4.1.59.Final.jar;D:\Java\apache-maven-3.6.3\respository_new\io\netty\netty-buffer\4.1.59.Final\netty-buffer-4.1.59.Final.jar;D:\Java\apache-maven-3.6.3\respository_new\io\netty\netty-codec\4.1.59.Final\netty-codec-4.1.59.Final.jar;D:\Java\apache-maven-3.6.3\respository_new\io\netty\netty-transport\4.1.59.Final\netty-transport-4.1.59.Final.jar;D:\Java\apache-maven-3.6.3\respository_new\io\projectreactor\reactor-core\3.3.14.RELEASE\reactor-core-3.3.14.RELEASE.jar;D:\Java\apache-maven-3.6.3\respository_new\org\reactivestreams\reactive-streams\1.0.3\reactive-streams-1.0.3.jar;D:\Java\apache-maven-3.6.3\respository_new\org\apache\commons\commons-pool2\2.8.1\commons-pool2-2.8.1.jar;D:\Java\apache-maven-3.6.3\respository_new\org\springframework\boot\spring-boot-starter-cache\2.3.9.RELEASE\spring-boot-starter-cache-2.3.9.RELEASE.jar;D:\Java\apache-maven-3.6.3\respository_new\com\github\tobato\fastdfs-client\1.26.5\fastdfs-client-1.26.5.jar;D:\Java\apache-maven-3.6.3\respository_new\org\slf4j\jcl-over-slf4j\1.7.30\jcl-over-slf4j-1.7.30.jar;D:\Java\apache-maven-3.6.3\respository_new\ch\qos\logback\logback-classic\1.2.3\logback-classic-1.2.3.jar;D:\Java\apache-maven-3.6.3\respository_new\ch\qos\logback\logback-core\1.2.3\logback-core-1.2.3.jar;D:\Java\apache-maven-3.6.3\respository_new\commons-io\commons-io\2.6\commons-io-2.6.jar;D:\Java\apache-maven-3.6.3\respository_new\org\hibernate\validator\hibernate-validator\6.1.7.Final\hibernate-validator-6.1.7.Final.jar;D:\Java\apache-maven-3.6.3\respository_new\jakarta\validation\jakarta.validation-api\2.0.2\jakarta.validation-api-2.0.2.jar;D:\Java\apache-maven-3.6.3\respository_new\org\jboss\logging\jboss-logging\3.4.1.Final\jboss-logging-3.4.1.Final.jar;D:\Java\apache-maven-3.6.3\respository_new\net\coobird\thumbnailator\0.4.8\thumbnailator-0.4.8.jar;D:\Java\apache-maven-3.6.3\respository_new\org\springframework\kafka\spring-kafka\2.6.6\spring-kafka-2.6.6.jar;D:\Java\apache-maven-3.6.3\respository_new\org\springframework\spring-messaging\5.2.13.RELEASE\spring-messaging-5.2.13.RELEASE.jar;D:\Java\apache-maven-3.6.3\respository_new\org\springframework\spring-tx\5.2.13.RELEASE\spring-tx-5.2.13.RELEASE.jar;D:\Java\apache-maven-3.6.3\respository_new\org\springframework\retry\spring-retry\1.2.5.RELEASE\spring-retry-1.2.5.RELEASE.jar;D:\Java\apache-maven-3.6.3\respository_new\org\apache\kafka\kafka-clients\2.5.1\kafka-clients-2.5.1.jar;D:\Java\apache-maven-3.6.3\respository_new\com\github\luben\zstd-jni\1.4.4-7\zstd-jni-1.4.4-7.jar;D:\Java\apache-maven-3.6.3\respository_new\org\lz4\lz4-java\1.7.1\lz4-java-1.7.1.jar;D:\Java\apache-maven-3.6.3\respository_new\org\xerial\snappy\snappy-java\1.1.7.3\snappy-java-1.1.7.3.jar;D:\Java\apache-maven-3.6.3\respository_new\org\apache\kafka\kafka-streams\2.5.1\kafka-streams-2.5.1.jar;D:\Java\apache-maven-3.6.3\respository_new\org\rocksdb\rocksdbjni\5.18.3\rocksdbjni-5.18.3.jar;D:\Java\apache-maven-3.6.3\respository_new\com\aliyun\aliyun-java-sdk-core\4.1.1\aliyun-java-sdk-core-4.1.1.jar;D:\Java\apache-maven-3.6.3\respository_new\com\google\code\gson\gson\2.8.6\gson-2.8.6.jar;D:\Java\apache-maven-3.6.3\respository_new\org\apache\httpcomponents\httpclient\4.5.13\httpclient-4.5.13.jar;D:\Java\apache-maven-3.6.3\respository_new\org\apache\httpcomponents\httpcore\4.4.14\httpcore-4.4.14.jar;D:\Java\apache-maven-3.6.3\respository_new\javax\xml\bind\jaxb-api\2.3.1\jaxb-api-2.3.1.jar;D:\Java\apache-maven-3.6.3\respository_new\javax\activation\javax.activation-api\1.2.0\javax.activation-api-1.2.0.jar;D:\Java\apache-maven-3.6.3\respository_new\com\sun\xml\bind\jaxb-core\2.1.14\jaxb-core-2.1.14.jar;D:\Java\apache-maven-3.6.3\respository_new\com\sun\xml\bind\jaxb-impl\2.1\jaxb-impl-2.1.jar;D:\Java\apache-maven-3.6.3\respository_new\javax\activation\activation\1.1.1\activation-1.1.1.jar;D:\Java\apache-maven-3.6.3\respository_new\com\aliyun\aliyun-java-sdk-green\3.4.1\aliyun-java-sdk-green-3.4.1.jar;D:\Java\apache-maven-3.6.3\respository_new\com\aliyun\oss\aliyun-sdk-oss\2.8.3\aliyun-sdk-oss-2.8.3.jar;D:\Java\apache-maven-3.6.3\respository_new\org\jdom\jdom\1.1\jdom-1.1.jar;D:\Java\apache-maven-3.6.3\respository_new\org\apache\hbase\hbase-client\2.1.5\hbase-client-2.1.5.jar;D:\Java\apache-maven-3.6.3\respository_new\org\apache\hbase\thirdparty\hbase-shaded-protobuf\2.1.0\hbase-shaded-protobuf-2.1.0.jar;D:\Java\apache-maven-3.6.3\respository_new\org\apache\hbase\hbase-common\2.1.5\hbase-common-2.1.5.jar;D:\Java\apache-maven-3.6.3\respository_new\com\github\stephenc\findbugs\findbugs-annotations\1.3.9-1\findbugs-annotations-1.3.9-1.jar;D:\Java\apache-maven-3.6.3\respository_new\org\apache\hbase\hbase-hadoop-compat\2.1.5\hbase-hadoop-compat-2.1.5.jar;D:\Java\apache-maven-3.6.3\respository_new\org\apache\hbase\hbase-metrics-api\2.1.5\hbase-metrics-api-2.1.5.jar;D:\Java\apache-maven-3.6.3\respository_new\org\apache\hbase\hbase-hadoop2-compat\2.1.5\hbase-hadoop2-compat-2.1.5.jar;D:\Java\apache-maven-3.6.3\respository_new\org\apache\hbase\hbase-metrics\2.1.5\hbase-metrics-2.1.5.jar;D:\Java\apache-maven-3.6.3\respository_new\org\apache\hbase\hbase-protocol-shaded\2.1.5\hbase-protocol-shaded-2.1.5.jar;D:\Java\apache-maven-3.6.3\respository_new\org\apache\hbase\hbase-protocol\2.1.5\hbase-protocol-2.1.5.jar;D:\Java\apache-maven-3.6.3\respository_new\org\apache\hbase\thirdparty\hbase-shaded-miscellaneous\2.1.0\hbase-shaded-miscellaneous-2.1.0.jar;D:\Java\apache-maven-3.6.3\respository_new\com\google\protobuf\protobuf-java\3.13.0\protobuf-java-3.13.0.jar;D:\Java\apache-maven-3.6.3\respository_new\org\apache\hbase\thirdparty\hbase-shaded-netty\2.1.0\hbase-shaded-netty-2.1.0.jar;D:\Java\apache-maven-3.6.3\respository_new\org\apache\zookeeper\zookeeper\3.4.10\zookeeper-3.4.10.jar;D:\Java\apache-maven-3.6.3\respository_new\org\apache\htrace\htrace-core4\4.2.0-incubating\htrace-core4-4.2.0-incubating.jar;D:\Java\apache-maven-3.6.3\respository_new\org\jruby\jcodings\jcodings\1.0.18\jcodings-1.0.18.jar;D:\Java\apache-maven-3.6.3\respository_new\org\jruby\joni\joni\2.1.11\joni-2.1.11.jar;D:\Java\apache-maven-3.6.3\respository_new\io\dropwizard\metrics\metrics-core\4.1.17\metrics-core-4.1.17.jar;D:\Java\apache-maven-3.6.3\respository_new\org\apache\commons\commons-crypto\1.0.0\commons-crypto-1.0.0.jar;D:\Java\apache-maven-3.6.3\respository_new\org\apache\hadoop\hadoop-auth\2.7.7\hadoop-auth-2.7.7.jar;D:\Java\apache-maven-3.6.3\respository_new\org\apache\directory\server\apacheds-kerberos-codec\2.0.0-M15\apacheds-kerberos-codec-2.0.0-M15.jar;D:\Java\apache-maven-3.6.3\respository_new\org\apache\directory\server\apacheds-i18n\2.0.0-M15\apacheds-i18n-2.0.0-M15.jar;D:\Java\apache-maven-3.6.3\respository_new\org\apache\directory\api\api-asn1-api\1.0.0-M20\api-asn1-api-1.0.0-M20.jar;D:\Java\apache-maven-3.6.3\respository_new\org\apache\directory\api\api-util\1.0.0-M20\api-util-1.0.0-M20.jar;D:\Java\apache-maven-3.6.3\respository_new\org\apache\curator\curator-framework\4.2.0\curator-framework-4.2.0.jar;D:\Java\apache-maven-3.6.3\respository_new\org\apache\hadoop\hadoop-common\2.7.7\hadoop-common-2.7.7.jar;D:\Java\apache-maven-3.6.3\respository_new\org\apache\hadoop\hadoop-annotations\2.7.7\hadoop-annotations-2.7.7.jar;D:\Java\jdk-8\jre\..\lib\tools.jar;D:\Java\apache-maven-3.6.3\respository_new\commons-cli\commons-cli\1.2\commons-cli-1.2.jar;D:\Java\apache-maven-3.6.3\respository_new\org\apache\commons\commons-math3\3.1.1\commons-math3-3.1.1.jar;D:\Java\apache-maven-3.6.3\respository_new\xmlenc\xmlenc\0.52\xmlenc-0.52.jar;D:\Java\apache-maven-3.6.3\respository_new\commons-httpclient\commons-httpclient\3.1\commons-httpclient-3.1.jar;D:\Java\apache-maven-3.6.3\respository_new\commons-net\commons-net\3.1\commons-net-3.1.jar;D:\Java\apache-maven-3.6.3\respository_new\org\mortbay\jetty\jetty-sslengine\6.1.26\jetty-sslengine-6.1.26.jar;D:\Java\apache-maven-3.6.3\respository_new\commons-lang\commons-lang\2.6\commons-lang-2.6.jar;D:\Java\apache-maven-3.6.3\respository_new\commons-configuration\commons-configuration\1.6\commons-configuration-1.6.jar;D:\Java\apache-maven-3.6.3\respository_new\commons-digester\commons-digester\1.8\commons-digester-1.8.jar;D:\Java\apache-maven-3.6.3\respository_new\commons-beanutils\commons-beanutils-core\1.8.0\commons-beanutils-core-1.8.0.jar;D:\Java\apache-maven-3.6.3\respository_new\org\codehaus\jackson\jackson-core-asl\1.9.13\jackson-core-asl-1.9.13.jar;D:\Java\apache-maven-3.6.3\respository_new\org\codehaus\jackson\jackson-mapper-asl\1.9.13\jackson-mapper-asl-1.9.13.jar;D:\Java\apache-maven-3.6.3\respository_new\org\apache\avro\avro\1.7.4\avro-1.7.4.jar;D:\Java\apache-maven-3.6.3\respository_new\com\thoughtworks\paranamer\paranamer\2.3\paranamer-2.3.jar;D:\Java\apache-maven-3.6.3\respository_new\com\jcraft\jsch\0.1.54\jsch-0.1.54.jar;D:\Java\apache-maven-3.6.3\respository_new\org\apache\curator\curator-client\2.7.1\curator-client-2.7.1.jar;D:\Java\apache-maven-3.6.3\respository_new\org\apache\curator\curator-recipes\4.2.0\curator-recipes-4.2.0.jar;D:\Java\apache-maven-3.6.3\respository_new\org\apache\htrace\htrace-core\3.1.0-incubating\htrace-core-3.1.0-incubating.jar;D:\Java\apache-maven-3.6.3\respository_new\org\apache\commons\commons-compress\1.4.1\commons-compress-1.4.1.jar;D:\Java\apache-maven-3.6.3\respository_new\org\tukaani\xz\1.0\xz-1.0.jar;D:\Java\apache-maven-3.6.3\respository_new\org\apache\yetus\audience-annotations\0.5.0\audience-annotations-0.5.0.jar;D:\Java\apache-maven-3.6.3\respository_new\junit\junit\4.12\junit-4.12.jar;D:\Java\apache-maven-3.6.3\respository_new\org\hamcrest\hamcrest-core\2.2\hamcrest-core-2.2.jar;D:\Java\apache-maven-3.6.3\respository_new\org\jsoup\jsoup\1.10.2\jsoup-1.10.2.jar;D:\Java\apache-maven-3.6.3\respository_new\joda-time\joda-time\2.10.5\joda-time-2.10.5.jar;D:\Java\apache-maven-3.6.3\respository_new\com\github\xiaoymin\knife4j-spring-boot-starter\2.0.2\knife4j-spring-boot-starter-2.0.2.jar;D:\Java\apache-maven-3.6.3\respository_new\com\github\xiaoymin\knife4j-spring-boot-autoconfigure\2.0.2\knife4j-spring-boot-autoconfigure-2.0.2.jar;D:\Java\apache-maven-3.6.3\respository_new\com\github\xiaoymin\knife4j-spring\2.0.2\knife4j-spring-2.0.2.jar;D:\Java\apache-maven-3.6.3\respository_new\com\github\xiaoymin\knife4j-annotations\2.0.2\knife4j-annotations-2.0.2.jar;D:\Java\apache-maven-3.6.3\respository_new\com\github\xiaoymin\knife4j-core\2.0.2\knife4j-core-2.0.2.jar;D:\Java\apache-maven-3.6.3\respository_new\io\springfox\springfox-bean-validators\2.9.2\springfox-bean-validators-2.9.2.jar;D:\Java\apache-maven-3.6.3\respository_new\com\github\xiaoymin\knife4j-spring-ui\2.0.2\knife4j-spring-ui-2.0.2.jar;D:\Java\apache-maven-3.6.3\respository_new\com\baidu\aip\java-sdk\4.16.2\java-sdk-4.16.2.jar;D:\Java\apache-maven-3.6.3\respository_new\org\json\json\20160810\json-20160810.jar;D:\Java\apache-maven-3.6.3\respository_new\org\slf4j\slf4j-simple\1.7.30\slf4j-simple-1.7.30.jar;D:\Desktop\leadnews\heima-leadnews\heima-leadnews-feign-api\target\heima-leadnews-feign-api-1.0-SNAPSHOT.jar;D:\Java\apache-maven-3.6.3\respository_new\org\springframework\cloud\spring-cloud-starter-openfeign\2.2.7.RELEASE\spring-cloud-starter-openfeign-2.2.7.RELEASE.jar;D:\Java\apache-maven-3.6.3\respository_new\org\springframework\cloud\spring-cloud-starter\2.2.7.RELEASE\spring-cloud-starter-2.2.7.RELEASE.jar;D:\Java\apache-maven-3.6.3\respository_new\org\springframework\security\spring-security-rsa\1.0.9.RELEASE\spring-security-rsa-1.0.9.RELEASE.jar;D:\Java\apache-maven-3.6.3\respository_new\org\bouncycastle\bcpkix-jdk15on\1.64\bcpkix-jdk15on-1.64.jar;D:\Java\apache-maven-3.6.3\respository_new\org\bouncycastle\bcprov-jdk15on\1.64\bcprov-jdk15on-1.64.jar;D:\Java\apache-maven-3.6.3\respository_new\org\springframework\cloud\spring-cloud-openfeign-core\2.2.7.RELEASE\spring-cloud-openfeign-core-2.2.7.RELEASE.jar;D:\Java\apache-maven-3.6.3\respository_new\org\springframework\boot\spring-boot-starter-aop\2.3.9.RELEASE\spring-boot-starter-aop-2.3.9.RELEASE.jar;D:\Java\apache-maven-3.6.3\respository_new\org\aspectj\aspectjweaver\1.9.6\aspectjweaver-1.9.6.jar;D:\Java\apache-maven-3.6.3\respository_new\io\github\openfeign\form\feign-form-spring\3.8.0\feign-form-spring-3.8.0.jar;D:\Java\apache-maven-3.6.3\respository_new\io\github\openfeign\form\feign-form\3.8.0\feign-form-3.8.0.jar;D:\Java\apache-maven-3.6.3\respository_new\commons-fileupload\commons-fileupload\1.4\commons-fileupload-1.4.jar;D:\Java\apache-maven-3.6.3\respository_new\io\github\openfeign\feign-core\10.10.1\feign-core-10.10.1.jar;D:\Java\apache-maven-3.6.3\respository_new\io\github\openfeign\feign-slf4j\10.10.1\feign-slf4j-10.10.1.jar;D:\Java\apache-maven-3.6.3\respository_new\io\github\openfeign\feign-hystrix\10.10.1\feign-hystrix-10.10.1.jar;D:\Java\apache-maven-3.6.3\respository_new\com\netflix\archaius\archaius-core\0.7.7\archaius-core-0.7.7.jar;D:\Java\apache-maven-3.6.3\respository_new\com\netflix\hystrix\hystrix-core\1.5.18\hystrix-core-1.5.18.jar;D:\Java\apache-maven-3.6.3\respository_new\org\springframework\boot\spring-boot-starter-web\2.3.9.RELEASE\spring-boot-starter-web-2.3.9.RELEASE.jar;D:\Java\apache-maven-3.6.3\respository_new\org\springframework\boot\spring-boot-starter-json\2.3.9.RELEASE\spring-boot-starter-json-2.3.9.RELEASE.jar;D:\Java\apache-maven-3.6.3\respository_new\com\fasterxml\jackson\datatype\jackson-datatype-jdk8\2.11.4\jackson-datatype-jdk8-2.11.4.jar;D:\Java\apache-maven-3.6.3\respository_new\com\fasterxml\jackson\datatype\jackson-datatype-jsr310\2.11.4\jackson-datatype-jsr310-2.11.4.jar;D:\Java\apache-maven-3.6.3\respository_new\com\fasterxml\jackson\module\jackson-module-parameter-names\2.11.4\jackson-module-parameter-names-2.11.4.jar;D:\Java\apache-maven-3.6.3\respository_new\org\springframework\boot\spring-boot-starter-tomcat\2.3.9.RELEASE\spring-boot-starter-tomcat-2.3.9.RELEASE.jar;D:\Java\apache-maven-3.6.3\respository_new\org\apache\tomcat\embed\tomcat-embed-core\9.0.43\tomcat-embed-core-9.0.43.jar;D:\Java\apache-maven-3.6.3\respository_new\org\glassfish\jakarta.el\3.0.3\jakarta.el-3.0.3.jar;D:\Java\apache-maven-3.6.3\respository_new\org\apache\tomcat\embed\tomcat-embed-websocket\9.0.43\tomcat-embed-websocket-9.0.43.jar;D:\Java\apache-maven-3.6.3\respository_new\org\springframework\spring-web\5.2.13.RELEASE\spring-web-5.2.13.RELEASE.jar;D:\Java\apache-maven-3.6.3\respository_new\org\springframework\spring-webmvc\5.2.13.RELEASE\spring-webmvc-5.2.13.RELEASE.jar;D:\Java\apache-maven-3.6.3\respository_new\org\springframework\spring-aop\5.2.13.RELEASE\spring-aop-5.2.13.RELEASE.jar;D:\Java\apache-maven-3.6.3\respository_new\org\springframework\spring-expression\5.2.13.RELEASE\spring-expression-5.2.13.RELEASE.jar;D:\Java\apache-maven-3.6.3\respository_new\org\springframework\boot\spring-boot-starter-test\2.3.9.RELEASE\spring-boot-starter-test-2.3.9.RELEASE.jar;D:\Java\apache-maven-3.6.3\respository_new\org\springframework\boot\spring-boot-test-autoconfigure\2.3.9.RELEASE\spring-boot-test-autoconfigure-2.3.9.RELEASE.jar;D:\Java\apache-maven-3.6.3\respository_new\com\jayway\jsonpath\json-path\2.4.0\json-path-2.4.0.jar;D:\Java\apache-maven-3.6.3\respository_new\net\minidev\json-smart\2.3\json-smart-2.3.jar;D:\Java\apache-maven-3.6.3\respository_new\net\minidev\accessors-smart\1.2\accessors-smart-1.2.jar;D:\Java\apache-maven-3.6.3\respository_new\org\ow2\asm\asm\5.0.4\asm-5.0.4.jar;D:\Java\apache-maven-3.6.3\respository_new\jakarta\xml\bind\jakarta.xml.bind-api\2.3.3\jakarta.xml.bind-api-2.3.3.jar;D:\Java\apache-maven-3.6.3\respository_new\jakarta\activation\jakarta.activation-api\1.2.2\jakarta.activation-api-1.2.2.jar;D:\Java\apache-maven-3.6.3\respository_new\org\assertj\assertj-core\3.16.1\assertj-core-3.16.1.jar;D:\Java\apache-maven-3.6.3\respository_new\org\hamcrest\hamcrest\2.2\hamcrest-2.2.jar;D:\Java\apache-maven-3.6.3\respository_new\org\junit\jupiter\junit-jupiter\5.6.3\junit-jupiter-5.6.3.jar;D:\Java\apache-maven-3.6.3\respository_new\org\junit\jupiter\junit-jupiter-api\5.6.3\junit-jupiter-api-5.6.3.jar;D:\Java\apache-maven-3.6.3\respository_new\org\opentest4j\opentest4j\1.2.0\opentest4j-1.2.0.jar;D:\Java\apache-maven-3.6.3\respository_new\org\junit\platform\junit-platform-commons\1.6.3\junit-platform-commons-1.6.3.jar;D:\Java\apache-maven-3.6.3\respository_new\org\junit\jupiter\junit-jupiter-params\5.6.3\junit-jupiter-params-5.6.3.jar;D:\Java\apache-maven-3.6.3\respository_new\org\junit\jupiter\junit-jupiter-engine\5.6.3\junit-jupiter-engine-5.6.3.jar;D:\Java\apache-maven-3.6.3\respository_new\org\junit\vintage\junit-vintage-engine\5.6.3\junit-vintage-engine-5.6.3.jar;D:\Java\apache-maven-3.6.3\respository_new\org\apiguardian\apiguardian-api\1.1.0\apiguardian-api-1.1.0.jar;D:\Java\apache-maven-3.6.3\respository_new\org\junit\platform\junit-platform-engine\1.6.3\junit-platform-engine-1.6.3.jar;D:\Java\apache-maven-3.6.3\respository_new\org\mockito\mockito-core\3.3.3\mockito-core-3.3.3.jar;D:\Java\apache-maven-3.6.3\respository_new\net\bytebuddy\byte-buddy\1.10.20\byte-buddy-1.10.20.jar;D:\Java\apache-maven-3.6.3\respository_new\net\bytebuddy\byte-buddy-agent\1.10.20\byte-buddy-agent-1.10.20.jar;D:\Java\apache-maven-3.6.3\respository_new\org\objenesis\objenesis\2.6\objenesis-2.6.jar;D:\Java\apache-maven-3.6.3\respository_new\org\mockito\mockito-junit-jupiter\3.3.3\mockito-junit-jupiter-3.3.3.jar;D:\Java\apache-maven-3.6.3\respository_new\org\skyscreamer\jsonassert\1.5.0\jsonassert-1.5.0.jar;D:\Java\apache-maven-3.6.3\respository_new\com\vaadin\external\google\android-json\0.0.20131108.vaadin1\android-json-0.0.20131108.vaadin1.jar;D:\Java\apache-maven-3.6.3\respository_new\org\springframework\spring-core\5.2.13.RELEASE\spring-core-5.2.13.RELEASE.jar;D:\Java\apache-maven-3.6.3\respository_new\org\springframework\spring-jcl\5.2.13.RELEASE\spring-jcl-5.2.13.RELEASE.jar;D:\Java\apache-maven-3.6.3\respository_new\org\springframework\spring-test\5.2.13.RELEASE\spring-test-5.2.13.RELEASE.jar;D:\Java\apache-maven-3.6.3\respository_new\org\xmlunit\xmlunit-core\2.7.0\xmlunit-core-2.7.0.jar;D:\Java\apache-maven-3.6.3\respository_new\com\alibaba\cloud\spring-cloud-starter-alibaba-nacos-discovery\2.2.5.RELEASE\spring-cloud-starter-alibaba-nacos-discovery-2.2.5.RELEASE.jar;D:\Java\apache-maven-3.6.3\respository_new\com\alibaba\cloud\spring-cloud-alibaba-commons\2.2.5.RELEASE\spring-cloud-alibaba-commons-2.2.5.RELEASE.jar;D:\Java\apache-maven-3.6.3\respository_new\com\alibaba\nacos\nacos-client\1.4.1\nacos-client-1.4.1.jar;D:\Java\apache-maven-3.6.3\respository_new\com\alibaba\nacos\nacos-common\1.4.1\nacos-common-1.4.1.jar;D:\Java\apache-maven-3.6.3\respository_new\org\apache\httpcomponents\httpasyncclient\4.1.4\httpasyncclient-4.1.4.jar;D:\Java\apache-maven-3.6.3\respository_new\org\apache\httpcomponents\httpcore-nio\4.4.14\httpcore-nio-4.4.14.jar;D:\Java\apache-maven-3.6.3\respository_new\com\alibaba\nacos\nacos-api\1.4.1\nacos-api-1.4.1.jar;D:\Java\apache-maven-3.6.3\respository_new\io\prometheus\simpleclient\0.5.0\simpleclient-0.5.0.jar;D:\Java\apache-maven-3.6.3\respository_new\com\alibaba\spring\spring-context-support\1.0.10\spring-context-support-1.0.10.jar;D:\Java\apache-maven-3.6.3\respository_new\org\springframework\cloud\spring-cloud-commons\2.2.7.RELEASE\spring-cloud-commons-2.2.7.RELEASE.jar;D:\Java\apache-maven-3.6.3\respository_new\org\springframework\security\spring-security-crypto\5.3.8.RELEASE\spring-security-crypto-5.3.8.RELEASE.jar;D:\Java\apache-maven-3.6.3\respository_new\org\springframework\cloud\spring-cloud-context\2.2.7.RELEASE\spring-cloud-context-2.2.7.RELEASE.jar;D:\Java\apache-maven-3.6.3\respository_new\org\springframework\cloud\spring-cloud-starter-netflix-ribbon\2.2.7.RELEASE\spring-cloud-starter-netflix-ribbon-2.2.7.RELEASE.jar;D:\Java\apache-maven-3.6.3\respository_new\org\springframework\cloud\spring-cloud-netflix-ribbon\2.2.7.RELEASE\spring-cloud-netflix-ribbon-2.2.7.RELEASE.jar;D:\Java\apache-maven-3.6.3\respository_new\org\springframework\cloud\spring-cloud-netflix-archaius\2.2.7.RELEASE\spring-cloud-netflix-archaius-2.2.7.RELEASE.jar;D:\Java\apache-maven-3.6.3\respository_new\org\springframework\cloud\spring-cloud-starter-netflix-archaius\2.2.7.RELEASE\spring-cloud-starter-netflix-archaius-2.2.7.RELEASE.jar;D:\Java\apache-maven-3.6.3\respository_new\com\netflix\ribbon\ribbon\2.3.0\ribbon-2.3.0.jar;D:\Java\apache-maven-3.6.3\respository_new\com\netflix\ribbon\ribbon-transport\2.3.0\ribbon-transport-2.3.0.jar;D:\Java\apache-maven-3.6.3\respository_new\io\reactivex\rxnetty-contexts\0.4.9\rxnetty-contexts-0.4.9.jar;D:\Java\apache-maven-3.6.3\respository_new\io\reactivex\rxnetty-servo\0.4.9\rxnetty-servo-0.4.9.jar;D:\Java\apache-maven-3.6.3\respository_new\javax\inject\javax.inject\1\javax.inject-1.jar;D:\Java\apache-maven-3.6.3\respository_new\io\reactivex\rxnetty\0.4.9\rxnetty-0.4.9.jar;D:\Java\apache-maven-3.6.3\respository_new\com\netflix\ribbon\ribbon-core\2.3.0\ribbon-core-2.3.0.jar;D:\Java\apache-maven-3.6.3\respository_new\com\netflix\ribbon\ribbon-httpclient\2.3.0\ribbon-httpclient-2.3.0.jar;D:\Java\apache-maven-3.6.3\respository_new\com\sun\jersey\jersey-client\1.19.1\jersey-client-1.19.1.jar;D:\Java\apache-maven-3.6.3\respository_new\com\sun\jersey\jersey-core\1.19.1\jersey-core-1.19.1.jar;D:\Java\apache-maven-3.6.3\respository_new\javax\ws\rs\jsr311-api\1.1.1\jsr311-api-1.1.1.jar;D:\Java\apache-maven-3.6.3\respository_new\com\sun\jersey\contribs\jersey-apache-client4\1.19.1\jersey-apache-client4-1.19.1.jar;D:\Java\apache-maven-3.6.3\respository_new\com\netflix\servo\servo-core\0.12.21\servo-core-0.12.21.jar;D:\Java\apache-maven-3.6.3\respository_new\com\netflix\netflix-commons\netflix-commons-util\0.3.0\netflix-commons-util-0.3.0.jar;D:\Java\apache-maven-3.6.3\respository_new\com\netflix\ribbon\ribbon-loadbalancer\2.3.0\ribbon-loadbalancer-2.3.0.jar;D:\Java\apache-maven-3.6.3\respository_new\com\netflix\netflix-commons\netflix-statistics\0.1.1\netflix-statistics-0.1.1.jar;D:\Java\apache-maven-3.6.3\respository_new\io\reactivex\rxjava\1.3.8\rxjava-1.3.8.jar;D:\Java\apache-maven-3.6.3\respository_new\com\alibaba\cloud\spring-cloud-starter-alibaba-nacos-config\2.2.5.RELEASE\spring-cloud-starter-alibaba-nacos-config-2.2.5.RELEASE.jar;D:\Java\apache-maven-3.6.3\respository_new\org\springframework\boot\spring-boot-starter-log4j2\2.3.9.RELEASE\spring-boot-starter-log4j2-2.3.9.RELEASE.jar;D:\Java\apache-maven-3.6.3\respository_new\org\apache\logging\log4j\log4j-slf4j-impl\2.13.3\log4j-slf4j-impl-2.13.3.jar;D:\Java\apache-maven-3.6.3\respository_new\org\apache\logging\log4j\log4j-api\2.13.3\log4j-api-2.13.3.jar;D:\Java\apache-maven-3.6.3\respository_new\org\apache\logging\log4j\log4j-core\2.13.3\log4j-core-2.13.3.jar;D:\Java\apache-maven-3.6.3\respository_new\org\apache\logging\log4j\log4j-jul\2.13.3\log4j-jul-2.13.3.jar;D:\Java\apache-maven-3.6.3\respository_new\org\slf4j\jul-to-slf4j\1.7.30\jul-to-slf4j-1.7.30.jar;D:\Java\apache-maven-3.6.3\respository_new\org\projectlombok\lombok\1.18.8\lombok-1.18.8.jar;"/>
    <property name="sun.cpu.endian" value="little"/>
    <property name="user.home" value="C:\Users\juzi"/>
    <property name="user.language" value="zh"/>
    <property name="java.specification.vendor" value="Oracle Corporation"/>
    <property name="java.home" value="D:\Java\jdk-8\jre"/>
    <property name="basedir" value="D:\Desktop\leadnews\heima-leadnews\heima-leadnews-service\heima-leadnews-article"/>
    <property name="file.separator" value="\"/>
    <property name="line.separator" value="&#10;"/>
    <property name="java.vm.specification.vendor" value="Oracle Corporation"/>
    <property name="java.specification.name" value="Java Platform API Specification"/>
    <property name="java.awt.graphicsenv" value="sun.awt.Win32GraphicsEnvironment"/>
    <property name="surefire.real.class.path" value="C:\Users\juzi\AppData\Local\Temp\surefire4601056247461951328\surefirebooter2443357860716609171.jar"/>
    <property name="sun.boot.class.path" value="D:\Java\jdk-8\jre\lib\resources.jar;D:\Java\jdk-8\jre\lib\rt.jar;D:\Java\jdk-8\jre\lib\sunrsasign.jar;D:\Java\jdk-8\jre\lib\jsse.jar;D:\Java\jdk-8\jre\lib\jce.jar;D:\Java\jdk-8\jre\lib\charsets.jar;D:\Java\jdk-8\jre\lib\jfr.jar;D:\Java\jdk-8\jre\classes"/>
    <property name="user.script" value=""/>
    <property name="sun.management.compiler" value="HotSpot 64-Bit Tiered Compilers"/>
    <property name="java.runtime.version" value="1.8.0_45-b14"/>
    <property name="user.name" value="juzi"/>
    <property name="path.separator" value=";"/>
    <property name="os.version" value="6.3"/>
    <property name="java.endorsed.dirs" value="D:\Java\jdk-8\jre\lib\endorsed"/>
    <property name="java.runtime.name" value="Java(TM) SE Runtime Environment"/>
    <property name="file.encoding" value="GBK"/>
    <property name="java.vm.name" value="Java HotSpot(TM) 64-Bit Server VM"/>
    <property name="localRepository" value="D:\Java\apache-maven-3.6.3\respository_new"/>
    <property name="java.vendor.url.bug" value="http://bugreport.sun.com/bugreport/"/>
    <property name="java.io.tmpdir" value="C:\Users\juzi\AppData\Local\Temp\"/>
    <property name="idea.version" value="2021.1.3"/>
    <property name="java.version" value="1.8.0_45"/>
    <property name="user.dir" value="D:\Desktop\leadnews\heima-leadnews\heima-leadnews-service\heima-leadnews-article"/>
    <property name="os.arch" value="amd64"/>
    <property name="java.vm.specification.name" value="Java Virtual Machine Specification"/>
    <property name="java.awt.printerjob" value="sun.awt.windows.WPrinterJob"/>
    <property name="sun.os.patch.level" value=""/>
    <property name="java.library.path" value="D:\Java\jdk-8\jre\bin;C:\WINDOWS\Sun\Java\bin;C:\WINDOWS\system32;C:\WINDOWS;D:\vmware\bin\;&quot;D:\apache-tomcat-8.5.75\bin;&quot;;C:\ProgramData\Oracle\Java\javapath;D:\Java\jdk-8\bin;D:\Desktop\MySQL\bin;C:\Program Files (x86)\MySQL\MySQL Server 5.6\bin;D:\matlab\runtime\win64;D:\matlab\bin;D:\Desktop\Matlab\mingw64\bin;C:\WINDOWS\system32;C:\Program Files\NVIDIA Corporation\NVIDIA NvDLISR;D:\Java\Scala\bin;D:\Java\spark-2.4.3-bin-hadoop2.7\bin;%HADOOP_HOME%\bin;C:\Program Files\Git\cmd;D:\Deskt;p\期末题库\计算机视觉\PCL 1.12.1\3rdParty\VTK\bin;p\NLP\nltk_data;C:\WINDOWS\system32;C:\WINDOWS;C:\WINDOWS\System32\Wbem;C:\WINDOWS\System32\WindowsPowerShell\v1.0\;C:\WINDOWS\System32\OpenSSH\;C:\Program Files\Microsoft SQL Server\Client SDK\ODBC\170\Tools\Binn\;C:\Program Files\Microsoft SQL Server\150\DTS\Binn\;D:\Java\apache-maven-3.6.3\bin;D:\Java\Git\cmd;D:\;C:\Users\juzi\AppData\Local\Programs\Python\Launcher\;C:\Users\juzi\AppData\Local\Microsoft\WindowsApps;C:\Program Files\Bandizip\;D:\PyCharm Setup\PyCharm 2020.2.3\bin;;D:\PyCharm Setup\PyCharm Community Edition 2020.2.3\bin;;C:\Program Files\Azure Data Studio\bin;D:\Anaconda3;D:\Anaconda3\Scripts;D:\Anaconda3\Library\bin;D:\Java\apache-maven-3.6.3\bin;;."/>
    <property name="java.vm.info" value="mixed mode"/>
    <property name="java.vendor" value="Oracle Corporation"/>
    <property name="java.vm.version" value="25.45-b02"/>
    <property name="java.ext.dirs" value="D:\Java\jdk-8\jre\lib\ext;C:\WINDOWS\Sun\Java\lib\ext"/>
    <property name="sun.io.unicode.encoding" value="UnicodeLittle"/>
    <property name="maven.repo.local" value="D:\Java\apache-maven-3.6.3\respository_new"/>
    <property name="java.class.version" value="52.0"/>
  </properties>
  <testcase name="createStaticUrlTest" classname="com.heima.article.test.ArticleFreemarkerTest" time="0">
    <error message="Failed to load ApplicationContext" type="java.lang.IllegalStateException">java.lang.IllegalStateException: Failed to load ApplicationContext
Caused by: org.springframework.beans.factory.UnsatisfiedDependencyException: Error creating bean with name 'articleHomeController': Unsatisfied dependency expressed through field 'apArticleService'; nested exception is org.springframework.beans.factory.UnsatisfiedDependencyException: Error creating bean with name 'apArticleServiceImpl': Unsatisfied dependency expressed through field 'baseMapper'; nested exception is org.springframework.beans.factory.UnsatisfiedDependencyException: Error creating bean with name 'apArticleMapper' defined in file [D:\Desktop\leadnews\heima-leadnews\heima-leadnews-service\heima-leadnews-article\target\classes\com\heima\article\mapper\ApArticleMapper.class]: Unsatisfied dependency expressed through bean property 'sqlSessionFactory'; nested exception is org.springframework.beans.factory.UnsatisfiedDependencyException: Error creating bean with name 'sqlSessionFactory' defined in class path resource [com/baomidou/mybatisplus/autoconfigure/MybatisPlusAutoConfiguration.class]: Unsatisfied dependency expressed through method 'sqlSessionFactory' parameter 0; nested exception is org.springframework.beans.factory.BeanCreationException: Error creating bean with name 'dataSource' defined in class path resource [org/springframework/boot/autoconfigure/jdbc/DataSourceConfiguration$Hikari.class]: Bean instantiation via factory method failed; nested exception is org.springframework.beans.BeanInstantiationException: Failed to instantiate [com.zaxxer.hikari.HikariDataSource]: Factory method 'dataSource' threw exception; nested exception is org.springframework.boot.autoconfigure.jdbc.DataSourceProperties$DataSourceBeanCreationException: Failed to determine a suitable driver class
Caused by: org.springframework.beans.factory.UnsatisfiedDependencyException: Error creating bean with name 'apArticleServiceImpl': Unsatisfied dependency expressed through field 'baseMapper'; nested exception is org.springframework.beans.factory.UnsatisfiedDependencyException: Error creating bean with name 'apArticleMapper' defined in file [D:\Desktop\leadnews\heima-leadnews\heima-leadnews-service\heima-leadnews-article\target\classes\com\heima\article\mapper\ApArticleMapper.class]: Unsatisfied dependency expressed through bean property 'sqlSessionFactory'; nested exception is org.springframework.beans.factory.UnsatisfiedDependencyException: Error creating bean with name 'sqlSessionFactory' defined in class path resource [com/baomidou/mybatisplus/autoconfigure/MybatisPlusAutoConfiguration.class]: Unsatisfied dependency expressed through method 'sqlSessionFactory' parameter 0; nested exception is org.springframework.beans.factory.BeanCreationException: Error creating bean with name 'dataSource' defined in class path resource [org/springframework/boot/autoconfigure/jdbc/DataSourceConfiguration$Hikari.class]: Bean instantiation via factory method failed; nested exception is org.springframework.beans.BeanInstantiationException: Failed to instantiate [com.zaxxer.hikari.HikariDataSource]: Factory method 'dataSource' threw exception; nested exception is org.springframework.boot.autoconfigure.jdbc.DataSourceProperties$DataSourceBeanCreationException: Failed to determine a suitable driver class
Caused by: org.springframework.beans.factory.UnsatisfiedDependencyException: Error creating bean with name 'apArticleMapper' defined in file [D:\Desktop\leadnews\heima-leadnews\heima-leadnews-service\heima-leadnews-article\target\classes\com\heima\article\mapper\ApArticleMapper.class]: Unsatisfied dependency expressed through bean property 'sqlSessionFactory'; nested exception is org.springframework.beans.factory.UnsatisfiedDependencyException: Error creating bean with name 'sqlSessionFactory' defined in class path resource [com/baomidou/mybatisplus/autoconfigure/MybatisPlusAutoConfiguration.class]: Unsatisfied dependency expressed through method 'sqlSessionFactory' parameter 0; nested exception is org.springframework.beans.factory.BeanCreationException: Error creating bean with name 'dataSource' defined in class path resource [org/springframework/boot/autoconfigure/jdbc/DataSourceConfiguration$Hikari.class]: Bean instantiation via factory method failed; nested exception is org.springframework.beans.BeanInstantiationException: Failed to instantiate [com.zaxxer.hikari.HikariDataSource]: Factory method 'dataSource' threw exception; nested exception is org.springframework.boot.autoconfigure.jdbc.DataSourceProperties$DataSourceBeanCreationException: Failed to determine a suitable driver class
Caused by: org.springframework.beans.factory.UnsatisfiedDependencyException: Error creating bean with name 'sqlSessionFactory' defined in class path resource [com/baomidou/mybatisplus/autoconfigure/MybatisPlusAutoConfiguration.class]: Unsatisfied dependency expressed through method 'sqlSessionFactory' parameter 0; nested exception is org.springframework.beans.factory.BeanCreationException: Error creating bean with name 'dataSource' defined in class path resource [org/springframework/boot/autoconfigure/jdbc/DataSourceConfiguration$Hikari.class]: Bean instantiation via factory method failed; nested exception is org.springframework.beans.BeanInstantiationException: Failed to instantiate [com.zaxxer.hikari.HikariDataSource]: Factory method 'dataSource' threw exception; nested exception is org.springframework.boot.autoconfigure.jdbc.DataSourceProperties$DataSourceBeanCreationException: Failed to determine a suitable driver class
Caused by: org.springframework.beans.factory.BeanCreationException: Error creating bean with name 'dataSource' defined in class path resource [org/springframework/boot/autoconfigure/jdbc/DataSourceConfiguration$Hikari.class]: Bean instantiation via factory method failed; nested exception is org.springframework.beans.BeanInstantiationException: Failed to instantiate [com.zaxxer.hikari.HikariDataSource]: Factory method 'dataSource' threw exception; nested exception is org.springframework.boot.autoconfigure.jdbc.DataSourceProperties$DataSourceBeanCreationException: Failed to determine a suitable driver class
Caused by: org.springframework.beans.BeanInstantiationException: Failed to instantiate [com.zaxxer.hikari.HikariDataSource]: Factory method 'dataSource' threw exception; nested exception is org.springframework.boot.autoconfigure.jdbc.DataSourceProperties$DataSourceBeanCreationException: Failed to determine a suitable driver class
Caused by: org.springframework.boot.autoconfigure.jdbc.DataSourceProperties$DataSourceBeanCreationException: Failed to determine a suitable driver class
</error>
    <system-out><![CDATA[2023-12-13 17:45:19.066 [main] DEBUG o.s.b.c.l.ClasspathLoggingApplicationListener - Application started with classpath: [file:/C:/Users/juzi/AppData/Local/Temp/surefire4601056247461951328/surefirebooter2443357860716609171.jar]
2023-12-13 17:45:19.071 [main] DEBUG o.s.boot.SpringApplication - Loading source class org.springframework.cloud.bootstrap.BootstrapImportSelectorConfiguration
2023-12-13 17:45:19.073 [main] DEBUG o.s.b.c.c.ConfigFileApplicationListener - Loaded config file 'file:/D:/Desktop/leadnews/heima-leadnews/heima-leadnews-service/heima-leadnews-article/target/classes/bootstrap.yml' (classpath:/bootstrap.yml)
2023-12-13 17:45:19.118 [main] DEBUG o.s.b.a.l.ConditionEvaluationReportLoggingListener - 


============================
CONDITIONS EVALUATION REPORT
============================


Positive matches:
-----------------

   ConfigurationPropertiesRebinderAutoConfiguration matched:
      - @ConditionalOnBean (types: org.springframework.boot.context.properties.ConfigurationPropertiesBindingPostProcessor; SearchStrategy: all) found bean 'org.springframework.boot.context.properties.ConfigurationPropertiesBindingPostProcessor' (OnBeanCondition)

   ConfigurationPropertiesRebinderAutoConfiguration#configurationPropertiesBeans matched:
      - @ConditionalOnMissingBean (types: org.springframework.cloud.context.properties.ConfigurationPropertiesBeans; SearchStrategy: current) did not find any beans (OnBeanCondition)

   ConfigurationPropertiesRebinderAutoConfiguration#configurationPropertiesRebinder matched:
      - @ConditionalOnMissingBean (types: org.springframework.cloud.context.properties.ConfigurationPropertiesRebinder; SearchStrategy: current) did not find any beans (OnBeanCondition)

   EncryptionBootstrapConfiguration matched:
      - @ConditionalOnClass found required class 'org.springframework.security.crypto.encrypt.TextEncryptor' (OnClassCondition)

   NacosConfigBootstrapConfiguration matched:
      - @ConditionalOnProperty (spring.cloud.nacos.config.enabled) matched (OnPropertyCondition)

   NacosConfigBootstrapConfiguration#nacosConfigManager matched:
      - @ConditionalOnMissingBean (types: com.alibaba.cloud.nacos.NacosConfigManager; SearchStrategy: all) did not find any beans (OnBeanCondition)

   NacosConfigBootstrapConfiguration#nacosConfigProperties matched:
      - @ConditionalOnMissingBean (types: com.alibaba.cloud.nacos.NacosConfigProperties; SearchStrategy: all) did not find any beans (OnBeanCondition)

   PropertyPlaceholderAutoConfiguration#propertySourcesPlaceholderConfigurer matched:
      - @ConditionalOnMissingBean (types: org.springframework.context.support.PropertySourcesPlaceholderConfigurer; SearchStrategy: current) did not find any beans (OnBeanCondition)


Negative matches:
-----------------

   EncryptionBootstrapConfiguration.RsaEncryptionConfiguration:
      Did not match:
         - Keystore nor key found in Environment (EncryptionBootstrapConfiguration.KeyCondition)
      Matched:
         - @ConditionalOnClass found required class 'org.springframework.security.rsa.crypto.RsaSecretEncryptor' (OnClassCondition)

   EncryptionBootstrapConfiguration.VanillaEncryptionConfiguration:
      Did not match:
         - @ConditionalOnMissingClass found unwanted class 'org.springframework.security.rsa.crypto.RsaSecretEncryptor' (OnClassCondition)

   NacosDiscoveryClientConfigServiceBootstrapConfiguration:
      Did not match:
         - @ConditionalOnClass did not find required class 'org.springframework.cloud.config.client.ConfigServicePropertySourceLocator' (OnClassCondition)


Exclusions:
-----------

    None


Unconditional classes:
----------------------

    None



2023-12-13 17:45:20.621 [main] DEBUG o.s.b.c.l.ClasspathLoggingApplicationListener - Application started with classpath: [file:/C:/Users/juzi/AppData/Local/Temp/surefire4601056247461951328/surefirebooter2443357860716609171.jar]

  .   ____          _            __ _ _
 /\\ / ___'_ __ _ _(_)_ __  __ _ \ \ \ \
( ( )\___ | '_ | '_| | '_ \/ _` | \ \ \ \
 \\/  ___)| |_)| | | | | || (_| |  ) ) ) )
  '  |____| .__|_| |_|_| |_\__, | / / / /
 =========|_|==============|___/=/_/_/_/
 :: Spring Boot ::        (v2.3.9.RELEASE)

2023-12-13 17:45:20.630 [main] DEBUG o.s.boot.env.OriginTrackedYamlLoader - Loading from YAML: Byte array resource [leadnews-article]
2023-12-13 17:45:20.631 [main] ERROR c.a.c.n.c.NacosPropertySourceBuilder - parse data from Nacos error,dataId:leadnews-article,data:spring:
  redis:
    host: localhost
    port: 6379
  kafka:
    bootstrap-servers: 192.168.200.130:9092
    producer:
      retries: 10
      key-serializer: org.apache.kafka.common.serialization.StringSerializer
      value-serializer: org.apache.kafka.common.serialization.StringSerializer
    consumer:
      group-id: ${spring.application.name}
      key-deserializer: org.apache.kafka.common.serialization.StringDeserializer
      value-deserializer: org.apache.kafka.common.serialization.StringDeserializer
  datasource:
    driver-class-name: com.mysql.jdbc.Driver
    url: jdbc:mysql://localhost:3306/leadnews_article?useUnicode=true&characterEncoding=UTF-8&serverTimezone=UTC
    username: root
    password: 1305174214
# 设置Mapper接口所对应的XML文件位置，如果你在Mapper接口中有自定义方法，需要进行该配置
mybatis-plus:
  mapper-locations: classpath*:mapper/*.xml
  # 设置别名包扫描路径，通过该属性可以给包中的类注册别名
  type-aliases-package: com.heima.model.article.pojos
  global-config:
    datacenter-id: 1
    workerId: 1

minio:
  accessKey: minio
  secretKey: minio123
  bucket: leadnews
  endpoint: http://192.168.200.130:9000
  readPath: http://192.168.200.130:9000
xxl:
  job:
    admin:
      addresses: http://192.168.200.130:8888/xxl-job-admin
    executor:
      appname: leadnews-hot-article-executor
      port: 9999
kafka:
  hosts: 192.168.200.130:9092
  group: ${spring.application.name}
org.yaml.snakeyaml.error.YAMLException: java.nio.charset.MalformedInputException: Input length = 1
	at org.yaml.snakeyaml.reader.StreamReader.update(StreamReader.java:218)
	at org.yaml.snakeyaml.reader.StreamReader.ensureEnoughData(StreamReader.java:176)
	at org.yaml.snakeyaml.reader.StreamReader.ensureEnoughData(StreamReader.java:171)
	at org.yaml.snakeyaml.reader.StreamReader.peek(StreamReader.java:126)
	at org.yaml.snakeyaml.scanner.ScannerImpl.scanToNextToken(ScannerImpl.java:1177)
	at org.yaml.snakeyaml.scanner.ScannerImpl.fetchMoreTokens(ScannerImpl.java:287)
	at org.yaml.snakeyaml.scanner.ScannerImpl.checkToken(ScannerImpl.java:227)
	at org.yaml.snakeyaml.parser.ParserImpl$ParseImplicitDocumentStart.produce(ParserImpl.java:195)
	at org.yaml.snakeyaml.parser.ParserImpl.peekEvent(ParserImpl.java:158)
	at org.yaml.snakeyaml.parser.ParserImpl.checkEvent(ParserImpl.java:148)
	at org.yaml.snakeyaml.composer.Composer.checkNode(Composer.java:82)
	at org.yaml.snakeyaml.constructor.BaseConstructor.checkData(BaseConstructor.java:123)
	at org.yaml.snakeyaml.Yaml$1.hasNext(Yaml.java:489)
	at org.springframework.beans.factory.config.YamlProcessor.process(YamlProcessor.java:200)
	at org.springframework.beans.factory.config.YamlProcessor.process(YamlProcessor.java:164)
	at org.springframework.boot.env.OriginTrackedYamlLoader.load(OriginTrackedYamlLoader.java:82)
	at org.springframework.boot.env.YamlPropertySourceLoader.load(YamlPropertySourceLoader.java:50)
	at com.alibaba.cloud.nacos.parser.NacosDataParserHandler.parseNacosData(NacosDataParserHandler.java:92)
	at com.alibaba.cloud.nacos.client.NacosPropertySourceBuilder.loadNacosData(NacosPropertySourceBuilder.java:97)
	at com.alibaba.cloud.nacos.client.NacosPropertySourceBuilder.build(NacosPropertySourceBuilder.java:73)
	at com.alibaba.cloud.nacos.client.NacosPropertySourceLocator.loadNacosPropertySource(NacosPropertySourceLocator.java:199)
	at com.alibaba.cloud.nacos.client.NacosPropertySourceLocator.loadNacosDataIfPresent(NacosPropertySourceLocator.java:186)
	at com.alibaba.cloud.nacos.client.NacosPropertySourceLocator.loadApplicationConfiguration(NacosPropertySourceLocator.java:141)
	at com.alibaba.cloud.nacos.client.NacosPropertySourceLocator.locate(NacosPropertySourceLocator.java:103)
	at org.springframework.cloud.bootstrap.config.PropertySourceLocator.locateCollection(PropertySourceLocator.java:52)
	at org.springframework.cloud.bootstrap.config.PropertySourceLocator.locateCollection(PropertySourceLocator.java:47)
	at org.springframework.cloud.bootstrap.config.PropertySourceBootstrapConfiguration.initialize(PropertySourceBootstrapConfiguration.java:98)
	at org.springframework.boot.SpringApplication.applyInitializers(SpringApplication.java:626)
	at org.springframework.boot.SpringApplication.prepareContext(SpringApplication.java:370)
	at org.springframework.boot.SpringApplication.run(SpringApplication.java:314)
	at org.springframework.boot.test.context.SpringBootContextLoader.loadContext(SpringBootContextLoader.java:120)
	at org.springframework.test.context.cache.DefaultCacheAwareContextLoaderDelegate.loadContextInternal(DefaultCacheAwareContextLoaderDelegate.java:99)
	at org.springframework.test.context.cache.DefaultCacheAwareContextLoaderDelegate.loadContext(DefaultCacheAwareContextLoaderDelegate.java:124)
	at org.springframework.test.context.support.DefaultTestContext.getApplicationContext(DefaultTestContext.java:123)
	at org.springframework.test.context.web.ServletTestExecutionListener.setUpRequestContextIfNecessary(ServletTestExecutionListener.java:190)
	at org.springframework.test.context.web.ServletTestExecutionListener.prepareTestInstance(ServletTestExecutionListener.java:132)
	at org.springframework.test.context.TestContextManager.prepareTestInstance(TestContextManager.java:244)
	at org.springframework.test.context.junit4.SpringJUnit4ClassRunner.createTest(SpringJUnit4ClassRunner.java:227)
	at org.springframework.test.context.junit4.SpringJUnit4ClassRunner$1.runReflectiveCall(SpringJUnit4ClassRunner.java:289)
	at org.junit.internal.runners.model.ReflectiveCallable.run(ReflectiveCallable.java:12)
	at org.springframework.test.context.junit4.SpringJUnit4ClassRunner.methodBlock(SpringJUnit4ClassRunner.java:291)
	at org.springframework.test.context.junit4.SpringJUnit4ClassRunner.runChild(SpringJUnit4ClassRunner.java:246)
	at org.springframework.test.context.junit4.SpringJUnit4ClassRunner.runChild(SpringJUnit4ClassRunner.java:97)
	at org.junit.runners.ParentRunner$3.run(ParentRunner.java:290)
	at org.junit.runners.ParentRunner$1.schedule(ParentRunner.java:71)
	at org.junit.runners.ParentRunner.runChildren(ParentRunner.java:288)
	at org.junit.runners.ParentRunner.access$000(ParentRunner.java:58)
	at org.junit.runners.ParentRunner$2.evaluate(ParentRunner.java:268)
	at org.springframework.test.context.junit4.statements.RunBeforeTestClassCallbacks.evaluate(RunBeforeTestClassCallbacks.java:61)
	at org.springframework.test.context.junit4.statements.RunAfterTestClassCallbacks.evaluate(RunAfterTestClassCallbacks.java:70)
	at org.junit.runners.ParentRunner.run(ParentRunner.java:363)
	at org.springframework.test.context.junit4.SpringJUnit4ClassRunner.run(SpringJUnit4ClassRunner.java:190)
	at org.junit.runner.JUnitCore.run(JUnitCore.java:137)
	at org.junit.runner.JUnitCore.run(JUnitCore.java:115)
	at org.junit.vintage.engine.execution.RunnerExecutor.execute(RunnerExecutor.java:43)
	at org.junit.vintage.engine.VintageTestEngine$$Lambda$220/1560702077.accept(Unknown Source)
	at java.util.stream.ForEachOps$ForEachOp$OfRef.accept(ForEachOps.java:184)
	at java.util.stream.ReferencePipeline$3$1.accept(ReferencePipeline.java:193)
	at java.util.Iterator.forEachRemaining(Iterator.java:116)
	at java.util.Spliterators$IteratorSpliterator.forEachRemaining(Spliterators.java:1801)
	at java.util.stream.AbstractPipeline.copyInto(AbstractPipeline.java:512)
	at java.util.stream.AbstractPipeline.wrapAndCopyInto(AbstractPipeline.java:502)
	at java.util.stream.ForEachOps$ForEachOp.evaluateSequential(ForEachOps.java:151)
	at java.util.stream.ForEachOps$ForEachOp$OfRef.evaluateSequential(ForEachOps.java:174)
	at java.util.stream.AbstractPipeline.evaluate(AbstractPipeline.java:234)
	at java.util.stream.ReferencePipeline.forEach(ReferencePipeline.java:418)
	at org.junit.vintage.engine.VintageTestEngine.executeAllChildren(VintageTestEngine.java:82)
	at org.junit.vintage.engine.VintageTestEngine.execute(VintageTestEngine.java:73)
	at org.junit.platform.launcher.core.DefaultLauncher.execute(DefaultLauncher.java:220)
	at org.junit.platform.launcher.core.DefaultLauncher.lambda$execute$6(DefaultLauncher.java:188)
	at org.junit.platform.launcher.core.DefaultLauncher$$Lambda$183/137275020.accept(Unknown Source)
	at org.junit.platform.launcher.core.DefaultLauncher.withInterceptedStreams(DefaultLauncher.java:202)
	at org.junit.platform.launcher.core.DefaultLauncher.execute(DefaultLauncher.java:181)
	at org.junit.platform.launcher.core.DefaultLauncher.execute(DefaultLauncher.java:128)
	at org.apache.maven.surefire.junitplatform.JUnitPlatformProvider.invokeAllTests(JUnitPlatformProvider.java:150)
	at org.apache.maven.surefire.junitplatform.JUnitPlatformProvider.invoke(JUnitPlatformProvider.java:124)
	at org.apache.maven.surefire.booter.ForkedBooter.invokeProviderInSameClassLoader(ForkedBooter.java:384)
	at org.apache.maven.surefire.booter.ForkedBooter.runSuitesInProcess(ForkedBooter.java:345)
	at org.apache.maven.surefire.booter.ForkedBooter.execute(ForkedBooter.java:126)
	at org.apache.maven.surefire.booter.ForkedBooter.main(ForkedBooter.java:418)
Caused by: java.nio.charset.MalformedInputException: Input length = 1
	at java.nio.charset.CoderResult.throwException(CoderResult.java:281)
	at sun.nio.cs.StreamDecoder.implRead(StreamDecoder.java:339)
	at sun.nio.cs.StreamDecoder.read(StreamDecoder.java:178)
	at java.io.InputStreamReader.read(InputStreamReader.java:184)
	at org.yaml.snakeyaml.reader.UnicodeReader.read(UnicodeReader.java:125)
	at org.yaml.snakeyaml.reader.StreamReader.update(StreamReader.java:183)
	... 79 common frames omitted
2023-12-13 17:45:20.637 [main] WARN  c.a.c.n.c.NacosPropertySourceBuilder - Ignore the empty nacos configuration and get it based on dataId[leadnews-article.yml] & group[DEFAULT_GROUP]
2023-12-13 17:45:20.637 [main] INFO  o.s.c.b.c.PropertySourceBootstrapConfiguration - Located property source: [BootstrapPropertySource {name='bootstrapProperties-leadnews-article.yml,DEFAULT_GROUP'}, BootstrapPropertySource {name='bootstrapProperties-leadnews-article,DEFAULT_GROUP'}]
2023-12-13 17:45:20.641 [main] WARN  o.s.b.t.j.DuplicateJsonObjectContextCustomizerFactory$DuplicateJsonObjectContextCustomizer - 

Found multiple occurrences of org.json.JSONObject on the class path:

	jar:file:/D:/Java/apache-maven-3.6.3/respository_new/org/json/json/20160810/json-20160810.jar!/org/json/JSONObject.class
	jar:file:/D:/Java/apache-maven-3.6.3/respository_new/com/vaadin/external/google/android-json/0.0.20131108.vaadin1/android-json-0.0.20131108.vaadin1.jar!/org/json/JSONObject.class

You may wish to exclude one of them to ensure predictable runtime behavior

2023-12-13 17:45:20.643 [main] INFO  c.h.a.test.ArticleFreemarkerTest - No active profile set, falling back to default profiles: default
2023-12-13 17:45:20.643 [main] DEBUG o.s.boot.SpringApplication - Loading source class com.heima.article.ArticleApplication,class org.springframework.cloud.bootstrap.BootstrapApplicationListener$BootstrapMarkerConfiguration
2023-12-13 17:45:20.649 [main] DEBUG o.s.b.c.c.ConfigFileApplicationListener - Loaded config file 'jar:file:/D:/Desktop/leadnews/heima-leadnews/heima-leadnews-common/target/heima-leadnews-common-1.0-SNAPSHOT.jar!/application.yml' (classpath:/application.yml)
2023-12-13 17:45:22.002 [main] INFO  o.s.d.r.c.RepositoryConfigurationDelegate - Multiple Spring Data modules found, entering strict repository configuration mode!
2023-12-13 17:45:22.005 [main] INFO  o.s.d.r.c.RepositoryConfigurationDelegate - Bootstrapping Spring Data Redis repositories in DEFAULT mode.
2023-12-13 17:45:22.029 [main] DEBUG o.s.b.a.AutoConfigurationPackages - @EnableAutoConfiguration was declared on a class in the package 'com.heima.article'. Automatic @Repository and @Entity scanning is enabled.
2023-12-13 17:45:22.040 [main] INFO  o.s.d.r.c.RepositoryConfigurationDelegate - Finished Spring Data repository scanning in 17ms. Found 0 Redis repository interfaces.
2023-12-13 17:45:22.168 [main] WARN  o.s.boot.actuate.endpoint.EndpointId - Endpoint ID 'service-registry' contains invalid characters, please migrate to a valid format.
2023-12-13 17:45:22.435 [main] INFO  o.s.cloud.context.scope.GenericScope - BeanFactory id=ea003425-b958-3d84-91eb-20d0f76852b3
2023-12-13 17:45:23.724 [main] WARN  o.s.w.c.s.GenericWebApplicationContext - Exception encountered during context initialization - cancelling refresh attempt: org.springframework.beans.factory.UnsatisfiedDependencyException: Error creating bean with name 'articleHomeController': Unsatisfied dependency expressed through field 'apArticleService'; nested exception is org.springframework.beans.factory.UnsatisfiedDependencyException: Error creating bean with name 'apArticleServiceImpl': Unsatisfied dependency expressed through field 'baseMapper'; nested exception is org.springframework.beans.factory.UnsatisfiedDependencyException: Error creating bean with name 'apArticleMapper' defined in file [D:\Desktop\leadnews\heima-leadnews\heima-leadnews-service\heima-leadnews-article\target\classes\com\heima\article\mapper\ApArticleMapper.class]: Unsatisfied dependency expressed through bean property 'sqlSessionFactory'; nested exception is org.springframework.beans.factory.UnsatisfiedDependencyException: Error creating bean with name 'sqlSessionFactory' defined in class path resource [com/baomidou/mybatisplus/autoconfigure/MybatisPlusAutoConfiguration.class]: Unsatisfied dependency expressed through method 'sqlSessionFactory' parameter 0; nested exception is org.springframework.beans.factory.BeanCreationException: Error creating bean with name 'dataSource' defined in class path resource [org/springframework/boot/autoconfigure/jdbc/DataSourceConfiguration$Hikari.class]: Bean instantiation via factory method failed; nested exception is org.springframework.beans.BeanInstantiationException: Failed to instantiate [com.zaxxer.hikari.HikariDataSource]: Factory method 'dataSource' threw exception; nested exception is org.springframework.boot.autoconfigure.jdbc.DataSourceProperties$DataSourceBeanCreationException: Failed to determine a suitable driver class
2023-12-13 17:45:23.747 [main] DEBUG o.s.b.c.l.ClasspathLoggingApplicationListener - Application failed to start with classpath: [file:/C:/Users/juzi/AppData/Local/Temp/surefire4601056247461951328/surefirebooter2443357860716609171.jar]
2023-12-13 17:45:23.788 [main] DEBUG o.s.b.a.l.ConditionEvaluationReportLoggingListener - 


============================
CONDITIONS EVALUATION REPORT
============================


Positive matches:
-----------------

   AopAutoConfiguration matched:
      - @ConditionalOnProperty (spring.aop.auto=true) matched (OnPropertyCondition)

   AopAutoConfiguration.AspectJAutoProxyingConfiguration matched:
      - @ConditionalOnClass found required class 'org.aspectj.weaver.Advice' (OnClassCondition)

   AopAutoConfiguration.AspectJAutoProxyingConfiguration.CglibAutoProxyConfiguration matched:
      - @ConditionalOnProperty (spring.aop.proxy-target-class=true) matched (OnPropertyCondition)

   ArchaiusAutoConfiguration matched:
      - @ConditionalOnClass found required classes 'com.netflix.config.ConcurrentCompositeConfiguration', 'org.apache.commons.configuration.ConfigurationBuilder' (OnClassCondition)

   ArchaiusAutoConfiguration.ArchaiusEndpointConfiguration matched:
      - @ConditionalOnClass found required class 'org.springframework.boot.actuate.health.Health' (OnClassCondition)

   ArchaiusAutoConfiguration.PropagateEventsConfiguration matched:
      - @ConditionalOnClass found required class 'org.springframework.cloud.context.environment.EnvironmentChangeEvent' (OnClassCondition)
      - @ConditionalOnProperty (archaius.propagate.environmentChangedEvent) matched (OnPropertyCondition)

   AsyncLoadBalancerAutoConfiguration matched:
      - @ConditionalOnClass found required class 'org.springframework.web.client.AsyncRestTemplate' (OnClassCondition)
      - @ConditionalOnBean (types: org.springframework.cloud.client.loadbalancer.LoadBalancerClient; SearchStrategy: all) found bean 'loadBalancerClient' (OnBeanCondition)

   AutoServiceRegistrationAutoConfiguration matched:
      - @ConditionalOnProperty (spring.cloud.service-registry.auto-registration.enabled) matched (OnPropertyCondition)

   AutoServiceRegistrationConfiguration matched:
      - @ConditionalOnProperty (spring.cloud.service-registry.auto-registration.enabled) matched (OnPropertyCondition)

   CacheMeterBinderProvidersConfiguration matched:
      - @ConditionalOnClass found required class 'io.micrometer.core.instrument.binder.MeterBinder' (OnClassCondition)

   CommonsClientAutoConfiguration.ActuatorConfiguration matched:
      - @ConditionalOnClass found required class 'org.springframework.boot.actuate.endpoint.annotation.Endpoint' (OnClassCondition)
      - @ConditionalOnProperty (spring.cloud.features.enabled) matched (OnPropertyCondition)

   CommonsClientAutoConfiguration.DiscoveryLoadBalancerConfiguration matched:
      - @ConditionalOnClass found required class 'org.springframework.boot.actuate.health.HealthIndicator' (OnClassCondition)
      - @ConditionalOnProperty (spring.cloud.discovery.enabled) matched; @ConditionalOnProperty (spring.cloud.discovery.blocking.enabled) matched (OnPropertyCondition)
      - @ConditionalOnBean (types: org.springframework.cloud.client.discovery.DiscoveryClient; SearchStrategy: all) found beans 'nacosDiscoveryClient', 'simpleDiscoveryClient', 'compositeDiscoveryClient' (OnBeanCondition)

   CommonsClientAutoConfiguration.DiscoveryLoadBalancerConfiguration#discoveryClientHealthIndicator matched:
      - @ConditionalOnProperty (spring.cloud.discovery.client.health-indicator.enabled) matched (OnPropertyCondition)

   CommonsClientAutoConfiguration.DiscoveryLoadBalancerConfiguration#discoveryCompositeHealthContributor matched:
      - @ConditionalOnProperty (spring.cloud.discovery.client.composite-indicator.enabled) matched (OnPropertyCondition)
      - @ConditionalOnBean (types: org.springframework.cloud.client.discovery.health.DiscoveryHealthIndicator; SearchStrategy: all) found bean 'discoveryClientHealthIndicator' (OnBeanCondition)

   CompatibilityVerifierAutoConfiguration matched:
      - @ConditionalOnProperty (spring.cloud.compatibility-verifier.enabled) matched (OnPropertyCondition)

   CompositeMeterRegistryAutoConfiguration matched:
      - @ConditionalOnClass found required class 'io.micrometer.core.instrument.composite.CompositeMeterRegistry' (OnClassCondition)

   ConfigurationPropertiesRebinderAutoConfiguration matched:
      - @ConditionalOnBean (types: org.springframework.boot.context.properties.ConfigurationPropertiesBindingPostProcessor; SearchStrategy: all) found bean 'org.springframework.boot.context.properties.ConfigurationPropertiesBindingPostProcessor' (OnBeanCondition)

   ConfigurationPropertiesRebinderAutoConfiguration#configurationPropertiesBeans matched:
      - @ConditionalOnMissingBean (types: org.springframework.cloud.context.properties.ConfigurationPropertiesBeans; SearchStrategy: current) did not find any beans (OnBeanCondition)

   ConfigurationPropertiesRebinderAutoConfiguration#configurationPropertiesRebinder matched:
      - @ConditionalOnMissingBean (types: org.springframework.cloud.context.properties.ConfigurationPropertiesRebinder; SearchStrategy: current) did not find any beans (OnBeanCondition)

   DataSourceAutoConfiguration matched:
      - @ConditionalOnClass found required classes 'javax.sql.DataSource', 'org.springframework.jdbc.datasource.embedded.EmbeddedDatabaseType' (OnClassCondition)
      - @ConditionalOnMissingBean (types: io.r2dbc.spi.ConnectionFactory; SearchStrategy: all) did not find any beans (OnBeanCondition)

   DataSourceAutoConfiguration.PooledDataSourceConfiguration matched:
      - AnyNestedCondition 1 matched 1 did not; NestedCondition on DataSourceAutoConfiguration.PooledDataSourceCondition.PooledDataSourceAvailable PooledDataSource found supported DataSource; NestedCondition on DataSourceAutoConfiguration.PooledDataSourceCondition.ExplicitType @ConditionalOnProperty (spring.datasource.type) did not find property 'type' (DataSourceAutoConfiguration.PooledDataSourceCondition)
      - @ConditionalOnMissingBean (types: javax.sql.DataSource,javax.sql.XADataSource; SearchStrategy: all) did not find any beans (OnBeanCondition)

   DataSourceConfiguration.Hikari matched:
      - @ConditionalOnClass found required class 'com.zaxxer.hikari.HikariDataSource' (OnClassCondition)
      - @ConditionalOnProperty (spring.datasource.type=com.zaxxer.hikari.HikariDataSource) matched (OnPropertyCondition)
      - @ConditionalOnMissingBean (types: javax.sql.DataSource; SearchStrategy: all) did not find any beans (OnBeanCondition)

   DataSourceHealthContributorAutoConfiguration matched:
      - @ConditionalOnClass found required classes 'org.springframework.jdbc.core.JdbcTemplate', 'org.springframework.jdbc.datasource.lookup.AbstractRoutingDataSource' (OnClassCondition)
      - @ConditionalOnEnabledHealthIndicator management.health.defaults.enabled is considered true (OnEnabledHealthIndicatorCondition)
      - @ConditionalOnBean (types: javax.sql.DataSource; SearchStrategy: all) found bean 'dataSource' (OnBeanCondition)

   DataSourceHealthContributorAutoConfiguration#dbHealthContributor matched:
      - @ConditionalOnMissingBean (names: dbHealthIndicator,dbHealthContributor; SearchStrategy: all) did not find any beans (OnBeanCondition)

   DataSourcePoolMetadataProvidersConfiguration.HikariPoolDataSourceMetadataProviderConfiguration matched:
      - @ConditionalOnClass found required class 'com.zaxxer.hikari.HikariDataSource' (OnClassCondition)

   DataSourcePoolMetricsAutoConfiguration matched:
      - @ConditionalOnClass found required classes 'javax.sql.DataSource', 'io.micrometer.core.instrument.MeterRegistry' (OnClassCondition)
      - @ConditionalOnBean (types: javax.sql.DataSource,io.micrometer.core.instrument.MeterRegistry; SearchStrategy: all) found beans 'simpleMeterRegistry', 'dataSource' (OnBeanCondition)

   DataSourcePoolMetricsAutoConfiguration.DataSourcePoolMetadataMetricsConfiguration matched:
      - @ConditionalOnBean (types: org.springframework.boot.jdbc.metadata.DataSourcePoolMetadataProvider; SearchStrategy: all) found bean 'hikariPoolDataSourceMetadataProvider' (OnBeanCondition)

   DataSourcePoolMetricsAutoConfiguration.HikariDataSourceMetricsConfiguration matched:
      - @ConditionalOnClass found required class 'com.zaxxer.hikari.HikariDataSource' (OnClassCondition)

   DataSourceTransactionManagerAutoConfiguration matched:
      - @ConditionalOnClass found required classes 'org.springframework.jdbc.core.JdbcTemplate', 'org.springframework.transaction.PlatformTransactionManager' (OnClassCondition)

   DataSourceTransactionManagerAutoConfiguration.DataSourceTransactionManagerConfiguration matched:
      - @ConditionalOnSingleCandidate (types: javax.sql.DataSource; SearchStrategy: all) found a primary bean from beans 'dataSource' (OnBeanCondition)

   DataSourceTransactionManagerAutoConfiguration.DataSourceTransactionManagerConfiguration#transactionManager matched:
      - @ConditionalOnMissingBean (types: org.springframework.transaction.PlatformTransactionManager; SearchStrategy: all) did not find any beans (OnBeanCondition)

   DefaultFeignLoadBalancedConfiguration#feignClient matched:
      - @ConditionalOnMissingBean (types: feign.Client; SearchStrategy: all) did not find any beans (OnBeanCondition)

   DiskSpaceHealthContributorAutoConfiguration matched:
      - @ConditionalOnEnabledHealthIndicator management.health.defaults.enabled is considered true (OnEnabledHealthIndicatorCondition)

   DiskSpaceHealthContributorAutoConfiguration#diskSpaceHealthIndicator matched:
      - @ConditionalOnMissingBean (names: diskSpaceHealthIndicator; SearchStrategy: all) did not find any beans (OnBeanCondition)

   DispatcherServletAutoConfiguration matched:
      - @ConditionalOnClass found required class 'org.springframework.web.servlet.DispatcherServlet' (OnClassCondition)
      - found 'session' scope (OnWebApplicationCondition)

   DispatcherServletAutoConfiguration.DispatcherServletConfiguration matched:
      - @ConditionalOnClass found required class 'javax.servlet.ServletRegistration' (OnClassCondition)
      - Default DispatcherServlet did not find dispatcher servlet beans (DispatcherServletAutoConfiguration.DefaultDispatcherServletCondition)

   DispatcherServletAutoConfiguration.DispatcherServletRegistrationConfiguration matched:
      - @ConditionalOnClass found required class 'javax.servlet.ServletRegistration' (OnClassCondition)
      - DispatcherServlet Registration did not find servlet registration bean (DispatcherServletAutoConfiguration.DispatcherServletRegistrationCondition)

   DispatcherServletAutoConfiguration.DispatcherServletRegistrationConfiguration#dispatcherServletRegistration matched:
      - @ConditionalOnBean (names: dispatcherServlet types: org.springframework.web.servlet.DispatcherServlet; SearchStrategy: all) found bean 'dispatcherServlet' (OnBeanCondition)

   EmbeddedWebServerFactoryCustomizerAutoConfiguration matched:
      - @ConditionalOnWebApplication (required) found 'session' scope (OnWebApplicationCondition)

   EmbeddedWebServerFactoryCustomizerAutoConfiguration.TomcatWebServerFactoryCustomizerConfiguration matched:
      - @ConditionalOnClass found required classes 'org.apache.catalina.startup.Tomcat', 'org.apache.coyote.UpgradeProtocol' (OnClassCondition)

   EndpointAutoConfiguration#endpointCachingOperationInvokerAdvisor matched:
      - @ConditionalOnMissingBean (types: org.springframework.boot.actuate.endpoint.invoker.cache.CachingOperationInvokerAdvisor; SearchStrategy: all) did not find any beans (OnBeanCondition)

   EndpointAutoConfiguration#endpointOperationParameterMapper matched:
      - @ConditionalOnMissingBean (types: org.springframework.boot.actuate.endpoint.invoke.ParameterValueMapper; SearchStrategy: all) did not find any beans (OnBeanCondition)

   ErrorMvcAutoConfiguration matched:
      - @ConditionalOnClass found required classes 'javax.servlet.Servlet', 'org.springframework.web.servlet.DispatcherServlet' (OnClassCondition)
      - found 'session' scope (OnWebApplicationCondition)

   ErrorMvcAutoConfiguration#basicErrorController matched:
      - @ConditionalOnMissingBean (types: org.springframework.boot.web.servlet.error.ErrorController; SearchStrategy: current) did not find any beans (OnBeanCondition)

   ErrorMvcAutoConfiguration#errorAttributes matched:
      - @ConditionalOnMissingBean (types: org.springframework.boot.web.servlet.error.ErrorAttributes; SearchStrategy: current) did not find any beans (OnBeanCondition)

   ErrorMvcAutoConfiguration.DefaultErrorViewResolverConfiguration#conventionErrorViewResolver matched:
      - @ConditionalOnBean (types: org.springframework.web.servlet.DispatcherServlet; SearchStrategy: all) found bean 'dispatcherServlet'; @ConditionalOnMissingBean (types: org.springframework.boot.autoconfigure.web.servlet.error.ErrorViewResolver; SearchStrategy: all) did not find any beans (OnBeanCondition)

   ErrorMvcAutoConfiguration.WhitelabelErrorViewConfiguration matched:
      - @ConditionalOnProperty (server.error.whitelabel.enabled) matched (OnPropertyCondition)
      - ErrorTemplate Missing did not find error template view (ErrorMvcAutoConfiguration.ErrorTemplateMissingCondition)

   ErrorMvcAutoConfiguration.WhitelabelErrorViewConfiguration#beanNameViewResolver matched:
      - @ConditionalOnMissingBean (types: org.springframework.web.servlet.view.BeanNameViewResolver; SearchStrategy: all) did not find any beans (OnBeanCondition)

   ErrorMvcAutoConfiguration.WhitelabelErrorViewConfiguration#defaultErrorView matched:
      - @ConditionalOnMissingBean (names: error; SearchStrategy: all) did not find any beans (OnBeanCondition)

   FeignAutoConfiguration matched:
      - @ConditionalOnClass found required class 'feign.Feign' (OnClassCondition)

   FeignAutoConfiguration.HystrixFeignTargeterConfiguration matched:
      - @ConditionalOnClass found required class 'feign.hystrix.HystrixFeign' (OnClassCondition)

   FeignAutoConfiguration.HystrixFeignTargeterConfiguration#feignTargeter matched:
      - @ConditionalOnMissingBean (types: org.springframework.cloud.openfeign.Targeter; SearchStrategy: all) did not find any beans (OnBeanCondition)

   FeignRibbonClientAutoConfiguration matched:
      - @ConditionalOnClass found required classes 'com.netflix.loadbalancer.ILoadBalancer', 'feign.Feign' (OnClassCondition)
      - @ConditionalOnProperty (spring.cloud.loadbalancer.ribbon.enabled) matched (OnPropertyCondition)

   FeignRibbonClientAutoConfiguration#feignRequestOptions matched:
      - @ConditionalOnMissingBean (types: feign.Request$Options; SearchStrategy: all) did not find any beans (OnBeanCondition)

   FeignRibbonClientAutoConfiguration#retryabeCachingLBClientFactory matched:
      - @ConditionalOnClass found required class 'org.springframework.retry.support.RetryTemplate' (OnClassCondition)
      - @ConditionalOnMissingBean (types: org.springframework.cloud.openfeign.ribbon.CachingSpringLoadBalancerFactory; SearchStrategy: all) did not find any beans (OnBeanCondition)

   FreeMarkerAutoConfiguration matched:
      - @ConditionalOnClass found required classes 'freemarker.template.Configuration', 'org.springframework.ui.freemarker.FreeMarkerConfigurationFactory' (OnClassCondition)

   FreeMarkerServletWebConfiguration matched:
      - @ConditionalOnClass found required classes 'javax.servlet.Servlet', 'org.springframework.web.servlet.view.freemarker.FreeMarkerConfigurer' (OnClassCondition)
      - found 'session' scope (OnWebApplicationCondition)

   FreeMarkerServletWebConfiguration#freeMarkerConfigurer matched:
      - @ConditionalOnMissingBean (types: org.springframework.web.servlet.view.freemarker.FreeMarkerConfig; SearchStrategy: all) did not find any beans (OnBeanCondition)

   FreeMarkerServletWebConfiguration#freeMarkerViewResolver matched:
      - @ConditionalOnProperty (spring.freemarker.enabled) matched (OnPropertyCondition)
      - @ConditionalOnMissingBean (names: freeMarkerViewResolver; SearchStrategy: all) did not find any beans (OnBeanCondition)

   GenericCacheConfiguration matched:
      - Cache org.springframework.boot.autoconfigure.cache.GenericCacheConfiguration automatic cache type (CacheCondition)

   GsonAutoConfiguration matched:
      - @ConditionalOnClass found required class 'com.google.gson.Gson' (OnClassCondition)

   GsonAutoConfiguration#gson matched:
      - @ConditionalOnMissingBean (types: com.google.gson.Gson; SearchStrategy: all) did not find any beans (OnBeanCondition)

   GsonAutoConfiguration#gsonBuilder matched:
      - @ConditionalOnMissingBean (types: com.google.gson.GsonBuilder; SearchStrategy: all) did not find any beans (OnBeanCondition)

   GsonHttpMessageConvertersConfiguration matched:
      - @ConditionalOnClass found required class 'com.google.gson.Gson' (OnClassCondition)

   HealthContributorAutoConfiguration#pingHealthContributor matched:
      - @ConditionalOnEnabledHealthIndicator management.health.defaults.enabled is considered true (OnEnabledHealthIndicatorCondition)

   HealthEndpointAutoConfiguration matched:
      - @ConditionalOnAvailableEndpoint no property management.endpoint.health.enabled found so using endpoint default; @ConditionalOnAvailableEndpoint marked as exposed by a 'management.endpoints.web.exposure' property (OnAvailableEndpointCondition)

   HealthEndpointConfiguration#healthContributorRegistry matched:
      - @ConditionalOnMissingBean (types: org.springframework.boot.actuate.health.HealthContributorRegistry; SearchStrategy: all) did not find any beans (OnBeanCondition)

   HealthEndpointConfiguration#healthEndpoint matched:
      - @ConditionalOnMissingBean (types: org.springframework.boot.actuate.health.HealthEndpoint; SearchStrategy: all) did not find any beans (OnBeanCondition)

   HealthEndpointConfiguration#healthEndpointGroups matched:
      - @ConditionalOnMissingBean (types: org.springframework.boot.actuate.health.HealthEndpointGroups; SearchStrategy: all) did not find any beans (OnBeanCondition)

   HealthEndpointConfiguration#healthHttpCodeStatusMapper matched:
      - @ConditionalOnMissingBean (types: org.springframework.boot.actuate.health.HttpCodeStatusMapper; SearchStrategy: all) did not find any beans (OnBeanCondition)

   HealthEndpointConfiguration#healthStatusAggregator matched:
      - @ConditionalOnMissingBean (types: org.springframework.boot.actuate.health.StatusAggregator; SearchStrategy: all) did not find any beans (OnBeanCondition)

   HealthEndpointWebExtensionConfiguration matched:
      - found 'session' scope (OnWebApplicationCondition)
      - @ConditionalOnBean (types: org.springframework.boot.actuate.health.HealthEndpoint; SearchStrategy: all) found bean 'healthEndpoint' (OnBeanCondition)

   HealthEndpointWebExtensionConfiguration#healthEndpointWebExtension matched:
      - @ConditionalOnBean (types: org.springframework.boot.actuate.health.HealthEndpoint; SearchStrategy: all) found bean 'healthEndpoint'; @ConditionalOnMissingBean (types: org.springframework.boot.actuate.health.HealthEndpointWebExtension; SearchStrategy: all) did not find any beans (OnBeanCondition)

   HttpClientConfiguration.ApacheHttpClientConfiguration matched:
      - @ConditionalOnClass found required class 'org.apache.http.client.HttpClient' (OnClassCondition)
      - @ConditionalOnProperty (spring.cloud.httpclientfactories.apache.enabled) matched (OnPropertyCondition)

   HttpClientConfiguration.ApacheHttpClientConfiguration#apacheHttpClientBuilder matched:
      - @ConditionalOnMissingBean (types: org.apache.http.impl.client.HttpClientBuilder; SearchStrategy: all) did not find any beans (OnBeanCondition)

   HttpClientConfiguration.ApacheHttpClientConfiguration#apacheHttpClientFactory matched:
      - @ConditionalOnMissingBean (types: org.springframework.cloud.commons.httpclient.ApacheHttpClientFactory; SearchStrategy: all) did not find any beans (OnBeanCondition)

   HttpClientConfiguration.ApacheHttpClientConfiguration#connManFactory matched:
      - @ConditionalOnMissingBean (types: org.springframework.cloud.commons.httpclient.ApacheHttpClientConnectionManagerFactory; SearchStrategy: all) did not find any beans (OnBeanCondition)

   HttpClientConfiguration.OkHttpClientConfiguration matched:
      - @ConditionalOnClass found required class 'okhttp3.OkHttpClient' (OnClassCondition)
      - @ConditionalOnProperty (spring.cloud.httpclientfactories.ok.enabled) matched (OnPropertyCondition)

   HttpClientConfiguration.OkHttpClientConfiguration#connPoolFactory matched:
      - @ConditionalOnMissingBean (types: org.springframework.cloud.commons.httpclient.OkHttpClientConnectionPoolFactory; SearchStrategy: all) did not find any beans (OnBeanCondition)

   HttpClientConfiguration.OkHttpClientConfiguration#okHttpClientBuilder matched:
      - @ConditionalOnMissingBean (types: okhttp3.OkHttpClient$Builder; SearchStrategy: all) did not find any beans (OnBeanCondition)

   HttpClientConfiguration.OkHttpClientConfiguration#okHttpClientFactory matched:
      - @ConditionalOnMissingBean (types: org.springframework.cloud.commons.httpclient.OkHttpClientFactory; SearchStrategy: all) did not find any beans (OnBeanCondition)

   HttpClientMetricsAutoConfiguration matched:
      - @ConditionalOnClass found required class 'io.micrometer.core.instrument.MeterRegistry' (OnClassCondition)
      - @ConditionalOnBean (types: io.micrometer.core.instrument.MeterRegistry; SearchStrategy: all) found bean 'simpleMeterRegistry' (OnBeanCondition)

   HttpEncodingAutoConfiguration matched:
      - @ConditionalOnClass found required class 'org.springframework.web.filter.CharacterEncodingFilter' (OnClassCondition)
      - found 'session' scope (OnWebApplicationCondition)
      - @ConditionalOnProperty (server.servlet.encoding.enabled) matched (OnPropertyCondition)

   HttpEncodingAutoConfiguration#characterEncodingFilter matched:
      - @ConditionalOnMissingBean (types: org.springframework.web.filter.CharacterEncodingFilter; SearchStrategy: all) did not find any beans (OnBeanCondition)

   HttpMessageConvertersAutoConfiguration matched:
      - @ConditionalOnClass found required class 'org.springframework.http.converter.HttpMessageConverter' (OnClassCondition)
      - NoneNestedConditions 0 matched 1 did not; NestedCondition on HttpMessageConvertersAutoConfiguration.NotReactiveWebApplicationCondition.ReactiveWebApplication did not find reactive web application classes (HttpMessageConvertersAutoConfiguration.NotReactiveWebApplicationCondition)

   HttpMessageConvertersAutoConfiguration#messageConverters matched:
      - @ConditionalOnMissingBean (types: org.springframework.boot.autoconfigure.http.HttpMessageConverters; SearchStrategy: all) did not find any beans (OnBeanCondition)

   HttpMessageConvertersAutoConfiguration.StringHttpMessageConverterConfiguration matched:
      - @ConditionalOnClass found required class 'org.springframework.http.converter.StringHttpMessageConverter' (OnClassCondition)

   HttpMessageConvertersAutoConfiguration.StringHttpMessageConverterConfiguration#stringHttpMessageConverter matched:
      - @ConditionalOnMissingBean (types: org.springframework.http.converter.StringHttpMessageConverter; SearchStrategy: all) did not find any beans (OnBeanCondition)

   InfoContributorAutoConfiguration#envInfoContributor matched:
      - @ConditionalOnEnabledInfoContributor management.info.defaults.enabled is considered true (OnEnabledInfoContributorCondition)

   InfoEndpointAutoConfiguration matched:
      - @ConditionalOnAvailableEndpoint no property management.endpoint.info.enabled found so using endpoint default; @ConditionalOnAvailableEndpoint marked as exposed by a 'management.endpoints.web.exposure' property (OnAvailableEndpointCondition)

   InfoEndpointAutoConfiguration#infoEndpoint matched:
      - @ConditionalOnMissingBean (types: org.springframework.boot.actuate.info.InfoEndpoint; SearchStrategy: all) did not find any beans (OnBeanCondition)

   JacksonAutoConfiguration matched:
      - @ConditionalOnClass found required class 'com.fasterxml.jackson.databind.ObjectMapper' (OnClassCondition)

   JacksonAutoConfiguration.Jackson2ObjectMapperBuilderCustomizerConfiguration matched:
      - @ConditionalOnClass found required class 'org.springframework.http.converter.json.Jackson2ObjectMapperBuilder' (OnClassCondition)

   JacksonAutoConfiguration.JacksonObjectMapperBuilderConfiguration matched:
      - @ConditionalOnClass found required class 'org.springframework.http.converter.json.Jackson2ObjectMapperBuilder' (OnClassCondition)

   JacksonAutoConfiguration.JacksonObjectMapperBuilderConfiguration#jacksonObjectMapperBuilder matched:
      - @ConditionalOnMissingBean (types: org.springframework.http.converter.json.Jackson2ObjectMapperBuilder; SearchStrategy: all) did not find any beans (OnBeanCondition)

   JacksonAutoConfiguration.JacksonObjectMapperConfiguration matched:
      - @ConditionalOnClass found required class 'org.springframework.http.converter.json.Jackson2ObjectMapperBuilder' (OnClassCondition)

   JacksonAutoConfiguration.JacksonObjectMapperConfiguration#jacksonObjectMapper matched:
      - @ConditionalOnMissingBean (types: com.fasterxml.jackson.databind.ObjectMapper; SearchStrategy: all) did not find any beans (OnBeanCondition)

   JacksonAutoConfiguration.ParameterNamesModuleConfiguration matched:
      - @ConditionalOnClass found required class 'com.fasterxml.jackson.module.paramnames.ParameterNamesModule' (OnClassCondition)

   JacksonAutoConfiguration.ParameterNamesModuleConfiguration#parameterNamesModule matched:
      - @ConditionalOnMissingBean (types: com.fasterxml.jackson.module.paramnames.ParameterNamesModule; SearchStrategy: all) did not find any beans (OnBeanCondition)

   JacksonHttpMessageConvertersConfiguration.MappingJackson2HttpMessageConverterConfiguration matched:
      - @ConditionalOnClass found required class 'com.fasterxml.jackson.databind.ObjectMapper' (OnClassCondition)
      - @ConditionalOnProperty (spring.mvc.converters.preferred-json-mapper=jackson) matched (OnPropertyCondition)
      - @ConditionalOnBean (types: com.fasterxml.jackson.databind.ObjectMapper; SearchStrategy: all) found bean 'jacksonObjectMapper' (OnBeanCondition)

   JacksonHttpMessageConvertersConfiguration.MappingJackson2HttpMessageConverterConfiguration#mappingJackson2HttpMessageConverter matched:
      - @ConditionalOnMissingBean (types: org.springframework.http.converter.json.MappingJackson2HttpMessageConverter ignored: org.springframework.hateoas.server.mvc.TypeConstrainedMappingJackson2HttpMessageConverter,org.springframework.data.rest.webmvc.alps.AlpsJsonHttpMessageConverter; SearchStrategy: all) did not find any beans (OnBeanCondition)

   JdbcTemplateAutoConfiguration matched:
      - @ConditionalOnClass found required classes 'javax.sql.DataSource', 'org.springframework.jdbc.core.JdbcTemplate' (OnClassCondition)
      - @ConditionalOnSingleCandidate (types: javax.sql.DataSource; SearchStrategy: all) found a primary bean from beans 'dataSource' (OnBeanCondition)

   JdbcTemplateConfiguration matched:
      - @ConditionalOnMissingBean (types: org.springframework.jdbc.core.JdbcOperations; SearchStrategy: all) did not find any beans (OnBeanCondition)

   JvmMetricsAutoConfiguration matched:
      - @ConditionalOnClass found required class 'io.micrometer.core.instrument.MeterRegistry' (OnClassCondition)
      - @ConditionalOnBean (types: io.micrometer.core.instrument.MeterRegistry; SearchStrategy: all) found bean 'simpleMeterRegistry' (OnBeanCondition)

   JvmMetricsAutoConfiguration#classLoaderMetrics matched:
      - @ConditionalOnMissingBean (types: io.micrometer.core.instrument.binder.jvm.ClassLoaderMetrics; SearchStrategy: all) did not find any beans (OnBeanCondition)

   JvmMetricsAutoConfiguration#jvmGcMetrics matched:
      - @ConditionalOnMissingBean (types: io.micrometer.core.instrument.binder.jvm.JvmGcMetrics; SearchStrategy: all) did not find any beans (OnBeanCondition)

   JvmMetricsAutoConfiguration#jvmMemoryMetrics matched:
      - @ConditionalOnMissingBean (types: io.micrometer.core.instrument.binder.jvm.JvmMemoryMetrics; SearchStrategy: all) did not find any beans (OnBeanCondition)

   JvmMetricsAutoConfiguration#jvmThreadMetrics matched:
      - @ConditionalOnMissingBean (types: io.micrometer.core.instrument.binder.jvm.JvmThreadMetrics; SearchStrategy: all) did not find any beans (OnBeanCondition)

   KafkaAnnotationDrivenConfiguration matched:
      - @ConditionalOnClass found required class 'org.springframework.kafka.annotation.EnableKafka' (OnClassCondition)

   KafkaAnnotationDrivenConfiguration#kafkaListenerContainerFactory matched:
      - @ConditionalOnMissingBean (names: kafkaListenerContainerFactory; SearchStrategy: all) did not find any beans (OnBeanCondition)

   KafkaAnnotationDrivenConfiguration#kafkaListenerContainerFactoryConfigurer matched:
      - @ConditionalOnMissingBean (types: org.springframework.boot.autoconfigure.kafka.ConcurrentKafkaListenerContainerFactoryConfigurer; SearchStrategy: all) did not find any beans (OnBeanCondition)

   KafkaAnnotationDrivenConfiguration.EnableKafkaConfiguration matched:
      - @ConditionalOnMissingBean (names: org.springframework.kafka.config.internalKafkaListenerAnnotationProcessor; SearchStrategy: all) did not find any beans (OnBeanCondition)

   KafkaAutoConfiguration matched:
      - @ConditionalOnClass found required class 'org.springframework.kafka.core.KafkaTemplate' (OnClassCondition)

   KafkaAutoConfiguration#kafkaAdmin matched:
      - @ConditionalOnMissingBean (types: org.springframework.kafka.core.KafkaAdmin; SearchStrategy: all) did not find any beans (OnBeanCondition)

   KafkaAutoConfiguration#kafkaConsumerFactory matched:
      - @ConditionalOnMissingBean (types: org.springframework.kafka.core.ConsumerFactory; SearchStrategy: all) did not find any beans (OnBeanCondition)

   KafkaAutoConfiguration#kafkaProducerFactory matched:
      - @ConditionalOnMissingBean (types: org.springframework.kafka.core.ProducerFactory; SearchStrategy: all) did not find any beans (OnBeanCondition)

   KafkaAutoConfiguration#kafkaProducerListener matched:
      - @ConditionalOnMissingBean (types: org.springframework.kafka.support.ProducerListener; SearchStrategy: all) did not find any beans (OnBeanCondition)

   KafkaAutoConfiguration#kafkaTemplate matched:
      - @ConditionalOnMissingBean (types: org.springframework.kafka.core.KafkaTemplate; SearchStrategy: all) did not find any beans (OnBeanCondition)

   KafkaMetricsAutoConfiguration matched:
      - @ConditionalOnClass found required classes 'io.micrometer.core.instrument.binder.kafka.KafkaClientMetrics', 'org.springframework.kafka.core.ProducerFactory' (OnClassCondition)
      - @ConditionalOnBean (types: io.micrometer.core.instrument.MeterRegistry; SearchStrategy: all) found bean 'simpleMeterRegistry' (OnBeanCondition)

   KafkaMetricsAutoConfiguration.KafkaStreamsMetricsConfiguration matched:
      - @ConditionalOnClass found required classes 'io.micrometer.core.instrument.binder.kafka.KafkaStreamsMetrics', 'org.springframework.kafka.config.StreamsBuilderFactoryBean' (OnClassCondition)

   LegacyHealthEndpointCompatibilityConfiguration#healthAggregator matched:
      - @ConditionalOnMissingBean (types: org.springframework.boot.actuate.health.HealthAggregator; SearchStrategy: all) did not find any beans (OnBeanCondition)

   LegacyHealthEndpointCompatibilityConfiguration#healthIndicatorRegistry matched:
      - @ConditionalOnMissingBean (types: org.springframework.boot.actuate.health.HealthIndicatorRegistry; SearchStrategy: all) did not find any beans (OnBeanCondition)

   LegacyHealthEndpointCompatibilityConfiguration.LegacyReactiveHealthEndpointCompatibilityConfiguration matched:
      - @ConditionalOnClass found required class 'reactor.core.publisher.Mono' (OnClassCondition)

   LegacyHealthEndpointCompatibilityConfiguration.LegacyReactiveHealthEndpointCompatibilityConfiguration#reactiveHealthIndicatorRegistry matched:
      - @ConditionalOnMissingBean (types: org.springframework.boot.actuate.health.ReactiveHealthIndicatorRegistry; SearchStrategy: all) did not find any beans (OnBeanCondition)

   LettuceConnectionConfiguration matched:
      - @ConditionalOnClass found required class 'io.lettuce.core.RedisClient' (OnClassCondition)

   LettuceConnectionConfiguration#lettuceClientResources matched:
      - @ConditionalOnMissingBean (types: io.lettuce.core.resource.ClientResources; SearchStrategy: all) did not find any beans (OnBeanCondition)

   LettuceConnectionConfiguration#redisConnectionFactory matched:
      - @ConditionalOnMissingBean (types: org.springframework.data.redis.connection.RedisConnectionFactory; SearchStrategy: all) did not find any beans (OnBeanCondition)

   LifecycleAutoConfiguration#defaultLifecycleProcessor matched:
      - @ConditionalOnMissingBean (names: lifecycleProcessor; SearchStrategy: current) did not find any beans (OnBeanCondition)

   LifecycleMvcEndpointAutoConfiguration#environmentManager matched:
      - @ConditionalOnMissingBean (types: org.springframework.cloud.context.environment.EnvironmentManager; SearchStrategy: all) did not find any beans (OnBeanCondition)

   LoadBalancerAutoConfiguration matched:
      - @ConditionalOnClass found required class 'org.springframework.web.client.RestTemplate' (OnClassCondition)
      - @ConditionalOnBean (types: org.springframework.cloud.client.loadbalancer.LoadBalancerClient; SearchStrategy: all) found bean 'loadBalancerClient' (OnBeanCondition)

   LoadBalancerAutoConfiguration#loadBalancerRequestFactory matched:
      - @ConditionalOnMissingBean (types: org.springframework.cloud.client.loadbalancer.LoadBalancerRequestFactory; SearchStrategy: all) did not find any beans (OnBeanCondition)

   LoadBalancerAutoConfiguration.RetryAutoConfiguration matched:
      - @ConditionalOnClass found required class 'org.springframework.retry.support.RetryTemplate' (OnClassCondition)

   LoadBalancerAutoConfiguration.RetryInterceptorAutoConfiguration matched:
      - @ConditionalOnClass found required class 'org.springframework.retry.support.RetryTemplate' (OnClassCondition)

   LoadBalancerAutoConfiguration.RetryInterceptorAutoConfiguration#loadBalancerRetryInterceptor matched:
      - @ConditionalOnMissingBean (types: org.springframework.cloud.client.loadbalancer.RetryLoadBalancerInterceptor; SearchStrategy: all) did not find any beans (OnBeanCondition)

   LoadBalancerAutoConfiguration.RetryInterceptorAutoConfiguration#restTemplateCustomizer matched:
      - @ConditionalOnMissingBean (types: org.springframework.cloud.client.loadbalancer.RestTemplateCustomizer; SearchStrategy: all) did not find any beans (OnBeanCondition)

   Log4J2MetricsAutoConfiguration matched:
      - @ConditionalOnClass found required classes 'io.micrometer.core.instrument.binder.logging.Log4j2Metrics', 'org.apache.logging.log4j.LogManager', 'org.apache.logging.log4j.core.LoggerContext' (OnClassCondition)
      - LoggerContext was an instance of org.apache.logging.log4j.core.LoggerContext (Log4J2MetricsAutoConfiguration.Log4JCoreLoggerContextCondition)
      - @ConditionalOnBean (types: io.micrometer.core.instrument.MeterRegistry; SearchStrategy: all) found bean 'simpleMeterRegistry' (OnBeanCondition)

   Log4J2MetricsAutoConfiguration#log4j2Metrics matched:
      - @ConditionalOnMissingBean (types: io.micrometer.core.instrument.binder.logging.Log4j2Metrics; SearchStrategy: all) did not find any beans (OnBeanCondition)

   LogbackMetricsAutoConfiguration matched:
      - @ConditionalOnClass found required classes 'io.micrometer.core.instrument.MeterRegistry', 'ch.qos.logback.classic.LoggerContext', 'org.slf4j.LoggerFactory' (OnClassCondition)
      - LogbackLoggingCondition ILoggerFactory is a Logback LoggerContext (LogbackMetricsAutoConfiguration.LogbackLoggingCondition)
      - @ConditionalOnBean (types: io.micrometer.core.instrument.MeterRegistry; SearchStrategy: all) found bean 'simpleMeterRegistry' (OnBeanCondition)

   LogbackMetricsAutoConfiguration#logbackMetrics matched:
      - @ConditionalOnMissingBean (types: io.micrometer.core.instrument.binder.logging.LogbackMetrics; SearchStrategy: all) did not find any beans (OnBeanCondition)

   ManagementContextAutoConfiguration.SameManagementContextConfiguration matched:
      - Management Port actual port type (SAME) matched required type (OnManagementPortCondition)

   MappingsEndpointAutoConfiguration.ServletWebConfiguration matched:
      - found 'session' scope (OnWebApplicationCondition)

   MappingsEndpointAutoConfiguration.ServletWebConfiguration.SpringMvcConfiguration matched:
      - @ConditionalOnClass found required class 'org.springframework.web.servlet.DispatcherServlet' (OnClassCondition)
      - @ConditionalOnBean (types: org.springframework.web.servlet.DispatcherServlet; SearchStrategy: all) found bean 'dispatcherServlet' (OnBeanCondition)

   MetricsAutoConfiguration matched:
      - @ConditionalOnClass found required class 'io.micrometer.core.annotation.Timed' (OnClassCondition)

   MetricsAutoConfiguration#micrometerClock matched:
      - @ConditionalOnMissingBean (types: io.micrometer.core.instrument.Clock; SearchStrategy: all) did not find any beans (OnBeanCondition)

   MinIOConfig matched:
      - @ConditionalOnClass found required class 'com.heima.file.service.FileStorageService' (OnClassCondition)

   MultipartAutoConfiguration matched:
      - @ConditionalOnClass found required classes 'javax.servlet.Servlet', 'org.springframework.web.multipart.support.StandardServletMultipartResolver', 'javax.servlet.MultipartConfigElement' (OnClassCondition)
      - found 'session' scope (OnWebApplicationCondition)
      - @ConditionalOnProperty (spring.servlet.multipart.enabled) matched (OnPropertyCondition)

   MultipartAutoConfiguration#multipartConfigElement matched:
      - @ConditionalOnMissingBean (types: javax.servlet.MultipartConfigElement,org.springframework.web.multipart.commons.CommonsMultipartResolver; SearchStrategy: all) did not find any beans (OnBeanCondition)

   MultipartAutoConfiguration#multipartResolver matched:
      - @ConditionalOnMissingBean (types: org.springframework.web.multipart.MultipartResolver; SearchStrategy: all) did not find any beans (OnBeanCondition)

   MybatisPlusAutoConfiguration matched:
      - @ConditionalOnClass found required classes 'org.apache.ibatis.session.SqlSessionFactory', 'org.mybatis.spring.SqlSessionFactoryBean' (OnClassCondition)
      - @ConditionalOnSingleCandidate (types: javax.sql.DataSource; SearchStrategy: all) found a primary bean from beans 'dataSource' (OnBeanCondition)

   MybatisPlusAutoConfiguration#sqlSessionFactory matched:
      - @ConditionalOnMissingBean (types: org.apache.ibatis.session.SqlSessionFactory; SearchStrategy: all) did not find any beans (OnBeanCondition)

   MybatisPlusAutoConfiguration#sqlSessionTemplate matched:
      - @ConditionalOnMissingBean (types: org.mybatis.spring.SqlSessionTemplate; SearchStrategy: all) did not find any beans (OnBeanCondition)

   MybatisPlusLanguageDriverAutoConfiguration matched:
      - @ConditionalOnClass found required class 'org.apache.ibatis.scripting.LanguageDriver' (OnClassCondition)

   NacosConfigAutoConfiguration matched:
      - @ConditionalOnProperty (spring.cloud.nacos.config.enabled) matched (OnPropertyCondition)

   NacosConfigEndpointAutoConfiguration matched:
      - @ConditionalOnClass found required class 'org.springframework.boot.actuate.endpoint.annotation.Endpoint' (OnClassCondition)
      - @ConditionalOnWebApplication (required) found 'session' scope (OnWebApplicationCondition)
      - @ConditionalOnProperty (spring.cloud.nacos.config.enabled) matched (OnPropertyCondition)

   NacosConfigEndpointAutoConfiguration#nacosConfigHealthIndicator matched:
      - @ConditionalOnMissingBean (types: com.alibaba.cloud.nacos.endpoint.NacosConfigHealthIndicator; SearchStrategy: all) did not find any beans (OnBeanCondition)
      - @ConditionalOnEnabledHealthIndicator management.health.defaults.enabled is considered true (OnEnabledHealthIndicatorCondition)

   NacosDiscoveryAutoConfiguration matched:
      - @ConditionalOnProperty (spring.cloud.discovery.enabled) matched; @ConditionalOnProperty (spring.cloud.nacos.discovery.enabled) matched (OnPropertyCondition)

   NacosDiscoveryAutoConfiguration#nacosProperties matched:
      - @ConditionalOnMissingBean (types: com.alibaba.cloud.nacos.NacosDiscoveryProperties; SearchStrategy: all) did not find any beans (OnBeanCondition)

   NacosDiscoveryAutoConfiguration#nacosServiceDiscovery matched:
      - @ConditionalOnMissingBean (types: com.alibaba.cloud.nacos.discovery.NacosServiceDiscovery; SearchStrategy: all) did not find any beans (OnBeanCondition)

   NacosDiscoveryClientConfiguration matched:
      - @ConditionalOnProperty (spring.cloud.discovery.enabled) matched; @ConditionalOnProperty (spring.cloud.discovery.blocking.enabled) matched; @ConditionalOnProperty (spring.cloud.nacos.discovery.enabled) matched (OnPropertyCondition)

   NacosDiscoveryClientConfiguration#nacosWatch matched:
      - @ConditionalOnProperty (spring.cloud.nacos.discovery.watch.enabled) matched (OnPropertyCondition)
      - @ConditionalOnMissingBean (types: com.alibaba.cloud.nacos.discovery.NacosWatch; SearchStrategy: all) did not find any beans (OnBeanCondition)

   NacosDiscoveryEndpointAutoConfiguration matched:
      - @ConditionalOnClass found required class 'org.springframework.boot.actuate.endpoint.annotation.Endpoint' (OnClassCondition)
      - @ConditionalOnProperty (spring.cloud.nacos.discovery.enabled) matched (OnPropertyCondition)

   NacosDiscoveryEndpointAutoConfiguration#nacosDiscoveryHealthIndicator matched:
      - @ConditionalOnEnabledHealthIndicator management.health.defaults.enabled is considered true (OnEnabledHealthIndicatorCondition)

   NacosServiceAutoConfiguration matched:
      - @ConditionalOnProperty (spring.cloud.discovery.enabled) matched; @ConditionalOnProperty (spring.cloud.nacos.discovery.enabled) matched (OnPropertyCondition)

   NacosServiceRegistryAutoConfiguration matched:
      - @ConditionalOnProperty (spring.cloud.service-registry.auto-registration.enabled) matched; @ConditionalOnProperty (spring.cloud.nacos.discovery.enabled) matched (OnPropertyCondition)

   NacosServiceRegistryAutoConfiguration#nacosAutoServiceRegistration matched:
      - @ConditionalOnBean (types: org.springframework.cloud.client.serviceregistry.AutoServiceRegistrationProperties; SearchStrategy: all) found bean 'spring.cloud.service-registry.auto-registration-org.springframework.cloud.client.serviceregistry.AutoServiceRegistrationProperties' (OnBeanCondition)

   NacosServiceRegistryAutoConfiguration#nacosRegistration matched:
      - @ConditionalOnBean (types: org.springframework.cloud.client.serviceregistry.AutoServiceRegistrationProperties; SearchStrategy: all) found bean 'spring.cloud.service-registry.auto-registration-org.springframework.cloud.client.serviceregistry.AutoServiceRegistrationProperties' (OnBeanCondition)

   NamedParameterJdbcTemplateConfiguration matched:
      - @ConditionalOnSingleCandidate (types: org.springframework.jdbc.core.JdbcTemplate; SearchStrategy: all) found a primary bean from beans 'jdbcTemplate'; @ConditionalOnMissingBean (types: org.springframework.jdbc.core.namedparam.NamedParameterJdbcOperations; SearchStrategy: all) did not find any beans (OnBeanCondition)

   NoOpCacheConfiguration matched:
      - Cache org.springframework.boot.autoconfigure.cache.NoOpCacheConfiguration automatic cache type (CacheCondition)

   PersistenceExceptionTranslationAutoConfiguration matched:
      - @ConditionalOnClass found required class 'org.springframework.dao.annotation.PersistenceExceptionTranslationPostProcessor' (OnClassCondition)

   PersistenceExceptionTranslationAutoConfiguration#persistenceExceptionTranslationPostProcessor matched:
      - @ConditionalOnProperty (spring.dao.exceptiontranslation.enabled) matched (OnPropertyCondition)
      - @ConditionalOnMissingBean (types: org.springframework.dao.annotation.PersistenceExceptionTranslationPostProcessor; SearchStrategy: all) did not find any beans (OnBeanCondition)

   PropertyPlaceholderAutoConfiguration#propertySourcesPlaceholderConfigurer matched:
      - @ConditionalOnMissingBean (types: org.springframework.context.support.PropertySourcesPlaceholderConfigurer; SearchStrategy: current) did not find any beans (OnBeanCondition)

   ReactiveHealthEndpointConfiguration matched:
      - @ConditionalOnClass found required class 'reactor.core.publisher.Flux' (OnClassCondition)
      - @ConditionalOnBean (types: org.springframework.boot.actuate.health.HealthEndpoint; SearchStrategy: all) found bean 'healthEndpoint' (OnBeanCondition)

   ReactiveHealthEndpointConfiguration#reactiveHealthContributorRegistry matched:
      - @ConditionalOnMissingBean (types: org.springframework.boot.actuate.health.ReactiveHealthContributorRegistry; SearchStrategy: all) did not find any beans (OnBeanCondition)

   RedisAutoConfiguration matched:
      - @ConditionalOnClass found required class 'org.springframework.data.redis.core.RedisOperations' (OnClassCondition)

   RedisAutoConfiguration#redisTemplate matched:
      - @ConditionalOnMissingBean (names: redisTemplate; SearchStrategy: all) did not find any beans (OnBeanCondition)

   RedisAutoConfiguration#stringRedisTemplate matched:
      - @ConditionalOnMissingBean (types: org.springframework.data.redis.core.StringRedisTemplate; SearchStrategy: all) did not find any beans (OnBeanCondition)

   RedisCacheConfiguration matched:
      - @ConditionalOnClass found required class 'org.springframework.data.redis.connection.RedisConnectionFactory' (OnClassCondition)
      - Cache org.springframework.boot.autoconfigure.cache.RedisCacheConfiguration automatic cache type (CacheCondition)

   RedisHealthContributorAutoConfiguration matched:
      - @ConditionalOnClass found required class 'org.springframework.data.redis.connection.RedisConnectionFactory' (OnClassCondition)
      - @ConditionalOnEnabledHealthIndicator management.health.defaults.enabled is considered true (OnEnabledHealthIndicatorCondition)
      - @ConditionalOnBean (types: org.springframework.data.redis.connection.RedisConnectionFactory; SearchStrategy: all) found bean 'redisConnectionFactory' (OnBeanCondition)

   RedisReactiveAutoConfiguration matched:
      - @ConditionalOnClass found required classes 'org.springframework.data.redis.connection.ReactiveRedisConnectionFactory', 'org.springframework.data.redis.core.ReactiveRedisTemplate', 'reactor.core.publisher.Flux' (OnClassCondition)

   RedisReactiveAutoConfiguration#reactiveRedisTemplate matched:
      - @ConditionalOnBean (types: org.springframework.data.redis.connection.ReactiveRedisConnectionFactory; SearchStrategy: all) found bean 'redisConnectionFactory'; @ConditionalOnMissingBean (names: reactiveRedisTemplate; SearchStrategy: all) did not find any beans (OnBeanCondition)

   RedisReactiveAutoConfiguration#reactiveStringRedisTemplate matched:
      - @ConditionalOnBean (types: org.springframework.data.redis.connection.ReactiveRedisConnectionFactory; SearchStrategy: all) found bean 'redisConnectionFactory'; @ConditionalOnMissingBean (names: reactiveStringRedisTemplate; SearchStrategy: all) did not find any beans (OnBeanCondition)

   RedisReactiveHealthContributorAutoConfiguration matched:
      - @ConditionalOnClass found required classes 'org.springframework.data.redis.connection.ReactiveRedisConnectionFactory', 'reactor.core.publisher.Flux' (OnClassCondition)
      - @ConditionalOnEnabledHealthIndicator management.health.defaults.enabled is considered true (OnEnabledHealthIndicatorCondition)
      - @ConditionalOnBean (types: org.springframework.data.redis.connection.ReactiveRedisConnectionFactory; SearchStrategy: all) found bean 'redisConnectionFactory' (OnBeanCondition)

   RedisReactiveHealthContributorAutoConfiguration#redisHealthContributor matched:
      - @ConditionalOnMissingBean (names: redisHealthIndicator,redisHealthContributor; SearchStrategy: all) did not find any beans (OnBeanCondition)

   RedisRepositoriesAutoConfiguration matched:
      - @ConditionalOnClass found required class 'org.springframework.data.redis.repository.configuration.EnableRedisRepositories' (OnClassCondition)
      - @ConditionalOnProperty (spring.data.redis.repositories.enabled=true) matched (OnPropertyCondition)
      - @ConditionalOnBean (types: org.springframework.data.redis.connection.RedisConnectionFactory; SearchStrategy: all) found bean 'redisConnectionFactory'; @ConditionalOnMissingBean (types: org.springframework.data.redis.repository.support.RedisRepositoryFactoryBean; SearchStrategy: all) did not find any beans (OnBeanCondition)

   RefreshAutoConfiguration matched:
      - @ConditionalOnClass found required class 'org.springframework.cloud.context.scope.refresh.RefreshScope' (OnClassCondition)
      - @ConditionalOnProperty (spring.cloud.refresh.enabled) matched (OnPropertyCondition)

   RefreshAutoConfiguration#contextRefresher matched:
      - @ConditionalOnMissingBean (types: org.springframework.cloud.context.refresh.ContextRefresher; SearchStrategy: all) did not find any beans (OnBeanCondition)

   RefreshAutoConfiguration#loggingRebinder matched:
      - @ConditionalOnMissingBean (types: org.springframework.cloud.logging.LoggingRebinder; SearchStrategy: all) did not find any beans (OnBeanCondition)

   RefreshAutoConfiguration#refreshScope matched:
      - @ConditionalOnMissingBean (types: org.springframework.cloud.context.scope.refresh.RefreshScope; SearchStrategy: all) did not find any beans (OnBeanCondition)

   RefreshEndpointAutoConfiguration matched:
      - @ConditionalOnClass found required classes 'org.springframework.boot.actuate.autoconfigure.endpoint.EndpointAutoConfiguration', 'org.springframework.boot.actuate.health.Health' (OnClassCondition)

   RefreshEndpointAutoConfiguration#refreshScopeHealthIndicator matched:
      - @ConditionalOnMissingBean (types: org.springframework.cloud.health.RefreshScopeHealthIndicator; SearchStrategy: all) did not find any beans (OnBeanCondition)
      - @ConditionalOnEnabledHealthIndicator management.health.defaults.enabled is considered true (OnEnabledHealthIndicatorCondition)

   RefreshEndpointAutoConfiguration.RefreshEndpointConfiguration matched:
      - @ConditionalOnBean (types: org.springframework.cloud.bootstrap.config.PropertySourceBootstrapConfiguration; SearchStrategy: all) found bean 'org.springframework.cloud.bootstrap.config.PropertySourceBootstrapConfiguration' (OnBeanCondition)

   RestTemplateAutoConfiguration matched:
      - @ConditionalOnClass found required class 'org.springframework.web.client.RestTemplate' (OnClassCondition)
      - NoneNestedConditions 0 matched 1 did not; NestedCondition on RestTemplateAutoConfiguration.NotReactiveWebApplicationCondition.ReactiveWebApplication did not find reactive web application classes (RestTemplateAutoConfiguration.NotReactiveWebApplicationCondition)

   RestTemplateAutoConfiguration#restTemplateBuilder matched:
      - @ConditionalOnMissingBean (types: org.springframework.boot.web.client.RestTemplateBuilder; SearchStrategy: all) did not find any beans (OnBeanCondition)

   RestTemplateMetricsConfiguration matched:
      - @ConditionalOnClass found required class 'org.springframework.web.client.RestTemplate' (OnClassCondition)
      - @ConditionalOnBean (types: org.springframework.boot.web.client.RestTemplateBuilder; SearchStrategy: all) found bean 'restTemplateBuilder' (OnBeanCondition)

   RestTemplateMetricsConfiguration#restTemplateExchangeTagsProvider matched:
      - @ConditionalOnMissingBean (types: org.springframework.boot.actuate.metrics.web.client.RestTemplateExchangeTagsProvider; SearchStrategy: all) did not find any beans (OnBeanCondition)

   RestartEndpointWithoutIntegrationConfiguration matched:
      - @ConditionalOnMissingClass did not find unwanted class 'org.springframework.integration.monitor.IntegrationMBeanExporter' (OnClassCondition)

   RibbonAutoConfiguration matched:
      - AllNestedConditions 4 matched 0 did not; NestedCondition on RibbonAutoConfiguration.RibbonClassesConditions.RibbonPresent @ConditionalOnClass found required class 'com.netflix.ribbon.Ribbon'; NestedCondition on RibbonAutoConfiguration.RibbonClassesConditions.AsyncRestTemplatePresent @ConditionalOnClass found required class 'org.springframework.web.client.AsyncRestTemplate'; NestedCondition on RibbonAutoConfiguration.RibbonClassesConditions.RestTemplatePresent @ConditionalOnClass found required class 'org.springframework.web.client.RestTemplate'; NestedCondition on RibbonAutoConfiguration.RibbonClassesConditions.IClientPresent @ConditionalOnClass found required class 'com.netflix.client.IClient' (RibbonAutoConfiguration.RibbonClassesConditions)

   RibbonAutoConfiguration#loadBalancedRetryPolicyFactory matched:
      - @ConditionalOnClass found required class 'org.springframework.retry.support.RetryTemplate' (OnClassCondition)
      - @ConditionalOnMissingBean (types: org.springframework.cloud.client.loadbalancer.LoadBalancedRetryFactory; SearchStrategy: all) did not find any beans (OnBeanCondition)

   RibbonAutoConfiguration#loadBalancerClient matched:
      - @ConditionalOnMissingBean (types: org.springframework.cloud.client.loadbalancer.LoadBalancerClient; SearchStrategy: all) did not find any beans (OnBeanCondition)

   RibbonAutoConfiguration#propertiesFactory matched:
      - @ConditionalOnMissingBean (types: org.springframework.cloud.netflix.ribbon.PropertiesFactory; SearchStrategy: all) did not find any beans (OnBeanCondition)

   RibbonAutoConfiguration#springClientFactory matched:
      - @ConditionalOnMissingBean (types: org.springframework.cloud.netflix.ribbon.SpringClientFactory; SearchStrategy: all) did not find any beans (OnBeanCondition)

   RibbonNacosAutoConfiguration matched:
      - @ConditionalOnProperty (ribbon.nacos.enabled) matched; @ConditionalOnProperty (spring.cloud.nacos.discovery.enabled) matched (OnPropertyCondition)
      - @ConditionalOnBean (types: org.springframework.cloud.netflix.ribbon.SpringClientFactory; SearchStrategy: all) found bean 'springClientFactory' (OnBeanCondition)

   ServiceRegistryAutoConfiguration.ServiceRegistryEndpointConfiguration matched:
      - @ConditionalOnClass found required class 'org.springframework.boot.actuate.endpoint.annotation.Endpoint' (OnClassCondition)
      - @ConditionalOnBean (types: org.springframework.cloud.client.serviceregistry.ServiceRegistry; SearchStrategy: all) found bean 'nacosServiceRegistry' (OnBeanCondition)

   ServletEndpointManagementContextConfiguration matched:
      - found 'session' scope (OnWebApplicationCondition)

   ServletEndpointManagementContextConfiguration.WebMvcServletEndpointManagementContextConfiguration matched:
      - @ConditionalOnClass found required class 'org.springframework.web.servlet.DispatcherServlet' (OnClassCondition)

   ServletManagementContextAutoConfiguration matched:
      - @ConditionalOnClass found required class 'javax.servlet.Servlet' (OnClassCondition)
      - found 'session' scope (OnWebApplicationCondition)

   ServletWebServerFactoryAutoConfiguration matched:
      - @ConditionalOnClass found required class 'javax.servlet.ServletRequest' (OnClassCondition)
      - found 'session' scope (OnWebApplicationCondition)

   ServletWebServerFactoryAutoConfiguration#tomcatServletWebServerFactoryCustomizer matched:
      - @ConditionalOnClass found required class 'org.apache.catalina.startup.Tomcat' (OnClassCondition)

   ServletWebServerFactoryConfiguration.EmbeddedTomcat matched:
      - @ConditionalOnClass found required classes 'javax.servlet.Servlet', 'org.apache.catalina.startup.Tomcat', 'org.apache.coyote.UpgradeProtocol' (OnClassCondition)
      - @ConditionalOnMissingBean (types: org.springframework.boot.web.servlet.server.ServletWebServerFactory; SearchStrategy: current) did not find any beans (OnBeanCondition)

   SimpleCacheConfiguration matched:
      - Cache org.springframework.boot.autoconfigure.cache.SimpleCacheConfiguration automatic cache type (CacheCondition)

   SimpleDiscoveryClientAutoConfiguration#simpleDiscoveryProperties matched:
      - @ConditionalOnMissingBean (types: org.springframework.cloud.client.discovery.simple.SimpleDiscoveryProperties; SearchStrategy: all) did not find any beans (OnBeanCondition)

   SimpleMetricsExportAutoConfiguration matched:
      - @ConditionalOnProperty (management.metrics.export.simple.enabled=true) matched (OnPropertyCondition)
      - @ConditionalOnBean (types: io.micrometer.core.instrument.Clock; SearchStrategy: all) found bean 'micrometerClock'; @ConditionalOnMissingBean (types: io.micrometer.core.instrument.MeterRegistry; SearchStrategy: all) did not find any beans (OnBeanCondition)

   SimpleMetricsExportAutoConfiguration#simpleConfig matched:
      - @ConditionalOnMissingBean (types: io.micrometer.core.instrument.simple.SimpleConfig; SearchStrategy: all) did not find any beans (OnBeanCondition)

   SpringDataWebAutoConfiguration matched:
      - @ConditionalOnClass found required classes 'org.springframework.data.web.PageableHandlerMethodArgumentResolver', 'org.springframework.web.servlet.config.annotation.WebMvcConfigurer' (OnClassCondition)
      - found 'session' scope (OnWebApplicationCondition)
      - @ConditionalOnMissingBean (types: org.springframework.data.web.PageableHandlerMethodArgumentResolver; SearchStrategy: all) did not find any beans (OnBeanCondition)

   SpringDataWebAutoConfiguration#pageableCustomizer matched:
      - @ConditionalOnMissingBean (types: org.springframework.data.web.config.PageableHandlerMethodArgumentResolverCustomizer; SearchStrategy: all) did not find any beans (OnBeanCondition)

   SpringDataWebAutoConfiguration#sortCustomizer matched:
      - @ConditionalOnMissingBean (types: org.springframework.data.web.config.SortHandlerMethodArgumentResolverCustomizer; SearchStrategy: all) did not find any beans (OnBeanCondition)

   Swagger2DocumentationConfiguration matched:
      - @ConditionalOnWebApplication (required) found 'session' scope (OnWebApplicationCondition)

   SystemMetricsAutoConfiguration matched:
      - @ConditionalOnClass found required class 'io.micrometer.core.instrument.MeterRegistry' (OnClassCondition)
      - @ConditionalOnBean (types: io.micrometer.core.instrument.MeterRegistry; SearchStrategy: all) found bean 'simpleMeterRegistry' (OnBeanCondition)

   SystemMetricsAutoConfiguration#fileDescriptorMetrics matched:
      - @ConditionalOnMissingBean (types: io.micrometer.core.instrument.binder.system.FileDescriptorMetrics; SearchStrategy: all) did not find any beans (OnBeanCondition)

   SystemMetricsAutoConfiguration#processorMetrics matched:
      - @ConditionalOnMissingBean (types: io.micrometer.core.instrument.binder.system.ProcessorMetrics; SearchStrategy: all) did not find any beans (OnBeanCondition)

   SystemMetricsAutoConfiguration#uptimeMetrics matched:
      - @ConditionalOnMissingBean (types: io.micrometer.core.instrument.binder.system.UptimeMetrics; SearchStrategy: all) did not find any beans (OnBeanCondition)

   TaskExecutionAutoConfiguration matched:
      - @ConditionalOnClass found required class 'org.springframework.scheduling.concurrent.ThreadPoolTaskExecutor' (OnClassCondition)

   TaskExecutionAutoConfiguration#applicationTaskExecutor matched:
      - @ConditionalOnMissingBean (types: java.util.concurrent.Executor; SearchStrategy: all) did not find any beans (OnBeanCondition)

   TaskExecutionAutoConfiguration#taskExecutorBuilder matched:
      - @ConditionalOnMissingBean (types: org.springframework.boot.task.TaskExecutorBuilder; SearchStrategy: all) did not find any beans (OnBeanCondition)

   TaskSchedulingAutoConfiguration matched:
      - @ConditionalOnClass found required class 'org.springframework.scheduling.concurrent.ThreadPoolTaskScheduler' (OnClassCondition)

   TaskSchedulingAutoConfiguration#taskSchedulerBuilder matched:
      - @ConditionalOnMissingBean (types: org.springframework.boot.task.TaskSchedulerBuilder; SearchStrategy: all) did not find any beans (OnBeanCondition)

   TomcatMetricsAutoConfiguration matched:
      - @ConditionalOnClass found required classes 'io.micrometer.core.instrument.binder.tomcat.TomcatMetrics', 'org.apache.catalina.Manager' (OnClassCondition)
      - @ConditionalOnWebApplication (required) found 'session' scope (OnWebApplicationCondition)

   TomcatMetricsAutoConfiguration#tomcatMetricsBinder matched:
      - @ConditionalOnBean (types: io.micrometer.core.instrument.MeterRegistry; SearchStrategy: all) found bean 'simpleMeterRegistry'; @ConditionalOnMissingBean (types: io.micrometer.core.instrument.binder.tomcat.TomcatMetrics,org.springframework.boot.actuate.metrics.web.tomcat.TomcatMetricsBinder; SearchStrategy: all) did not find any beans (OnBeanCondition)

   TransactionAutoConfiguration matched:
      - @ConditionalOnClass found required class 'org.springframework.transaction.PlatformTransactionManager' (OnClassCondition)

   TransactionAutoConfiguration#platformTransactionManagerCustomizers matched:
      - @ConditionalOnMissingBean (types: org.springframework.boot.autoconfigure.transaction.TransactionManagerCustomizers; SearchStrategy: all) did not find any beans (OnBeanCondition)

   TransactionAutoConfiguration.EnableTransactionManagementConfiguration matched:
      - @ConditionalOnBean (types: org.springframework.transaction.TransactionManager; SearchStrategy: all) found bean 'transactionManager'; @ConditionalOnMissingBean (types: org.springframework.transaction.annotation.AbstractTransactionManagementConfiguration; SearchStrategy: all) did not find any beans (OnBeanCondition)

   TransactionAutoConfiguration.EnableTransactionManagementConfiguration.CglibAutoProxyConfiguration matched:
      - @ConditionalOnProperty (spring.aop.proxy-target-class=true) matched (OnPropertyCondition)

   TransactionAutoConfiguration.TransactionTemplateConfiguration matched:
      - @ConditionalOnSingleCandidate (types: org.springframework.transaction.PlatformTransactionManager; SearchStrategy: all) found a primary bean from beans 'transactionManager' (OnBeanCondition)

   TransactionAutoConfiguration.TransactionTemplateConfiguration#transactionTemplate matched:
      - @ConditionalOnMissingBean (types: org.springframework.transaction.support.TransactionOperations; SearchStrategy: all) did not find any beans (OnBeanCondition)

   UtilAutoConfiguration matched:
      - @ConditionalOnProperty (spring.cloud.util.enabled) matched (OnPropertyCondition)

   UtilAutoConfiguration#inetUtils matched:
      - @ConditionalOnMissingBean (types: org.springframework.cloud.commons.util.InetUtils; SearchStrategy: all) did not find any beans (OnBeanCondition)

   ValidationAutoConfiguration matched:
      - @ConditionalOnClass found required class 'javax.validation.executable.ExecutableValidator' (OnClassCondition)
      - @ConditionalOnResource found location classpath:META-INF/services/javax.validation.spi.ValidationProvider (OnResourceCondition)

   ValidationAutoConfiguration#defaultValidator matched:
      - @ConditionalOnMissingBean (types: javax.validation.Validator; SearchStrategy: all) did not find any beans (OnBeanCondition)

   ValidationAutoConfiguration#methodValidationPostProcessor matched:
      - @ConditionalOnMissingBean (types: org.springframework.validation.beanvalidation.MethodValidationPostProcessor; SearchStrategy: all) did not find any beans (OnBeanCondition)

   WebEndpointAutoConfiguration matched:
      - @ConditionalOnWebApplication (required) found 'session' scope (OnWebApplicationCondition)

   WebEndpointAutoConfiguration#controllerEndpointDiscoverer matched:
      - @ConditionalOnMissingBean (types: org.springframework.boot.actuate.endpoint.web.annotation.ControllerEndpointsSupplier; SearchStrategy: all) did not find any beans (OnBeanCondition)

   WebEndpointAutoConfiguration#endpointMediaTypes matched:
      - @ConditionalOnMissingBean (types: org.springframework.boot.actuate.endpoint.web.EndpointMediaTypes; SearchStrategy: all) did not find any beans (OnBeanCondition)

   WebEndpointAutoConfiguration#pathMappedEndpoints matched:
      - @ConditionalOnMissingBean (types: org.springframework.boot.actuate.endpoint.web.PathMappedEndpoints; SearchStrategy: all) did not find any beans (OnBeanCondition)

   WebEndpointAutoConfiguration#webEndpointDiscoverer matched:
      - @ConditionalOnMissingBean (types: org.springframework.boot.actuate.endpoint.web.WebEndpointsSupplier; SearchStrategy: all) did not find any beans (OnBeanCondition)

   WebEndpointAutoConfiguration.WebEndpointServletConfiguration matched:
      - found 'session' scope (OnWebApplicationCondition)

   WebEndpointAutoConfiguration.WebEndpointServletConfiguration#servletEndpointDiscoverer matched:
      - @ConditionalOnMissingBean (types: org.springframework.boot.actuate.endpoint.web.annotation.ServletEndpointsSupplier; SearchStrategy: all) did not find any beans (OnBeanCondition)

   WebMvcAutoConfiguration matched:
      - @ConditionalOnClass found required classes 'javax.servlet.Servlet', 'org.springframework.web.servlet.DispatcherServlet', 'org.springframework.web.servlet.config.annotation.WebMvcConfigurer' (OnClassCondition)
      - found 'session' scope (OnWebApplicationCondition)
      - @ConditionalOnMissingBean (types: org.springframework.web.servlet.config.annotation.WebMvcConfigurationSupport; SearchStrategy: all) did not find any beans (OnBeanCondition)

   WebMvcAutoConfiguration#formContentFilter matched:
      - @ConditionalOnProperty (spring.mvc.formcontent.filter.enabled) matched (OnPropertyCondition)
      - @ConditionalOnMissingBean (types: org.springframework.web.filter.FormContentFilter; SearchStrategy: all) did not find any beans (OnBeanCondition)

   WebMvcAutoConfiguration.WebMvcAutoConfigurationAdapter#defaultViewResolver matched:
      - @ConditionalOnMissingBean (types: org.springframework.web.servlet.view.InternalResourceViewResolver; SearchStrategy: all) did not find any beans (OnBeanCondition)

   WebMvcAutoConfiguration.WebMvcAutoConfigurationAdapter#requestContextFilter matched:
      - @ConditionalOnMissingBean (types: org.springframework.web.context.request.RequestContextListener,org.springframework.web.filter.RequestContextFilter; SearchStrategy: all) did not find any beans (OnBeanCondition)

   WebMvcAutoConfiguration.WebMvcAutoConfigurationAdapter#viewResolver matched:
      - @ConditionalOnBean (types: org.springframework.web.servlet.ViewResolver; SearchStrategy: all) found beans 'defaultViewResolver', 'beanNameViewResolver', 'mvcViewResolver'; @ConditionalOnMissingBean (names: viewResolver types: org.springframework.web.servlet.view.ContentNegotiatingViewResolver; SearchStrategy: all) did not find any beans (OnBeanCondition)

   WebMvcEndpointManagementContextConfiguration matched:
      - @ConditionalOnClass found required class 'org.springframework.web.servlet.DispatcherServlet' (OnClassCondition)
      - found 'session' scope (OnWebApplicationCondition)
      - @ConditionalOnBean (types: org.springframework.web.servlet.DispatcherServlet,org.springframework.boot.actuate.endpoint.web.WebEndpointsSupplier; SearchStrategy: all) found beans 'webEndpointDiscoverer', 'dispatcherServlet' (OnBeanCondition)

   WebMvcEndpointManagementContextConfiguration#controllerEndpointHandlerMapping matched:
      - @ConditionalOnMissingBean (types: org.springframework.boot.actuate.endpoint.web.servlet.ControllerEndpointHandlerMapping; SearchStrategy: all) did not find any beans (OnBeanCondition)

   WebMvcEndpointManagementContextConfiguration#webEndpointServletHandlerMapping matched:
      - @ConditionalOnMissingBean (types: org.springframework.boot.actuate.endpoint.web.servlet.WebMvcEndpointHandlerMapping; SearchStrategy: all) did not find any beans (OnBeanCondition)

   WebMvcMetricsAutoConfiguration matched:
      - @ConditionalOnClass found required class 'org.springframework.web.servlet.DispatcherServlet' (OnClassCondition)
      - found 'session' scope (OnWebApplicationCondition)
      - @ConditionalOnBean (types: io.micrometer.core.instrument.MeterRegistry; SearchStrategy: all) found bean 'simpleMeterRegistry' (OnBeanCondition)

   WebMvcMetricsAutoConfiguration#webMvcTagsProvider matched:
      - @ConditionalOnMissingBean (types: org.springframework.boot.actuate.metrics.web.servlet.WebMvcTagsProvider; SearchStrategy: all) did not find any beans (OnBeanCondition)

   WebSocketServletAutoConfiguration matched:
      - @ConditionalOnClass found required classes 'javax.servlet.Servlet', 'javax.websocket.server.ServerContainer' (OnClassCondition)
      - found 'session' scope (OnWebApplicationCondition)

   WebSocketServletAutoConfiguration.TomcatWebSocketConfiguration matched:
      - @ConditionalOnClass found required classes 'org.apache.catalina.startup.Tomcat', 'org.apache.tomcat.websocket.server.WsSci' (OnClassCondition)

   WebSocketServletAutoConfiguration.TomcatWebSocketConfiguration#websocketServletWebServerCustomizer matched:
      - @ConditionalOnMissingBean (names: websocketServletWebServerCustomizer; SearchStrategy: all) did not find any beans (OnBeanCondition)


Negative matches:
-----------------

   ActiveMQAutoConfiguration:
      Did not match:
         - @ConditionalOnClass did not find required class 'javax.jms.ConnectionFactory' (OnClassCondition)

   AopAutoConfiguration.AspectJAutoProxyingConfiguration.JdkDynamicAutoProxyConfiguration:
      Did not match:
         - @ConditionalOnProperty (spring.aop.proxy-target-class=false) found different value in property 'proxy-target-class' (OnPropertyCondition)

   AopAutoConfiguration.ClassProxyingConfiguration:
      Did not match:
         - @ConditionalOnMissingClass found unwanted class 'org.aspectj.weaver.Advice' (OnClassCondition)

   AppOpticsMetricsExportAutoConfiguration:
      Did not match:
         - @ConditionalOnClass did not find required class 'io.micrometer.appoptics.AppOpticsMeterRegistry' (OnClassCondition)

   ArchaiusAutoConfiguration.ArchaiusEndpointConfiguration#archaiusEndpoint:
      Did not match:
         - @ConditionalOnAvailableEndpoint no property management.endpoint.archaius.enabled found so using endpoint default; @ConditionalOnAvailableEndpoint no 'management.endpoints' property marked it as exposed (OnAvailableEndpointCondition)

   ArtemisAutoConfiguration:
      Did not match:
         - @ConditionalOnClass did not find required class 'javax.jms.ConnectionFactory' (OnClassCondition)

   AtlasMetricsExportAutoConfiguration:
      Did not match:
         - @ConditionalOnClass did not find required class 'io.micrometer.atlas.AtlasMeterRegistry' (OnClassCondition)

   AuditAutoConfiguration:
      Did not match:
         - @ConditionalOnBean (types: org.springframework.boot.actuate.audit.AuditEventRepository; SearchStrategy: all) did not find any beans of type org.springframework.boot.actuate.audit.AuditEventRepository (OnBeanCondition)
      Matched:
         - @ConditionalOnProperty (management.auditevents.enabled) matched (OnPropertyCondition)

   AuditEventsEndpointAutoConfiguration:
      Did not match:
         - @ConditionalOnAvailableEndpoint no property management.endpoint.auditevents.enabled found so using endpoint default; @ConditionalOnAvailableEndpoint no 'management.endpoints' property marked it as exposed (OnAvailableEndpointCondition)

   AvailabilityHealthContributorAutoConfiguration#livenessStateHealthIndicator:
      Did not match:
         - @ConditionalOnProperty (management.health.livenessstate.enabled=true) did not find property 'enabled' (OnPropertyCondition)

   AvailabilityHealthContributorAutoConfiguration#readinessStateHealthIndicator:
      Did not match:
         - @ConditionalOnProperty (management.health.readinessstate.enabled=true) did not find property 'enabled' (OnPropertyCondition)

   AvailabilityProbesAutoConfiguration:
      Did not match:
         - Probes availability not running on a supported cloud platform (AvailabilityProbesAutoConfiguration.ProbesCondition)

   BatchAutoConfiguration:
      Did not match:
         - @ConditionalOnClass did not find required class 'org.springframework.batch.core.launch.JobLauncher' (OnClassCondition)

   BeansEndpointAutoConfiguration:
      Did not match:
         - @ConditionalOnAvailableEndpoint no property management.endpoint.beans.enabled found so using endpoint default; @ConditionalOnAvailableEndpoint no 'management.endpoints' property marked it as exposed (OnAvailableEndpointCondition)

   CacheAutoConfiguration:
      Did not match:
         - @ConditionalOnBean (types: org.springframework.cache.interceptor.CacheAspectSupport; SearchStrategy: all) did not find any beans of type org.springframework.cache.interceptor.CacheAspectSupport (OnBeanCondition)
      Matched:
         - @ConditionalOnClass found required class 'org.springframework.cache.CacheManager' (OnClassCondition)

   CacheAutoConfiguration.CacheManagerEntityManagerFactoryDependsOnPostProcessor:
      Did not match:
         - @ConditionalOnClass did not find required class 'org.springframework.orm.jpa.LocalContainerEntityManagerFactoryBean' (OnClassCondition)
         - Ancestor org.springframework.boot.autoconfigure.cache.CacheAutoConfiguration did not match (ConditionEvaluationReport.AncestorsMatchedCondition)

   CacheMeterBinderProvidersConfiguration.CaffeineCacheMeterBinderProviderConfiguration:
      Did not match:
         - @ConditionalOnClass did not find required class 'com.github.benmanes.caffeine.cache.Cache' (OnClassCondition)

   CacheMeterBinderProvidersConfiguration.EhCache2CacheMeterBinderProviderConfiguration:
      Did not match:
         - @ConditionalOnClass did not find required class 'net.sf.ehcache.Ehcache' (OnClassCondition)

   CacheMeterBinderProvidersConfiguration.HazelcastCacheMeterBinderProviderConfiguration:
      Did not match:
         - @ConditionalOnClass did not find required classes 'com.hazelcast.spring.cache.HazelcastCache', 'com.hazelcast.core.Hazelcast' (OnClassCondition)

   CacheMeterBinderProvidersConfiguration.JCacheCacheMeterBinderProviderConfiguration:
      Did not match:
         - @ConditionalOnClass did not find required class 'javax.cache.CacheManager' (OnClassCondition)

   CacheMetricsAutoConfiguration:
      Did not match:
         - @ConditionalOnBean (types: org.springframework.cache.CacheManager; SearchStrategy: all) did not find any beans of type org.springframework.cache.CacheManager (OnBeanCondition)

   CachesEndpointAutoConfiguration:
      Did not match:
         - @ConditionalOnAvailableEndpoint no property management.endpoint.caches.enabled found so using endpoint default; @ConditionalOnAvailableEndpoint no 'management.endpoints' property marked it as exposed (OnAvailableEndpointCondition)
      Matched:
         - @ConditionalOnClass found required class 'org.springframework.cache.CacheManager' (OnClassCondition)

   CaffeineCacheConfiguration:
      Did not match:
         - @ConditionalOnClass did not find required class 'com.github.benmanes.caffeine.cache.Caffeine' (OnClassCondition)

   CassandraAutoConfiguration:
      Did not match:
         - @ConditionalOnClass did not find required class 'com.datastax.oss.driver.api.core.CqlSession' (OnClassCondition)

   CassandraDataAutoConfiguration:
      Did not match:
         - @ConditionalOnClass did not find required class 'com.datastax.oss.driver.api.core.CqlSession' (OnClassCondition)

   CassandraHealthContributorAutoConfiguration:
      Did not match:
         - @ConditionalOnClass did not find required class 'com.datastax.oss.driver.api.core.CqlSession' (OnClassCondition)

   CassandraReactiveDataAutoConfiguration:
      Did not match:
         - @ConditionalOnClass did not find required class 'com.datastax.oss.driver.api.core.CqlSession' (OnClassCondition)

   CassandraReactiveHealthContributorAutoConfiguration:
      Did not match:
         - @ConditionalOnClass did not find required class 'com.datastax.oss.driver.api.core.CqlSession' (OnClassCondition)

   CassandraReactiveRepositoriesAutoConfiguration:
      Did not match:
         - @ConditionalOnClass did not find required class 'org.springframework.data.cassandra.ReactiveSession' (OnClassCondition)

   CassandraRepositoriesAutoConfiguration:
      Did not match:
         - @ConditionalOnClass did not find required class 'com.datastax.oss.driver.api.core.CqlSession' (OnClassCondition)

   ClientHttpConnectorAutoConfiguration:
      Did not match:
         - @ConditionalOnClass did not find required class 'org.springframework.web.reactive.function.client.WebClient' (OnClassCondition)

   CloudFoundryActuatorAutoConfiguration:
      Did not match:
         - @ConditionalOnCloudPlatform did not find CLOUD_FOUNDRY (OnCloudPlatformCondition)
      Matched:
         - @ConditionalOnClass found required class 'org.springframework.web.servlet.DispatcherServlet' (OnClassCondition)
         - found 'session' scope (OnWebApplicationCondition)
         - @ConditionalOnProperty (management.cloudfoundry.enabled) matched (OnPropertyCondition)

   CloudHypermediaAutoConfiguration:
      Did not match:
         - @ConditionalOnBean (types: org.springframework.cloud.client.hypermedia.RemoteResource; SearchStrategy: all) did not find any beans of type org.springframework.cloud.client.hypermedia.RemoteResource (OnBeanCondition)

   CodecsAutoConfiguration:
      Did not match:
         - @ConditionalOnClass did not find required class 'org.springframework.web.reactive.function.client.WebClient' (OnClassCondition)

   CommonsClientAutoConfiguration.ActuatorConfiguration#featuresEndpoint:
      Did not match:
         - @ConditionalOnAvailableEndpoint no property management.endpoint.features.enabled found so using endpoint default; @ConditionalOnAvailableEndpoint no 'management.endpoints' property marked it as exposed (OnAvailableEndpointCondition)

   CompositeMeterRegistryConfiguration:
      Did not match:
         - NoneNestedConditions 1 matched 1 did not; NestedCondition on CompositeMeterRegistryConfiguration.MultipleNonPrimaryMeterRegistriesCondition.SingleInjectableMeterRegistry @ConditionalOnSingleCandidate (types: io.micrometer.core.instrument.MeterRegistry; SearchStrategy: all) found a primary bean from beans 'simpleMeterRegistry'; NestedCondition on CompositeMeterRegistryConfiguration.MultipleNonPrimaryMeterRegistriesCondition.NoMeterRegistryCondition @ConditionalOnMissingBean (types: io.micrometer.core.instrument.MeterRegistry; SearchStrategy: all) found beans of type 'io.micrometer.core.instrument.MeterRegistry' simpleMeterRegistry (CompositeMeterRegistryConfiguration.MultipleNonPrimaryMeterRegistriesCondition)

   ConditionsReportEndpointAutoConfiguration:
      Did not match:
         - @ConditionalOnAvailableEndpoint no property management.endpoint.conditions.enabled found so using endpoint default; @ConditionalOnAvailableEndpoint no 'management.endpoints' property marked it as exposed (OnAvailableEndpointCondition)

   ConfigurationPropertiesReportEndpointAutoConfiguration:
      Did not match:
         - @ConditionalOnAvailableEndpoint no property management.endpoint.configprops.enabled found so using endpoint default; @ConditionalOnAvailableEndpoint no 'management.endpoints' property marked it as exposed (OnAvailableEndpointCondition)

   ConnectionFactoryHealthContributorAutoConfiguration:
      Did not match:
         - @ConditionalOnClass did not find required class 'io.r2dbc.spi.ConnectionFactory' (OnClassCondition)

   ConnectionPoolMetricsAutoConfiguration:
      Did not match:
         - @ConditionalOnClass did not find required class 'io.r2dbc.pool.ConnectionPool' (OnClassCondition)

   CouchbaseAutoConfiguration:
      Did not match:
         - @ConditionalOnClass did not find required class 'com.couchbase.client.java.Cluster' (OnClassCondition)

   CouchbaseCacheConfiguration:
      Did not match:
         - @ConditionalOnClass did not find required class 'com.couchbase.client.java.Cluster' (OnClassCondition)

   CouchbaseDataAutoConfiguration:
      Did not match:
         - @ConditionalOnClass did not find required class 'com.couchbase.client.java.Bucket' (OnClassCondition)

   CouchbaseHealthContributorAutoConfiguration:
      Did not match:
         - @ConditionalOnClass did not find required class 'com.couchbase.client.java.Cluster' (OnClassCondition)

   CouchbaseReactiveDataAutoConfiguration:
      Did not match:
         - @ConditionalOnClass did not find required class 'com.couchbase.client.java.Cluster' (OnClassCondition)

   CouchbaseReactiveHealthContributorAutoConfiguration:
      Did not match:
         - @ConditionalOnClass did not find required class 'com.couchbase.client.java.Cluster' (OnClassCondition)

   CouchbaseReactiveRepositoriesAutoConfiguration:
      Did not match:
         - @ConditionalOnClass did not find required class 'com.couchbase.client.java.Cluster' (OnClassCondition)

   CouchbaseRepositoriesAutoConfiguration:
      Did not match:
         - @ConditionalOnClass did not find required class 'com.couchbase.client.java.Bucket' (OnClassCondition)

   DataSourceAutoConfiguration.EmbeddedDatabaseConfiguration:
      Did not match:
         - EmbeddedDataSource found supported pooled data source (DataSourceAutoConfiguration.EmbeddedDatabaseCondition)

   DataSourceConfiguration.Dbcp2:
      Did not match:
         - @ConditionalOnClass did not find required class 'org.apache.commons.dbcp2.BasicDataSource' (OnClassCondition)

   DataSourceConfiguration.Generic:
      Did not match:
         - @ConditionalOnProperty (spring.datasource.type) did not find property 'spring.datasource.type' (OnPropertyCondition)

   DataSourceConfiguration.Tomcat:
      Did not match:
         - @ConditionalOnClass did not find required class 'org.apache.tomcat.jdbc.pool.DataSource' (OnClassCondition)

   DataSourceJmxConfiguration:
      Did not match:
         - @ConditionalOnProperty (spring.jmx.enabled=true) found different value in property 'enabled' (OnPropertyCondition)

   DataSourcePoolMetadataProvidersConfiguration.CommonsDbcp2PoolDataSourceMetadataProviderConfiguration:
      Did not match:
         - @ConditionalOnClass did not find required class 'org.apache.commons.dbcp2.BasicDataSource' (OnClassCondition)

   DataSourcePoolMetadataProvidersConfiguration.TomcatDataSourcePoolMetadataProviderConfiguration:
      Did not match:
         - @ConditionalOnClass did not find required class 'org.apache.tomcat.jdbc.pool.DataSource' (OnClassCondition)

   DatadogMetricsExportAutoConfiguration:
      Did not match:
         - @ConditionalOnClass did not find required class 'io.micrometer.datadog.DatadogMeterRegistry' (OnClassCondition)

   DefaultGzipDecoderConfiguration:
      Did not match:
         - @ConditionalOnProperty (feign.compression.response.enabled) did not find property 'feign.compression.response.enabled' (OnPropertyCondition)

   DispatcherServletAutoConfiguration.DispatcherServletConfiguration#multipartResolver:
      Did not match:
         - @ConditionalOnBean (types: org.springframework.web.multipart.MultipartResolver; SearchStrategy: all) did not find any beans of type org.springframework.web.multipart.MultipartResolver (OnBeanCondition)

   DynatraceMetricsExportAutoConfiguration:
      Did not match:
         - @ConditionalOnClass did not find required class 'io.micrometer.dynatrace.DynatraceMeterRegistry' (OnClassCondition)

   EhCacheCacheConfiguration:
      Did not match:
         - @ConditionalOnClass did not find required class 'net.sf.ehcache.Cache' (OnClassCondition)

   ElasticMetricsExportAutoConfiguration:
      Did not match:
         - @ConditionalOnClass did not find required class 'io.micrometer.elastic.ElasticMeterRegistry' (OnClassCondition)

   ElasticSearchReactiveHealthContributorAutoConfiguration:
      Did not match:
         - @ConditionalOnClass did not find required class 'org.springframework.data.elasticsearch.client.reactive.ReactiveElasticsearchClient' (OnClassCondition)

   ElasticSearchRestHealthContributorAutoConfiguration:
      Did not match:
         - @ConditionalOnClass did not find required class 'org.elasticsearch.client.RestClient' (OnClassCondition)

   ElasticsearchDataAutoConfiguration:
      Did not match:
         - @ConditionalOnClass did not find required class 'org.springframework.data.elasticsearch.core.ElasticsearchTemplate' (OnClassCondition)

   ElasticsearchRepositoriesAutoConfiguration:
      Did not match:
         - @ConditionalOnClass did not find required class 'org.elasticsearch.client.Client' (OnClassCondition)

   ElasticsearchRestClientAutoConfiguration:
      Did not match:
         - @ConditionalOnClass did not find required class 'org.elasticsearch.client.RestClient' (OnClassCondition)

   EmbeddedLdapAutoConfiguration:
      Did not match:
         - @ConditionalOnClass did not find required class 'com.unboundid.ldap.listener.InMemoryDirectoryServer' (OnClassCondition)

   EmbeddedMongoAutoConfiguration:
      Did not match:
         - @ConditionalOnClass did not find required class 'com.mongodb.MongoClientSettings' (OnClassCondition)

   EmbeddedWebServerFactoryCustomizerAutoConfiguration.JettyWebServerFactoryCustomizerConfiguration:
      Did not match:
         - @ConditionalOnClass did not find required classes 'org.eclipse.jetty.server.Server', 'org.eclipse.jetty.util.Loader', 'org.eclipse.jetty.webapp.WebAppContext' (OnClassCondition)

   EmbeddedWebServerFactoryCustomizerAutoConfiguration.NettyWebServerFactoryCustomizerConfiguration:
      Did not match:
         - @ConditionalOnClass did not find required class 'reactor.netty.http.server.HttpServer' (OnClassCondition)

   EmbeddedWebServerFactoryCustomizerAutoConfiguration.UndertowWebServerFactoryCustomizerConfiguration:
      Did not match:
         - @ConditionalOnClass did not find required classes 'io.undertow.Undertow', 'org.xnio.SslClientAuthMode' (OnClassCondition)

   EnvironmentEndpointAutoConfiguration:
      Did not match:
         - @ConditionalOnAvailableEndpoint no property management.endpoint.env.enabled found so using endpoint default; @ConditionalOnAvailableEndpoint no 'management.endpoints' property marked it as exposed (OnAvailableEndpointCondition)

   ErrorWebFluxAutoConfiguration:
      Did not match:
         - @ConditionalOnClass did not find required class 'org.springframework.web.reactive.config.WebFluxConfigurer' (OnClassCondition)

   FeignAcceptGzipEncodingAutoConfiguration:
      Did not match:
         - @ConditionalOnProperty (feign.compression.response.enabled) did not find property 'feign.compression.response.enabled' (OnPropertyCondition)
      Matched:
         - @ConditionalOnClass found required class 'feign.Feign' (OnClassCondition)

   FeignAutoConfiguration.CircuitBreakerPresentFeignTargeterConfiguration:
      Did not match:
         - @ConditionalOnProperty (feign.circuitbreaker.enabled) did not find property 'feign.circuitbreaker.enabled' (OnPropertyCondition)
      Matched:
         - @ConditionalOnClass found required class 'org.springframework.cloud.client.circuitbreaker.CircuitBreaker' (OnClassCondition)

   FeignAutoConfiguration.DefaultFeignTargeterConfiguration:
      Did not match:
         - @ConditionalOnMissingClass found unwanted classes 'feign.hystrix.HystrixFeign', 'org.springframework.cloud.client.circuitbreaker.CircuitBreaker' (OnClassCondition)

   FeignAutoConfiguration.FeignJacksonConfiguration:
      Did not match:
         - @ConditionalOnProperty (feign.autoconfiguration.jackson.enabled=true) did not find property 'feign.autoconfiguration.jackson.enabled' (OnPropertyCondition)
      Matched:
         - @ConditionalOnClass found required classes 'com.fasterxml.jackson.databind.Module', 'org.springframework.data.domain.Page', 'org.springframework.data.domain.Sort' (OnClassCondition)

   FeignAutoConfiguration.HttpClientFeignConfiguration:
      Did not match:
         - @ConditionalOnClass did not find required class 'feign.httpclient.ApacheHttpClient' (OnClassCondition)

   FeignAutoConfiguration.OkHttpFeignConfiguration:
      Did not match:
         - @ConditionalOnClass did not find required class 'feign.okhttp.OkHttpClient' (OnClassCondition)

   FeignContentGzipEncodingAutoConfiguration:
      Did not match:
         - @ConditionalOnProperty (feign.compression.request.enabled) did not find property 'feign.compression.request.enabled' (OnPropertyCondition)
      Matched:
         - @ConditionalOnClass found required class 'feign.Feign' (OnClassCondition)

   FeignHalAutoConfiguration:
      Did not match:
         - @ConditionalOnClass did not find required class 'org.springframework.hateoas.RepresentationModel' (OnClassCondition)

   FeignLoadBalancerAutoConfiguration:
      Did not match:
         - @ConditionalOnBean did not find required type 'org.springframework.cloud.loadbalancer.blocking.client.BlockingLoadBalancerClient' (OnBeanCondition)

   FeignRibbonClientAutoConfiguration#cachingLBClientFactory:
      Did not match:
         - @ConditionalOnMissingClass found unwanted class 'org.springframework.retry.support.RetryTemplate' (OnClassCondition)

   FlywayAutoConfiguration:
      Did not match:
         - @ConditionalOnClass did not find required class 'org.flywaydb.core.Flyway' (OnClassCondition)

   FlywayEndpointAutoConfiguration:
      Did not match:
         - @ConditionalOnClass did not find required class 'org.flywaydb.core.Flyway' (OnClassCondition)

   FreeMarkerNonWebConfiguration:
      Did not match:
         - @ConditionalOnWebApplication found 'session' scope and did not find reactive web application classes (OnWebApplicationCondition)

   FreeMarkerReactiveWebConfiguration:
      Did not match:
         - did not find reactive web application classes (OnWebApplicationCondition)

   FreeMarkerServletWebConfiguration#resourceUrlEncodingFilter:
      Did not match:
         - @ConditionalOnEnabledResourceChain did not find class org.webjars.WebJarAssetLocator (OnEnabledResourceChainCondition)

   GangliaMetricsExportAutoConfiguration:
      Did not match:
         - @ConditionalOnClass did not find required class 'io.micrometer.ganglia.GangliaMeterRegistry' (OnClassCondition)

   GraphiteMetricsExportAutoConfiguration:
      Did not match:
         - @ConditionalOnClass did not find required class 'io.micrometer.graphite.GraphiteMeterRegistry' (OnClassCondition)

   GroovyTemplateAutoConfiguration:
      Did not match:
         - @ConditionalOnClass did not find required class 'groovy.text.markup.MarkupTemplateEngine' (OnClassCondition)

   GsonHttpMessageConvertersConfiguration.GsonHttpMessageConverterConfiguration:
      Did not match:
         - AnyNestedCondition 0 matched 2 did not; NestedCondition on GsonHttpMessageConvertersConfiguration.PreferGsonOrJacksonAndJsonbUnavailableCondition.JacksonJsonbUnavailable NoneNestedConditions 1 matched 1 did not; NestedCondition on GsonHttpMessageConvertersConfiguration.JacksonAndJsonbUnavailableCondition.JsonbPreferred @ConditionalOnProperty (spring.mvc.converters.preferred-json-mapper=jsonb) did not find property 'spring.mvc.converters.preferred-json-mapper'; NestedCondition on GsonHttpMessageConvertersConfiguration.JacksonAndJsonbUnavailableCondition.JacksonAvailable @ConditionalOnBean (types: org.springframework.http.converter.json.MappingJackson2HttpMessageConverter; SearchStrategy: all) found bean 'mappingJackson2HttpMessageConverter'; NestedCondition on GsonHttpMessageConvertersConfiguration.PreferGsonOrJacksonAndJsonbUnavailableCondition.GsonPreferred @ConditionalOnProperty (spring.mvc.converters.preferred-json-mapper=gson) did not find property 'spring.mvc.converters.preferred-json-mapper' (GsonHttpMessageConvertersConfiguration.PreferGsonOrJacksonAndJsonbUnavailableCondition)

   H2ConsoleAutoConfiguration:
      Did not match:
         - @ConditionalOnClass did not find required class 'org.h2.server.web.WebServlet' (OnClassCondition)

   HazelcastAutoConfiguration:
      Did not match:
         - @ConditionalOnClass did not find required class 'com.hazelcast.core.HazelcastInstance' (OnClassCondition)

   HazelcastCacheConfiguration:
      Did not match:
         - @ConditionalOnClass did not find required class 'com.hazelcast.core.HazelcastInstance' (OnClassCondition)

   HazelcastHealthContributorAutoConfiguration:
      Did not match:
         - @ConditionalOnClass did not find required class 'com.hazelcast.core.HazelcastInstance' (OnClassCondition)

   HazelcastJpaDependencyAutoConfiguration:
      Did not match:
         - @ConditionalOnClass did not find required class 'com.hazelcast.core.HazelcastInstance' (OnClassCondition)

   HealthEndpointReactiveWebExtensionConfiguration:
      Did not match:
         - did not find reactive web application classes (OnWebApplicationCondition)

   HeapDumpWebEndpointAutoConfiguration:
      Did not match:
         - @ConditionalOnAvailableEndpoint no property management.endpoint.heapdump.enabled found so using endpoint default; @ConditionalOnAvailableEndpoint no 'management.endpoints' property marked it as exposed (OnAvailableEndpointCondition)

   HibernateJpaAutoConfiguration:
      Did not match:
         - @ConditionalOnClass did not find required class 'javax.persistence.EntityManager' (OnClassCondition)

   HibernateMetricsAutoConfiguration:
      Did not match:
         - @ConditionalOnClass did not find required class 'javax.persistence.EntityManagerFactory' (OnClassCondition)

   HttpClientFeignLoadBalancedConfiguration:
      Did not match:
         - @ConditionalOnClass did not find required class 'feign.httpclient.ApacheHttpClient' (OnClassCondition)

   HttpHandlerAutoConfiguration:
      Did not match:
         - @ConditionalOnClass did not find required class 'org.springframework.web.reactive.DispatcherHandler' (OnClassCondition)

   HttpTraceAutoConfiguration:
      Did not match:
         - @ConditionalOnBean (types: org.springframework.boot.actuate.trace.http.HttpTraceRepository; SearchStrategy: all) did not find any beans of type org.springframework.boot.actuate.trace.http.HttpTraceRepository (OnBeanCondition)
      Matched:
         - @ConditionalOnWebApplication (required) found 'session' scope (OnWebApplicationCondition)
         - @ConditionalOnProperty (management.trace.http.enabled) matched (OnPropertyCondition)

   HttpTraceAutoConfiguration.ReactiveTraceFilterConfiguration:
      Did not match:
         - did not find reactive web application classes (OnWebApplicationCondition)
         - Ancestor org.springframework.boot.actuate.autoconfigure.trace.http.HttpTraceAutoConfiguration did not match (ConditionEvaluationReport.AncestorsMatchedCondition)

   HttpTraceAutoConfiguration.ServletTraceFilterConfiguration:
      Did not match:
         - Ancestor org.springframework.boot.actuate.autoconfigure.trace.http.HttpTraceAutoConfiguration did not match (ConditionEvaluationReport.AncestorsMatchedCondition)
      Matched:
         - found 'session' scope (OnWebApplicationCondition)

   HttpTraceEndpointAutoConfiguration:
      Did not match:
         - @ConditionalOnAvailableEndpoint no property management.endpoint.httptrace.enabled found so using endpoint default; @ConditionalOnAvailableEndpoint no 'management.endpoints' property marked it as exposed (OnAvailableEndpointCondition)

   HumioMetricsExportAutoConfiguration:
      Did not match:
         - @ConditionalOnClass did not find required class 'io.micrometer.humio.HumioMeterRegistry' (OnClassCondition)

   HypermediaAutoConfiguration:
      Did not match:
         - @ConditionalOnClass did not find required class 'org.springframework.hateoas.EntityModel' (OnClassCondition)

   InfinispanCacheConfiguration:
      Did not match:
         - @ConditionalOnClass did not find required class 'org.infinispan.spring.embedded.provider.SpringEmbeddedCacheManager' (OnClassCondition)

   InfluxDbAutoConfiguration:
      Did not match:
         - @ConditionalOnClass did not find required class 'org.influxdb.InfluxDB' (OnClassCondition)

   InfluxDbHealthContributorAutoConfiguration:
      Did not match:
         - @ConditionalOnClass did not find required class 'org.influxdb.InfluxDB' (OnClassCondition)

   InfluxMetricsExportAutoConfiguration:
      Did not match:
         - @ConditionalOnClass did not find required class 'io.micrometer.influx.InfluxMeterRegistry' (OnClassCondition)

   InfoContributorAutoConfiguration#buildInfoContributor:
      Did not match:
         - @ConditionalOnSingleCandidate (types: org.springframework.boot.info.BuildProperties; SearchStrategy: all) did not find any beans (OnBeanCondition)
      Matched:
         - @ConditionalOnEnabledInfoContributor management.info.defaults.enabled is considered true (OnEnabledInfoContributorCondition)

   InfoContributorAutoConfiguration#gitInfoContributor:
      Did not match:
         - @ConditionalOnSingleCandidate (types: org.springframework.boot.info.GitProperties; SearchStrategy: all) did not find any beans (OnBeanCondition)
      Matched:
         - @ConditionalOnEnabledInfoContributor management.info.defaults.enabled is considered true (OnEnabledInfoContributorCondition)

   IntegrationAutoConfiguration:
      Did not match:
         - @ConditionalOnClass did not find required class 'org.springframework.integration.config.EnableIntegration' (OnClassCondition)

   IntegrationGraphEndpointAutoConfiguration:
      Did not match:
         - @ConditionalOnClass did not find required class 'org.springframework.integration.graph.IntegrationGraphServer' (OnClassCondition)

   JCacheCacheConfiguration:
      Did not match:
         - @ConditionalOnClass did not find required class 'javax.cache.Caching' (OnClassCondition)

   JacksonHttpMessageConvertersConfiguration.MappingJackson2XmlHttpMessageConverterConfiguration:
      Did not match:
         - @ConditionalOnClass did not find required class 'com.fasterxml.jackson.dataformat.xml.XmlMapper' (OnClassCondition)

   JdbcRepositoriesAutoConfiguration:
      Did not match:
         - @ConditionalOnClass did not find required class 'org.springframework.data.jdbc.repository.config.AbstractJdbcConfiguration' (OnClassCondition)

   JedisConnectionConfiguration:
      Did not match:
         - @ConditionalOnClass did not find required class 'redis.clients.jedis.Jedis' (OnClassCondition)

   JerseyAutoConfiguration:
      Did not match:
         - @ConditionalOnClass did not find required class 'org.glassfish.jersey.server.spring.SpringComponentProvider' (OnClassCondition)

   JerseySameManagementContextConfiguration:
      Did not match:
         - @ConditionalOnClass did not find required class 'org.glassfish.jersey.server.ResourceConfig' (OnClassCondition)

   JerseyServerMetricsAutoConfiguration:
      Did not match:
         - @ConditionalOnClass did not find required class 'io.micrometer.jersey2.server.MetricsApplicationEventListener' (OnClassCondition)

   JerseyWebEndpointManagementContextConfiguration:
      Did not match:
         - @ConditionalOnClass did not find required class 'org.glassfish.jersey.server.ResourceConfig' (OnClassCondition)

   JettyMetricsAutoConfiguration:
      Did not match:
         - @ConditionalOnClass did not find required class 'org.eclipse.jetty.server.Server' (OnClassCondition)

   JmsAutoConfiguration:
      Did not match:
         - @ConditionalOnClass did not find required class 'javax.jms.Message' (OnClassCondition)

   JmsHealthContributorAutoConfiguration:
      Did not match:
         - @ConditionalOnClass did not find required class 'javax.jms.ConnectionFactory' (OnClassCondition)

   JmxAutoConfiguration:
      Did not match:
         - @ConditionalOnProperty (spring.jmx.enabled=true) found different value in property 'enabled' (OnPropertyCondition)
      Matched:
         - @ConditionalOnClass found required class 'org.springframework.jmx.export.MBeanExporter' (OnClassCondition)

   JmxEndpointAutoConfiguration:
      Did not match:
         - @ConditionalOnProperty (spring.jmx.enabled=true) found different value in property 'enabled' (OnPropertyCondition)

   JmxMetricsExportAutoConfiguration:
      Did not match:
         - @ConditionalOnClass did not find required class 'io.micrometer.jmx.JmxMeterRegistry' (OnClassCondition)

   JndiConnectionFactoryAutoConfiguration:
      Did not match:
         - @ConditionalOnClass did not find required class 'org.springframework.jms.core.JmsTemplate' (OnClassCondition)

   JndiDataSourceAutoConfiguration:
      Did not match:
         - @ConditionalOnProperty (spring.datasource.jndi-name) did not find property 'jndi-name' (OnPropertyCondition)
      Matched:
         - @ConditionalOnClass found required classes 'javax.sql.DataSource', 'org.springframework.jdbc.datasource.embedded.EmbeddedDatabaseType' (OnClassCondition)

   JolokiaEndpointAutoConfiguration:
      Did not match:
         - @ConditionalOnClass did not find required class 'org.jolokia.http.AgentServlet' (OnClassCondition)

   JooqAutoConfiguration:
      Did not match:
         - @ConditionalOnClass did not find required class 'org.jooq.DSLContext' (OnClassCondition)

   JpaRepositoriesAutoConfiguration:
      Did not match:
         - @ConditionalOnClass did not find required class 'org.springframework.data.jpa.repository.JpaRepository' (OnClassCondition)

   JsonbAutoConfiguration:
      Did not match:
         - @ConditionalOnClass did not find required class 'javax.json.bind.Jsonb' (OnClassCondition)

   JsonbHttpMessageConvertersConfiguration:
      Did not match:
         - @ConditionalOnClass did not find required class 'javax.json.bind.Jsonb' (OnClassCondition)

   JtaAutoConfiguration:
      Did not match:
         - @ConditionalOnClass did not find required class 'javax.transaction.Transaction' (OnClassCondition)

   KafkaAutoConfiguration#kafkaJaasInitializer:
      Did not match:
         - @ConditionalOnProperty (spring.kafka.jaas.enabled) did not find property 'spring.kafka.jaas.enabled' (OnPropertyCondition)

   KafkaAutoConfiguration#kafkaTransactionManager:
      Did not match:
         - @ConditionalOnProperty (spring.kafka.producer.transaction-id-prefix) did not find property 'spring.kafka.producer.transaction-id-prefix' (OnPropertyCondition)

   KafkaStreamsAnnotationDrivenConfiguration:
      Did not match:
         - @ConditionalOnBean (names: defaultKafkaStreamsBuilder; SearchStrategy: all) did not find any beans named defaultKafkaStreamsBuilder (OnBeanCondition)
      Matched:
         - @ConditionalOnClass found required class 'org.apache.kafka.streams.StreamsBuilder' (OnClassCondition)

   KairosMetricsExportAutoConfiguration:
      Did not match:
         - @ConditionalOnClass did not find required class 'io.micrometer.kairos.KairosMeterRegistry' (OnClassCondition)

   LdapAutoConfiguration:
      Did not match:
         - @ConditionalOnClass did not find required class 'org.springframework.ldap.core.ContextSource' (OnClassCondition)

   LdapHealthContributorAutoConfiguration:
      Did not match:
         - @ConditionalOnClass did not find required class 'org.springframework.ldap.core.LdapOperations' (OnClassCondition)

   LdapRepositoriesAutoConfiguration:
      Did not match:
         - @ConditionalOnClass did not find required class 'org.springframework.data.ldap.repository.LdapRepository' (OnClassCondition)

   LegacyHealthEndpointAdaptersConfiguration#healthAggregatorStatusAggregatorAdapter:
      Did not match:
         - @ConditionalOnBean (types: org.springframework.boot.actuate.health.HealthAggregator; SearchStrategy: all) did not find any beans of type org.springframework.boot.actuate.health.HealthAggregator (OnBeanCondition)

   LiquibaseAutoConfiguration:
      Did not match:
         - @ConditionalOnClass did not find required class 'liquibase.change.DatabaseChange' (OnClassCondition)

   LiquibaseEndpointAutoConfiguration:
      Did not match:
         - @ConditionalOnClass did not find required class 'liquibase.integration.spring.SpringLiquibase' (OnClassCondition)

   LoadBalancerAutoConfiguration.LoadBalancerInterceptorConfig:
      Did not match:
         - @ConditionalOnMissingClass found unwanted class 'org.springframework.retry.support.RetryTemplate' (OnClassCondition)

   LoadBalancerAutoConfiguration.RetryAutoConfiguration#loadBalancedRetryFactory:
      Did not match:
         - @ConditionalOnMissingBean (types: org.springframework.cloud.client.loadbalancer.LoadBalancedRetryFactory; SearchStrategy: all) found beans of type 'org.springframework.cloud.client.loadbalancer.LoadBalancedRetryFactory' loadBalancedRetryPolicyFactory (OnBeanCondition)

   LoadBalancerBeanPostProcessorAutoConfiguration:
      Did not match:
         - @ConditionalOnClass did not find required class 'org.springframework.web.reactive.function.client.WebClient' (OnClassCondition)

   LogFileWebEndpointAutoConfiguration:
      Did not match:
         - @ConditionalOnAvailableEndpoint no property management.endpoint.logfile.enabled found so using endpoint default; @ConditionalOnAvailableEndpoint no 'management.endpoints' property marked it as exposed (OnAvailableEndpointCondition)

   LoggersEndpointAutoConfiguration:
      Did not match:
         - @ConditionalOnAvailableEndpoint no property management.endpoint.loggers.enabled found so using endpoint default; @ConditionalOnAvailableEndpoint no 'management.endpoints' property marked it as exposed (OnAvailableEndpointCondition)

   MailHealthContributorAutoConfiguration:
      Did not match:
         - @ConditionalOnBean (types: org.springframework.mail.javamail.JavaMailSenderImpl; SearchStrategy: all) did not find any beans of type org.springframework.mail.javamail.JavaMailSenderImpl (OnBeanCondition)
      Matched:
         - @ConditionalOnClass found required class 'org.springframework.mail.javamail.JavaMailSenderImpl' (OnClassCondition)
         - @ConditionalOnEnabledHealthIndicator management.health.defaults.enabled is considered true (OnEnabledHealthIndicatorCondition)

   MailSenderAutoConfiguration:
      Did not match:
         - @ConditionalOnClass did not find required class 'javax.mail.internet.MimeMessage' (OnClassCondition)

   MailSenderValidatorAutoConfiguration:
      Did not match:
         - @ConditionalOnProperty (spring.mail.test-connection) did not find property 'test-connection' (OnPropertyCondition)

   ManagementContextAutoConfiguration.DifferentManagementContextConfiguration:
      Did not match:
         - Management Port actual port type (SAME) did not match required type (DIFFERENT) (OnManagementPortCondition)

   ManagementWebSecurityAutoConfiguration:
      Did not match:
         - @ConditionalOnClass did not find required class 'org.springframework.security.config.annotation.web.configuration.WebSecurityConfigurerAdapter' (OnClassCondition)

   MappingsEndpointAutoConfiguration#mappingsEndpoint:
      Did not match:
         - @ConditionalOnAvailableEndpoint no property management.endpoint.mappings.enabled found so using endpoint default; @ConditionalOnAvailableEndpoint no 'management.endpoints' property marked it as exposed (OnAvailableEndpointCondition)

   MappingsEndpointAutoConfiguration.ReactiveWebConfiguration:
      Did not match:
         - @ConditionalOnClass did not find required class 'org.springframework.web.reactive.DispatcherHandler' (OnClassCondition)

   MessageSourceAutoConfiguration:
      Did not match:
         - ResourceBundle did not find bundle with basename messages (MessageSourceAutoConfiguration.ResourceBundleCondition)

   MetricsEndpointAutoConfiguration:
      Did not match:
         - @ConditionalOnAvailableEndpoint no property management.endpoint.metrics.enabled found so using endpoint default; @ConditionalOnAvailableEndpoint no 'management.endpoints' property marked it as exposed (OnAvailableEndpointCondition)
      Matched:
         - @ConditionalOnClass found required class 'io.micrometer.core.annotation.Timed' (OnClassCondition)

   MongoAutoConfiguration:
      Did not match:
         - @ConditionalOnClass did not find required class 'com.mongodb.client.MongoClient' (OnClassCondition)

   MongoDataAutoConfiguration:
      Did not match:
         - @ConditionalOnClass did not find required class 'com.mongodb.client.MongoClient' (OnClassCondition)

   MongoHealthContributorAutoConfiguration:
      Did not match:
         - @ConditionalOnClass did not find required class 'org.springframework.data.mongodb.core.MongoTemplate' (OnClassCondition)

   MongoReactiveAutoConfiguration:
      Did not match:
         - @ConditionalOnClass did not find required class 'com.mongodb.reactivestreams.client.MongoClient' (OnClassCondition)

   MongoReactiveDataAutoConfiguration:
      Did not match:
         - @ConditionalOnClass did not find required class 'com.mongodb.reactivestreams.client.MongoClient' (OnClassCondition)

   MongoReactiveHealthContributorAutoConfiguration:
      Did not match:
         - @ConditionalOnClass did not find required class 'org.springframework.data.mongodb.core.ReactiveMongoTemplate' (OnClassCondition)

   MongoReactiveRepositoriesAutoConfiguration:
      Did not match:
         - @ConditionalOnClass did not find required class 'com.mongodb.reactivestreams.client.MongoClient' (OnClassCondition)

   MongoRepositoriesAutoConfiguration:
      Did not match:
         - @ConditionalOnClass did not find required class 'com.mongodb.client.MongoClient' (OnClassCondition)

   MustacheAutoConfiguration:
      Did not match:
         - @ConditionalOnClass did not find required class 'com.samskivert.mustache.Mustache' (OnClassCondition)

   MybatisPlusAutoConfiguration.MapperScannerRegistrarNotFoundConfiguration:
      Did not match:
         - @ConditionalOnMissingBean (types: org.mybatis.spring.mapper.MapperFactoryBean,org.mybatis.spring.mapper.MapperScannerConfigurer; SearchStrategy: all) found beans of type 'org.mybatis.spring.mapper.MapperFactoryBean' &APArticleContentMapper, &apArticleConfigMapper, &apArticleMapper (OnBeanCondition)

   MybatisPlusLanguageDriverAutoConfiguration.FreeMarkerConfiguration:
      Did not match:
         - @ConditionalOnClass did not find required classes 'org.mybatis.scripting.freemarker.FreeMarkerLanguageDriver', 'org.mybatis.scripting.freemarker.FreeMarkerLanguageDriverConfig' (OnClassCondition)

   MybatisPlusLanguageDriverAutoConfiguration.LegacyFreeMarkerConfiguration:
      Did not match:
         - @ConditionalOnClass did not find required class 'org.mybatis.scripting.freemarker.FreeMarkerLanguageDriver' (OnClassCondition)

   MybatisPlusLanguageDriverAutoConfiguration.ThymeleafConfiguration:
      Did not match:
         - @ConditionalOnClass did not find required class 'org.mybatis.scripting.thymeleaf.ThymeleafLanguageDriver' (OnClassCondition)

   MybatisPlusLanguageDriverAutoConfiguration.VelocityConfiguration:
      Did not match:
         - @ConditionalOnClass did not find required classes 'org.mybatis.scripting.velocity.VelocityLanguageDriver', 'org.mybatis.scripting.velocity.VelocityLanguageDriverConfig' (OnClassCondition)

   NacosConfigEndpointAutoConfiguration#nacosConfigEndpoint:
      Did not match:
         - @ConditionalOnAvailableEndpoint no property management.endpoint.nacosconfig.enabled found so using endpoint default; @ConditionalOnAvailableEndpoint no 'management.endpoints' property marked it as exposed (OnAvailableEndpointCondition)
      Matched:
         - @ConditionalOnMissingBean (types: com.alibaba.cloud.nacos.endpoint.NacosConfigEndpoint; SearchStrategy: all) did not find any beans (OnBeanCondition)

   NacosConfigServerAutoConfiguration:
      Did not match:
         - @ConditionalOnClass did not find required class 'org.springframework.cloud.config.server.config.ConfigServerProperties' (OnClassCondition)

   NacosDiscoveryEndpointAutoConfiguration#nacosDiscoveryEndpoint:
      Did not match:
         - @ConditionalOnAvailableEndpoint no property management.endpoint.nacosdiscovery.enabled found so using endpoint default; @ConditionalOnAvailableEndpoint no 'management.endpoints' property marked it as exposed (OnAvailableEndpointCondition)
      Matched:
         - @ConditionalOnMissingBean (types: com.alibaba.cloud.nacos.endpoint.NacosDiscoveryEndpoint; SearchStrategy: all) did not find any beans (OnBeanCondition)

   NacosReactiveDiscoveryClientConfiguration:
      Did not match:
         - @ConditionalOnClass did not find required class 'org.springframework.web.reactive.function.client.WebClient' (OnClassCondition)

   Neo4jDataAutoConfiguration:
      Did not match:
         - @ConditionalOnClass did not find required class 'org.neo4j.ogm.session.SessionFactory' (OnClassCondition)

   Neo4jHealthContributorAutoConfiguration:
      Did not match:
         - @ConditionalOnClass did not find required class 'org.neo4j.ogm.session.SessionFactory' (OnClassCondition)

   Neo4jRepositoriesAutoConfiguration:
      Did not match:
         - @ConditionalOnClass did not find required class 'org.neo4j.ogm.session.Neo4jSession' (OnClassCondition)

   NewRelicMetricsExportAutoConfiguration:
      Did not match:
         - @ConditionalOnClass did not find required class 'io.micrometer.newrelic.NewRelicMeterRegistry' (OnClassCondition)

   NoOpMeterRegistryConfiguration:
      Did not match:
         - @ConditionalOnMissingBean (types: io.micrometer.core.instrument.MeterRegistry; SearchStrategy: all) found beans of type 'io.micrometer.core.instrument.MeterRegistry' simpleMeterRegistry (OnBeanCondition)

   NoopDiscoveryClientAutoConfiguration:
      Did not match:
         - @ConditionalOnMissingBean (types: org.springframework.cloud.client.discovery.DiscoveryClient; SearchStrategy: all) found beans of type 'org.springframework.cloud.client.discovery.DiscoveryClient' nacosDiscoveryClient, compositeDiscoveryClient, simpleDiscoveryClient (OnBeanCondition)

   NoopDiscoveryClientAutoConfiguration.Boot15PortFinderConfiguration:
      Did not match:
         - @ConditionalOnClass did not find required class 'org.springframework.boot.context.embedded.EmbeddedWebApplicationContext' (OnClassCondition)
         - Ancestor org.springframework.cloud.client.discovery.noop.NoopDiscoveryClientAutoConfiguration did not match (ConditionEvaluationReport.AncestorsMatchedCondition)

   OAuth2ClientAutoConfiguration:
      Did not match:
         - @ConditionalOnClass did not find required class 'org.springframework.security.config.annotation.web.configuration.EnableWebSecurity' (OnClassCondition)

   OAuth2ResourceServerAutoConfiguration:
      Did not match:
         - @ConditionalOnClass did not find required class 'org.springframework.security.oauth2.server.resource.BearerTokenAuthenticationToken' (OnClassCondition)

   OkHttpFeignLoadBalancedConfiguration:
      Did not match:
         - @ConditionalOnClass did not find required class 'feign.okhttp.OkHttpClient' (OnClassCondition)

   PauseResumeEndpointsConfiguration#pauseEndpoint:
      Did not match:
         - @ConditionalOnBean (types: org.springframework.cloud.context.restart.RestartEndpoint; SearchStrategy: all) did not find any beans of type org.springframework.cloud.context.restart.RestartEndpoint (OnBeanCondition)

   PauseResumeEndpointsConfiguration#resumeEndpoint:
      Did not match:
         - @ConditionalOnBean (types: org.springframework.cloud.context.restart.RestartEndpoint; SearchStrategy: all) did not find any beans of type org.springframework.cloud.context.restart.RestartEndpoint (OnBeanCondition)

   ProjectInfoAutoConfiguration#buildProperties:
      Did not match:
         - @ConditionalOnResource did not find resource '${spring.info.build.location:classpath:META-INF/build-info.properties}' (OnResourceCondition)

   ProjectInfoAutoConfiguration#gitProperties:
      Did not match:
         - GitResource did not find git info at classpath:git.properties (ProjectInfoAutoConfiguration.GitResourceAvailableCondition)

   PrometheusMetricsExportAutoConfiguration:
      Did not match:
         - @ConditionalOnClass did not find required class 'io.micrometer.prometheus.PrometheusMeterRegistry' (OnClassCondition)

   QuartzAutoConfiguration:
      Did not match:
         - @ConditionalOnClass did not find required class 'org.quartz.Scheduler' (OnClassCondition)

   R2dbcAutoConfiguration:
      Did not match:
         - @ConditionalOnClass did not find required class 'io.r2dbc.spi.ConnectionFactory' (OnClassCondition)

   R2dbcDataAutoConfiguration:
      Did not match:
         - @ConditionalOnClass did not find required class 'org.springframework.data.r2dbc.core.DatabaseClient' (OnClassCondition)

   R2dbcRepositoriesAutoConfiguration:
      Did not match:
         - @ConditionalOnClass did not find required class 'io.r2dbc.spi.ConnectionFactory' (OnClassCondition)

   R2dbcTransactionManagerAutoConfiguration:
      Did not match:
         - @ConditionalOnClass did not find required class 'org.springframework.data.r2dbc.connectionfactory.R2dbcTransactionManager' (OnClassCondition)

   RSocketMessagingAutoConfiguration:
      Did not match:
         - @ConditionalOnClass did not find required class 'io.rsocket.RSocketFactory' (OnClassCondition)

   RSocketRequesterAutoConfiguration:
      Did not match:
         - @ConditionalOnClass did not find required class 'io.rsocket.RSocketFactory' (OnClassCondition)

   RSocketSecurityAutoConfiguration:
      Did not match:
         - @ConditionalOnClass did not find required class 'org.springframework.security.rsocket.core.SecuritySocketAcceptorInterceptor' (OnClassCondition)

   RSocketServerAutoConfiguration:
      Did not match:
         - @ConditionalOnClass did not find required class 'io.rsocket.core.RSocketServer' (OnClassCondition)

   RSocketStrategiesAutoConfiguration:
      Did not match:
         - @ConditionalOnClass did not find required class 'io.rsocket.RSocketFactory' (OnClassCondition)

   RabbitAutoConfiguration:
      Did not match:
         - @ConditionalOnClass did not find required class 'com.rabbitmq.client.Channel' (OnClassCondition)

   RabbitHealthContributorAutoConfiguration:
      Did not match:
         - @ConditionalOnClass did not find required class 'org.springframework.amqp.rabbit.core.RabbitTemplate' (OnClassCondition)

   RabbitMetricsAutoConfiguration:
      Did not match:
         - @ConditionalOnClass did not find required class 'com.rabbitmq.client.ConnectionFactory' (OnClassCondition)

   ReactiveCloudFoundryActuatorAutoConfiguration:
      Did not match:
         - @ConditionalOnWebApplication did not find reactive web application classes (OnWebApplicationCondition)

   ReactiveCommonsClientAutoConfiguration.ReactiveDiscoveryLoadBalancerConfiguration:
      Did not match:
         - @ConditionalOnClass did not find required class 'org.springframework.web.reactive.function.client.WebClient' (OnClassCondition)

   ReactiveCompositeDiscoveryClientAutoConfiguration:
      Did not match:
         - @ConditionalOnClass did not find required class 'org.springframework.web.reactive.function.client.WebClient' (OnClassCondition)

   ReactiveElasticsearchRepositoriesAutoConfiguration:
      Did not match:
         - @ConditionalOnClass did not find required class 'org.springframework.data.elasticsearch.client.reactive.ReactiveElasticsearchClient' (OnClassCondition)

   ReactiveElasticsearchRestClientAutoConfiguration:
      Did not match:
         - @ConditionalOnClass did not find required class 'reactor.netty.http.client.HttpClient' (OnClassCondition)

   ReactiveLoadBalancerAutoConfiguration:
      Did not match:
         - @ConditionalOnClass did not find required class 'org.springframework.web.reactive.function.client.WebClient' (OnClassCondition)

   ReactiveManagementContextAutoConfiguration:
      Did not match:
         - @ConditionalOnWebApplication did not find reactive web application classes (OnWebApplicationCondition)

   ReactiveManagementWebSecurityAutoConfiguration:
      Did not match:
         - @ConditionalOnClass did not find required class 'org.springframework.security.config.annotation.web.reactive.EnableWebFluxSecurity' (OnClassCondition)

   ReactiveOAuth2ClientAutoConfiguration:
      Did not match:
         - @ConditionalOnClass did not find required class 'org.springframework.security.config.annotation.web.reactive.EnableWebFluxSecurity' (OnClassCondition)

   ReactiveOAuth2ResourceServerAutoConfiguration:
      Did not match:
         - @ConditionalOnClass did not find required class 'org.springframework.security.config.annotation.web.reactive.EnableWebFluxSecurity' (OnClassCondition)

   ReactiveSecurityAutoConfiguration:
      Did not match:
         - @ConditionalOnClass did not find required class 'org.springframework.security.config.annotation.web.reactive.EnableWebFluxSecurity' (OnClassCondition)

   ReactiveUserDetailsServiceAutoConfiguration:
      Did not match:
         - @ConditionalOnClass did not find required class 'org.springframework.security.authentication.ReactiveAuthenticationManager' (OnClassCondition)

   ReactiveWebServerFactoryAutoConfiguration:
      Did not match:
         - @ConditionalOnWebApplication did not find reactive web application classes (OnWebApplicationCondition)

   ReactorLoadBalancerClientAutoConfiguration:
      Did not match:
         - @ConditionalOnClass did not find required class 'org.springframework.web.reactive.function.client.WebClient' (OnClassCondition)

   RedisHealthContributorAutoConfiguration#redisHealthContributor:
      Did not match:
         - @ConditionalOnMissingBean (names: redisHealthIndicator,redisHealthContributor; SearchStrategy: all) found beans named redisHealthContributor (OnBeanCondition)

   RefreshAutoConfiguration.JpaInvokerConfiguration:
      Did not match:
         - @ConditionalOnClass did not find required class 'javax.persistence.EntityManagerFactory' (OnClassCondition)

   RefreshEndpointAutoConfiguration.RefreshEndpointConfiguration#refreshEndpoint:
      Did not match:
         - @ConditionalOnAvailableEndpoint no property management.endpoint.refresh.enabled found so using endpoint default; @ConditionalOnAvailableEndpoint no 'management.endpoints' property marked it as exposed (OnAvailableEndpointCondition)
      Matched:
         - @ConditionalOnBean (types: org.springframework.cloud.context.refresh.ContextRefresher; SearchStrategy: all) found bean 'contextRefresher'; @ConditionalOnMissingBean (types: org.springframework.cloud.endpoint.RefreshEndpoint; SearchStrategy: all) did not find any beans (OnBeanCondition)

   RepositoryRestMvcAutoConfiguration:
      Did not match:
         - @ConditionalOnClass did not find required class 'org.springframework.data.rest.webmvc.config.RepositoryRestMvcConfiguration' (OnClassCondition)

   RestartEndpointWithIntegrationConfiguration:
      Did not match:
         - @ConditionalOnClass did not find required class 'org.springframework.integration.monitor.IntegrationMBeanExporter' (OnClassCondition)

   RestartEndpointWithoutIntegrationConfiguration#restartEndpointWithoutIntegration:
      Did not match:
         - @ConditionalOnAvailableEndpoint no property management.endpoint.restart.enabled found so using endpoint default (OnAvailableEndpointCondition)

   RibbonAutoConfiguration#ribbonApplicationContextInitializer:
      Did not match:
         - @ConditionalOnProperty (ribbon.eager-load.enabled) did not find property 'ribbon.eager-load.enabled' (OnPropertyCondition)

   RibbonAutoConfiguration.RibbonClientHttpRequestFactoryConfiguration:
      Did not match:
         - AnyNestedCondition 0 matched 2 did not; NestedCondition on RibbonAutoConfiguration.OnRibbonRestClientCondition.RibbonProperty @ConditionalOnProperty (ribbon.restclient.enabled) did not find property 'ribbon.restclient.enabled'; NestedCondition on RibbonAutoConfiguration.OnRibbonRestClientCondition.ZuulProperty @ConditionalOnProperty (ribbon.http.client.enabled) did not find property 'ribbon.http.client.enabled' (RibbonAutoConfiguration.OnRibbonRestClientCondition)
      Matched:
         - @ConditionalOnClass found required class 'com.netflix.client.http.HttpRequest' (OnClassCondition)

   Saml2RelyingPartyAutoConfiguration:
      Did not match:
         - @ConditionalOnClass did not find required class 'org.springframework.security.saml2.provider.service.registration.RelyingPartyRegistrationRepository' (OnClassCondition)

   ScheduledTasksEndpointAutoConfiguration:
      Did not match:
         - @ConditionalOnAvailableEndpoint no property management.endpoint.scheduledtasks.enabled found so using endpoint default; @ConditionalOnAvailableEndpoint no 'management.endpoints' property marked it as exposed (OnAvailableEndpointCondition)

   SecurityAutoConfiguration:
      Did not match:
         - @ConditionalOnClass did not find required class 'org.springframework.security.authentication.DefaultAuthenticationEventPublisher' (OnClassCondition)

   SecurityFilterAutoConfiguration:
      Did not match:
         - @ConditionalOnClass did not find required class 'org.springframework.security.config.http.SessionCreationPolicy' (OnClassCondition)

   SecurityRequestMatchersManagementContextConfiguration:
      Did not match:
         - @ConditionalOnClass did not find required class 'org.springframework.security.web.util.matcher.RequestMatcher' (OnClassCondition)

   SendGridAutoConfiguration:
      Did not match:
         - @ConditionalOnClass did not find required class 'com.sendgrid.SendGrid' (OnClassCondition)

   ServiceRegistryAutoConfiguration.ServiceRegistryEndpointConfiguration#serviceRegistryEndpoint:
      Did not match:
         - @ConditionalOnAvailableEndpoint no property management.endpoint.service-registry.enabled found so using endpoint default; @ConditionalOnAvailableEndpoint no 'management.endpoints' property marked it as exposed (OnAvailableEndpointCondition)

   ServletEndpointManagementContextConfiguration.JerseyServletEndpointManagementContextConfiguration:
      Did not match:
         - @ConditionalOnClass did not find required class 'org.glassfish.jersey.server.ResourceConfig' (OnClassCondition)

   ServletManagementContextAutoConfiguration.ApplicationContextFilterConfiguration:
      Did not match:
         - @ConditionalOnProperty (management.server.add-application-context-header=true) did not find property 'add-application-context-header' (OnPropertyCondition)

   ServletWebServerFactoryAutoConfiguration#forwardedHeaderFilter:
      Did not match:
         - @ConditionalOnProperty (server.forward-headers-strategy=framework) did not find property 'server.forward-headers-strategy' (OnPropertyCondition)

   ServletWebServerFactoryConfiguration.EmbeddedJetty:
      Did not match:
         - @ConditionalOnClass did not find required classes 'org.eclipse.jetty.server.Server', 'org.eclipse.jetty.util.Loader', 'org.eclipse.jetty.webapp.WebAppContext' (OnClassCondition)

   ServletWebServerFactoryConfiguration.EmbeddedUndertow:
      Did not match:
         - @ConditionalOnClass did not find required classes 'io.undertow.Undertow', 'org.xnio.SslClientAuthMode' (OnClassCondition)

   SessionAutoConfiguration:
      Did not match:
         - @ConditionalOnClass did not find required class 'org.springframework.session.Session' (OnClassCondition)

   SessionsEndpointAutoConfiguration:
      Did not match:
         - @ConditionalOnClass did not find required class 'org.springframework.session.FindByIndexNameSessionRepository' (OnClassCondition)

   ShutdownEndpointAutoConfiguration:
      Did not match:
         - @ConditionalOnAvailableEndpoint no property management.endpoint.shutdown.enabled found so using endpoint default (OnAvailableEndpointCondition)

   SignalFxMetricsExportAutoConfiguration:
      Did not match:
         - @ConditionalOnClass did not find required class 'io.micrometer.signalfx.SignalFxMeterRegistry' (OnClassCondition)

   SimpleReactiveDiscoveryClientAutoConfiguration:
      Did not match:
         - @ConditionalOnClass did not find required class 'org.springframework.web.reactive.function.client.WebClient' (OnClassCondition)

   SolrAutoConfiguration:
      Did not match:
         - @ConditionalOnClass did not find required class 'org.apache.solr.client.solrj.impl.CloudSolrClient' (OnClassCondition)

   SolrHealthContributorAutoConfiguration:
      Did not match:
         - @ConditionalOnClass did not find required class 'org.apache.solr.client.solrj.SolrClient' (OnClassCondition)

   SolrRepositoriesAutoConfiguration:
      Did not match:
         - @ConditionalOnClass did not find required class 'org.apache.solr.client.solrj.SolrClient' (OnClassCondition)

   SpringApplicationAdminJmxAutoConfiguration:
      Did not match:
         - @ConditionalOnProperty (spring.application.admin.enabled=true) did not find property 'enabled' (OnPropertyCondition)

   StackdriverMetricsExportAutoConfiguration:
      Did not match:
         - @ConditionalOnClass did not find required class 'io.micrometer.stackdriver.StackdriverMeterRegistry' (OnClassCondition)

   StatsdMetricsExportAutoConfiguration:
      Did not match:
         - @ConditionalOnClass did not find required class 'io.micrometer.statsd.StatsdMeterRegistry' (OnClassCondition)

   TaskSchedulingAutoConfiguration#taskScheduler:
      Did not match:
         - @ConditionalOnBean (names: org.springframework.context.annotation.internalScheduledAnnotationProcessor; SearchStrategy: all) did not find any beans named org.springframework.context.annotation.internalScheduledAnnotationProcessor (OnBeanCondition)

   ThreadDumpEndpointAutoConfiguration:
      Did not match:
         - @ConditionalOnAvailableEndpoint no property management.endpoint.threaddump.enabled found so using endpoint default; @ConditionalOnAvailableEndpoint no 'management.endpoints' property marked it as exposed (OnAvailableEndpointCondition)

   ThymeleafAutoConfiguration:
      Did not match:
         - @ConditionalOnClass did not find required class 'org.thymeleaf.spring5.SpringTemplateEngine' (OnClassCondition)

   TransactionAutoConfiguration#transactionalOperator:
      Did not match:
         - @ConditionalOnSingleCandidate (types: org.springframework.transaction.ReactiveTransactionManager; SearchStrategy: all) did not find any beans (OnBeanCondition)

   TransactionAutoConfiguration.EnableTransactionManagementConfiguration.JdkDynamicAutoProxyConfiguration:
      Did not match:
         - @ConditionalOnProperty (spring.aop.proxy-target-class=false) found different value in property 'proxy-target-class' (OnPropertyCondition)

   UserDetailsServiceAutoConfiguration:
      Did not match:
         - @ConditionalOnClass did not find required class 'org.springframework.security.authentication.AuthenticationManager' (OnClassCondition)

   WavefrontMetricsExportAutoConfiguration:
      Did not match:
         - @ConditionalOnClass did not find required class 'com.wavefront.sdk.common.WavefrontSender' (OnClassCondition)

   WebClientAutoConfiguration:
      Did not match:
         - @ConditionalOnClass did not find required class 'org.springframework.web.reactive.function.client.WebClient' (OnClassCondition)

   WebClientMetricsConfiguration:
      Did not match:
         - @ConditionalOnClass did not find required class 'org.springframework.web.reactive.function.client.WebClient' (OnClassCondition)

   WebFluxAutoConfiguration:
      Did not match:
         - @ConditionalOnClass did not find required class 'org.springframework.web.reactive.config.WebFluxConfigurer' (OnClassCondition)

   WebFluxEndpointManagementContextConfiguration:
      Did not match:
         - @ConditionalOnClass did not find required class 'org.springframework.web.reactive.DispatcherHandler' (OnClassCondition)

   WebFluxMetricsAutoConfiguration:
      Did not match:
         - @ConditionalOnWebApplication did not find reactive web application classes (OnWebApplicationCondition)

   WebMvcAutoConfiguration#hiddenHttpMethodFilter:
      Did not match:
         - @ConditionalOnProperty (spring.mvc.hiddenmethod.filter.enabled) did not find property 'enabled' (OnPropertyCondition)

   WebMvcAutoConfiguration.ResourceChainCustomizerConfiguration:
      Did not match:
         - @ConditionalOnEnabledResourceChain did not find class org.webjars.WebJarAssetLocator (OnEnabledResourceChainCondition)

   WebMvcAutoConfiguration.WebMvcAutoConfigurationAdapter#beanNameViewResolver:
      Did not match:
         - @ConditionalOnMissingBean (types: org.springframework.web.servlet.view.BeanNameViewResolver; SearchStrategy: all) found beans of type 'org.springframework.web.servlet.view.BeanNameViewResolver' beanNameViewResolver (OnBeanCondition)

   WebMvcAutoConfiguration.WebMvcAutoConfigurationAdapter#localeResolver:
      Did not match:
         - @ConditionalOnProperty (spring.mvc.locale) did not find property 'locale' (OnPropertyCondition)

   WebServiceTemplateAutoConfiguration:
      Did not match:
         - @ConditionalOnClass did not find required class 'org.springframework.ws.client.core.WebServiceTemplate' (OnClassCondition)

   WebServicesAutoConfiguration:
      Did not match:
         - @ConditionalOnClass did not find required class 'org.springframework.ws.transport.http.MessageDispatcherServlet' (OnClassCondition)

   WebSocketMessagingAutoConfiguration:
      Did not match:
         - @ConditionalOnClass did not find required class 'org.springframework.web.socket.config.annotation.WebSocketMessageBrokerConfigurer' (OnClassCondition)

   WebSocketReactiveAutoConfiguration:
      Did not match:
         - @ConditionalOnWebApplication did not find reactive web application classes (OnWebApplicationCondition)

   WebSocketServletAutoConfiguration.JettyWebSocketConfiguration:
      Did not match:
         - @ConditionalOnClass did not find required class 'org.eclipse.jetty.websocket.jsr356.server.deploy.WebSocketServerContainerInitializer' (OnClassCondition)

   WebSocketServletAutoConfiguration.UndertowWebSocketConfiguration:
      Did not match:
         - @ConditionalOnClass did not find required class 'io.undertow.websockets.jsr.Bootstrap' (OnClassCondition)

   WritableEnvironmentEndpointAutoConfiguration:
      Did not match:
         - @ConditionalOnProperty (management.endpoint.env.post.enabled) did not find property 'management.endpoint.env.post.enabled' (OnPropertyCondition)
      Matched:
         - @ConditionalOnClass found required classes 'org.springframework.boot.actuate.env.EnvironmentEndpoint', 'org.springframework.boot.actuate.autoconfigure.env.EnvironmentEndpointProperties' (OnClassCondition)

   XADataSourceAutoConfiguration:
      Did not match:
         - @ConditionalOnClass did not find required class 'javax.transaction.TransactionManager' (OnClassCondition)


Exclusions:
-----------

    None


Unconditional classes:
----------------------

    org.springframework.cloud.client.ReactiveCommonsClientAutoConfiguration

    org.springframework.boot.actuate.autoconfigure.info.InfoContributorAutoConfiguration

    org.springframework.cloud.client.discovery.simple.SimpleDiscoveryClientAutoConfiguration

    org.springframework.boot.autoconfigure.context.PropertyPlaceholderAutoConfiguration

    org.springframework.boot.autoconfigure.context.LifecycleAutoConfiguration

    org.springframework.boot.actuate.autoconfigure.metrics.integration.IntegrationMetricsAutoConfiguration

    com.heima.common.swagger.Swagger2Configuration

    org.springframework.cloud.commons.httpclient.HttpClientConfiguration

    org.springframework.boot.actuate.autoconfigure.health.HealthContributorAutoConfiguration

    org.springframework.cloud.client.serviceregistry.ServiceRegistryAutoConfiguration

    org.springframework.cloud.autoconfigure.LifecycleMvcEndpointAutoConfiguration

    com.heima.common.aliyun.GreenImageScan

    com.github.tobato.fastdfs.FdfsClientConfig

    org.springframework.boot.autoconfigure.context.ConfigurationPropertiesAutoConfiguration

    com.heima.common.redis.CacheService

    org.springframework.boot.actuate.autoconfigure.availability.AvailabilityHealthContributorAutoConfiguration

    com.heima.file.service.impl.MinIOFileStorageService

    org.springframework.cloud.client.CommonsClientAutoConfiguration

    com.heima.common.swagger.SwaggerConfiguration

    org.springframework.boot.actuate.autoconfigure.endpoint.EndpointAutoConfiguration

    org.springframework.boot.actuate.autoconfigure.web.server.ManagementContextAutoConfiguration

    com.heima.common.aliyun.GreenTextScan

    org.springframework.cloud.client.discovery.composite.CompositeDiscoveryClientAutoConfiguration

    org.springframework.boot.actuate.autoconfigure.web.mappings.MappingsEndpointAutoConfiguration

    org.springframework.boot.autoconfigure.availability.ApplicationAvailabilityAutoConfiguration

    com.heima.common.exception.ExceptionCatch

    org.springframework.boot.autoconfigure.info.ProjectInfoAutoConfiguration



2023-12-13 17:45:23.793 [main] DEBUG o.s.b.d.LoggingFailureAnalysisReporter - Application failed to start due to an exception
org.springframework.boot.autoconfigure.jdbc.DataSourceProperties$DataSourceBeanCreationException: Failed to determine a suitable driver class
	at org.springframework.boot.autoconfigure.jdbc.DataSourceProperties.determineDriverClassName(DataSourceProperties.java:235)
	at org.springframework.boot.autoconfigure.jdbc.DataSourceProperties.initializeDataSourceBuilder(DataSourceProperties.java:176)
	at org.springframework.boot.autoconfigure.jdbc.DataSourceConfiguration.createDataSource(DataSourceConfiguration.java:43)
	at org.springframework.boot.autoconfigure.jdbc.DataSourceConfiguration$Hikari.dataSource(DataSourceConfiguration.java:85)
	at sun.reflect.NativeMethodAccessorImpl.invoke0(Native Method)
	at sun.reflect.NativeMethodAccessorImpl.invoke(NativeMethodAccessorImpl.java:62)
	at sun.reflect.DelegatingMethodAccessorImpl.invoke(DelegatingMethodAccessorImpl.java:43)
	at java.lang.reflect.Method.invoke(Method.java:497)
	at org.springframework.beans.factory.support.SimpleInstantiationStrategy.instantiate(SimpleInstantiationStrategy.java:154)
	at org.springframework.beans.factory.support.ConstructorResolver.instantiate(ConstructorResolver.java:652)
	at org.springframework.beans.factory.support.ConstructorResolver.instantiateUsingFactoryMethod(ConstructorResolver.java:637)
	at org.springframework.beans.factory.support.AbstractAutowireCapableBeanFactory.instantiateUsingFactoryMethod(AbstractAutowireCapableBeanFactory.java:1341)
	at org.springframework.beans.factory.support.AbstractAutowireCapableBeanFactory.createBeanInstance(AbstractAutowireCapableBeanFactory.java:1181)
	at org.springframework.beans.factory.support.AbstractAutowireCapableBeanFactory.doCreateBean(AbstractAutowireCapableBeanFactory.java:556)
	at org.springframework.beans.factory.support.AbstractAutowireCapableBeanFactory.createBean(AbstractAutowireCapableBeanFactory.java:516)
	at org.springframework.beans.factory.support.AbstractBeanFactory.lambda$doGetBean$0(AbstractBeanFactory.java:324)
	at org.springframework.beans.factory.support.AbstractBeanFactory$$Lambda$330/1997344422.getObject(Unknown Source)
	at org.springframework.beans.factory.support.DefaultSingletonBeanRegistry.getSingleton(DefaultSingletonBeanRegistry.java:234)
	at org.springframework.beans.factory.support.AbstractBeanFactory.doGetBean(AbstractBeanFactory.java:322)
	at org.springframework.beans.factory.support.AbstractBeanFactory.getBean(AbstractBeanFactory.java:202)
	at org.springframework.beans.factory.config.DependencyDescriptor.resolveCandidate(DependencyDescriptor.java:276)
	at org.springframework.beans.factory.support.DefaultListableBeanFactory.doResolveDependency(DefaultListableBeanFactory.java:1307)
	at org.springframework.beans.factory.support.DefaultListableBeanFactory.resolveDependency(DefaultListableBeanFactory.java:1227)
	at org.springframework.beans.factory.support.ConstructorResolver.resolveAutowiredArgument(ConstructorResolver.java:886)
	at org.springframework.beans.factory.support.ConstructorResolver.createArgumentArray(ConstructorResolver.java:790)
	at org.springframework.beans.factory.support.ConstructorResolver.instantiateUsingFactoryMethod(ConstructorResolver.java:540)
	at org.springframework.beans.factory.support.AbstractAutowireCapableBeanFactory.instantiateUsingFactoryMethod(AbstractAutowireCapableBeanFactory.java:1341)
	at org.springframework.beans.factory.support.AbstractAutowireCapableBeanFactory.createBeanInstance(AbstractAutowireCapableBeanFactory.java:1181)
	at org.springframework.beans.factory.support.AbstractAutowireCapableBeanFactory.doCreateBean(AbstractAutowireCapableBeanFactory.java:556)
	at org.springframework.beans.factory.support.AbstractAutowireCapableBeanFactory.createBean(AbstractAutowireCapableBeanFactory.java:516)
	at org.springframework.beans.factory.support.AbstractBeanFactory.lambda$doGetBean$0(AbstractBeanFactory.java:324)
	at org.springframework.beans.factory.support.AbstractBeanFactory$$Lambda$330/1997344422.getObject(Unknown Source)
	at org.springframework.beans.factory.support.DefaultSingletonBeanRegistry.getSingleton(DefaultSingletonBeanRegistry.java:234)
	at org.springframework.beans.factory.support.AbstractBeanFactory.doGetBean(AbstractBeanFactory.java:322)
	at org.springframework.beans.factory.support.AbstractBeanFactory.getBean(AbstractBeanFactory.java:202)
	at org.springframework.beans.factory.config.DependencyDescriptor.resolveCandidate(DependencyDescriptor.java:276)
	at org.springframework.beans.factory.support.DefaultListableBeanFactory.doResolveDependency(DefaultListableBeanFactory.java:1307)
	at org.springframework.beans.factory.support.DefaultListableBeanFactory.resolveDependency(DefaultListableBeanFactory.java:1227)
	at org.springframework.beans.factory.support.AbstractAutowireCapableBeanFactory.autowireByType(AbstractAutowireCapableBeanFactory.java:1514)
	at org.springframework.beans.factory.support.AbstractAutowireCapableBeanFactory.populateBean(AbstractAutowireCapableBeanFactory.java:1409)
	at org.springframework.beans.factory.support.AbstractAutowireCapableBeanFactory.doCreateBean(AbstractAutowireCapableBeanFactory.java:593)
	at org.springframework.beans.factory.support.AbstractAutowireCapableBeanFactory.createBean(AbstractAutowireCapableBeanFactory.java:516)
	at org.springframework.beans.factory.support.AbstractBeanFactory.lambda$doGetBean$0(AbstractBeanFactory.java:324)
	at org.springframework.beans.factory.support.AbstractBeanFactory$$Lambda$330/1997344422.getObject(Unknown Source)
	at org.springframework.beans.factory.support.DefaultSingletonBeanRegistry.getSingleton(DefaultSingletonBeanRegistry.java:234)
	at org.springframework.beans.factory.support.AbstractBeanFactory.doGetBean(AbstractBeanFactory.java:322)
	at org.springframework.beans.factory.support.AbstractBeanFactory.getBean(AbstractBeanFactory.java:202)
	at org.springframework.beans.factory.config.DependencyDescriptor.resolveCandidate(DependencyDescriptor.java:276)
	at org.springframework.beans.factory.support.DefaultListableBeanFactory.doResolveDependency(DefaultListableBeanFactory.java:1307)
	at org.springframework.beans.factory.support.DefaultListableBeanFactory.resolveDependency(DefaultListableBeanFactory.java:1227)
	at org.springframework.beans.factory.annotation.AutowiredAnnotationBeanPostProcessor$AutowiredFieldElement.resolveFieldValue(AutowiredAnnotationBeanPostProcessor.java:657)
	at org.springframework.beans.factory.annotation.AutowiredAnnotationBeanPostProcessor$AutowiredFieldElement.inject(AutowiredAnnotationBeanPostProcessor.java:640)
	at org.springframework.beans.factory.annotation.InjectionMetadata.inject(InjectionMetadata.java:119)
	at org.springframework.beans.factory.annotation.AutowiredAnnotationBeanPostProcessor.postProcessProperties(AutowiredAnnotationBeanPostProcessor.java:399)
	at org.springframework.beans.factory.support.AbstractAutowireCapableBeanFactory.populateBean(AbstractAutowireCapableBeanFactory.java:1425)
	at org.springframework.beans.factory.support.AbstractAutowireCapableBeanFactory.doCreateBean(AbstractAutowireCapableBeanFactory.java:593)
	at org.springframework.beans.factory.support.AbstractAutowireCapableBeanFactory.createBean(AbstractAutowireCapableBeanFactory.java:516)
	at org.springframework.beans.factory.support.AbstractBeanFactory.lambda$doGetBean$0(AbstractBeanFactory.java:324)
	at org.springframework.beans.factory.support.AbstractBeanFactory$$Lambda$330/1997344422.getObject(Unknown Source)
	at org.springframework.beans.factory.support.DefaultSingletonBeanRegistry.getSingleton(DefaultSingletonBeanRegistry.java:234)
	at org.springframework.beans.factory.support.AbstractBeanFactory.doGetBean(AbstractBeanFactory.java:322)
	at org.springframework.beans.factory.support.AbstractBeanFactory.getBean(AbstractBeanFactory.java:202)
	at org.springframework.beans.factory.config.DependencyDescriptor.resolveCandidate(DependencyDescriptor.java:276)
	at org.springframework.beans.factory.support.DefaultListableBeanFactory.doResolveDependency(DefaultListableBeanFactory.java:1307)
	at org.springframework.beans.factory.support.DefaultListableBeanFactory.resolveDependency(DefaultListableBeanFactory.java:1227)
	at org.springframework.beans.factory.annotation.AutowiredAnnotationBeanPostProcessor$AutowiredFieldElement.resolveFieldValue(AutowiredAnnotationBeanPostProcessor.java:657)
	at org.springframework.beans.factory.annotation.AutowiredAnnotationBeanPostProcessor$AutowiredFieldElement.inject(AutowiredAnnotationBeanPostProcessor.java:640)
	at org.springframework.beans.factory.annotation.InjectionMetadata.inject(InjectionMetadata.java:119)
	at org.springframework.beans.factory.annotation.AutowiredAnnotationBeanPostProcessor.postProcessProperties(AutowiredAnnotationBeanPostProcessor.java:399)
	at org.springframework.beans.factory.support.AbstractAutowireCapableBeanFactory.populateBean(AbstractAutowireCapableBeanFactory.java:1425)
	at org.springframework.beans.factory.support.AbstractAutowireCapableBeanFactory.doCreateBean(AbstractAutowireCapableBeanFactory.java:593)
	at org.springframework.beans.factory.support.AbstractAutowireCapableBeanFactory.createBean(AbstractAutowireCapableBeanFactory.java:516)
	at org.springframework.beans.factory.support.AbstractBeanFactory.lambda$doGetBean$0(AbstractBeanFactory.java:324)
	at org.springframework.beans.factory.support.AbstractBeanFactory$$Lambda$330/1997344422.getObject(Unknown Source)
	at org.springframework.beans.factory.support.DefaultSingletonBeanRegistry.getSingleton(DefaultSingletonBeanRegistry.java:234)
	at org.springframework.beans.factory.support.AbstractBeanFactory.doGetBean(AbstractBeanFactory.java:322)
	at org.springframework.beans.factory.support.AbstractBeanFactory.getBean(AbstractBeanFactory.java:202)
	at org.springframework.beans.factory.support.DefaultListableBeanFactory.preInstantiateSingletons(DefaultListableBeanFactory.java:897)
	at org.springframework.context.support.AbstractApplicationContext.finishBeanFactoryInitialization(AbstractApplicationContext.java:879)
	at org.springframework.context.support.AbstractApplicationContext.refresh(AbstractApplicationContext.java:551)
	at org.springframework.boot.SpringApplication.refresh(SpringApplication.java:758)
	at org.springframework.boot.SpringApplication.refresh(SpringApplication.java:750)
	at org.springframework.boot.SpringApplication.refreshContext(SpringApplication.java:405)
	at org.springframework.boot.SpringApplication.run(SpringApplication.java:315)
	at org.springframework.boot.test.context.SpringBootContextLoader.loadContext(SpringBootContextLoader.java:120)
	at org.springframework.test.context.cache.DefaultCacheAwareContextLoaderDelegate.loadContextInternal(DefaultCacheAwareContextLoaderDelegate.java:99)
	at org.springframework.test.context.cache.DefaultCacheAwareContextLoaderDelegate.loadContext(DefaultCacheAwareContextLoaderDelegate.java:124)
	at org.springframework.test.context.support.DefaultTestContext.getApplicationContext(DefaultTestContext.java:123)
	at org.springframework.test.context.web.ServletTestExecutionListener.setUpRequestContextIfNecessary(ServletTestExecutionListener.java:190)
	at org.springframework.test.context.web.ServletTestExecutionListener.prepareTestInstance(ServletTestExecutionListener.java:132)
	at org.springframework.test.context.TestContextManager.prepareTestInstance(TestContextManager.java:244)
	at org.springframework.test.context.junit4.SpringJUnit4ClassRunner.createTest(SpringJUnit4ClassRunner.java:227)
	at org.springframework.test.context.junit4.SpringJUnit4ClassRunner$1.runReflectiveCall(SpringJUnit4ClassRunner.java:289)
	at org.junit.internal.runners.model.ReflectiveCallable.run(ReflectiveCallable.java:12)
	at org.springframework.test.context.junit4.SpringJUnit4ClassRunner.methodBlock(SpringJUnit4ClassRunner.java:291)
	at org.springframework.test.context.junit4.SpringJUnit4ClassRunner.runChild(SpringJUnit4ClassRunner.java:246)
	at org.springframework.test.context.junit4.SpringJUnit4ClassRunner.runChild(SpringJUnit4ClassRunner.java:97)
	at org.junit.runners.ParentRunner$3.run(ParentRunner.java:290)
	at org.junit.runners.ParentRunner$1.schedule(ParentRunner.java:71)
	at org.junit.runners.ParentRunner.runChildren(ParentRunner.java:288)
	at org.junit.runners.ParentRunner.access$000(ParentRunner.java:58)
	at org.junit.runners.ParentRunner$2.evaluate(ParentRunner.java:268)
	at org.springframework.test.context.junit4.statements.RunBeforeTestClassCallbacks.evaluate(RunBeforeTestClassCallbacks.java:61)
	at org.springframework.test.context.junit4.statements.RunAfterTestClassCallbacks.evaluate(RunAfterTestClassCallbacks.java:70)
	at org.junit.runners.ParentRunner.run(ParentRunner.java:363)
	at org.springframework.test.context.junit4.SpringJUnit4ClassRunner.run(SpringJUnit4ClassRunner.java:190)
	at org.junit.runner.JUnitCore.run(JUnitCore.java:137)
	at org.junit.runner.JUnitCore.run(JUnitCore.java:115)
	at org.junit.vintage.engine.execution.RunnerExecutor.execute(RunnerExecutor.java:43)
	at org.junit.vintage.engine.VintageTestEngine$$Lambda$220/1560702077.accept(Unknown Source)
	at java.util.stream.ForEachOps$ForEachOp$OfRef.accept(ForEachOps.java:184)
	at java.util.stream.ReferencePipeline$3$1.accept(ReferencePipeline.java:193)
	at java.util.Iterator.forEachRemaining(Iterator.java:116)
	at java.util.Spliterators$IteratorSpliterator.forEachRemaining(Spliterators.java:1801)
	at java.util.stream.AbstractPipeline.copyInto(AbstractPipeline.java:512)
	at java.util.stream.AbstractPipeline.wrapAndCopyInto(AbstractPipeline.java:502)
	at java.util.stream.ForEachOps$ForEachOp.evaluateSequential(ForEachOps.java:151)
	at java.util.stream.ForEachOps$ForEachOp$OfRef.evaluateSequential(ForEachOps.java:174)
	at java.util.stream.AbstractPipeline.evaluate(AbstractPipeline.java:234)
	at java.util.stream.ReferencePipeline.forEach(ReferencePipeline.java:418)
	at org.junit.vintage.engine.VintageTestEngine.executeAllChildren(VintageTestEngine.java:82)
	at org.junit.vintage.engine.VintageTestEngine.execute(VintageTestEngine.java:73)
	at org.junit.platform.launcher.core.DefaultLauncher.execute(DefaultLauncher.java:220)
	at org.junit.platform.launcher.core.DefaultLauncher.lambda$execute$6(DefaultLauncher.java:188)
	at org.junit.platform.launcher.core.DefaultLauncher$$Lambda$183/137275020.accept(Unknown Source)
	at org.junit.platform.launcher.core.DefaultLauncher.withInterceptedStreams(DefaultLauncher.java:202)
	at org.junit.platform.launcher.core.DefaultLauncher.execute(DefaultLauncher.java:181)
	at org.junit.platform.launcher.core.DefaultLauncher.execute(DefaultLauncher.java:128)
	at org.apache.maven.surefire.junitplatform.JUnitPlatformProvider.invokeAllTests(JUnitPlatformProvider.java:150)
	at org.apache.maven.surefire.junitplatform.JUnitPlatformProvider.invoke(JUnitPlatformProvider.java:124)
	at org.apache.maven.surefire.booter.ForkedBooter.invokeProviderInSameClassLoader(ForkedBooter.java:384)
	at org.apache.maven.surefire.booter.ForkedBooter.runSuitesInProcess(ForkedBooter.java:345)
	at org.apache.maven.surefire.booter.ForkedBooter.execute(ForkedBooter.java:126)
	at org.apache.maven.surefire.booter.ForkedBooter.main(ForkedBooter.java:418)
2023-12-13 17:45:23.795 [main] ERROR o.s.b.d.LoggingFailureAnalysisReporter - 

***************************
APPLICATION FAILED TO START
***************************

Description:

Failed to configure a DataSource: 'url' attribute is not specified and no embedded datasource could be configured.

Reason: Failed to determine a suitable driver class


Action:

Consider the following:
	If you want an embedded database (H2, HSQL or Derby), please put it on the classpath.
	If you have database settings to be loaded from a particular profile you may need to activate it (no profiles are currently active).

2023-12-13 17:45:23.799 [main] ERROR o.s.test.context.TestContextManager - Caught exception while allowing TestExecutionListener [org.springframework.test.context.web.ServletTestExecutionListener@20f5281c] to prepare test instance [com.heima.article.test.ArticleFreemarkerTest@12aa381f]
java.lang.IllegalStateException: Failed to load ApplicationContext
	at org.springframework.test.context.cache.DefaultCacheAwareContextLoaderDelegate.loadContext(DefaultCacheAwareContextLoaderDelegate.java:132)
	at org.springframework.test.context.support.DefaultTestContext.getApplicationContext(DefaultTestContext.java:123)
	at org.springframework.test.context.web.ServletTestExecutionListener.setUpRequestContextIfNecessary(ServletTestExecutionListener.java:190)
	at org.springframework.test.context.web.ServletTestExecutionListener.prepareTestInstance(ServletTestExecutionListener.java:132)
	at org.springframework.test.context.TestContextManager.prepareTestInstance(TestContextManager.java:244)
	at org.springframework.test.context.junit4.SpringJUnit4ClassRunner.createTest(SpringJUnit4ClassRunner.java:227)
	at org.springframework.test.context.junit4.SpringJUnit4ClassRunner$1.runReflectiveCall(SpringJUnit4ClassRunner.java:289)
	at org.junit.internal.runners.model.ReflectiveCallable.run(ReflectiveCallable.java:12)
	at org.springframework.test.context.junit4.SpringJUnit4ClassRunner.methodBlock(SpringJUnit4ClassRunner.java:291)
	at org.springframework.test.context.junit4.SpringJUnit4ClassRunner.runChild(SpringJUnit4ClassRunner.java:246)
	at org.springframework.test.context.junit4.SpringJUnit4ClassRunner.runChild(SpringJUnit4ClassRunner.java:97)
	at org.junit.runners.ParentRunner$3.run(ParentRunner.java:290)
	at org.junit.runners.ParentRunner$1.schedule(ParentRunner.java:71)
	at org.junit.runners.ParentRunner.runChildren(ParentRunner.java:288)
	at org.junit.runners.ParentRunner.access$000(ParentRunner.java:58)
	at org.junit.runners.ParentRunner$2.evaluate(ParentRunner.java:268)
	at org.springframework.test.context.junit4.statements.RunBeforeTestClassCallbacks.evaluate(RunBeforeTestClassCallbacks.java:61)
	at org.springframework.test.context.junit4.statements.RunAfterTestClassCallbacks.evaluate(RunAfterTestClassCallbacks.java:70)
	at org.junit.runners.ParentRunner.run(ParentRunner.java:363)
	at org.springframework.test.context.junit4.SpringJUnit4ClassRunner.run(SpringJUnit4ClassRunner.java:190)
	at org.junit.runner.JUnitCore.run(JUnitCore.java:137)
	at org.junit.runner.JUnitCore.run(JUnitCore.java:115)
	at org.junit.vintage.engine.execution.RunnerExecutor.execute(RunnerExecutor.java:43)
	at org.junit.vintage.engine.VintageTestEngine$$Lambda$220/1560702077.accept(Unknown Source)
	at java.util.stream.ForEachOps$ForEachOp$OfRef.accept(ForEachOps.java:184)
	at java.util.stream.ReferencePipeline$3$1.accept(ReferencePipeline.java:193)
	at java.util.Iterator.forEachRemaining(Iterator.java:116)
	at java.util.Spliterators$IteratorSpliterator.forEachRemaining(Spliterators.java:1801)
	at java.util.stream.AbstractPipeline.copyInto(AbstractPipeline.java:512)
	at java.util.stream.AbstractPipeline.wrapAndCopyInto(AbstractPipeline.java:502)
	at java.util.stream.ForEachOps$ForEachOp.evaluateSequential(ForEachOps.java:151)
	at java.util.stream.ForEachOps$ForEachOp$OfRef.evaluateSequential(ForEachOps.java:174)
	at java.util.stream.AbstractPipeline.evaluate(AbstractPipeline.java:234)
	at java.util.stream.ReferencePipeline.forEach(ReferencePipeline.java:418)
	at org.junit.vintage.engine.VintageTestEngine.executeAllChildren(VintageTestEngine.java:82)
	at org.junit.vintage.engine.VintageTestEngine.execute(VintageTestEngine.java:73)
	at org.junit.platform.launcher.core.DefaultLauncher.execute(DefaultLauncher.java:220)
	at org.junit.platform.launcher.core.DefaultLauncher.lambda$execute$6(DefaultLauncher.java:188)
	at org.junit.platform.launcher.core.DefaultLauncher$$Lambda$183/137275020.accept(Unknown Source)
	at org.junit.platform.launcher.core.DefaultLauncher.withInterceptedStreams(DefaultLauncher.java:202)
	at org.junit.platform.launcher.core.DefaultLauncher.execute(DefaultLauncher.java:181)
	at org.junit.platform.launcher.core.DefaultLauncher.execute(DefaultLauncher.java:128)
	at org.apache.maven.surefire.junitplatform.JUnitPlatformProvider.invokeAllTests(JUnitPlatformProvider.java:150)
	at org.apache.maven.surefire.junitplatform.JUnitPlatformProvider.invoke(JUnitPlatformProvider.java:124)
	at org.apache.maven.surefire.booter.ForkedBooter.invokeProviderInSameClassLoader(ForkedBooter.java:384)
	at org.apache.maven.surefire.booter.ForkedBooter.runSuitesInProcess(ForkedBooter.java:345)
	at org.apache.maven.surefire.booter.ForkedBooter.execute(ForkedBooter.java:126)
	at org.apache.maven.surefire.booter.ForkedBooter.main(ForkedBooter.java:418)
Caused by: org.springframework.beans.factory.UnsatisfiedDependencyException: Error creating bean with name 'articleHomeController': Unsatisfied dependency expressed through field 'apArticleService'; nested exception is org.springframework.beans.factory.UnsatisfiedDependencyException: Error creating bean with name 'apArticleServiceImpl': Unsatisfied dependency expressed through field 'baseMapper'; nested exception is org.springframework.beans.factory.UnsatisfiedDependencyException: Error creating bean with name 'apArticleMapper' defined in file [D:\Desktop\leadnews\heima-leadnews\heima-leadnews-service\heima-leadnews-article\target\classes\com\heima\article\mapper\ApArticleMapper.class]: Unsatisfied dependency expressed through bean property 'sqlSessionFactory'; nested exception is org.springframework.beans.factory.UnsatisfiedDependencyException: Error creating bean with name 'sqlSessionFactory' defined in class path resource [com/baomidou/mybatisplus/autoconfigure/MybatisPlusAutoConfiguration.class]: Unsatisfied dependency expressed through method 'sqlSessionFactory' parameter 0; nested exception is org.springframework.beans.factory.BeanCreationException: Error creating bean with name 'dataSource' defined in class path resource [org/springframework/boot/autoconfigure/jdbc/DataSourceConfiguration$Hikari.class]: Bean instantiation via factory method failed; nested exception is org.springframework.beans.BeanInstantiationException: Failed to instantiate [com.zaxxer.hikari.HikariDataSource]: Factory method 'dataSource' threw exception; nested exception is org.springframework.boot.autoconfigure.jdbc.DataSourceProperties$DataSourceBeanCreationException: Failed to determine a suitable driver class
	at org.springframework.beans.factory.annotation.AutowiredAnnotationBeanPostProcessor$AutowiredFieldElement.resolveFieldValue(AutowiredAnnotationBeanPostProcessor.java:660)
	at org.springframework.beans.factory.annotation.AutowiredAnnotationBeanPostProcessor$AutowiredFieldElement.inject(AutowiredAnnotationBeanPostProcessor.java:640)
	at org.springframework.beans.factory.annotation.InjectionMetadata.inject(InjectionMetadata.java:119)
	at org.springframework.beans.factory.annotation.AutowiredAnnotationBeanPostProcessor.postProcessProperties(AutowiredAnnotationBeanPostProcessor.java:399)
	at org.springframework.beans.factory.support.AbstractAutowireCapableBeanFactory.populateBean(AbstractAutowireCapableBeanFactory.java:1425)
	at org.springframework.beans.factory.support.AbstractAutowireCapableBeanFactory.doCreateBean(AbstractAutowireCapableBeanFactory.java:593)
	at org.springframework.beans.factory.support.AbstractAutowireCapableBeanFactory.createBean(AbstractAutowireCapableBeanFactory.java:516)
	at org.springframework.beans.factory.support.AbstractBeanFactory.lambda$doGetBean$0(AbstractBeanFactory.java:324)
	at org.springframework.beans.factory.support.AbstractBeanFactory$$Lambda$330/1997344422.getObject(Unknown Source)
	at org.springframework.beans.factory.support.DefaultSingletonBeanRegistry.getSingleton(DefaultSingletonBeanRegistry.java:234)
	at org.springframework.beans.factory.support.AbstractBeanFactory.doGetBean(AbstractBeanFactory.java:322)
	at org.springframework.beans.factory.support.AbstractBeanFactory.getBean(AbstractBeanFactory.java:202)
	at org.springframework.beans.factory.support.DefaultListableBeanFactory.preInstantiateSingletons(DefaultListableBeanFactory.java:897)
	at org.springframework.context.support.AbstractApplicationContext.finishBeanFactoryInitialization(AbstractApplicationContext.java:879)
	at org.springframework.context.support.AbstractApplicationContext.refresh(AbstractApplicationContext.java:551)
	at org.springframework.boot.SpringApplication.refresh(SpringApplication.java:758)
	at org.springframework.boot.SpringApplication.refresh(SpringApplication.java:750)
	at org.springframework.boot.SpringApplication.refreshContext(SpringApplication.java:405)
	at org.springframework.boot.SpringApplication.run(SpringApplication.java:315)
	at org.springframework.boot.test.context.SpringBootContextLoader.loadContext(SpringBootContextLoader.java:120)
	at org.springframework.test.context.cache.DefaultCacheAwareContextLoaderDelegate.loadContextInternal(DefaultCacheAwareContextLoaderDelegate.java:99)
	at org.springframework.test.context.cache.DefaultCacheAwareContextLoaderDelegate.loadContext(DefaultCacheAwareContextLoaderDelegate.java:124)
	... 47 common frames omitted
Caused by: org.springframework.beans.factory.UnsatisfiedDependencyException: Error creating bean with name 'apArticleServiceImpl': Unsatisfied dependency expressed through field 'baseMapper'; nested exception is org.springframework.beans.factory.UnsatisfiedDependencyException: Error creating bean with name 'apArticleMapper' defined in file [D:\Desktop\leadnews\heima-leadnews\heima-leadnews-service\heima-leadnews-article\target\classes\com\heima\article\mapper\ApArticleMapper.class]: Unsatisfied dependency expressed through bean property 'sqlSessionFactory'; nested exception is org.springframework.beans.factory.UnsatisfiedDependencyException: Error creating bean with name 'sqlSessionFactory' defined in class path resource [com/baomidou/mybatisplus/autoconfigure/MybatisPlusAutoConfiguration.class]: Unsatisfied dependency expressed through method 'sqlSessionFactory' parameter 0; nested exception is org.springframework.beans.factory.BeanCreationException: Error creating bean with name 'dataSource' defined in class path resource [org/springframework/boot/autoconfigure/jdbc/DataSourceConfiguration$Hikari.class]: Bean instantiation via factory method failed; nested exception is org.springframework.beans.BeanInstantiationException: Failed to instantiate [com.zaxxer.hikari.HikariDataSource]: Factory method 'dataSource' threw exception; nested exception is org.springframework.boot.autoconfigure.jdbc.DataSourceProperties$DataSourceBeanCreationException: Failed to determine a suitable driver class
	at org.springframework.beans.factory.annotation.AutowiredAnnotationBeanPostProcessor$AutowiredFieldElement.resolveFieldValue(AutowiredAnnotationBeanPostProcessor.java:660)
	at org.springframework.beans.factory.annotation.AutowiredAnnotationBeanPostProcessor$AutowiredFieldElement.inject(AutowiredAnnotationBeanPostProcessor.java:640)
	at org.springframework.beans.factory.annotation.InjectionMetadata.inject(InjectionMetadata.java:119)
	at org.springframework.beans.factory.annotation.AutowiredAnnotationBeanPostProcessor.postProcessProperties(AutowiredAnnotationBeanPostProcessor.java:399)
	at org.springframework.beans.factory.support.AbstractAutowireCapableBeanFactory.populateBean(AbstractAutowireCapableBeanFactory.java:1425)
	at org.springframework.beans.factory.support.AbstractAutowireCapableBeanFactory.doCreateBean(AbstractAutowireCapableBeanFactory.java:593)
	at org.springframework.beans.factory.support.AbstractAutowireCapableBeanFactory.createBean(AbstractAutowireCapableBeanFactory.java:516)
	at org.springframework.beans.factory.support.AbstractBeanFactory.lambda$doGetBean$0(AbstractBeanFactory.java:324)
	at org.springframework.beans.factory.support.AbstractBeanFactory$$Lambda$330/1997344422.getObject(Unknown Source)
	at org.springframework.beans.factory.support.DefaultSingletonBeanRegistry.getSingleton(DefaultSingletonBeanRegistry.java:234)
	at org.springframework.beans.factory.support.AbstractBeanFactory.doGetBean(AbstractBeanFactory.java:322)
	at org.springframework.beans.factory.support.AbstractBeanFactory.getBean(AbstractBeanFactory.java:202)
	at org.springframework.beans.factory.config.DependencyDescriptor.resolveCandidate(DependencyDescriptor.java:276)
	at org.springframework.beans.factory.support.DefaultListableBeanFactory.doResolveDependency(DefaultListableBeanFactory.java:1307)
	at org.springframework.beans.factory.support.DefaultListableBeanFactory.resolveDependency(DefaultListableBeanFactory.java:1227)
	at org.springframework.beans.factory.annotation.AutowiredAnnotationBeanPostProcessor$AutowiredFieldElement.resolveFieldValue(AutowiredAnnotationBeanPostProcessor.java:657)
	... 68 common frames omitted
Caused by: org.springframework.beans.factory.UnsatisfiedDependencyException: Error creating bean with name 'apArticleMapper' defined in file [D:\Desktop\leadnews\heima-leadnews\heima-leadnews-service\heima-leadnews-article\target\classes\com\heima\article\mapper\ApArticleMapper.class]: Unsatisfied dependency expressed through bean property 'sqlSessionFactory'; nested exception is org.springframework.beans.factory.UnsatisfiedDependencyException: Error creating bean with name 'sqlSessionFactory' defined in class path resource [com/baomidou/mybatisplus/autoconfigure/MybatisPlusAutoConfiguration.class]: Unsatisfied dependency expressed through method 'sqlSessionFactory' parameter 0; nested exception is org.springframework.beans.factory.BeanCreationException: Error creating bean with name 'dataSource' defined in class path resource [org/springframework/boot/autoconfigure/jdbc/DataSourceConfiguration$Hikari.class]: Bean instantiation via factory method failed; nested exception is org.springframework.beans.BeanInstantiationException: Failed to instantiate [com.zaxxer.hikari.HikariDataSource]: Factory method 'dataSource' threw exception; nested exception is org.springframework.boot.autoconfigure.jdbc.DataSourceProperties$DataSourceBeanCreationException: Failed to determine a suitable driver class
	at org.springframework.beans.factory.support.AbstractAutowireCapableBeanFactory.autowireByType(AbstractAutowireCapableBeanFactory.java:1529)
	at org.springframework.beans.factory.support.AbstractAutowireCapableBeanFactory.populateBean(AbstractAutowireCapableBeanFactory.java:1409)
	at org.springframework.beans.factory.support.AbstractAutowireCapableBeanFactory.doCreateBean(AbstractAutowireCapableBeanFactory.java:593)
	at org.springframework.beans.factory.support.AbstractAutowireCapableBeanFactory.createBean(AbstractAutowireCapableBeanFactory.java:516)
	at org.springframework.beans.factory.support.AbstractBeanFactory.lambda$doGetBean$0(AbstractBeanFactory.java:324)
	at org.springframework.beans.factory.support.AbstractBeanFactory$$Lambda$330/1997344422.getObject(Unknown Source)
	at org.springframework.beans.factory.support.DefaultSingletonBeanRegistry.getSingleton(DefaultSingletonBeanRegistry.java:234)
	at org.springframework.beans.factory.support.AbstractBeanFactory.doGetBean(AbstractBeanFactory.java:322)
	at org.springframework.beans.factory.support.AbstractBeanFactory.getBean(AbstractBeanFactory.java:202)
	at org.springframework.beans.factory.config.DependencyDescriptor.resolveCandidate(DependencyDescriptor.java:276)
	at org.springframework.beans.factory.support.DefaultListableBeanFactory.doResolveDependency(DefaultListableBeanFactory.java:1307)
	at org.springframework.beans.factory.support.DefaultListableBeanFactory.resolveDependency(DefaultListableBeanFactory.java:1227)
	at org.springframework.beans.factory.annotation.AutowiredAnnotationBeanPostProcessor$AutowiredFieldElement.resolveFieldValue(AutowiredAnnotationBeanPostProcessor.java:657)
	... 83 common frames omitted
Caused by: org.springframework.beans.factory.UnsatisfiedDependencyException: Error creating bean with name 'sqlSessionFactory' defined in class path resource [com/baomidou/mybatisplus/autoconfigure/MybatisPlusAutoConfiguration.class]: Unsatisfied dependency expressed through method 'sqlSessionFactory' parameter 0; nested exception is org.springframework.beans.factory.BeanCreationException: Error creating bean with name 'dataSource' defined in class path resource [org/springframework/boot/autoconfigure/jdbc/DataSourceConfiguration$Hikari.class]: Bean instantiation via factory method failed; nested exception is org.springframework.beans.BeanInstantiationException: Failed to instantiate [com.zaxxer.hikari.HikariDataSource]: Factory method 'dataSource' threw exception; nested exception is org.springframework.boot.autoconfigure.jdbc.DataSourceProperties$DataSourceBeanCreationException: Failed to determine a suitable driver class
	at org.springframework.beans.factory.support.ConstructorResolver.createArgumentArray(ConstructorResolver.java:799)
	at org.springframework.beans.factory.support.ConstructorResolver.instantiateUsingFactoryMethod(ConstructorResolver.java:540)
	at org.springframework.beans.factory.support.AbstractAutowireCapableBeanFactory.instantiateUsingFactoryMethod(AbstractAutowireCapableBeanFactory.java:1341)
	at org.springframework.beans.factory.support.AbstractAutowireCapableBeanFactory.createBeanInstance(AbstractAutowireCapableBeanFactory.java:1181)
	at org.springframework.beans.factory.support.AbstractAutowireCapableBeanFactory.doCreateBean(AbstractAutowireCapableBeanFactory.java:556)
	at org.springframework.beans.factory.support.AbstractAutowireCapableBeanFactory.createBean(AbstractAutowireCapableBeanFactory.java:516)
	at org.springframework.beans.factory.support.AbstractBeanFactory.lambda$doGetBean$0(AbstractBeanFactory.java:324)
	at org.springframework.beans.factory.support.AbstractBeanFactory$$Lambda$330/1997344422.getObject(Unknown Source)
	at org.springframework.beans.factory.support.DefaultSingletonBeanRegistry.getSingleton(DefaultSingletonBeanRegistry.java:234)
	at org.springframework.beans.factory.support.AbstractBeanFactory.doGetBean(AbstractBeanFactory.java:322)
	at org.springframework.beans.factory.support.AbstractBeanFactory.getBean(AbstractBeanFactory.java:202)
	at org.springframework.beans.factory.config.DependencyDescriptor.resolveCandidate(DependencyDescriptor.java:276)
	at org.springframework.beans.factory.support.DefaultListableBeanFactory.doResolveDependency(DefaultListableBeanFactory.java:1307)
	at org.springframework.beans.factory.support.DefaultListableBeanFactory.resolveDependency(DefaultListableBeanFactory.java:1227)
	at org.springframework.beans.factory.support.AbstractAutowireCapableBeanFactory.autowireByType(AbstractAutowireCapableBeanFactory.java:1514)
	... 95 common frames omitted
Caused by: org.springframework.beans.factory.BeanCreationException: Error creating bean with name 'dataSource' defined in class path resource [org/springframework/boot/autoconfigure/jdbc/DataSourceConfiguration$Hikari.class]: Bean instantiation via factory method failed; nested exception is org.springframework.beans.BeanInstantiationException: Failed to instantiate [com.zaxxer.hikari.HikariDataSource]: Factory method 'dataSource' threw exception; nested exception is org.springframework.boot.autoconfigure.jdbc.DataSourceProperties$DataSourceBeanCreationException: Failed to determine a suitable driver class
	at org.springframework.beans.factory.support.ConstructorResolver.instantiate(ConstructorResolver.java:657)
	at org.springframework.beans.factory.support.ConstructorResolver.instantiateUsingFactoryMethod(ConstructorResolver.java:637)
	at org.springframework.beans.factory.support.AbstractAutowireCapableBeanFactory.instantiateUsingFactoryMethod(AbstractAutowireCapableBeanFactory.java:1341)
	at org.springframework.beans.factory.support.AbstractAutowireCapableBeanFactory.createBeanInstance(AbstractAutowireCapableBeanFactory.java:1181)
	at org.springframework.beans.factory.support.AbstractAutowireCapableBeanFactory.doCreateBean(AbstractAutowireCapableBeanFactory.java:556)
	at org.springframework.beans.factory.support.AbstractAutowireCapableBeanFactory.createBean(AbstractAutowireCapableBeanFactory.java:516)
	at org.springframework.beans.factory.support.AbstractBeanFactory.lambda$doGetBean$0(AbstractBeanFactory.java:324)
	at org.springframework.beans.factory.support.AbstractBeanFactory$$Lambda$330/1997344422.getObject(Unknown Source)
	at org.springframework.beans.factory.support.DefaultSingletonBeanRegistry.getSingleton(DefaultSingletonBeanRegistry.java:234)
	at org.springframework.beans.factory.support.AbstractBeanFactory.doGetBean(AbstractBeanFactory.java:322)
	at org.springframework.beans.factory.support.AbstractBeanFactory.getBean(AbstractBeanFactory.java:202)
	at org.springframework.beans.factory.config.DependencyDescriptor.resolveCandidate(DependencyDescriptor.java:276)
	at org.springframework.beans.factory.support.DefaultListableBeanFactory.doResolveDependency(DefaultListableBeanFactory.java:1307)
	at org.springframework.beans.factory.support.DefaultListableBeanFactory.resolveDependency(DefaultListableBeanFactory.java:1227)
	at org.springframework.beans.factory.support.ConstructorResolver.resolveAutowiredArgument(ConstructorResolver.java:886)
	at org.springframework.beans.factory.support.ConstructorResolver.createArgumentArray(ConstructorResolver.java:790)
	... 109 common frames omitted
Caused by: org.springframework.beans.BeanInstantiationException: Failed to instantiate [com.zaxxer.hikari.HikariDataSource]: Factory method 'dataSource' threw exception; nested exception is org.springframework.boot.autoconfigure.jdbc.DataSourceProperties$DataSourceBeanCreationException: Failed to determine a suitable driver class
	at org.springframework.beans.factory.support.SimpleInstantiationStrategy.instantiate(SimpleInstantiationStrategy.java:185)
	at org.springframework.beans.factory.support.ConstructorResolver.instantiate(ConstructorResolver.java:652)
	... 124 common frames omitted
Caused by: org.springframework.boot.autoconfigure.jdbc.DataSourceProperties$DataSourceBeanCreationException: Failed to determine a suitable driver class
	at org.springframework.boot.autoconfigure.jdbc.DataSourceProperties.determineDriverClassName(DataSourceProperties.java:235)
	at org.springframework.boot.autoconfigure.jdbc.DataSourceProperties.initializeDataSourceBuilder(DataSourceProperties.java:176)
	at org.springframework.boot.autoconfigure.jdbc.DataSourceConfiguration.createDataSource(DataSourceConfiguration.java:43)
	at org.springframework.boot.autoconfigure.jdbc.DataSourceConfiguration$Hikari.dataSource(DataSourceConfiguration.java:85)
	at sun.reflect.NativeMethodAccessorImpl.invoke0(Native Method)
	at sun.reflect.NativeMethodAccessorImpl.invoke(NativeMethodAccessorImpl.java:62)
	at sun.reflect.DelegatingMethodAccessorImpl.invoke(DelegatingMethodAccessorImpl.java:43)
	at java.lang.reflect.Method.invoke(Method.java:497)
	at org.springframework.beans.factory.support.SimpleInstantiationStrategy.instantiate(SimpleInstantiationStrategy.java:154)
	... 125 common frames omitted
]]></system-out>
  </testcase>
</testsuite>